monitoring/config/metrics-collector.ts(73,7): error TS2322: Type 'number | undefined' is not assignable to type 'number'.
  Type 'undefined' is not assignable to type 'number'.
monitoring/config/metrics-collector.ts(74,7): error TS2322: Type 'number | undefined' is not assignable to type 'number'.
  Type 'undefined' is not assignable to type 'number'.
monitoring/config/metrics-collector.ts(93,5): error TS2322: Type 'number | undefined' is not assignable to type 'number | null'.
  Type 'undefined' is not assignable to type 'number | null'.
monitoring/config/metrics-collector.ts(100,5): error TS2322: Type '(string | undefined)[]' is not assignable to type 'string[]'.
  Type 'string | undefined' is not assignable to type 'string'.
    Type 'undefined' is not assignable to type 'string'.
monitoring/config/metrics-collector.ts(117,5): error TS2322: Type 'number | undefined' is not assignable to type 'number'.
  Type 'undefined' is not assignable to type 'number'.
src/__tests__/integration/groupD.integration.test.ts(305,30): error TS18048: 'firstAccount' is possibly 'undefined'.
src/__tests__/integration/groupD.integration.test.ts(307,24): error TS18048: 'firstAccount' is possibly 'undefined'.
src/__tests__/integration/groupE.integration.test.ts(306,9): error TS2322: Type 'Date' is not assignable to type 'number'.
src/__tests__/integration/groupE.integration.test.ts(316,9): error TS2554: Expected 1-2 arguments, but got 4.
src/__tests__/integration/groupE.integration.test.ts(460,9): error TS2322: Type 'Date' is not assignable to type 'number'.
src/__tests__/utils/fileValidation.test.ts(33,17): error TS2322: Type 'Uint8Array<ArrayBufferLike>' is not assignable to type 'BlobPart'.
  Type 'Uint8Array<ArrayBufferLike>' is not assignable to type 'ArrayBufferView<ArrayBuffer>'.
    Types of property 'buffer' are incompatible.
      Type 'ArrayBufferLike' is not assignable to type 'ArrayBuffer'.
        Type 'SharedArrayBuffer' is not assignable to type 'ArrayBuffer'.
          Types of property '[Symbol.toStringTag]' are incompatible.
            Type '"SharedArrayBuffer"' is not assignable to type '"ArrayBuffer"'.
src/auth/login.ts(182,7): error TS2322: Type 'SecurityErrorCode' is not assignable to type '"RATE_LIMITED" | "UNKNOWN_ERROR" | "INVALID_PASSPHRASE" | "ACCOUNT_LOCKED" | undefined'.
src/components/activity/ActivityFeed.tsx(181,7): error TS2322: Type '"TRANSACTION"' is not assignable to type '"ALL" | CommentableType'.
src/components/activity/ActivityFeed.tsx(182,7): error TS2322: Type '"INVOICE"' is not assignable to type '"ALL" | CommentableType'.
src/components/activity/ActivityFeed.tsx(183,7): error TS2322: Type '"BILL"' is not assignable to type '"ALL" | CommentableType'.
src/components/activity/ActivityFeed.tsx(184,7): error TS2322: Type '"JOURNAL_ENTRY"' is not assignable to type '"ALL" | CommentableType'.
src/components/activity/CommentComposer.test.tsx(120,47): error TS2322: Type 'Mock<() => Promise<unknown>>' is not assignable to type '(content: string, mentionedUserIds: string[]) => void | Promise<void>'.
  Type 'Promise<unknown>' is not assignable to type 'void | Promise<void>'.
    Type 'Promise<unknown>' is not assignable to type 'Promise<void>'.
      Type 'unknown' is not assignable to type 'void'.
src/components/activity/CommentComposer.tsx(159,13): error TS2322: Type '{ id: string; name: string; email: string; username: string | undefined; }[]' is not assignable to type 'MentionUser[]'.
  Type '{ id: string; name: string; email: string; username: string | undefined; }' is not assignable to type 'MentionUser'.
    Types of property 'username' are incompatible.
      Type 'string | undefined' is not assignable to type 'string'.
        Type 'undefined' is not assignable to type 'string'.
src/components/admin/CharityList.tsx(13,39): error TS6196: 'CharityCategory' is declared but never used.
src/components/admin/CharityList.tsx(168,34): error TS2322: Type 'string | undefined' is not assignable to type 'string'.
  Type 'undefined' is not assignable to type 'string'.
src/components/admin/CharityList.tsx(169,36): error TS2322: Type 'string | undefined' is not assignable to type 'string'.
  Type 'undefined' is not assignable to type 'string'.
src/components/admin/CharityList.tsx(170,36): error TS2322: Type 'string | undefined' is not assignable to type 'string'.
  Type 'undefined' is not assignable to type 'string'.
src/components/admin/CharityList.tsx(171,36): error TS2322: Type 'string | undefined' is not assignable to type 'string'.
  Type 'undefined' is not assignable to type 'string'.
src/components/admin/CharityVerificationForm.tsx(31,5): error TS2322: Type '"EDUCATION"' is not assignable to type 'CharityCategory'.
src/components/admin/CharityVerificationForm.tsx(32,5): error TS2322: Type '"ENVIRONMENT"' is not assignable to type 'CharityCategory'.
src/components/admin/CharityVerificationForm.tsx(33,5): error TS2322: Type '"HEALTH"' is not assignable to type 'CharityCategory'.
src/components/admin/CharityVerificationForm.tsx(34,5): error TS2322: Type '"POVERTY"' is not assignable to type 'CharityCategory'.
src/components/admin/CharityVerificationForm.tsx(35,5): error TS2322: Type '"ANIMAL_WELFARE"' is not assignable to type 'CharityCategory'.
src/components/admin/CharityVerificationForm.tsx(36,5): error TS2322: Type '"HUMAN_RIGHTS"' is not assignable to type 'CharityCategory'.
src/components/admin/CharityVerificationForm.tsx(37,5): error TS2322: Type '"DISASTER_RELIEF"' is not assignable to type 'CharityCategory'.
src/components/admin/CharityVerificationForm.tsx(38,5): error TS2322: Type '"ARTS_CULTURE"' is not assignable to type 'CharityCategory'.
src/components/admin/CharityVerificationForm.tsx(39,5): error TS2322: Type '"COMMUNITY"' is not assignable to type 'CharityCategory'.
src/components/admin/CharityVerificationForm.tsx(40,5): error TS2322: Type '"OTHER"' is not assignable to type 'CharityCategory'.
src/components/admin/CharityVerificationForm.tsx(48,15): error TS2362: The left-hand side of an arithmetic operation must be of type 'any', 'number', 'bigint' or an enum type.
src/components/admin/CharityVerificationForm.tsx(48,20): error TS2363: The right-hand side of an arithmetic operation must be of type 'any', 'number', 'bigint' or an enum type.
src/components/admin/CharityVerificationForm.tsx(144,9): error TS2322: Type 'number' is not assignable to type 'CharityCategory'.
src/components/audit/AuditLogTimeline.test.tsx(52,13): error TS2322: Type 'number' is not assignable to type 'Date'.
src/components/automation/SuggestionCard.tsx(22,3): error TS6196: 'CategorizationSuggestion' is declared but never used.
src/components/automation/SuggestionCard.tsx(23,3): error TS6196: 'RecurringTransactionMatch' is declared but never used.
src/components/automation/SuggestionCard.tsx(24,3): error TS6196: 'TransactionAnomaly' is declared but never used.
src/components/billing/InvoiceHistory.tsx(111,15): error TS2322: Type '"small"' is not assignable to type '"sm" | "md" | "lg" | undefined'.
src/components/billing/InvoiceHistory.tsx(120,15): error TS2322: Type '"small"' is not assignable to type '"sm" | "md" | "lg" | undefined'.
src/components/billing/PaymentMethodManager.tsx(193,13): error TS2322: Type '"small"' is not assignable to type '"sm" | "md" | "lg" | undefined'.
src/components/billing/PaymentMethodManager.tsx(202,11): error TS2322: Type '"small"' is not assignable to type '"sm" | "md" | "lg" | undefined'.
src/components/billing/SubscriptionManager.tsx(15,15): error TS6196: 'Subscription' is declared but never used.
src/components/billing/SubscriptionManager.tsx(326,35): error TS2322: Type '"small"' is not assignable to type '"sm" | "md" | "lg" | undefined'.
src/components/billing/SubscriptionManager.tsx(336,35): error TS2322: Type '"small"' is not assignable to type '"sm" | "md" | "lg" | undefined'.
src/components/conflicts/ConflictListModal.tsx(19,3): error TS6196: 'CRDTEntity' is declared but never used.
src/components/contacts/ParentAccountSelector.test.tsx(600,18): error TS2552: Cannot find name 'defaultValue'. Did you mean '_defaultValue'?
src/components/contacts/ParentAccountSelector.test.tsx(602,16): error TS2552: Cannot find name 'defaultValue'. Did you mean '_defaultValue'?
src/components/csv/ColumnMapper.tsx(88,63): error TS2322: Type 'string | undefined' is not assignable to type 'string'.
  Type 'undefined' is not assignable to type 'string'.
src/components/csv/ColumnMapper.tsx(89,65): error TS2322: Type 'string | undefined' is not assignable to type 'string'.
  Type 'undefined' is not assignable to type 'string'.
src/components/csv/ColumnMapper.tsx(90,62): error TS2322: Type 'string | undefined' is not assignable to type 'string'.
  Type 'undefined' is not assignable to type 'string'.
src/components/csv/ColumnMapper.tsx(91,33): error TS2322: Type 'string | undefined' is not assignable to type 'string'.
  Type 'undefined' is not assignable to type 'string'.
src/components/csv/CSVImporter.tsx(17,3): error TS6196: 'ImportMode' is declared but never used.
src/components/dashboard/CashPositionWidget.tsx(175,19): error TS2322: Type '(value: number) => string' is not assignable to type 'Formatter<number, NameType>'.
  Types of parameters 'value' and 'value' are incompatible.
    Type 'number | undefined' is not assignable to type 'number'.
      Type 'undefined' is not assignable to type 'number'.
src/components/dashboard/ResumeWidget.tsx(13,1): error TS6192: All imports in import declaration are unused.
src/components/dashboard/RevenueExpensesChart.tsx(211,15): error TS2322: Type '(value: number, name: string) => [string, "Expenses" | "Revenue"]' is not assignable to type 'Formatter<number, string>'.
  Types of parameters 'value' and 'value' are incompatible.
    Type 'number | undefined' is not assignable to type 'number'.
      Type 'undefined' is not assignable to type 'number'.
src/components/goals/GoalDetailView.tsx(14,15): error TS6196: 'FinancialGoal' is declared but never used.
src/components/interestSplit/InterestSplitPrompt.tsx(22,3): error TS6196: 'SplitPaymentResult' is declared but never used.
src/components/interestSplit/InterestSplitPrompt.tsx(232,15): error TS2322: Type '"link"' is not assignable to type '"danger" | "primary" | "secondary" | "outline" | "ghost" | undefined'.
src/components/interestSplit/InterestSplitPrompt.tsx(273,15): error TS2322: Type '"link"' is not assignable to type '"danger" | "primary" | "secondary" | "outline" | "ghost" | undefined'.
src/components/interestSplit/InterestSplitPrompt.tsx(359,14): error TS2322: Type '{ children: string; jsx: true; }' is not assignable to type 'DetailedHTMLProps<StyleHTMLAttributes<HTMLStyleElement>, HTMLStyleElement>'.
  Property 'jsx' does not exist on type 'DetailedHTMLProps<StyleHTMLAttributes<HTMLStyleElement>, HTMLStyleElement>'.
src/components/interestSplit/InterestSplitSettings.tsx(289,14): error TS2322: Type '{ children: string; jsx: true; }' is not assignable to type 'DetailedHTMLProps<StyleHTMLAttributes<HTMLStyleElement>, HTMLStyleElement>'.
  Property 'jsx' does not exist on type 'DetailedHTMLProps<StyleHTMLAttributes<HTMLStyleElement>, HTMLStyleElement>'.
src/components/interestSplit/LoanAmortizationSchedule.tsx(176,20): error TS18048: 'entries' is possibly 'undefined'.
src/components/interestSplit/LoanAmortizationSchedule.tsx(198,24): error TS18048: 'entries' is possibly 'undefined'.
src/components/interestSplit/LoanAmortizationSchedule.tsx(251,14): error TS2322: Type '{ children: string; jsx: true; }' is not assignable to type 'DetailedHTMLProps<StyleHTMLAttributes<HTMLStyleElement>, HTMLStyleElement>'.
  Property 'jsx' does not exist on type 'DetailedHTMLProps<StyleHTMLAttributes<HTMLStyleElement>, HTMLStyleElement>'.
src/components/metrics/MetricsReport.tsx(671,25): error TS6198: All destructured elements are unused.
src/components/runway/BurnRateAnalyzer.tsx(9,33): error TS6196: 'ExpenseCategory' is declared but never used.
src/components/runway/EmergencyFundRecommendations.tsx(10,15): error TS6196: 'EmergencyFundRecommendation' is declared but never used.
src/components/runway/RunwayDashboard.tsx(17,3): error TS6196: 'RunwayDashboardData' is declared but never used.
src/components/runway/RunwayDashboard.tsx(27,1): error TS6192: All imports in import declaration are unused.
src/components/search/RecentSearches.tsx(180,17): error TS2464: A computed property name must be of type 'string', 'number', 'symbol', or 'any'.
src/components/tax/TaxDocumentChecklist.tsx(17,24): error TS6196: 'TaxDocumentCategory' is declared but never used.
src/components/tax/TaxDocumentUpload.tsx(93,45): error TS2322: Type '"small"' is not assignable to type '"sm" | "md" | "lg" | undefined'.
src/components/transactions/BarterEntry.tsx(13,3): error TS6196: 'FMVBasis' is declared but never used.
src/components/visualization/FinancialFlowWidget.test.tsx(51,9): error TS2741: Property 'id' is missing in type '{ accountId: string; debit: number; credit: number; memo: string; }' but required in type 'JournalEntryLine'.
src/components/visualization/FinancialFlowWidget.test.tsx(52,9): error TS2741: Property 'id' is missing in type '{ accountId: string; debit: number; credit: number; memo: string; }' but required in type 'JournalEntryLine'.
src/components/visualization/FlowNode.test.tsx(195,19): error TS2304: Cannot find name 'within'.
src/crypto/encryption.ts(132,7): error TS2322: Type 'SecurityErrorCode' is not assignable to type '"UNKNOWN_ERROR" | "DECRYPTION_FAILED" | "INVALID_KEY" | "WEAK_PASSPHRASE" | "KEY_EXPIRED" | undefined'.
src/crypto/encryption.ts(212,7): error TS2322: Type 'SecurityErrorCode' is not assignable to type '"UNKNOWN_ERROR" | "DECRYPTION_FAILED" | "INVALID_KEY" | "WEAK_PASSPHRASE" | "KEY_EXPIRED" | undefined'.
src/crypto/encryption.ts(262,7): error TS2322: Type 'SecurityErrorCode' is not assignable to type '"UNKNOWN_ERROR" | "DECRYPTION_FAILED" | "INVALID_KEY" | "WEAK_PASSPHRASE" | "KEY_EXPIRED" | undefined'.
src/crypto/encryption.ts(477,7): error TS2322: Type 'SecurityErrorCode' is not assignable to type '"UNKNOWN_ERROR" | "DECRYPTION_FAILED" | "INVALID_KEY" | "WEAK_PASSPHRASE" | "KEY_EXPIRED" | undefined'.
src/crypto/encryption.ts(528,7): error TS2322: Type 'SecurityErrorCode' is not assignable to type '"UNKNOWN_ERROR" | "DECRYPTION_FAILED" | "INVALID_KEY" | "WEAK_PASSPHRASE" | "KEY_EXPIRED" | undefined'.
src/crypto/encryption.ts(602,7): error TS2322: Type 'SecurityErrorCode' is not assignable to type '"UNKNOWN_ERROR" | "DECRYPTION_FAILED" | "INVALID_KEY" | "WEAK_PASSPHRASE" | "KEY_EXPIRED" | undefined'.
src/data/charities.ts(21,5): error TS2322: Type '"EDUCATION"' is not assignable to type 'CharityCategory'.
src/data/charities.ts(30,5): error TS2322: Type '"POVERTY"' is not assignable to type 'CharityCategory'.
src/data/charities.ts(39,5): error TS2322: Type '"HEALTH"' is not assignable to type 'CharityCategory'.
src/data/charities.ts(48,5): error TS2322: Type '"HEALTH"' is not assignable to type 'CharityCategory'.
src/data/charities.ts(57,5): error TS2322: Type '"ENVIRONMENT"' is not assignable to type 'CharityCategory'.
src/data/charities.ts(66,5): error TS2322: Type '"ENVIRONMENT"' is not assignable to type 'CharityCategory'.
src/data/charities.ts(75,5): error TS2322: Type '"POVERTY"' is not assignable to type 'CharityCategory'.
src/data/charities.ts(84,5): error TS2322: Type '"ANIMAL_WELFARE"' is not assignable to type 'CharityCategory'.
src/data/charities.ts(93,5): error TS2322: Type '"HUMAN_RIGHTS"' is not assignable to type 'CharityCategory'.
src/data/charities.ts(102,5): error TS2322: Type '"DISASTER_RELIEF"' is not assignable to type 'CharityCategory'.
src/data/charities.ts(111,5): error TS2322: Type '"HEALTH"' is not assignable to type 'CharityCategory'.
src/data/charities.ts(120,5): error TS2322: Type '"COMMUNITY"' is not assignable to type 'CharityCategory'.
src/data/charities.ts(129,5): error TS2322: Type '"EDUCATION"' is not assignable to type 'CharityCategory'.
src/data/charities.ts(138,5): error TS2322: Type '"ENVIRONMENT"' is not assignable to type 'CharityCategory'.
src/data/charities.ts(147,5): error TS2322: Type '"EDUCATION"' is not assignable to type 'CharityCategory'.
src/data/charities.ts(196,3): error TS2322: Type '{ category: string; count: number; }[]' is not assignable to type '{ category: CharityCategory; count: number; }[]'.
  Type '{ category: string; count: number; }' is not assignable to type '{ category: CharityCategory; count: number; }'.
    Types of property 'category' are incompatible.
      Type 'string' is not assignable to type 'CharityCategory'.
src/db/schema/approvalWorkflows.schema.ts(13,42): error TS6196: 'TransactionType' is declared but never used.
src/db/schema/approvalWorkflows.schema.ts(13,59): error TS6196: 'AccountType' is declared but never used.
src/db/schema/charity.schema.ts(12,41): error TS6196: 'CharityStatus' is declared but never used.
src/db/schema/charity.schema.ts(51,5): error TS2322: Type '"PENDING"' is not assignable to type 'CharityStatus | undefined'.
src/db/schema/invoiceTemplates.schema.test.ts(299,14): error TS18048: 'results.headerContrast' is possibly 'undefined'.
src/db/schema/invoiceTemplates.schema.test.ts(302,14): error TS18048: 'results.bodyContrast' is possibly 'undefined'.
src/db/schema/invoiceTemplates.schema.test.ts(336,14): error TS18048: 'resultsLarge.bodyContrast' is possibly 'undefined'.
src/db/schema/users.schema.test.ts(136,13): error TS2322: Type '"ADMIN"' is not assignable to type 'UserRole'.
src/db/schema/users.schema.test.ts(720,34): error TS2322: Type '"OWNER"' is not assignable to type 'UserRole'.
src/db/schema/users.schema.test.ts(720,43): error TS2322: Type '"ADMIN"' is not assignable to type 'UserRole'.
src/db/schema/users.schema.test.ts(720,52): error TS2322: Type '"ACCOUNTANT"' is not assignable to type 'UserRole'.
src/db/schema/users.schema.test.ts(720,66): error TS2322: Type '"BOOKKEEPER"' is not assignable to type 'UserRole'.
src/db/schema/users.schema.test.ts(720,80): error TS2322: Type '"VIEWER"' is not assignable to type 'UserRole'.
src/db/schema/users.schema.test.ts(724,47): error TS2345: Argument of type 'UserRole | undefined' is not assignable to parameter of type 'UserRole'.
  Type 'undefined' is not assignable to type 'UserRole'.
src/db/seeds/charities.seed.ts(11,30): error TS7016: Could not find a declaration file for module 'uuid'. 'C:/Users/Admin/graceful_books/node_modules/uuid/dist/esm-browser/index.js' implicitly has an 'any' type.
  Try `npm i --save-dev @types/uuid` if it exists or add a new declaration (.d.ts) file containing `declare module 'uuid';`
src/db/seeds/charities.seed.ts(13,24): error TS6196: 'CharityCategory' is declared but never used.
src/db/seeds/charities.seed.ts(21,5): error TS2322: Type '"EDUCATION"' is not assignable to type 'CharityCategory'.
src/db/seeds/charities.seed.ts(24,5): error TS2322: Type '"VERIFIED"' is not assignable to type 'CharityStatus'.
src/db/seeds/charities.seed.ts(34,5): error TS2322: Type '"EDUCATION"' is not assignable to type 'CharityCategory'.
src/db/seeds/charities.seed.ts(37,5): error TS2322: Type '"VERIFIED"' is not assignable to type 'CharityStatus'.
src/db/seeds/charities.seed.ts(49,5): error TS2322: Type '"ENVIRONMENT"' is not assignable to type 'CharityCategory'.
src/db/seeds/charities.seed.ts(52,5): error TS2322: Type '"VERIFIED"' is not assignable to type 'CharityStatus'.
src/db/seeds/charities.seed.ts(62,5): error TS2322: Type '"ENVIRONMENT"' is not assignable to type 'CharityCategory'.
src/db/seeds/charities.seed.ts(65,5): error TS2322: Type '"VERIFIED"' is not assignable to type 'CharityStatus'.
src/db/seeds/charities.seed.ts(77,5): error TS2322: Type '"HEALTH"' is not assignable to type 'CharityCategory'.
src/db/seeds/charities.seed.ts(80,5): error TS2322: Type '"VERIFIED"' is not assignable to type 'CharityStatus'.
src/db/seeds/charities.seed.ts(90,5): error TS2322: Type '"HEALTH"' is not assignable to type 'CharityCategory'.
src/db/seeds/charities.seed.ts(93,5): error TS2322: Type '"VERIFIED"' is not assignable to type 'CharityStatus'.
src/db/seeds/charities.seed.ts(105,5): error TS2322: Type '"POVERTY"' is not assignable to type 'CharityCategory'.
src/db/seeds/charities.seed.ts(108,5): error TS2322: Type '"VERIFIED"' is not assignable to type 'CharityStatus'.
src/db/seeds/charities.seed.ts(118,5): error TS2322: Type '"POVERTY"' is not assignable to type 'CharityCategory'.
src/db/seeds/charities.seed.ts(121,5): error TS2322: Type '"VERIFIED"' is not assignable to type 'CharityStatus'.
src/db/seeds/charities.seed.ts(133,5): error TS2322: Type '"ANIMAL_WELFARE"' is not assignable to type 'CharityCategory'.
src/db/seeds/charities.seed.ts(136,5): error TS2322: Type '"VERIFIED"' is not assignable to type 'CharityStatus'.
src/db/seeds/charities.seed.ts(148,5): error TS2322: Type '"HUMAN_RIGHTS"' is not assignable to type 'CharityCategory'.
src/db/seeds/charities.seed.ts(151,5): error TS2322: Type '"VERIFIED"' is not assignable to type 'CharityStatus'.
src/db/seeds/charities.seed.ts(163,5): error TS2322: Type '"DISASTER_RELIEF"' is not assignable to type 'CharityCategory'.
src/db/seeds/charities.seed.ts(166,5): error TS2322: Type '"VERIFIED"' is not assignable to type 'CharityStatus'.
src/db/seeds/charities.seed.ts(178,5): error TS2322: Type '"ARTS_CULTURE"' is not assignable to type 'CharityCategory'.
src/db/seeds/charities.seed.ts(181,5): error TS2322: Type '"VERIFIED"' is not assignable to type 'CharityStatus'.
src/db/seeds/charities.seed.ts(193,5): error TS2322: Type '"COMMUNITY"' is not assignable to type 'CharityCategory'.
src/db/seeds/charities.seed.ts(196,5): error TS2322: Type '"VERIFIED"' is not assignable to type 'CharityStatus'.
src/db/seeds/charities.seed.ts(206,5): error TS2322: Type '"COMMUNITY"' is not assignable to type 'CharityCategory'.
src/db/seeds/charities.seed.ts(209,5): error TS2322: Type '"VERIFIED"' is not assignable to type 'CharityStatus'.
src/db/seeds/charities.seed.ts(221,5): error TS2322: Type '"EDUCATION"' is not assignable to type 'CharityCategory'.
src/db/seeds/charities.seed.ts(224,5): error TS2322: Type '"VERIFIED"' is not assignable to type 'CharityStatus'.
src/observability/metrics.ts(255,5): error TS2322: Type 'number | undefined' is not assignable to type 'number'.
  Type 'undefined' is not assignable to type 'number'.
src/pages/CustomerPortal.tsx(63,11): error TS2367: This comparison appears to be unintentional because the types 'DatabaseErrorCode' and 'ErrorCode.RATE_LIMITED' have no overlap.
src/services/admin/charity.service.test.ts(12,24): error TS6196: 'CharityStatus' is declared but never used.
src/services/admin/charity.service.test.ts(58,9): error TS2322: Type '"EDUCATION"' is not assignable to type 'CharityCategory'.
src/services/admin/charity.service.test.ts(83,11): error TS2322: Type '"EDUCATION"' is not assignable to type 'CharityCategory'.
src/services/admin/charity.service.test.ts(96,11): error TS2322: Type '"EDUCATION"' is not assignable to type 'CharityCategory'.
src/services/admin/charity.service.test.ts(112,11): error TS2322: Type '"EDUCATION"' is not assignable to type 'CharityCategory'.
src/services/admin/charity.service.test.ts(115,11): error TS2322: Type '"VERIFIED"' is not assignable to type 'CharityStatus'.
src/services/admin/charity.service.test.ts(143,11): error TS2322: Type '"EDUCATION"' is not assignable to type 'CharityCategory'.
src/services/admin/charity.service.test.ts(146,11): error TS2322: Type '"PENDING"' is not assignable to type 'CharityStatus'.
src/services/admin/charity.service.test.ts(164,31): error TS2322: Type '"PENDING"' is not assignable to type 'CharityStatus | undefined'.
src/services/admin/charity.service.test.ts(177,11): error TS2322: Type '"EDUCATION"' is not assignable to type 'CharityCategory'.
src/services/admin/charity.service.test.ts(180,11): error TS2322: Type '"VERIFIED"' is not assignable to type 'CharityStatus'.
src/services/admin/charity.service.test.ts(193,11): error TS2322: Type '"HEALTH"' is not assignable to type 'CharityCategory'.
src/services/admin/charity.service.test.ts(196,11): error TS2322: Type '"VERIFIED"' is not assignable to type 'CharityStatus'.
src/services/admin/charity.service.test.ts(226,11): error TS2322: Type '"EDUCATION"' is not assignable to type 'CharityCategory'.
src/services/admin/charity.service.test.ts(229,11): error TS2322: Type '"VERIFIED"' is not assignable to type 'CharityStatus'.
src/services/admin/charity.service.test.ts(262,9): error TS2322: Type '"EDUCATION"' is not assignable to type 'CharityCategory'.
src/services/admin/charity.service.test.ts(265,9): error TS2322: Type '"PENDING"' is not assignable to type 'CharityStatus'.
src/services/admin/charity.service.test.ts(296,9): error TS2322: Type '"EDUCATION"' is not assignable to type 'CharityCategory'.
src/services/admin/charity.service.test.ts(299,9): error TS2322: Type '"PENDING"' is not assignable to type 'CharityStatus'.
src/services/admin/charity.service.test.ts(332,9): error TS2322: Type '"EDUCATION"' is not assignable to type 'CharityCategory'.
src/services/admin/charity.service.test.ts(335,9): error TS2322: Type '"PENDING"' is not assignable to type 'CharityStatus'.
src/services/admin/charity.service.test.ts(367,9): error TS2322: Type '"EDUCATION"' is not assignable to type 'CharityCategory'.
src/services/admin/charity.service.test.ts(370,9): error TS2322: Type '"VERIFIED"' is not assignable to type 'CharityStatus'.
src/services/admin/charity.service.test.ts(397,9): error TS2322: Type '"EDUCATION"' is not assignable to type 'CharityCategory'.
src/services/admin/charity.service.test.ts(400,9): error TS2322: Type '"PENDING"' is not assignable to type 'CharityStatus'.
src/services/admin/charity.service.test.ts(434,9): error TS2322: Type '"EDUCATION"' is not assignable to type 'CharityCategory'.
src/services/admin/charity.service.test.ts(437,9): error TS2322: Type '"REJECTED"' is not assignable to type 'CharityStatus'.
src/services/admin/charity.service.test.ts(465,9): error TS2322: Type '"EDUCATION"' is not assignable to type 'CharityCategory'.
src/services/admin/charity.service.test.ts(468,9): error TS2322: Type '"VERIFIED"' is not assignable to type 'CharityStatus'.
src/services/admin/charity.service.test.ts(500,11): error TS2322: Type '"EDUCATION"' is not assignable to type 'CharityCategory'.
src/services/admin/charity.service.test.ts(503,11): error TS2322: Type '"VERIFIED"' is not assignable to type 'CharityStatus'.
src/services/admin/charity.service.test.ts(516,11): error TS2322: Type '"HEALTH"' is not assignable to type 'CharityCategory'.
src/services/admin/charity.service.test.ts(519,11): error TS2322: Type '"VERIFIED"' is not assignable to type 'CharityStatus'.
src/services/admin/charity.service.test.ts(532,11): error TS2322: Type '"ENVIRONMENT"' is not assignable to type 'CharityCategory'.
src/services/admin/charity.service.test.ts(535,11): error TS2322: Type '"PENDING"' is not assignable to type 'CharityStatus'.
src/services/admin/charity.service.ts(11,30): error TS7016: Could not find a declaration file for module 'uuid'. 'C:/Users/Admin/graceful_books/node_modules/uuid/dist/esm-browser/index.js' implicitly has an 'any' type.
  Try `npm i --save-dev @types/uuid` if it exists or add a new declaration (.d.ts) file containing `declare module 'uuid';`
src/services/admin/charity.service.ts(266,7): error TS2322: Type '"VERIFIED"' is not assignable to type 'CharityStatus'.
src/services/admin/charity.service.ts(306,7): error TS2322: Type '"REJECTED"' is not assignable to type 'CharityStatus'.
src/services/admin/charity.service.ts(336,7): error TS2322: Type '"INACTIVE"' is not assignable to type 'CharityStatus'.
src/services/admin/charityDistribution.service.test.ts(83,11): error TS2322: Type '"VERIFIED"' is not assignable to type 'CharityStatus | undefined'.
src/services/admin/charityDistribution.service.test.ts(91,11): error TS2322: Type '"VERIFIED"' is not assignable to type 'CharityStatus | undefined'.
src/services/admin/charityDistribution.service.test.ts(154,11): error TS2322: Type '"PENDING"' is not assignable to type 'CharityStatus | undefined'.
src/services/admin/charityDistribution.service.test.ts(204,11): error TS2322: Type '"VERIFIED"' is not assignable to type 'CharityStatus | undefined'.
src/services/admin/charityDistribution.service.test.ts(351,11): error TS2322: Type '"VERIFIED"' is not assignable to type 'CharityStatus | undefined'.
src/services/admin/charityDistribution.service.test.ts(402,11): error TS2322: Type '"VERIFIED"' is not assignable to type 'CharityStatus | undefined'.
src/services/admin/charityDistribution.service.test.ts(643,11): error TS2322: Type '"VERIFIED"' is not assignable to type 'CharityStatus | undefined'.
src/services/admin/charityDistribution.service.ts(11,30): error TS7016: Could not find a declaration file for module 'uuid'. 'C:/Users/Admin/graceful_books/node_modules/uuid/dist/esm-browser/index.js' implicitly has an 'any' type.
  Try `npm i --save-dev @types/uuid` if it exists or add a new declaration (.d.ts) file containing `declare module 'uuid';`
src/services/admin/charityDistribution.service.ts(561,7): error TS2322: Type 'number | undefined' is not assignable to type 'number | null'.
  Type 'undefined' is not assignable to type 'number | null'.
src/services/admin/charityDistribution.service.ts(562,7): error TS2322: Type 'number | undefined' is not assignable to type 'number | null'.
  Type 'undefined' is not assignable to type 'number | null'.
src/services/approvalDelegationService.ts(17,3): error TS6196: 'DelegationStatus' is declared but never used.
src/services/approvalDelegationService.ts(209,13): error TS2322: Type '{ id: string; scope_type: DelegationScopeType; approval_rule_ids: string[] | null; max_amount: string | null; end_date: number | null; notes: string | null; max_uses: number | null; ... 9 more ...; deleted_at?: number | ... 1 more ... | undefined; }' is not assignable to type 'ApprovalDelegation'.
  Types of property 'company_id' are incompatible.
    Type 'string | undefined' is not assignable to type 'string'.
      Type 'undefined' is not assignable to type 'string'.
src/services/approvalDelegationService.ts(270,9): error TS2322: Type '"REVOKED"' is not assignable to type 'DelegationStatus | undefined'.
src/services/approvalDelegationService.ts(467,9): error TS2322: Type '"USED"' is not assignable to type 'DelegationStatus'.
src/services/approvalDelegationService.ts(502,13): error TS2322: Type '"EXPIRED"' is not assignable to type 'DelegationStatus | undefined'.
src/services/approvalRuleEngine.ts(16,3): error TS6196: 'TransactionType' is declared but never used.
src/services/approvalRuleEngine.ts(124,7): error TS2322: Type 'Record<string, unknown>' is not assignable to type 'string | number | string[]'.
  Type 'Record<string, unknown>' is missing the following properties from type 'string[]': length, pop, push, concat, and 28 more.
src/services/approvalRuleEngine.ts(294,23): error TS1361: 'ApprovalRuleStatus' cannot be used as a value because it was imported using 'import type'.
src/services/approvalRuleEngine.ts(364,5): error TS2322: Type 'ApprovalRule | null | undefined' is not assignable to type 'ApprovalRule | null'.
  Type 'undefined' is not assignable to type 'ApprovalRule | null'.
src/services/approvalWorkflowService.ts(28,3): error TS6196: 'ApprovalRequestStatus' is declared but never used.
src/services/approvalWorkflowService.ts(29,3): error TS6196: 'ApprovalActionType' is declared but never used.
src/services/approvalWorkflowService.ts(31,3): error TS6196: 'ApprovalRequirementType' is declared but never used.
src/services/approvalWorkflowService.ts(268,13): error TS2322: Type '{ id: string; expires_at: number | null; metadata: Record<string, unknown>; company_id?: string | undefined; transaction_id?: string | undefined; approval_rule_id?: string | undefined; ... 11 more ...; deleted_at?: number | ... 1 more ... | undefined; }' is not assignable to type 'ApprovalRequest'.
  Types of property 'company_id' are incompatible.
    Type 'string | undefined' is not assignable to type 'string'.
      Type 'undefined' is not assignable to type 'string'.
src/services/approvalWorkflowService.ts(386,13): error TS2322: Type '{ id: string; comments: string | null; ip_address: string | null; company_id?: string | undefined; approval_request_id?: string | undefined; approver_user_id?: string | undefined; ... 8 more ...; deleted_at?: number | ... 1 more ... | undefined; }' is not assignable to type 'ApprovalAction'.
  Types of property 'company_id' are incompatible.
    Type 'string | undefined' is not assignable to type 'string'.
      Type 'undefined' is not assignable to type 'string'.
src/services/approvalWorkflowService.ts(416,13): error TS2322: Type '"APPROVED"' is not assignable to type 'ApprovalRequestStatus | undefined'.
src/services/approvalWorkflowService.ts(540,13): error TS2322: Type '{ id: string; comments: string | null; ip_address: string | null; company_id?: string | undefined; approval_request_id?: string | undefined; approver_user_id?: string | undefined; ... 8 more ...; deleted_at?: number | ... 1 more ... | undefined; }' is not assignable to type 'ApprovalAction'.
  Types of property 'company_id' are incompatible.
    Type 'string | undefined' is not assignable to type 'string'.
      Type 'undefined' is not assignable to type 'string'.
src/services/approvalWorkflowService.ts(558,9): error TS2322: Type '"REJECTED"' is not assignable to type 'ApprovalRequestStatus | undefined'.
src/services/approvalWorkflowService.ts(629,13): error TS2322: Type '{ id: string; comments: string; company_id?: string | undefined; approval_request_id?: string | undefined; approver_user_id?: string | undefined; action_type?: ApprovalActionType | undefined; ... 8 more ...; deleted_at?: number | ... 1 more ... | undefined; }' is not assignable to type 'ApprovalAction'.
  Types of property 'company_id' are incompatible.
    Type 'string | undefined' is not assignable to type 'string'.
      Type 'undefined' is not assignable to type 'string'.
src/services/approvalWorkflowService.ts(646,9): error TS2322: Type '"CANCELLED"' is not assignable to type 'ApprovalRequestStatus | undefined'.
src/services/approvalWorkflowService.ts(695,13): error TS2322: Type '"AUTO_APPROVED"' is not assignable to type 'ApprovalRequestStatus | undefined'.
src/services/approvalWorkflowService.ts(721,13): error TS2322: Type '"EXPIRED"' is not assignable to type 'ApprovalRequestStatus | undefined'.
src/services/approvalWorkflowService.ts(873,11): error TS2322: Type '{ id: string; company_id?: string | undefined; approval_request_id?: string | undefined; transaction_id?: string | undefined; approval_rule_id?: string | undefined; event_type?: string | undefined; ... 7 more ...; deleted_at?: number | ... 1 more ... | undefined; }' is not assignable to type 'ApprovalHistory'.
  Types of property 'company_id' are incompatible.
    Type 'string | undefined' is not assignable to type 'string'.
      Type 'undefined' is not assignable to type 'string'.
src/services/auditLogExtended.perf.test.ts(60,5): error TS2322: Type '"CREATE"' is not assignable to type 'AuditAction'.
src/services/auditLogExtended.perf.test.ts(61,5): error TS2322: Type '"UPDATE"' is not assignable to type 'AuditAction'.
src/services/auditLogExtended.perf.test.ts(62,5): error TS2322: Type '"DELETE"' is not assignable to type 'AuditAction'.
src/services/auditLogExtended.perf.test.ts(63,5): error TS2322: Type '"RESTORE"' is not assignable to type 'AuditAction'.
src/services/auditLogExtended.perf.test.ts(64,5): error TS2322: Type '"LOGIN"' is not assignable to type 'AuditAction'.
src/services/auditLogExtended.perf.test.ts(65,5): error TS2322: Type '"LOGOUT"' is not assignable to type 'AuditAction'.
src/services/auditLogExtended.perf.test.ts(66,5): error TS2322: Type '"EXPORT"' is not assignable to type 'AuditAction'.
src/services/auditLogExtended.perf.test.ts(67,5): error TS2322: Type '"IMPORT"' is not assignable to type 'AuditAction'.
src/services/auditLogExtended.perf.test.ts(70,5): error TS2322: Type '"ACCOUNT"' is not assignable to type 'AuditEntityType'.
src/services/auditLogExtended.perf.test.ts(71,5): error TS2322: Type '"TRANSACTION"' is not assignable to type 'AuditEntityType'.
src/services/auditLogExtended.perf.test.ts(72,5): error TS2322: Type '"CONTACT"' is not assignable to type 'AuditEntityType'.
src/services/auditLogExtended.perf.test.ts(73,5): error TS2322: Type '"PRODUCT"' is not assignable to type 'AuditEntityType'.
src/services/auditLogExtended.perf.test.ts(74,5): error TS2322: Type '"USER"' is not assignable to type 'AuditEntityType'.
src/services/auditLogExtended.perf.test.ts(75,5): error TS2322: Type '"COMPANY"' is not assignable to type 'AuditEntityType'.
src/services/auditLogExtended.perf.test.ts(76,5): error TS2322: Type '"SESSION"' is not assignable to type 'AuditEntityType'.
src/services/auditLogExtended.perf.test.ts(102,32): error TS2345: Argument of type 'AuditLog[]' is not assignable to parameter of type 'readonly AuditLogEntity[]'.
  Type 'AuditLog' is missing the following properties from type 'AuditLogEntity': companyId, userId, deviceId, entityType, and 2 more.
src/services/auditLogExtended.perf.test.ts(199,23): error TS2322: Type '"TRANSACTION"' is not assignable to type 'AuditEntityType'.
src/services/auditLogExtended.perf.test.ts(199,38): error TS2322: Type '"ACCOUNT"' is not assignable to type 'AuditEntityType'.
src/services/auditLogExtended.perf.test.ts(200,19): error TS2322: Type '"CREATE"' is not assignable to type 'AuditAction'.
src/services/auditLogExtended.perf.test.ts(200,29): error TS2322: Type '"UPDATE"' is not assignable to type 'AuditAction'.
src/services/auditLogExtended.perf.test.ts(383,23): error TS2322: Type '"TRANSACTION"' is not assignable to type 'AuditEntityType'.
src/services/auditLogExtended.test.ts(65,5): error TS2322: Type '"CREATE"' is not assignable to type 'AuditAction'.
src/services/auditLogExtended.test.ts(66,5): error TS2322: Type '"UPDATE"' is not assignable to type 'AuditAction'.
src/services/auditLogExtended.test.ts(67,5): error TS2322: Type '"DELETE"' is not assignable to type 'AuditAction'.
src/services/auditLogExtended.test.ts(68,5): error TS2322: Type '"RESTORE"' is not assignable to type 'AuditAction'.
src/services/auditLogExtended.test.ts(69,5): error TS2322: Type '"LOGIN"' is not assignable to type 'AuditAction'.
src/services/auditLogExtended.test.ts(70,5): error TS2322: Type '"LOGOUT"' is not assignable to type 'AuditAction'.
src/services/auditLogExtended.test.ts(73,5): error TS2322: Type '"ACCOUNT"' is not assignable to type 'AuditEntityType'.
src/services/auditLogExtended.test.ts(74,5): error TS2322: Type '"TRANSACTION"' is not assignable to type 'AuditEntityType'.
src/services/auditLogExtended.test.ts(75,5): error TS2322: Type '"CONTACT"' is not assignable to type 'AuditEntityType'.
src/services/auditLogExtended.test.ts(76,5): error TS2322: Type '"PRODUCT"' is not assignable to type 'AuditEntityType'.
src/services/auditLogExtended.test.ts(155,41): error TS2365: Operator '>=' cannot be applied to types 'Date' and 'number'.
src/services/auditLogExtended.test.ts(156,41): error TS2365: Operator '<=' cannot be applied to types 'Date' and 'number'.
src/services/auditLogExtended.test.ts(176,23): error TS2322: Type '"TRANSACTION"' is not assignable to type 'AuditEntityType'.
src/services/auditLogExtended.test.ts(176,38): error TS2322: Type '"ACCOUNT"' is not assignable to type 'AuditEntityType'.
src/services/auditLogExtended.test.ts(192,19): error TS2322: Type '"CREATE"' is not assignable to type 'AuditAction'.
src/services/auditLogExtended.test.ts(192,29): error TS2322: Type '"UPDATE"' is not assignable to type 'AuditAction'.
src/services/auditLogExtended.test.ts(211,23): error TS2322: Type '"TRANSACTION"' is not assignable to type 'AuditEntityType'.
src/services/auditLogExtended.test.ts(212,19): error TS2322: Type '"CREATE"' is not assignable to type 'AuditAction'.
src/services/auditLogExtended.test.ts(297,41): error TS2365: Operator '>=' cannot be applied to types 'Date' and 'number'.
src/services/auditLogExtended.test.ts(298,41): error TS2365: Operator '<=' cannot be applied to types 'Date' and 'number'.
src/services/auditLogExtended.test.ts(319,9): error TS2322: Type '"TRANSACTION"' is not assignable to type 'AuditEntityType'.
src/services/auditLogExtended.test.ts(367,34): error TS2345: Argument of type 'AuditLog[]' is not assignable to parameter of type 'readonly AuditLogEntity[]'.
  Type 'AuditLog' is missing the following properties from type 'AuditLogEntity': companyId, userId, deviceId, entityType, and 2 more.
src/services/auditLogExtended.test.ts(400,14): error TS18048: 'entry' is possibly 'undefined'.
src/services/auditLogExtended.test.ts(401,14): error TS18048: 'entry' is possibly 'undefined'.
src/services/auditLogExtended.test.ts(404,32): error TS18048: 'entry' is possibly 'undefined'.
src/services/auditLogExtended.test.ts(408,37): error TS18048: 'entry' is possibly 'undefined'.
src/services/auditLogExtended.test.ts(535,9): error TS2740: Type 'AuditLog' is missing the following properties from type 'AuditLogEntity': companyId, userId, deviceId, entityType, and 2 more.
src/services/auditLogExtended.test.ts(536,9): error TS2740: Type 'AuditLog' is missing the following properties from type 'AuditLogEntity': companyId, userId, deviceId, entityType, and 2 more.
src/services/auditLogExtended.test.ts(612,23): error TS2322: Type '"TRANSACTION"' is not assignable to type 'AuditEntityType'.
src/services/auditLogExtended.test.ts(612,38): error TS2322: Type '"ACCOUNT"' is not assignable to type 'AuditEntityType'.
src/services/auditLogExtended.test.ts(613,19): error TS2322: Type '"CREATE"' is not assignable to type 'AuditAction'.
src/services/auditLogExtended.test.ts(613,29): error TS2322: Type '"UPDATE"' is not assignable to type 'AuditAction'.
src/services/auditLogExtended.test.ts(658,30): error TS2345: Argument of type 'AuditLog' is not assignable to parameter of type 'AuditLogEntity'.
  Type 'AuditLog' is missing the following properties from type 'AuditLogEntity': companyId, userId, deviceId, entityType, and 2 more.
src/services/automation/anomalyDetectionService.ts(230,68): error TS18048: 'mostSimilar' is possibly 'undefined'.
src/services/automation/anomalyDetectionService.ts(234,26): error TS18048: 'mostSimilar' is possibly 'undefined'.
src/services/automation/anomalyDetectionService.ts(244,93): error TS18048: 'mostSimilar' is possibly 'undefined'.
src/services/automation/anomalyDetectionService.ts(244,122): error TS18048: 'mostSimilar' is possibly 'undefined'.
src/services/automation/autoCategorizationService.test.ts(19,36): error TS6196: 'LearnedPattern' is declared but never used.
src/services/automation/autoCategorizationService.ts(26,3): error TS6196: 'SuggestionSource' is declared but never used.
src/services/automation/recurringDetectionService.ts(97,50): error TS2322: Type 'RecurringDetectionInput | HistoricalTransaction' is not assignable to type '{ date: number; }'.
  Property 'date' is missing in type 'RecurringDetectionInput' but required in type '{ date: number; }'.
src/services/automation/recurringDetectionService.ts(97,65): error TS2741: Property 'date' is missing in type 'RecurringDetectionInput' but required in type '{ date: number; }'.
src/services/barter.service.test.ts(66,11): error TS2322: Type '{ company_id?: string | undefined; transaction_number?: string | undefined; transaction_date?: number | undefined; date?: number; type?: TransactionType | undefined; ... 10 more ...; deleted_at?: number | ... 1 more ... | undefined; }' is not assignable to type 'Transaction'.
  Types of property 'company_id' are incompatible.
    Type 'string | undefined' is not assignable to type 'string'.
      Type 'undefined' is not assignable to type 'string'.
src/services/billing.service.ts(14,3): error TS6196: 'RelationshipStatus' is declared but never used.
src/services/billing.service.ts(15,3): error TS6196: 'TeamMemberStatus' is declared but never used.
src/services/categorization.service.test.ts(381,23): error TS18048: 'example' is possibly 'undefined'.
src/services/categorization.service.test.ts(382,24): error TS18048: 'example' is possibly 'undefined'.
src/services/categorization.service.test.ts(384,23): error TS18048: 'example' is possibly 'undefined'.
src/services/categorization.service.test.ts(385,25): error TS18048: 'example' is possibly 'undefined'.
src/services/categorization.service.test.ts(541,11): error TS2322: Type 'string | undefined' is not assignable to type 'string'.
  Type 'undefined' is not assignable to type 'string'.
src/services/coaWizardService.additional.test.ts(56,9): error TS2353: Object literal may only specify known properties, and 'encryptionKey' does not exist in type 'EncryptionContext'.
src/services/coaWizardService.additional.test.ts(104,9): error TS2353: Object literal may only specify known properties, and 'encryptionKey' does not exist in type 'EncryptionContext'.
src/services/coaWizardService.additional.test.ts(171,9): error TS2322: Type '{ item: any; error: { code: "DUPLICATE"; message: string; }; }[]' is not assignable to type '{ item: Account; error: DatabaseError; }[]'.
  Type '{ item: any; error: { code: "DUPLICATE"; message: string; }; }' is not assignable to type '{ item: Account; error: DatabaseError; }'.
    The types of 'error.code' are incompatible between these types.
      Type '"DUPLICATE"' is not assignable to type 'DatabaseErrorCode'.
src/services/coaWizardService.additional.test.ts(418,32): error TS18048: 'callArgs' is possibly 'undefined'.
src/services/coaWizardService.additional.test.ts(451,32): error TS18048: 'callArgs' is possibly 'undefined'.
src/services/coaWizardService.additional.test.ts(577,32): error TS18048: 'callArgs' is possibly 'undefined'.
src/services/coaWizardService.additional.test.ts(604,32): error TS18048: 'callArgs' is possibly 'undefined'.
src/services/coaWizardService.additional.test.ts(627,32): error TS18048: 'callArgs' is possibly 'undefined'.
src/services/coaWizardService.test.ts(396,32): error TS18048: 'callArgs' is possibly 'undefined'.
src/services/coaWizardService.test.ts(428,32): error TS18048: 'callArgs' is possibly 'undefined'.
src/services/coaWizardService.test.ts(458,32): error TS18048: 'callArgs' is possibly 'undefined'.
src/services/comments.service.test.ts(48,24): error TS2352: Conversion of type '{ id: string; email: string; name: string; hashed_password: string; created_at: number; updated_at: number; deleted_at: null; version_vector: { "device-test-001": number; }; }' to type 'User' may be a mistake because neither type sufficiently overlaps with the other. If this was intentional, convert the expression to 'unknown' first.
  Type '{ id: string; email: string; name: string; hashed_password: string; created_at: number; updated_at: number; deleted_at: null; version_vector: { "device-test-001": number; }; }' is missing the following properties from type 'User': passphrase_hash, master_key_encrypted, preferences, selected_charity_id
src/services/comments.service.test.ts(59,24): error TS2352: Conversion of type '{ id: string; email: string; name: string; hashed_password: string; created_at: number; updated_at: number; deleted_at: null; version_vector: { "device-test-001": number; }; }' to type 'User' may be a mistake because neither type sufficiently overlaps with the other. If this was intentional, convert the expression to 'unknown' first.
  Type '{ id: string; email: string; name: string; hashed_password: string; created_at: number; updated_at: number; deleted_at: null; version_vector: { "device-test-001": number; }; }' is missing the following properties from type 'User': passphrase_hash, master_key_encrypted, preferences, selected_charity_id
src/services/comments.service.test.ts(124,7): error TS2322: Type '"INCOME"' is not assignable to type 'TransactionType'.
src/services/comments.service.test.ts(127,7): error TS2322: Type '"pending"' is not assignable to type 'TransactionStatus'.
src/services/comments.service.test.ts(537,14): error TS18048: 'current' is possibly 'undefined'.
src/services/comments.service.test.ts(538,19): error TS18048: 'current' is possibly 'undefined'.
src/services/conflictResolution.service.test.ts(28,3): error TS6196: 'ConflictSeverity' is declared but never used.
src/services/conflictResolution.service.test.ts(41,5): error TS2322: Type '"ASSET"' is not assignable to type 'AccountType'.
src/services/crdt/entityMergeStrategies.test.ts(18,37): error TS6196: 'Contact' is declared but never used.
src/services/crdt/entityMergeStrategies.test.ts(18,46): error TS6196: 'Product' is declared but never used.
src/services/crdt/entityMergeStrategies.test.ts(31,5): error TS2322: Type '"ASSET"' is not assignable to type 'AccountType'.
src/services/crdt/entityMergeStrategies.test.ts(50,5): error TS2322: Type '"JOURNAL_ENTRY"' is not assignable to type 'TransactionType'.
src/services/crdt/entityMergeStrategies.test.ts(51,5): error TS2322: Type '"DRAFT"' is not assignable to type 'TransactionStatus'.
src/services/crdt/entityMergeStrategies.test.ts(131,7): error TS2322: Type '"POSTED"' is not assignable to type 'TransactionStatus | undefined'.
src/services/crdt/entityMergeStrategies.test.ts(136,7): error TS2322: Type '"DRAFT"' is not assignable to type 'TransactionStatus | undefined'.
src/services/crdt/entityMergeStrategies.test.ts(166,7): error TS2322: Type '"RECONCILED"' is not assignable to type 'TransactionStatus | undefined'.
src/services/crdt/entityMergeStrategies.test.ts(171,7): error TS2322: Type '"POSTED"' is not assignable to type 'TransactionStatus | undefined'.
src/services/csv/csvExporter.service.ts(77,9): error TS2322: Type 'TransactionCSVRow[]' is not assignable to type 'Record<string, unknown>[]'.
  Type 'TransactionCSVRow' is not assignable to type 'Record<string, unknown>'.
    Index signature for type 'string' is missing in type 'TransactionCSVRow'.
src/services/csv/csvExporter.service.ts(79,9): error TS2322: Type 'InvoiceCSVRow[]' is not assignable to type 'Record<string, unknown>[]'.
  Type 'InvoiceCSVRow' is not assignable to type 'Record<string, unknown>'.
    Index signature for type 'string' is missing in type 'InvoiceCSVRow'.
src/services/csv/csvExporter.service.ts(81,9): error TS2322: Type 'BillCSVRow[]' is not assignable to type 'Record<string, unknown>[]'.
  Type 'BillCSVRow' is not assignable to type 'Record<string, unknown>'.
    Index signature for type 'string' is missing in type 'BillCSVRow'.
src/services/csv/csvExporter.service.ts(83,9): error TS2322: Type 'ContactCSVRow[]' is not assignable to type 'Record<string, unknown>[]'.
  Type 'ContactCSVRow' is not assignable to type 'Record<string, unknown>'.
    Index signature for type 'string' is missing in type 'ContactCSVRow'.
src/services/csv/csvExporter.service.ts(85,9): error TS2322: Type 'ProductCSVRow[]' is not assignable to type 'Record<string, unknown>[]'.
  Type 'ProductCSVRow' is not assignable to type 'Record<string, unknown>'.
    Index signature for type 'string' is missing in type 'ProductCSVRow'.
src/services/csv/csvExporter.service.ts(188,50): error TS2769: No overload matches this call.
  Overload 1 of 2, '(o: {}): string[]', gave the following error.
    Argument of type 'Record<string, unknown> | undefined' is not assignable to parameter of type '{}'.
      Type 'undefined' is not assignable to type '{}'.
  Overload 2 of 2, '(o: object): string[]', gave the following error.
    Argument of type 'Record<string, unknown> | undefined' is not assignable to parameter of type 'object'.
      Type 'undefined' is not assignable to type 'object'.
src/services/csv/csvImporter.service.ts(17,3): error TS6196: 'DuplicateMatch' is declared but never used.
src/services/csv/csvImporter.service.ts(54,9): error TS2322: Type 'string[] | undefined' is not assignable to type 'string[]'.
  Type 'undefined' is not assignable to type 'string[]'.
src/services/csv/csvImporter.service.ts(382,30): error TS2345: Argument of type 'string[] | undefined' is not assignable to parameter of type 'string[]'.
  Type 'undefined' is not assignable to type 'string[]'.
src/services/csv/csvValidator.service.ts(102,42): error TS2345: Argument of type 'string[] | undefined' is not assignable to parameter of type 'string[]'.
  Type 'undefined' is not assignable to type 'string[]'.
src/services/currencyGainLoss.service.test.ts(18,43): error TS6196: 'ExchangeRate' is declared but never used.
src/services/currencyGainLoss.service.ts(28,3): error TS6196: 'ExchangeRate' is declared but never used.
src/services/currencyGainLoss.service.ts(108,13): error TS6138: Property 'db' is declared but its value is never read.
src/services/currencyRevaluation.service.ts(30,3): error TS6196: 'CurrencyGainLoss' is declared but never used.
src/services/currencyRevaluation.service.ts(135,13): error TS6138: Property 'gainLossService' is declared but its value is never read.
src/services/currencyRevaluation.service.ts(137,13): error TS6138: Property 'db' is declared but its value is never read.
src/services/currencyRevaluation.service.ts(259,7): error TS18048: 'balance' is possibly 'undefined'.
src/services/currencyRevaluation.service.ts(265,40): error TS18048: 'balance' is possibly 'undefined'.
src/services/currencyRevaluation.service.ts(269,40): error TS18048: 'balance' is possibly 'undefined'.
src/services/currencyRevaluation.service.ts(273,19): error TS18048: 'balance' is possibly 'undefined'.
src/services/currencyRevaluation.service.ts(274,17): error TS18048: 'balance' is possibly 'undefined'.
src/services/currencyRevaluation.service.ts(275,28): error TS18048: 'balance' is possibly 'undefined'.
src/services/currencyRevaluation.service.ts(276,22): error TS18048: 'balance' is possibly 'undefined'.
src/services/duplicateDetection.service.test.ts(40,9): error TS2322: Type '"CUSTOMER"' is not assignable to type 'ContactType'.
src/services/duplicateDetection.service.test.ts(50,9): error TS2322: Type '"standalone"' is not assignable to type 'ContactAccountType'.
src/services/duplicateDetection.service.test.ts(222,9): error TS2322: Type '"CUSTOMER"' is not assignable to type 'ContactType'.
src/services/duplicateDetection.service.test.ts(232,9): error TS2322: Type '"standalone"' is not assignable to type 'ContactAccountType'.
src/services/duplicateDetection.service.test.ts(301,9): error TS2322: Type '"CUSTOMER"' is not assignable to type 'ContactType'.
src/services/duplicateDetection.service.test.ts(311,9): error TS2322: Type '"standalone"' is not assignable to type 'ContactAccountType'.
src/services/email/email.service.ts(20,3): error TS6196: 'EmailErrorCode' is declared but never used.
src/services/email/email.service.ts(23,3): error TS6196: 'EmailServiceError' is declared but never used.
src/services/email/emailContentGenerator.test.ts(119,7): error TS2353: Object literal may only specify known properties, and 'discProfileId' does not exist in type 'EmailPreferences'.
src/services/email/emailPreviewService.test.ts(44,7): error TS2353: Object literal may only specify known properties, and 'discProfileId' does not exist in type 'EmailPreferences'.
src/services/email/emailRenderer.test.ts(14,29): error TS6196: 'EmailSection' is declared but never used.
src/services/email/emailRenderer.test.ts(14,43): error TS6196: 'EmailSectionItem' is declared but never used.
src/services/email/emailSchedulingService.test.ts(53,7): error TS2353: Object literal may only specify known properties, and 'discProfileId' does not exist in type 'EmailPreferences'.
src/services/email/followUpTemplates.service.test.ts(34,46): error TS2345: Argument of type 'string' is not assignable to parameter of type 'EmailFollowUpTemplate'.
src/services/email/followUpTemplates.service.test.ts(47,46): error TS2345: Argument of type 'string' is not assignable to parameter of type 'EmailFollowUpTemplate'.
src/services/email/followUpTemplates.service.test.ts(56,46): error TS2345: Argument of type 'string' is not assignable to parameter of type 'EmailFollowUpTemplate'.
src/services/email/followUpTemplates.service.test.ts(65,46): error TS2345: Argument of type 'string' is not assignable to parameter of type 'EmailFollowUpTemplate'.
src/services/email/followUpTemplates.service.test.ts(79,46): error TS2345: Argument of type 'string' is not assignable to parameter of type 'EmailFollowUpTemplate'.
src/services/email/followUpTemplates.service.test.ts(87,46): error TS2345: Argument of type 'string' is not assignable to parameter of type 'EmailFollowUpTemplate'.
src/services/email/followUpTemplates.service.test.ts(94,46): error TS2345: Argument of type 'string' is not assignable to parameter of type 'EmailFollowUpTemplate'.
src/services/email/followUpTemplates.service.test.ts(100,46): error TS2345: Argument of type 'string' is not assignable to parameter of type 'EmailFollowUpTemplate'.
src/services/email/followUpTemplates.service.test.ts(109,46): error TS2345: Argument of type 'string' is not assignable to parameter of type 'EmailFollowUpTemplate'.
src/services/email/followUpTemplates.service.test.ts(116,46): error TS2345: Argument of type 'string' is not assignable to parameter of type 'EmailFollowUpTemplate'.
src/services/email/followUpTemplates.service.test.ts(123,46): error TS2345: Argument of type 'string' is not assignable to parameter of type 'EmailFollowUpTemplate'.
src/services/email/followUpTemplates.service.test.ts(129,46): error TS2345: Argument of type 'string' is not assignable to parameter of type 'EmailFollowUpTemplate'.
src/services/email/followUpTemplates.service.test.ts(138,46): error TS2345: Argument of type 'string' is not assignable to parameter of type 'EmailFollowUpTemplate'.
src/services/email/followUpTemplates.service.test.ts(149,46): error TS2345: Argument of type 'string' is not assignable to parameter of type 'EmailFollowUpTemplate'.
src/services/email/followUpTemplates.service.test.ts(159,46): error TS2345: Argument of type 'string' is not assignable to parameter of type 'EmailFollowUpTemplate'.
src/services/email/followUpTemplates.service.test.ts(166,46): error TS2345: Argument of type 'string' is not assignable to parameter of type 'EmailFollowUpTemplate'.
src/services/email/followUpTemplates.service.test.ts(174,46): error TS2345: Argument of type 'string' is not assignable to parameter of type 'EmailFollowUpTemplate'.
src/services/email/followUpTemplates.service.test.ts(180,46): error TS2345: Argument of type 'string' is not assignable to parameter of type 'EmailFollowUpTemplate'.
src/services/email/followUpTemplates.service.test.ts(189,42): error TS2345: Argument of type 'string' is not assignable to parameter of type 'EmailFollowUpTemplate'.
src/services/email/followUpTemplates.service.test.ts(197,43): error TS2345: Argument of type 'string' is not assignable to parameter of type 'EmailFollowUpTemplate'.
src/services/email/followUpTemplates.service.test.ts(198,43): error TS2345: Argument of type 'string' is not assignable to parameter of type 'EmailFollowUpTemplate'.
src/services/email/followUpTemplates.service.test.ts(204,41): error TS2345: Argument of type 'string' is not assignable to parameter of type 'EmailFollowUpTemplate'.
src/services/email/followUpTemplates.service.test.ts(205,41): error TS2345: Argument of type 'string' is not assignable to parameter of type 'EmailFollowUpTemplate'.
src/services/email/followUpTemplates.service.test.ts(206,41): error TS2345: Argument of type 'string' is not assignable to parameter of type 'EmailFollowUpTemplate'.
src/services/email/followUpTemplates.service.test.ts(346,42): error TS2345: Argument of type 'string' is not assignable to parameter of type 'EmailFollowUpTemplate'.
src/services/email/followUpTemplates.service.test.ts(347,42): error TS2345: Argument of type 'string' is not assignable to parameter of type 'EmailFollowUpTemplate'.
src/services/email/followUpTemplates.service.test.ts(348,42): error TS2345: Argument of type 'string' is not assignable to parameter of type 'EmailFollowUpTemplate'.
src/services/email/followUpTemplates.service.test.ts(356,42): error TS2345: Argument of type 'string' is not assignable to parameter of type 'EmailFollowUpTemplate'.
src/services/email/followUpTemplates.service.test.ts(357,42): error TS2345: Argument of type 'string' is not assignable to parameter of type 'EmailFollowUpTemplate'.
src/services/email/followUpTemplates.service.test.ts(358,42): error TS2345: Argument of type 'string' is not assignable to parameter of type 'EmailFollowUpTemplate'.
src/services/email/followUpTemplates.service.test.ts(367,42): error TS2345: Argument of type 'string' is not assignable to parameter of type 'EmailFollowUpTemplate'.
src/services/email/followUpTemplates.service.test.ts(368,42): error TS2345: Argument of type 'string' is not assignable to parameter of type 'EmailFollowUpTemplate'.
src/services/email/followUpTemplates.service.test.ts(369,42): error TS2345: Argument of type 'string' is not assignable to parameter of type 'EmailFollowUpTemplate'.
src/services/email/followUpTemplates.service.test.ts(378,42): error TS2345: Argument of type 'string' is not assignable to parameter of type 'EmailFollowUpTemplate'.
src/services/email/followUpTemplates.service.test.ts(379,42): error TS2345: Argument of type 'string' is not assignable to parameter of type 'EmailFollowUpTemplate'.
src/services/email/followUpTemplates.service.test.ts(380,42): error TS2345: Argument of type 'string' is not assignable to parameter of type 'EmailFollowUpTemplate'.
src/services/email/followUpTemplates.service.ts(326,10): error TS2678: Type 'string' is not comparable to type 'EmailFollowUpTemplate'.
src/services/email/followUpTemplates.service.ts(329,10): error TS2678: Type 'string' is not comparable to type 'EmailFollowUpTemplate'.
src/services/email/followUpTemplates.service.ts(332,10): error TS2678: Type 'string' is not comparable to type 'EmailFollowUpTemplate'.
src/services/email/followUpTemplates.service.ts(338,20): error TS2454: Variable 'templateSet' is used before being assigned.
src/services/email/followUpTemplates.service.ts(357,5): error TS2322: Type 'EmailFollowUpTemplate' is not assignable to type 'string'.
src/services/email/followUpTemplates.service.ts(360,5): error TS2322: Type 'TemplateVariables' is not assignable to type 'Record<string, string>'.
  Index signature for type 'string' is missing in type 'TemplateVariables'.
src/services/email/followUpTemplates.service.ts(377,10): error TS2678: Type 'string' is not comparable to type 'EmailFollowUpTemplate'.
src/services/email/followUpTemplates.service.ts(380,10): error TS2678: Type 'string' is not comparable to type 'EmailFollowUpTemplate'.
src/services/email/followUpTemplates.service.ts(383,10): error TS2678: Type 'string' is not comparable to type 'EmailFollowUpTemplate'.
src/services/email/followUpTemplates.service.ts(388,10): error TS2454: Variable 'templateSet' is used before being assigned.
src/services/email/followUpTemplates.service.ts(404,7): error TS2322: Type 'string' is not assignable to type 'EmailFollowUpTemplate'.
src/services/email/followUpTemplates.service.ts(408,7): error TS2322: Type 'string' is not assignable to type 'EmailFollowUpTemplate'.
src/services/email/followUpTemplates.service.ts(412,7): error TS2322: Type 'string' is not assignable to type 'EmailFollowUpTemplate'.
src/services/email/templateRenderer.ts(83,7): error TS2352: Conversion of type 'EmailTemplateVariables' to type 'Record<string, string>' may be a mistake because neither type sufficiently overlaps with the other. If this was intentional, convert the expression to 'unknown' first.
  Type 'EmailVerificationVariables' is not comparable to type 'Record<string, string>'.
    Index signature for type 'string' is missing in type 'EmailVerificationVariables'.
src/services/email/templates/advisorInvitation.ts(85,38): error TS2352: Conversion of type 'AdvisorInvitationVariables' to type 'Record<string, string>' may be a mistake because neither type sufficiently overlaps with the other. If this was intentional, convert the expression to 'unknown' first.
  Index signature for type 'string' is missing in type 'AdvisorInvitationVariables'.
src/services/email/templates/advisorInvitation.ts(86,48): error TS2352: Conversion of type 'AdvisorInvitationVariables' to type 'Record<string, string>' may be a mistake because neither type sufficiently overlaps with the other. If this was intentional, convert the expression to 'unknown' first.
  Index signature for type 'string' is missing in type 'AdvisorInvitationVariables'.
src/services/email/templates/advisorRemovedClient.ts(94,38): error TS2352: Conversion of type 'AdvisorRemovedClientVariables' to type 'Record<string, string>' may be a mistake because neither type sufficiently overlaps with the other. If this was intentional, convert the expression to 'unknown' first.
  Index signature for type 'string' is missing in type 'AdvisorRemovedClientVariables'.
src/services/email/templates/advisorRemovedClient.ts(95,48): error TS2352: Conversion of type 'AdvisorRemovedClientVariables' to type 'Record<string, string>' may be a mistake because neither type sufficiently overlaps with the other. If this was intentional, convert the expression to 'unknown' first.
  Index signature for type 'string' is missing in type 'AdvisorRemovedClientVariables'.
src/services/email/templates/clientBillingTransfer.ts(86,38): error TS2352: Conversion of type 'ClientBillingTransferVariables' to type 'Record<string, string>' may be a mistake because neither type sufficiently overlaps with the other. If this was intentional, convert the expression to 'unknown' first.
  Index signature for type 'string' is missing in type 'ClientBillingTransferVariables'.
src/services/email/templates/clientBillingTransfer.ts(87,48): error TS2352: Conversion of type 'ClientBillingTransferVariables' to type 'Record<string, string>' may be a mistake because neither type sufficiently overlaps with the other. If this was intentional, convert the expression to 'unknown' first.
  Index signature for type 'string' is missing in type 'ClientBillingTransferVariables'.
src/services/email/templates/emailVerification.ts(87,38): error TS2352: Conversion of type 'EmailVerificationVariables' to type 'Record<string, string>' may be a mistake because neither type sufficiently overlaps with the other. If this was intentional, convert the expression to 'unknown' first.
  Index signature for type 'string' is missing in type 'EmailVerificationVariables'.
src/services/email/templates/emailVerification.ts(88,48): error TS2352: Conversion of type 'EmailVerificationVariables' to type 'Record<string, string>' may be a mistake because neither type sufficiently overlaps with the other. If this was intentional, convert the expression to 'unknown' first.
  Index signature for type 'string' is missing in type 'EmailVerificationVariables'.
src/services/email/templates/passwordReset.ts(85,38): error TS2352: Conversion of type 'PasswordResetVariables' to type 'Record<string, string>' may be a mistake because neither type sufficiently overlaps with the other. If this was intentional, convert the expression to 'unknown' first.
  Index signature for type 'string' is missing in type 'PasswordResetVariables'.
src/services/email/templates/passwordReset.ts(86,48): error TS2352: Conversion of type 'PasswordResetVariables' to type 'Record<string, string>' may be a mistake because neither type sufficiently overlaps with the other. If this was intentional, convert the expression to 'unknown' first.
  Index signature for type 'string' is missing in type 'PasswordResetVariables'.
src/services/email/templates/scenarioPushed.ts(81,38): error TS2352: Conversion of type 'ScenarioPushedVariables' to type 'Record<string, string>' may be a mistake because neither type sufficiently overlaps with the other. If this was intentional, convert the expression to 'unknown' first.
  Index signature for type 'string' is missing in type 'ScenarioPushedVariables'.
src/services/email/templates/scenarioPushed.ts(82,48): error TS2352: Conversion of type 'ScenarioPushedVariables' to type 'Record<string, string>' may be a mistake because neither type sufficiently overlaps with the other. If this was intentional, convert the expression to 'unknown' first.
  Index signature for type 'string' is missing in type 'ScenarioPushedVariables'.
src/services/email/templates/taxPrepCompletion.ts(87,38): error TS2352: Conversion of type 'TaxPrepCompletionVariables' to type 'Record<string, string>' may be a mistake because neither type sufficiently overlaps with the other. If this was intentional, convert the expression to 'unknown' first.
  Index signature for type 'string' is missing in type 'TaxPrepCompletionVariables'.
src/services/email/templates/taxPrepCompletion.ts(88,48): error TS2352: Conversion of type 'TaxPrepCompletionVariables' to type 'Record<string, string>' may be a mistake because neither type sufficiently overlaps with the other. If this was intentional, convert the expression to 'unknown' first.
  Index signature for type 'string' is missing in type 'TaxPrepCompletionVariables'.
src/services/email/templates/taxSeasonAccess.ts(84,38): error TS2352: Conversion of type 'TaxSeasonAccessVariables' to type 'Record<string, string>' may be a mistake because neither type sufficiently overlaps with the other. If this was intentional, convert the expression to 'unknown' first.
  Index signature for type 'string' is missing in type 'TaxSeasonAccessVariables'.
src/services/email/templates/taxSeasonAccess.ts(85,48): error TS2352: Conversion of type 'TaxSeasonAccessVariables' to type 'Record<string, string>' may be a mistake because neither type sufficiently overlaps with the other. If this was intentional, convert the expression to 'unknown' first.
  Index signature for type 'string' is missing in type 'TaxSeasonAccessVariables'.
src/services/email/templates/welcome.ts(101,38): error TS2352: Conversion of type 'WelcomeEmailVariables' to type 'Record<string, string>' may be a mistake because neither type sufficiently overlaps with the other. If this was intentional, convert the expression to 'unknown' first.
  Index signature for type 'string' is missing in type 'WelcomeEmailVariables'.
src/services/email/templates/welcome.ts(102,48): error TS2352: Conversion of type 'WelcomeEmailVariables' to type 'Record<string, string>' may be a mistake because neither type sufficiently overlaps with the other. If this was intentional, convert the expression to 'unknown' first.
  Index signature for type 'string' is missing in type 'WelcomeEmailVariables'.
src/services/enhanced-matching.service.test.ts(30,9): error TS2352: Conversion of type '{ id: string; date: number; memo: string; reference: string; status: "POSTED"; lines: { id: string; accountId: string; debit: number; credit: number; }[]; }' to type 'JournalEntry' may be a mistake because neither type sufficiently overlaps with the other. If this was intentional, convert the expression to 'unknown' first.
  Type '{ id: string; date: number; memo: string; reference: string; status: "POSTED"; lines: { id: string; accountId: string; debit: number; credit: number; }[]; }' is missing the following properties from type 'JournalEntry': companyId, createdBy, createdAt, updatedAt
src/services/enhanced-matching.service.test.ts(67,9): error TS2352: Conversion of type '{ id: string; date: number; memo: string; reference: null; status: "POSTED"; lines: { id: string; accountId: string; debit: number; credit: number; }[]; }' to type 'JournalEntry' may be a mistake because neither type sufficiently overlaps with the other. If this was intentional, convert the expression to 'unknown' first.
  Type '{ id: string; date: number; memo: string; reference: null; status: "POSTED"; lines: { id: string; accountId: string; debit: number; credit: number; }[]; }' is missing the following properties from type 'JournalEntry': companyId, createdBy, createdAt, updatedAt
src/services/enhanced-matching.service.test.ts(83,14): error TS2532: Object is possibly 'undefined'.
src/services/enhanced-matching.service.test.ts(101,9): error TS2352: Conversion of type '{ id: string; date: number; memo: string; reference: null; status: "POSTED"; lines: { id: string; accountId: string; debit: number; credit: number; }[]; }' to type 'JournalEntry' may be a mistake because neither type sufficiently overlaps with the other. If this was intentional, convert the expression to 'unknown' first.
  Type '{ id: string; date: number; memo: string; reference: null; status: "POSTED"; lines: { id: string; accountId: string; debit: number; credit: number; }[]; }' is missing the following properties from type 'JournalEntry': companyId, createdBy, createdAt, updatedAt
src/services/enhanced-matching.service.test.ts(119,14): error TS2532: Object is possibly 'undefined'.
src/services/enhanced-matching.service.test.ts(137,9): error TS2352: Conversion of type '{ id: string; date: number; memo: string; reference: null; status: "POSTED"; lines: { id: string; accountId: string; debit: number; credit: number; }[]; }' to type 'JournalEntry' may be a mistake because neither type sufficiently overlaps with the other. If this was intentional, convert the expression to 'unknown' first.
  Type '{ id: string; date: number; memo: string; reference: null; status: "POSTED"; lines: { id: string; accountId: string; debit: number; credit: number; }[]; }' is missing the following properties from type 'JournalEntry': companyId, createdBy, createdAt, updatedAt
src/services/enhanced-matching.service.test.ts(167,9): error TS2352: Conversion of type '{ id: string; date: number; memo: string; reference: null; status: any; lines: { id: string; accountId: string; debit: number; credit: number; }[]; }' to type 'JournalEntry' may be a mistake because neither type sufficiently overlaps with the other. If this was intentional, convert the expression to 'unknown' first.
  Type '{ id: string; date: number; memo: string; reference: null; status: any; lines: { id: string; accountId: string; debit: number; credit: number; }[]; }' is missing the following properties from type 'JournalEntry': companyId, createdBy, createdAt, updatedAt
src/services/enhanced-matching.service.test.ts(213,9): error TS2352: Conversion of type '{ id: string; date: number; memo: string; reference: null; status: "POSTED"; lines: { id: string; accountId: string; debit: number; credit: number; }[]; }' to type 'JournalEntry' may be a mistake because neither type sufficiently overlaps with the other. If this was intentional, convert the expression to 'unknown' first.
  Type '{ id: string; date: number; memo: string; reference: null; status: "POSTED"; lines: { id: string; accountId: string; debit: number; credit: number; }[]; }' is missing the following properties from type 'JournalEntry': companyId, createdBy, createdAt, updatedAt
src/services/enhanced-matching.service.test.ts(233,14): error TS2532: Object is possibly 'undefined'.
src/services/enhanced-matching.service.test.ts(266,9): error TS2352: Conversion of type '{ id: string; date: number; memo: string; reference: null; status: "POSTED"; lines: { id: string; accountId: string; debit: number; credit: number; }[]; }' to type 'JournalEntry' may be a mistake because neither type sufficiently overlaps with the other. If this was intentional, convert the expression to 'unknown' first.
  Type '{ id: string; date: number; memo: string; reference: null; status: "POSTED"; lines: { id: string; accountId: string; debit: number; credit: number; }[]; }' is missing the following properties from type 'JournalEntry': companyId, createdBy, createdAt, updatedAt
src/services/enhanced-matching.service.test.ts(277,9): error TS2352: Conversion of type '{ id: string; date: number; memo: string; reference: null; status: "POSTED"; lines: { id: string; accountId: string; debit: number; credit: number; }[]; }' to type 'JournalEntry' may be a mistake because neither type sufficiently overlaps with the other. If this was intentional, convert the expression to 'unknown' first.
  Type '{ id: string; date: number; memo: string; reference: null; status: "POSTED"; lines: { id: string; accountId: string; debit: number; credit: number; }[]; }' is missing the following properties from type 'JournalEntry': companyId, createdBy, createdAt, updatedAt
src/services/exchangeRate.service.integration.test.ts(272,73): error TS2345: Argument of type 'number | undefined' is not assignable to parameter of type 'number'.
  Type 'undefined' is not assignable to type 'number'.
src/services/exchangeRate.service.integration.test.ts(273,73): error TS2345: Argument of type 'number | undefined' is not assignable to parameter of type 'number'.
  Type 'undefined' is not assignable to type 'number'.
src/services/exchangeRate.service.integration.test.ts(274,73): error TS2345: Argument of type 'number | undefined' is not assignable to parameter of type 'number'.
  Type 'undefined' is not assignable to type 'number'.
src/services/exchangeRate.service.integration.test.ts(285,14): error TS2532: Object is possibly 'undefined'.
src/services/exchangeRate.service.integration.test.ts(286,14): error TS2532: Object is possibly 'undefined'.
src/services/exchangeRate.service.test.ts(15,29): error TS6196: 'ExchangeRateSource' is declared but never used.
src/services/exchangeRate.service.test.ts(66,48): error TS2538: Type 'undefined' cannot be used as an index type.
src/services/exchangeRate.service.test.ts(66,64): error TS2538: Type 'undefined' cannot be used as an index type.
src/services/exchangeRate.service.test.ts(68,48): error TS2538: Type 'undefined' cannot be used as an index type.
src/services/exchangeRate.service.test.ts(70,48): error TS2538: Type 'undefined' cannot be used as an index type.
src/services/exchangeRate.service.test.ts(119,9): error TS2345: Argument of type '"MANUAL"' is not assignable to parameter of type 'ExchangeRateSource | undefined'.
src/services/exchangeRate.service.test.ts(176,9): error TS2345: Argument of type '"MANUAL"' is not assignable to parameter of type 'ExchangeRateSource | undefined'.
src/services/exchangeRate.service.ts(851,36): error TS2532: Object is possibly 'undefined'.
src/services/exchangeRate.service.ts(851,49): error TS2345: Argument of type 'Decimal | undefined' is not assignable to parameter of type 'Value'.
  Type 'undefined' is not assignable to type 'Value'.
src/services/exchangeRate.service.ts(852,36): error TS2345: Argument of type 'Decimal | undefined' is not assignable to parameter of type 'Value'.
  Type 'undefined' is not assignable to type 'Value'.
src/services/goals/goalCalculator.service.test.ts(9,30): error TS6196: 'GoalType' is declared but never used.
src/services/goals/goalProgress.service.ts(28,3): error TS6196: 'GoalStatus' is declared but never used.
src/services/goals/goalProgress.service.ts(276,38): error TS2554: Expected 1 arguments, but got 0.
src/services/goals/goalProgress.service.ts(277,52): error TS2339: Property 'getProfitabilityMetrics' does not exist on type 'ProfitabilityMetricsService'.
src/services/goals/goalProgress.service.ts(289,38): error TS2554: Expected 1 arguments, but got 0.
src/services/goals/goalProgress.service.ts(290,52): error TS2339: Property 'getProfitabilityMetrics' does not exist on type 'ProfitabilityMetricsService'.
src/services/goals/goalProgress.service.ts(306,59): error TS2554: Expected 3-4 arguments, but got 2.
src/services/goals/goalProgress.service.ts(311,16): error TS18049: 'calculation.months_of_runway' is possibly 'null' or 'undefined'.
src/services/interestSplit/amortization.service.ts(20,3): error TS6196: 'InterestCalculationMethod' is declared but never used.
src/services/interestSplit/checklistIntegration.service.ts(16,3): error TS6196: 'InterestSplitPrompt' is declared but never used.
src/services/interestSplit/checklistIntegration.service.ts(17,3): error TS6196: 'InterestSplitDecision' is declared but never used.
src/services/interestSplit/liabilityDetection.service.test.ts(78,9): error TS2322: Type '"PAYMENT"' is not assignable to type 'TransactionType'.
src/services/interestSplit/liabilityDetection.service.test.ts(79,9): error TS2322: Type '"POSTED"' is not assignable to type 'TransactionStatus'.
src/services/interestSplit/liabilityDetection.service.test.ts(128,9): error TS2322: Type '"LIABILITY"' is not assignable to type 'AccountType'.
src/services/interestSplit/liabilityDetection.service.test.ts(161,9): error TS2322: Type '"PAYMENT"' is not assignable to type 'TransactionType'.
src/services/interestSplit/liabilityDetection.service.test.ts(162,9): error TS2322: Type '"POSTED"' is not assignable to type 'TransactionStatus'.
src/services/interestSplit/liabilityDetection.service.test.ts(195,9): error TS2322: Type '"LIABILITY"' is not assignable to type 'AccountType'.
src/services/interestSplit/liabilityDetection.service.test.ts(228,9): error TS2322: Type '"EXPENSE"' is not assignable to type 'TransactionType'.
src/services/interestSplit/liabilityDetection.service.test.ts(229,9): error TS2322: Type '"POSTED"' is not assignable to type 'TransactionStatus'.
src/services/interestSplit/liabilityDetection.service.test.ts(245,9): error TS2322: Type '"EXPENSE"' is not assignable to type 'AccountType'.
src/services/interestSplit/liabilityDetection.service.ts(14,3): error TS6196: 'Transaction' is declared but never used.
src/services/interestSplit/liabilityDetection.service.ts(16,3): error TS6196: 'Account' is declared but never used.
src/services/interestSplit/liabilityDetection.service.ts(17,3): error TS6196: 'AccountType' is declared but never used.
src/services/interestSplit/liabilityDetection.service.ts(112,9): error TS2532: Object is possibly 'undefined'.
src/services/interestSplit/liabilityDetection.service.ts(141,9): error TS2322: Type 'string | undefined' is not assignable to type 'string | null'.
  Type 'undefined' is not assignable to type 'string | null'.
src/services/interestSplit/liabilityDetection.service.ts(142,9): error TS2322: Type 'string | undefined' is not assignable to type 'string | null'.
  Type 'undefined' is not assignable to type 'string | null'.
src/services/interestSplit/liabilityDetection.service.ts(290,25): error TS2532: Object is possibly 'undefined'.
src/services/interestSplit/liabilityDetection.service.ts(290,36): error TS2532: Object is possibly 'undefined'.
src/services/interestSplit/messaging.service.ts(52,11): error TS7053: Element implicitly has an 'any' type because expression of type '`get${string}`' can't be used to index type 'InterestSplitMessagingService'.
src/services/interestSplit/messaging.service.ts(239,50): error TS18048: 'qualifiers.MEDIUM' is possibly 'undefined'.
src/services/interestSplit/paymentSplit.service.test.ts(70,58): error TS2345: Argument of type '(id: string) => Promise<any>' is not assignable to parameter of type '(equalityCriterias: { [key: string]: any; }, thenShortcut: ThenShortcut<Account | undefined, unknown>) => PromiseExtended<unknown>'.
  Types of parameters 'id' and 'equalityCriterias' are incompatible.
    Type '{ [key: string]: any; }' is not assignable to type 'string'.
src/services/interestSplit/paymentSplit.service.test.ts(134,58): error TS2345: Argument of type '(id: string) => Promise<any>' is not assignable to parameter of type '(equalityCriterias: { [key: string]: any; }, thenShortcut: ThenShortcut<Account | undefined, unknown>) => PromiseExtended<unknown>'.
  Types of parameters 'id' and 'equalityCriterias' are incompatible.
    Type '{ [key: string]: any; }' is not assignable to type 'string'.
src/services/interestSplit/paymentSplit.service.test.ts(212,58): error TS2345: Argument of type '(id: string) => Promise<any>' is not assignable to parameter of type '(equalityCriterias: { [key: string]: any; }, thenShortcut: ThenShortcut<Account | undefined, unknown>) => PromiseExtended<unknown>'.
  Types of parameters 'id' and 'equalityCriterias' are incompatible.
    Type '{ [key: string]: any; }' is not assignable to type 'string'.
src/services/interestSplit/paymentSplit.service.test.ts(248,58): error TS2345: Argument of type '(id: string) => Promise<any>' is not assignable to parameter of type '(equalityCriterias: { [key: string]: any; }, thenShortcut: ThenShortcut<Account | undefined, unknown>) => PromiseExtended<unknown>'.
  Types of parameters 'id' and 'equalityCriterias' are incompatible.
    Type '{ [key: string]: any; }' is not assignable to type 'string'.
src/services/interestSplit/paymentSplit.service.ts(19,3): error TS6196: 'SplitValidationRules' is declared but never used.
src/services/interestSplit/paymentSplit.service.ts(25,3): error TS6196: 'CreateJournalEntryRequest' is declared but never used.
src/services/interestSplit/paymentSplit.service.ts(27,24): error TS6196: 'AccountType' is declared but never used.
src/services/inventoryValuation.service.test.ts(183,14): error TS2532: Object is possibly 'undefined'.
src/services/inventoryValuation.service.test.ts(184,14): error TS2532: Object is possibly 'undefined'.
src/services/inventoryValuation.service.test.ts(220,14): error TS2532: Object is possibly 'undefined'.
src/services/inventoryValuation.service.test.ts(221,14): error TS2532: Object is possibly 'undefined'.
src/services/journalEntries.integration.test.ts(16,15): error TS2614: Module '"../db/database"' has no exported member 'Database'. Did you mean to use 'import Database from "../db/database"' instead?
src/services/journalEntries.integration.test.ts(117,11): error TS2739: Type '{ account_id: string; debit: string; credit: string; description: string; }' is missing the following properties from type 'CreateJournalEntryLineItemRequest': contact_id, product_id
src/services/journalEntries.integration.test.ts(123,11): error TS2739: Type '{ account_id: string; debit: string; credit: string; description: string; }' is missing the following properties from type 'CreateJournalEntryLineItemRequest': contact_id, product_id
src/services/journalEntries.integration.test.ts(154,11): error TS2353: Object literal may only specify known properties, and 'notes' does not exist in type 'ApproveJournalEntryRequest'.
src/services/journalEntries.integration.test.ts(175,11): error TS2739: Type '{ account_id: string; debit: string; credit: string; }' is missing the following properties from type 'CreateJournalEntryLineItemRequest': description, contact_id, product_id
src/services/journalEntries.integration.test.ts(176,11): error TS2739: Type '{ account_id: string; debit: string; credit: string; }' is missing the following properties from type 'CreateJournalEntryLineItemRequest': description, contact_id, product_id
src/services/journalEntries.integration.test.ts(204,13): error TS2739: Type '{ account_id: string; debit: string; credit: string; }' is missing the following properties from type 'UpdateJournalEntryLineItemRequest': description, contact_id, product_id
src/services/journalEntries.integration.test.ts(205,13): error TS2739: Type '{ account_id: string; debit: string; credit: string; }' is missing the following properties from type 'UpdateJournalEntryLineItemRequest': description, contact_id, product_id
src/services/journalEntries.integration.test.ts(227,11): error TS2739: Type '{ account_id: string; debit: string; credit: string; description: string; }' is missing the following properties from type 'CreateJournalEntryLineItemRequest': contact_id, product_id
src/services/journalEntries.integration.test.ts(233,11): error TS2739: Type '{ account_id: string; debit: string; credit: string; description: string; }' is missing the following properties from type 'CreateJournalEntryLineItemRequest': contact_id, product_id
src/services/journalEntries.integration.test.ts(247,9): error TS2345: Argument of type '{ entry_id: string; approved_by: string; }' is not assignable to parameter of type 'ApproveJournalEntryRequest'.
  Property 'post_immediately' is missing in type '{ entry_id: string; approved_by: string; }' but required in type 'ApproveJournalEntryRequest'.
src/services/journalEntries.integration.test.ts(255,11): error TS2561: Object literal may only specify known properties, but 'reverse_date' does not exist in type 'CreateReversingEntryOptions'. Did you mean to write 'reversal_date'?
src/services/journalEntries.integration.test.ts(270,14): error TS2532: Object is possibly 'undefined'.
src/services/journalEntries.integration.test.ts(271,14): error TS2532: Object is possibly 'undefined'.
src/services/journalEntries.integration.test.ts(272,14): error TS2532: Object is possibly 'undefined'.
src/services/journalEntries.integration.test.ts(273,14): error TS2532: Object is possibly 'undefined'.
src/services/journalEntries.integration.test.ts(287,11): error TS2739: Type '{ account_id: string; debit: string; credit: string; }' is missing the following properties from type 'CreateJournalEntryLineItemRequest': description, contact_id, product_id
src/services/journalEntries.integration.test.ts(288,11): error TS2739: Type '{ account_id: string; debit: string; credit: string; }' is missing the following properties from type 'CreateJournalEntryLineItemRequest': description, contact_id, product_id
src/services/journalEntries.integration.test.ts(295,9): error TS2345: Argument of type '{ entry_id: string; approved_by: string; }' is not assignable to parameter of type 'ApproveJournalEntryRequest'.
  Property 'post_immediately' is missing in type '{ entry_id: string; approved_by: string; }' but required in type 'ApproveJournalEntryRequest'.
src/services/journalEntries.integration.test.ts(303,11): error TS2353: Object literal may only specify known properties, and 'voided_by' does not exist in type 'VoidJournalEntryRequest'.
src/services/journalEntries.integration.test.ts(350,14): error TS2532: Object is possibly 'undefined'.
src/services/journalEntries.integration.test.ts(351,14): error TS2532: Object is possibly 'undefined'.
src/services/journalEntries.integration.test.ts(396,15): error TS2739: Type '{ account_id: string; debit: string; credit: string; }' is missing the following properties from type 'CreateJournalEntryLineItemRequest': description, contact_id, product_id
src/services/journalEntries.integration.test.ts(397,15): error TS2739: Type '{ account_id: string; debit: string; credit: string; }' is missing the following properties from type 'CreateJournalEntryLineItemRequest': description, contact_id, product_id
src/services/journalEntries.integration.test.ts(409,15): error TS2739: Type '{ account_id: string; debit: string; credit: string; }' is missing the following properties from type 'CreateJournalEntryLineItemRequest': description, contact_id, product_id
src/services/journalEntries.integration.test.ts(410,15): error TS2739: Type '{ account_id: string; debit: string; credit: string; }' is missing the following properties from type 'CreateJournalEntryLineItemRequest': description, contact_id, product_id
src/services/journalEntries.integration.test.ts(421,9): error TS2345: Argument of type '{ entry_id: string; approved_by: string; }' is not assignable to parameter of type 'ApproveJournalEntryRequest'.
  Property 'post_immediately' is missing in type '{ entry_id: string; approved_by: string; }' but required in type 'ApproveJournalEntryRequest'.
src/services/journalEntries.integration.test.ts(428,9): error TS2322: Type 'JournalEntryApprovalStatus' is not assignable to type 'JournalEntryApprovalStatus[] | undefined'.
  Type 'string' is not assignable to type 'JournalEntryApprovalStatus[]'.
src/services/journalEntries.integration.test.ts(434,9): error TS2322: Type 'JournalEntryApprovalStatus' is not assignable to type 'JournalEntryApprovalStatus[] | undefined'.
  Type 'string' is not assignable to type 'JournalEntryApprovalStatus[]'.
src/services/journalEntries.integration.test.ts(455,15): error TS2739: Type '{ account_id: string; debit: string; credit: string; }' is missing the following properties from type 'CreateJournalEntryLineItemRequest': description, contact_id, product_id
src/services/journalEntries.integration.test.ts(456,15): error TS2739: Type '{ account_id: string; debit: string; credit: string; }' is missing the following properties from type 'CreateJournalEntryLineItemRequest': description, contact_id, product_id
src/services/journalEntries.integration.test.ts(469,15): error TS2739: Type '{ account_id: string; debit: string; credit: string; }' is missing the following properties from type 'CreateJournalEntryLineItemRequest': description, contact_id, product_id
src/services/journalEntries.integration.test.ts(470,15): error TS2739: Type '{ account_id: string; debit: string; credit: string; }' is missing the following properties from type 'CreateJournalEntryLineItemRequest': description, contact_id, product_id
src/services/journalEntries.integration.test.ts(483,14): error TS2532: Object is possibly 'undefined'.
src/services/journalEntries.integration.test.ts(502,13): error TS2739: Type '{ account_id: string; debit: string; credit: string; }' is missing the following properties from type 'CreateJournalEntryLineItemRequest': description, contact_id, product_id
src/services/journalEntries.integration.test.ts(503,13): error TS2739: Type '{ account_id: string; debit: string; credit: string; }' is missing the following properties from type 'CreateJournalEntryLineItemRequest': description, contact_id, product_id
src/services/journalEntries.integration.test.ts(516,13): error TS2739: Type '{ account_id: string; debit: string; credit: string; }' is missing the following properties from type 'CreateJournalEntryLineItemRequest': description, contact_id, product_id
src/services/journalEntries.integration.test.ts(517,13): error TS2739: Type '{ account_id: string; debit: string; credit: string; }' is missing the following properties from type 'CreateJournalEntryLineItemRequest': description, contact_id, product_id
src/services/journalEntries.service.test.ts(19,15): error TS2614: Module '"../db/database"' has no exported member 'Database'. Did you mean to use 'import Database from "../db/database"' instead?
src/services/journalEntries.service.test.ts(23,3): error TS2724: '"../types/journalEntry.types"' has no exported member named 'JournalEntryTemplateCategory'. Did you mean 'JournalEntryTemplate'?
src/services/journalEntries.service.test.ts(62,11): error TS2322: Type '{ company_id?: string | undefined; transaction_number?: string | undefined; transaction_date?: number | undefined; date?: number; type?: TransactionType | undefined; ... 10 more ...; deleted_at?: number | ... 1 more ... | undefined; }' is not assignable to type 'Transaction'.
  Types of property 'company_id' are incompatible.
    Type 'string | undefined' is not assignable to type 'string'.
      Type 'undefined' is not assignable to type 'string'.
src/services/journalEntries.service.test.ts(95,11): error TS2322: Type '{ transaction_id?: string | undefined; account_id?: string | undefined; debit?: string | undefined; credit?: string | undefined; description?: string | null | undefined; contact_id?: string | ... 1 more ... | undefined; ... 5 more ...; deleted_at?: number | ... 1 more ... | undefined; }' is not assignable to type 'TransactionLineItem'.
  Types of property 'transaction_id' are incompatible.
    Type 'string | undefined' is not assignable to type 'string'.
      Type 'undefined' is not assignable to type 'string'.
src/services/journalEntries.service.test.ts(125,11): error TS2739: Type '{ account_id: string; debit: string; credit: string; }' is missing the following properties from type 'CreateJournalEntryLineItemRequest': description, contact_id, product_id
src/services/journalEntries.service.test.ts(130,11): error TS2739: Type '{ account_id: string; debit: string; credit: string; }' is missing the following properties from type 'CreateJournalEntryLineItemRequest': description, contact_id, product_id
src/services/journalEntries.service.test.ts(156,11): error TS2739: Type '{ account_id: string; debit: string; credit: string; }' is missing the following properties from type 'CreateJournalEntryLineItemRequest': description, contact_id, product_id
src/services/journalEntries.service.test.ts(161,11): error TS2739: Type '{ account_id: string; debit: string; credit: string; }' is missing the following properties from type 'CreateJournalEntryLineItemRequest': description, contact_id, product_id
src/services/journalEntries.service.test.ts(180,11): error TS2739: Type '{ account_id: string; debit: string; credit: string; }' is missing the following properties from type 'CreateJournalEntryLineItemRequest': description, contact_id, product_id
src/services/journalEntries.service.test.ts(181,11): error TS2739: Type '{ account_id: string; debit: string; credit: string; }' is missing the following properties from type 'CreateJournalEntryLineItemRequest': description, contact_id, product_id
src/services/journalEntries.service.test.ts(199,11): error TS2739: Type '{ account_id: string; debit: string; credit: string; }' is missing the following properties from type 'CreateJournalEntryLineItemRequest': description, contact_id, product_id
src/services/journalEntries.service.test.ts(200,11): error TS2739: Type '{ account_id: string; debit: string; credit: string; }' is missing the following properties from type 'CreateJournalEntryLineItemRequest': description, contact_id, product_id
src/services/journalEntries.service.test.ts(218,11): error TS2739: Type '{ account_id: string; debit: string; credit: string; }' is missing the following properties from type 'CreateJournalEntryLineItemRequest': description, contact_id, product_id
src/services/journalEntries.service.test.ts(238,11): error TS2739: Type '{ account_id: string; debit: string; credit: string; }' is missing the following properties from type 'CreateJournalEntryLineItemRequest': description, contact_id, product_id
src/services/journalEntries.service.test.ts(239,11): error TS2739: Type '{ account_id: string; debit: string; credit: string; }' is missing the following properties from type 'CreateJournalEntryLineItemRequest': description, contact_id, product_id
src/services/journalEntries.service.test.ts(254,9): error TS2322: Type 'string' is not assignable to type 'JournalEntryApprovalStatus[]'.
src/services/journalEntries.service.test.ts(259,9): error TS2322: Type 'string' is not assignable to type 'JournalEntryApprovalStatus[]'.
src/services/journalEntries.service.test.ts(263,14): error TS2532: Object is possibly 'undefined'.
src/services/journalEntries.service.test.ts(265,14): error TS2532: Object is possibly 'undefined'.
src/services/journalEntries.service.test.ts(277,11): error TS2739: Type '{ account_id: string; debit: string; credit: string; }' is missing the following properties from type 'CreateJournalEntryLineItemRequest': description, contact_id, product_id
src/services/journalEntries.service.test.ts(278,11): error TS2739: Type '{ account_id: string; debit: string; credit: string; }' is missing the following properties from type 'CreateJournalEntryLineItemRequest': description, contact_id, product_id
src/services/journalEntries.service.test.ts(308,11): error TS2739: Type '{ account_id: string; debit: string; credit: string; }' is missing the following properties from type 'CreateJournalEntryLineItemRequest': description, contact_id, product_id
src/services/journalEntries.service.test.ts(309,11): error TS2739: Type '{ account_id: string; debit: string; credit: string; }' is missing the following properties from type 'CreateJournalEntryLineItemRequest': description, contact_id, product_id
src/services/journalEntries.service.test.ts(317,9): error TS2345: Argument of type '{ description: string; memo: string; }' is not assignable to parameter of type 'UpdateJournalEntryRequest'.
  Property 'entry_id' is missing in type '{ description: string; memo: string; }' but required in type 'UpdateJournalEntryRequest'.
src/services/journalEntries.service.test.ts(334,11): error TS2739: Type '{ account_id: string; debit: string; credit: string; }' is missing the following properties from type 'CreateJournalEntryLineItemRequest': description, contact_id, product_id
src/services/journalEntries.service.test.ts(335,11): error TS2739: Type '{ account_id: string; debit: string; credit: string; }' is missing the following properties from type 'CreateJournalEntryLineItemRequest': description, contact_id, product_id
src/services/journalEntries.service.test.ts(345,13): error TS2739: Type '{ account_id: string; debit: string; credit: string; }' is missing the following properties from type 'UpdateJournalEntryLineItemRequest': description, contact_id, product_id
src/services/journalEntries.service.test.ts(346,13): error TS2739: Type '{ account_id: string; debit: string; credit: string; }' is missing the following properties from type 'UpdateJournalEntryLineItemRequest': description, contact_id, product_id
src/services/journalEntries.service.test.ts(363,11): error TS2739: Type '{ account_id: string; debit: string; credit: string; }' is missing the following properties from type 'CreateJournalEntryLineItemRequest': description, contact_id, product_id
src/services/journalEntries.service.test.ts(364,11): error TS2739: Type '{ account_id: string; debit: string; credit: string; }' is missing the following properties from type 'CreateJournalEntryLineItemRequest': description, contact_id, product_id
src/services/journalEntries.service.test.ts(375,15): error TS2739: Type '{ account_id: string; debit: string; credit: string; }' is missing the following properties from type 'UpdateJournalEntryLineItemRequest': description, contact_id, product_id
src/services/journalEntries.service.test.ts(376,15): error TS2739: Type '{ account_id: string; debit: string; credit: string; }' is missing the following properties from type 'UpdateJournalEntryLineItemRequest': description, contact_id, product_id
src/services/journalEntries.service.test.ts(392,11): error TS2739: Type '{ account_id: string; debit: string; credit: string; }' is missing the following properties from type 'CreateJournalEntryLineItemRequest': description, contact_id, product_id
src/services/journalEntries.service.test.ts(393,11): error TS2739: Type '{ account_id: string; debit: string; credit: string; }' is missing the following properties from type 'CreateJournalEntryLineItemRequest': description, contact_id, product_id
src/services/journalEntries.service.test.ts(413,11): error TS2739: Type '{ account_id: string; debit: string; credit: string; }' is missing the following properties from type 'CreateJournalEntryLineItemRequest': description, contact_id, product_id
src/services/journalEntries.service.test.ts(414,11): error TS2739: Type '{ account_id: string; debit: string; credit: string; }' is missing the following properties from type 'CreateJournalEntryLineItemRequest': description, contact_id, product_id
src/services/journalEntries.service.test.ts(422,9): error TS2345: Argument of type '{ entry_id: string; approved_by: string; }' is not assignable to parameter of type 'ApproveJournalEntryRequest'.
  Property 'post_immediately' is missing in type '{ entry_id: string; approved_by: string; }' but required in type 'ApproveJournalEntryRequest'.
src/services/journalEntries.service.test.ts(439,11): error TS2739: Type '{ account_id: string; debit: string; credit: string; }' is missing the following properties from type 'CreateJournalEntryLineItemRequest': description, contact_id, product_id
src/services/journalEntries.service.test.ts(440,11): error TS2739: Type '{ account_id: string; debit: string; credit: string; }' is missing the following properties from type 'CreateJournalEntryLineItemRequest': description, contact_id, product_id
src/services/journalEntries.service.test.ts(472,11): error TS2739: Type '{ account_id: string; debit: string; credit: string; description: string; }' is missing the following properties from type 'CreateJournalEntryLineItemRequest': contact_id, product_id
src/services/journalEntries.service.test.ts(473,11): error TS2739: Type '{ account_id: string; debit: string; credit: string; description: string; }' is missing the following properties from type 'CreateJournalEntryLineItemRequest': contact_id, product_id
src/services/journalEntries.service.test.ts(482,11): error TS2561: Object literal may only specify known properties, but 'reverse_date' does not exist in type 'CreateReversingEntryOptions'. Did you mean to write 'reversal_date'?
src/services/journalEntries.service.test.ts(491,14): error TS2532: Object is possibly 'undefined'.
src/services/journalEntries.service.test.ts(492,14): error TS2532: Object is possibly 'undefined'.
src/services/journalEntries.service.test.ts(493,14): error TS2532: Object is possibly 'undefined'.
src/services/journalEntries.service.test.ts(494,14): error TS2532: Object is possibly 'undefined'.
src/services/journalEntries.service.test.ts(507,11): error TS2739: Type '{ account_id: string; debit: string; credit: string; }' is missing the following properties from type 'CreateJournalEntryLineItemRequest': description, contact_id, product_id
src/services/journalEntries.service.test.ts(508,11): error TS2739: Type '{ account_id: string; debit: string; credit: string; }' is missing the following properties from type 'CreateJournalEntryLineItemRequest': description, contact_id, product_id
src/services/journalEntries.service.test.ts(517,9): error TS2345: Argument of type '{ entry_id: string; approved_by: string; }' is not assignable to parameter of type 'ApproveJournalEntryRequest'.
  Property 'post_immediately' is missing in type '{ entry_id: string; approved_by: string; }' but required in type 'ApproveJournalEntryRequest'.
src/services/journalEntries.service.test.ts(525,11): error TS2353: Object literal may only specify known properties, and 'voided_by' does not exist in type 'VoidJournalEntryRequest'.
src/services/journalEntries.service.test.ts(553,9): error TS2322: Type 'null' is not assignable to type 'string'.
src/services/journalEntries.service.test.ts(558,13): error TS2353: Object literal may only specify known properties, and 'plain_english_description' does not exist in type 'JournalEntryTemplateLineItem'.
src/services/journalEntries.service.test.ts(565,13): error TS2353: Object literal may only specify known properties, and 'plain_english_description' does not exist in type 'JournalEntryTemplateLineItem'.
src/services/journalEntries.service.test.ts(594,14): error TS2532: Object is possibly 'undefined'.
src/services/journalEntries.service.test.ts(595,14): error TS2532: Object is possibly 'undefined'.
src/services/journalEntries.service.test.ts(607,11): error TS2739: Type '{ account_id: string; debit: string; credit: string; }' is missing the following properties from type 'CreateJournalEntryLineItemRequest': description, contact_id, product_id
src/services/journalEntries.service.test.ts(608,11): error TS2739: Type '{ account_id: string; debit: string; credit: string; }' is missing the following properties from type 'CreateJournalEntryLineItemRequest': description, contact_id, product_id
src/services/journalEntries.service.test.ts(623,9): error TS2345: Argument of type '{ entry_id: string; approved_by: string; }' is not assignable to parameter of type 'ApproveJournalEntryRequest'.
  Property 'post_immediately' is missing in type '{ entry_id: string; approved_by: string; }' but required in type 'ApproveJournalEntryRequest'.
src/services/journalEntries.service.test.ts(637,13): error TS2740: Type '{ company_id: string; transaction_date: number; description: string; line_items: never[]; }' is missing the following properties from type 'CreateJournalEntryRequest': reference, memo, attachments, submit_for_approval, and 4 more.
src/services/journalEntries.service.test.ts(653,11): error TS2739: Type '{ account_id: string; debit: string; credit: string; }' is missing the following properties from type 'CreateJournalEntryLineItemRequest': description, contact_id, product_id
src/services/journalEntries.service.test.ts(654,11): error TS2739: Type '{ account_id: string; debit: string; credit: string; }' is missing the following properties from type 'CreateJournalEntryLineItemRequest': description, contact_id, product_id
src/services/journalEntries.service.test.ts(670,11): error TS2739: Type '{ account_id: string; debit: string; credit: string; }' is missing the following properties from type 'CreateJournalEntryLineItemRequest': description, contact_id, product_id
src/services/journalEntries.service.test.ts(671,11): error TS2739: Type '{ account_id: string; debit: string; credit: string; }' is missing the following properties from type 'CreateJournalEntryLineItemRequest': description, contact_id, product_id
src/services/journalEntries.service.ts(17,30): error TS7016: Could not find a declaration file for module 'uuid'. 'C:/Users/Admin/graceful_books/node_modules/uuid/dist/esm-browser/index.js' implicitly has an 'any' type.
  Try `npm i --save-dev @types/uuid` if it exists or add a new declaration (.d.ts) file containing `declare module 'uuid';`
src/services/journalEntries.service.ts(18,15): error TS2614: Module '"../db/database"' has no exported member 'Database'. Did you mean to use 'import Database from "../db/database"' instead?
src/services/journalEntries.service.ts(20,3): error TS6196: 'Transaction' is declared but never used.
src/services/journalEntries.service.ts(29,3): error TS6196: 'JournalEntryApprovalStatus' is declared but never used.
src/services/journalEntries.service.ts(73,57): error TS2345: Argument of type '"JOURNAL_ENTRY"' is not assignable to parameter of type 'TransactionType'.
src/services/journalEntries.service.ts(157,13): error TS7006: Parameter 'item' implicitly has an 'any' type.
src/services/journalEntries.service.ts(181,13): error TS7006: Parameter 'entry' implicitly has an 'any' type.
src/services/journalEntries.service.ts(190,10): error TS7006: Parameter 'e' implicitly has an 'any' type.
src/services/journalEntries.service.ts(190,16): error TS2367: This comparison appears to be unintentional because the types 'string' and 'JournalEntryApprovalStatus[] | undefined' have no overlap.
src/services/journalEntries.service.ts(195,49): error TS7006: Parameter 'e' implicitly has an 'any' type.
src/services/journalEntries.service.ts(199,49): error TS7006: Parameter 'e' implicitly has an 'any' type.
src/services/journalEntries.service.ts(204,10): error TS7006: Parameter 'e' implicitly has an 'any' type.
src/services/journalEntries.service.ts(210,10): error TS7006: Parameter 'e' implicitly has an 'any' type.
src/services/journalEntries.service.ts(217,10): error TS7006: Parameter 'e' implicitly has an 'any' type.
src/services/journalEntries.service.ts(445,11): error TS2561: Object literal may only specify known properties, but 'reverse_date' does not exist in type 'CreateReversingEntryOptions'. Did you mean to write 'reversal_date'?
src/services/journalEntries.service.ts(486,7): error TS2345: Argument of type '{ company_id: string; transaction_date: any; description: string; reference: string | null; memo: string; line_items: { account_id: string; debit: string; credit: string; description: string; contact_id: string | null; product_id: string | null; }[]; is_reversing: true; reverses_entry_id: string; }' is not assignable to parameter of type 'CreateJournalEntryRequest'.
  Type '{ company_id: string; transaction_date: any; description: string; reference: string | null; memo: string; line_items: { account_id: string; debit: string; credit: string; description: string; contact_id: string | null; product_id: string | null; }[]; is_reversing: true; reverses_entry_id: string; }' is missing the following properties from type 'CreateJournalEntryRequest': attachments, submit_for_approval, auto_reverse_date, template_id
src/services/journalEntries.service.ts(488,35): error TS2551: Property 'reverse_date' does not exist on type 'CreateReversingEntryOptions'. Did you mean 'reversal_date'?
src/services/journalEntries.service.ts(541,9): error TS2322: Type '{ account_id: string; debit: string; credit: string; description: string | null; }[]' is not assignable to type 'CreateJournalEntryLineItemRequest[]'.
  Type '{ account_id: string; debit: string; credit: string; description: string | null; }' is missing the following properties from type 'CreateJournalEntryLineItemRequest': contact_id, product_id
src/services/journalEntries.service.ts(543,9): error TS2322: Type 'number | undefined' is not assignable to type 'number | null'.
  Type 'undefined' is not assignable to type 'number | null'.
src/services/journalEntries.service.ts(559,13): error TS7006: Parameter 'e' implicitly has an 'any' type.
src/services/journalEntries.service.ts(573,7): error TS2353: Object literal may only specify known properties, and 'voided_this_month' does not exist in type 'JournalEntryStatistics'.
src/services/journalEntries.service.ts(574,16): error TS2367: This comparison appears to be unintentional because the types 'JournalEntryApprovalStatus' and '"VOID"' have no overlap.
src/services/journalEntries.service.ts(637,9): error TS2353: Object literal may only specify known properties, and 'balance_check' does not exist in type 'JournalEntryValidationResult'.
src/services/journalEntries.service.ts(645,7): error TS2353: Object literal may only specify known properties, and 'balance_check' does not exist in type 'JournalEntryValidationResult'.
src/services/journalEntries.service.ts(686,10): error TS7006: Parameter 'e' implicitly has an 'any' type.
src/services/mentions.service.test.ts(44,24): error TS2352: Conversion of type '{ id: string; email: string; name: string; hashed_password: string; created_at: number; updated_at: number; deleted_at: null; version_vector: { "device-test-001": number; }; }' to type 'User' may be a mistake because neither type sufficiently overlaps with the other. If this was intentional, convert the expression to 'unknown' first.
  Type '{ id: string; email: string; name: string; hashed_password: string; created_at: number; updated_at: number; deleted_at: null; version_vector: { "device-test-001": number; }; }' is missing the following properties from type 'User': passphrase_hash, master_key_encrypted, preferences, selected_charity_id
src/services/mentions.service.test.ts(55,24): error TS2352: Conversion of type '{ id: string; email: string; name: string; hashed_password: string; created_at: number; updated_at: number; deleted_at: null; version_vector: { "device-test-001": number; }; }' to type 'User' may be a mistake because neither type sufficiently overlaps with the other. If this was intentional, convert the expression to 'unknown' first.
  Type '{ id: string; email: string; name: string; hashed_password: string; created_at: number; updated_at: number; deleted_at: null; version_vector: { "device-test-001": number; }; }' is missing the following properties from type 'User': passphrase_hash, master_key_encrypted, preferences, selected_charity_id
src/services/mentions.service.test.ts(66,24): error TS2352: Conversion of type '{ id: string; email: string; name: string; hashed_password: string; created_at: number; updated_at: number; deleted_at: null; version_vector: { "device-test-001": number; }; }' to type 'User' may be a mistake because neither type sufficiently overlaps with the other. If this was intentional, convert the expression to 'unknown' first.
  Type '{ id: string; email: string; name: string; hashed_password: string; created_at: number; updated_at: number; deleted_at: null; version_vector: { "device-test-001": number; }; }' is missing the following properties from type 'User': passphrase_hash, master_key_encrypted, preferences, selected_charity_id
src/services/mentions.service.test.ts(114,31): error TS2352: Conversion of type '{ id: string; company_id: string; user_id: string; role: "VIEW_ONLY"; permissions: string[]; active: true; invited_at: number; joined_at: number; created_at: number; updated_at: number; deleted_at: null; version_vector: { ...; }; }' to type 'CompanyUser' may be a mistake because neither type sufficiently overlaps with the other. If this was intentional, convert the expression to 'unknown' first.
  Types of property 'role' are incompatible.
    Type '"VIEW_ONLY"' is not comparable to type 'UserRole'.
src/services/mentions.service.test.ts(901,26): error TS2352: Conversion of type '{ id: string; email: string; name: string; hashed_password: string; created_at: number; updated_at: number; deleted_at: null; version_vector: { "device-test-001": number; }; }' to type 'User' may be a mistake because neither type sufficiently overlaps with the other. If this was intentional, convert the expression to 'unknown' first.
  Type '{ id: string; email: string; name: string; hashed_password: string; created_at: number; updated_at: number; deleted_at: null; version_vector: { "device-test-001": number; }; }' is missing the following properties from type 'User': passphrase_hash, master_key_encrypted, preferences, selected_charity_id
src/services/mentions.service.ts(89,9): error TS2322: Type 'string | undefined' is not assignable to type 'string'.
  Type 'undefined' is not assignable to type 'string'.
src/services/mentions.service.ts(140,26): error TS2532: Object is possibly 'undefined'.
src/services/metrics/cashFlowMetrics.service.ts(11,3): error TS6196: 'Metric' is declared but never used.
src/services/metrics/growthMetrics.service.ts(11,3): error TS6196: 'Metric' is declared but never used.
src/services/metrics/liquidityMetrics.service.ts(17,3): error TS6196: 'TrendDirection' is declared but never used.
src/services/metrics/profitabilityMetrics.service.ts(364,9): error TS2367: This comparison appears to be unintentional because the types '1' and '0' have no overlap.
src/services/metrics/valuationMetrics.service.ts(11,3): error TS6196: 'Metric' is declared but never used.
src/services/multiUser/audit.service.test.ts(423,14): error TS2532: Object is possibly 'undefined'.
src/services/multiUser/audit.service.ts(16,25): error TS6196: 'VersionVector' is declared but never used.
src/services/multiUser/audit.service.ts(188,9): error TS2322: Type 'string' is not assignable to type 'AuditEntityType'.
src/services/multiUser/audit.service.ts(190,9): error TS2322: Type 'AuditEventType' is not assignable to type 'AuditAction'.
src/services/multiUser/audit.service.ts(202,41): error TS2345: Argument of type 'AuditLog' is not assignable to parameter of type 'AuditLogEntity'.
  Type 'AuditLog' is missing the following properties from type 'AuditLogEntity': companyId, userId, deviceId, entityType, and 2 more.
src/services/multiUser/audit.service.ts(534,47): error TS2551: Property 'company_id' does not exist on type 'AuditLogEntity'. Did you mean 'companyId'?
src/services/multiUser/audit.service.ts(538,47): error TS2551: Property 'user_id' does not exist on type 'AuditLogEntity'. Did you mean 'userId'?
src/services/multiUser/audit.service.ts(549,43): error TS2365: Operator '>=' cannot be applied to types 'Date' and 'number'.
src/services/multiUser/audit.service.ts(553,43): error TS2365: Operator '<=' cannot be applied to types 'Date' and 'number'.
src/services/multiUser/audit.service.ts(557,47): error TS2551: Property 'entity_type' does not exist on type 'AuditLogEntity'. Did you mean 'entityType'?
src/services/multiUser/audit.service.ts(561,47): error TS2551: Property 'entity_id' does not exist on type 'AuditLogEntity'. Did you mean 'entityId'?
src/services/multiUser/audit.service.ts(568,9): error TS2322: Type 'AuditLogEntity[]' is not assignable to type 'AuditLog[]'.
  Type 'AuditLogEntity' is missing the following properties from type 'AuditLog': company_id, user_id, entity_type, entity_id, and 9 more.
src/services/multiUser/audit.service.ts(594,23): error TS2365: Operator '>=' cannot be applied to types 'Date' and 'number'.
src/services/multiUser/audit.service.ts(594,53): error TS2365: Operator '<=' cannot be applied to types 'Date' and 'number'.
src/services/multiUser/audit.service.ts(608,17): error TS2551: Property 'user_id' does not exist on type 'AuditLogEntity'. Did you mean 'userId'?
src/services/multiUser/audit.service.ts(609,31): error TS2551: Property 'user_id' does not exist on type 'AuditLogEntity'. Did you mean 'userId'?
src/services/multiUser/audit.service.ts(613,17): error TS2551: Property 'device_id' does not exist on type 'AuditLogEntity'. Did you mean 'deviceId'?
src/services/multiUser/audit.service.ts(614,34): error TS2551: Property 'device_id' does not exist on type 'AuditLogEntity'. Did you mean 'deviceId'?
src/services/multiUser/audit.service.ts(737,23): error TS2365: Operator '>=' cannot be applied to types 'Date' and 'number'.
src/services/multiUser/audit.service.ts(737,53): error TS2365: Operator '<=' cannot be applied to types 'Date' and 'number'.
src/services/multiUser/audit.service.ts(755,13): error TS2551: Property 'user_id' does not exist on type 'AuditLogEntity'. Did you mean 'userId'?
src/services/multiUser/audit.service.ts(756,13): error TS2551: Property 'entity_type' does not exist on type 'AuditLogEntity'. Did you mean 'entityType'?
src/services/multiUser/audit.service.ts(757,13): error TS2551: Property 'entity_id' does not exist on type 'AuditLogEntity'. Did you mean 'entityId'?
src/services/multiUser/audit.service.ts(759,13): error TS2551: Property 'ip_address' does not exist on type 'AuditLogEntity'. Did you mean 'ipAddress'?
src/services/multiUser/audit.service.ts(760,13): error TS2551: Property 'device_id' does not exist on type 'AuditLogEntity'. Did you mean 'deviceId'?
src/services/multiUser/keyRotation.enhanced.service.test.ts(221,14): error TS2532: Object is possibly 'undefined'.
src/services/multiUser/keyRotation.enhanced.service.ts(19,3): error TS6196: 'DerivedKey' is declared but never used.
src/services/multiUser/keyRotation.enhanced.service.ts(21,3): error TS6196: 'KeyRotationResult' is declared but never used.
src/services/multiUser/keyRotation.enhanced.service.ts(23,3): error TS6196: 'PermissionLevel' is declared but never used.
src/services/multiUser/keyRotation.enhanced.service.ts(26,1): error TS6192: All imports in import declaration are unused.
src/services/multiUser/keyRotation.enhanced.service.ts(278,73): error TS2551: Property 'deleted_at' does not exist on type 'AccountEntity'. Did you mean 'deletedAt'?
src/services/multiUser/keyRotation.enhanced.service.ts(279,77): error TS2551: Property 'deleted_at' does not exist on type 'TransactionEntity'. Did you mean 'deletedAt'?
src/services/multiUser/keyRotation.enhanced.service.ts(280,12): error TS2551: Property 'transactionLines' does not exist on type 'GracefulBooksDB'. Did you mean 'transactions'?
src/services/multiUser/keyRotation.enhanced.service.ts(280,72): error TS7006: Parameter 'tl' implicitly has an 'any' type.
src/services/multiUser/keyRotation.enhanced.service.ts(281,73): error TS2551: Property 'deleted_at' does not exist on type 'ContactEntity'. Did you mean 'deletedAt'?
src/services/multiUser/keyRotation.enhanced.service.ts(282,60): error TS2551: Property 'deleted_at' does not exist on type 'UserEntity'. Did you mean 'deletedAt'?
src/services/multiUser/keyRotation.enhanced.service.ts(319,41): error TS2552: Cannot find name 'oldContext'. Did you mean '_oldContext'?
src/services/multiUser/keyRotation.enhanced.service.ts(319,53): error TS2552: Cannot find name 'newContext'. Did you mean '_newContext'?
src/services/multiUser/keyRotation.enhanced.service.ts(326,45): error TS2304: Cannot find name 'oldContext'.
src/services/multiUser/keyRotation.enhanced.service.ts(326,57): error TS2304: Cannot find name 'newContext'.
src/services/multiUser/keyRotation.enhanced.service.ts(333,49): error TS2304: Cannot find name 'oldContext'.
src/services/multiUser/keyRotation.enhanced.service.ts(333,61): error TS2304: Cannot find name 'newContext'.
src/services/multiUser/keyRotation.enhanced.service.ts(340,41): error TS2304: Cannot find name 'oldContext'.
src/services/multiUser/keyRotation.enhanced.service.ts(340,53): error TS2304: Cannot find name 'newContext'.
src/services/multiUser/keyRotation.enhanced.service.ts(347,38): error TS2304: Cannot find name 'oldContext'.
src/services/multiUser/keyRotation.enhanced.service.ts(347,50): error TS2304: Cannot find name 'newContext'.
src/services/multiUser/keyRotation.enhanced.service.ts(366,22): error TS2551: Property 'deleted_at' does not exist on type 'AccountEntity'. Did you mean 'deletedAt'?
src/services/multiUser/keyRotation.enhanced.service.ts(376,56): error TS2551: Property 'version_vector' does not exist on type 'AccountEntity'. Did you mean 'versionVector'?
src/services/multiUser/keyRotation.enhanced.service.ts(382,47): error TS2532: Object is possibly 'undefined'.
src/services/multiUser/keyRotation.enhanced.service.ts(397,22): error TS2551: Property 'deleted_at' does not exist on type 'TransactionEntity'. Did you mean 'deletedAt'?
src/services/multiUser/keyRotation.enhanced.service.ts(406,60): error TS2551: Property 'version_vector' does not exist on type 'TransactionEntity'. Did you mean 'versionVector'?
src/services/multiUser/keyRotation.enhanced.service.ts(410,51): error TS2532: Object is possibly 'undefined'.
src/services/multiUser/keyRotation.enhanced.service.ts(422,28): error TS2551: Property 'transactionLines' does not exist on type 'GracefulBooksDB'. Did you mean 'transactions'?
src/services/multiUser/keyRotation.enhanced.service.ts(425,13): error TS7006: Parameter 'tl' implicitly has an 'any' type.
src/services/multiUser/keyRotation.enhanced.service.ts(431,34): error TS7006: Parameter 'line' implicitly has an 'any' type.
src/services/multiUser/keyRotation.enhanced.service.ts(437,16): error TS2551: Property 'transactionLines' does not exist on type 'GracefulBooksDB'. Did you mean 'transactions'?
src/services/multiUser/keyRotation.enhanced.service.ts(453,22): error TS2551: Property 'deleted_at' does not exist on type 'ContactEntity'. Did you mean 'deletedAt'?
src/services/multiUser/keyRotation.enhanced.service.ts(462,56): error TS2551: Property 'version_vector' does not exist on type 'ContactEntity'. Did you mean 'versionVector'?
src/services/multiUser/keyRotation.enhanced.service.ts(466,47): error TS2532: Object is possibly 'undefined'.
src/services/multiUser/keyRotation.enhanced.service.ts(481,22): error TS2551: Property 'deleted_at' does not exist on type 'UserEntity'. Did you mean 'deletedAt'?
src/services/multiUser/keyRotation.enhanced.service.ts(490,53): error TS2551: Property 'version_vector' does not exist on type 'UserEntity'. Did you mean 'versionVector'?
src/services/multiUser/keyRotation.enhanced.service.ts(494,44): error TS2532: Object is possibly 'undefined'.
src/services/multiUser/keyRotation.enhanced.service.ts(508,9): error TS2353: Object literal may only specify known properties, and 'updated_at' does not exist in type 'UpdateSpec<CompanyEntity> | ((obj: CompanyEntity, ctx: { value: any; primKey: IndexableType; }) => boolean | void)'.
src/services/multiUser/keyRotation.enhanced.service.ts(509,56): error TS2551: Property 'version_vector' does not exist on type 'CompanyEntity'. Did you mean 'versionVector'?
src/services/multiUser/notification.service.ts(20,1): error TS6192: All imports in import declaration are unused.
src/services/multiUser/notification.service.ts(490,51): error TS2552: Cannot find name 'userId'. Did you mean '_userId'?
src/services/paymentGateway.ts(84,9): error TS2322: Type 'ErrorCode.CONFIGURATION_ERROR' is not assignable to type 'DatabaseErrorCode'.
src/services/paymentGateway.ts(120,11): error TS2322: Type '{ customer_name: string | null; status: "PENDING"; id: string; company_id?: string | undefined; invoice_id?: string | undefined; portal_token_id?: string | undefined; gateway?: PaymentGateway | undefined; ... 13 more ...; version_vector?: VersionVector | undefined; }' is not assignable to type 'Payment'.
  Types of property 'company_id' are incompatible.
    Type 'string | undefined' is not assignable to type 'string'.
      Type 'undefined' is not assignable to type 'string'.
src/services/portalService.ts(142,11): error TS2322: Type 'ErrorCode.PERMISSION_DENIED' is not assignable to type 'DatabaseErrorCode'.
src/services/portalService.ts(169,11): error TS2322: Type '{ id: string; company_id?: string | undefined; invoice_id?: string | undefined; token?: string | undefined; email?: string | undefined; created_at?: number | undefined; expires_at?: number | undefined; ... 5 more ...; version_vector?: VersionVector | undefined; }' is not assignable to type 'PortalToken'.
  Types of property 'company_id' are incompatible.
    Type 'string | undefined' is not assignable to type 'string'.
      Type 'undefined' is not assignable to type 'string'.
src/services/portalService.ts(222,11): error TS2322: Type 'ErrorCode.RATE_LIMITED' is not assignable to type 'DatabaseErrorCode'.
src/services/portalService.ts(253,11): error TS2322: Type 'ErrorCode.SESSION_INVALID' is not assignable to type 'DatabaseErrorCode'.
src/services/recentActivity.service.test.ts(13,15): error TS2724: '"../types/recentActivity.types"' has no exported member named '_RecentActivityType'. Did you mean 'RecentActivityType'?
src/services/recentActivity.service.test.ts(13,36): error TS6196: 'RecentActivityEntityType' is declared but never used.
src/services/recentActivity.service.test.ts(36,33): error TS2345: Argument of type '"TRANSACTION"' is not assignable to parameter of type 'RecentActivityEntityType'.
src/services/recentActivity.service.test.ts(50,33): error TS2345: Argument of type '"INVOICE"' is not assignable to parameter of type 'RecentActivityEntityType'.
src/services/recentActivity.service.test.ts(62,31): error TS2345: Argument of type '"INVOICE"' is not assignable to parameter of type 'RecentActivityEntityType'.
src/services/recentActivity.service.test.ts(79,31): error TS2345: Argument of type '"BILL"' is not assignable to parameter of type 'RecentActivityEntityType'.
src/services/recentActivity.service.test.ts(95,31): error TS2345: Argument of type '"TRANSACTION"' is not assignable to parameter of type 'RecentActivityEntityType'.
src/services/recentActivity.service.test.ts(108,31): error TS2345: Argument of type '"INVOICE"' is not assignable to parameter of type 'RecentActivityEntityType'.
src/services/recentActivity.service.test.ts(123,33): error TS2345: Argument of type '"CONTACT"' is not assignable to parameter of type 'RecentActivityEntityType'.
src/services/recentActivity.service.test.ts(139,33): error TS2345: Argument of type '"TRANSACTION"' is not assignable to parameter of type 'RecentActivityEntityType'.
src/services/recentActivity.service.test.ts(140,33): error TS2345: Argument of type '"INVOICE"' is not assignable to parameter of type 'RecentActivityEntityType'.
src/services/recentActivity.service.test.ts(141,33): error TS2345: Argument of type '"GLOBAL"' is not assignable to parameter of type 'RecentActivityEntityType'.
src/services/recentActivity.service.test.ts(154,56): error TS2345: Argument of type '"INVOICE"' is not assignable to parameter of type 'RecentActivityEntityType | undefined'.
src/services/recentActivity.service.test.ts(171,31): error TS2345: Argument of type '"INVOICE"' is not assignable to parameter of type 'RecentActivityEntityType'.
src/services/recentActivity.service.test.ts(172,31): error TS2345: Argument of type '"INVOICE"' is not assignable to parameter of type 'RecentActivityEntityType'.
src/services/recentActivity.service.test.ts(173,31): error TS2345: Argument of type '"BILL"' is not assignable to parameter of type 'RecentActivityEntityType'.
src/services/recentActivity.service.test.ts(185,31): error TS2345: Argument of type '"INVOICE"' is not assignable to parameter of type 'RecentActivityEntityType'.
src/services/recentActivity.service.test.ts(187,50): error TS2345: Argument of type '"INVOICE"' is not assignable to parameter of type 'RecentActivityEntityType | undefined'.
src/services/recentActivity.service.test.ts(196,50): error TS2345: Argument of type '"BILL"' is not assignable to parameter of type 'RecentActivityEntityType | undefined'.
src/services/recentActivity.service.test.ts(206,31): error TS2345: Argument of type '"INVOICE"' is not assignable to parameter of type 'RecentActivityEntityType'.
src/services/recentActivity.service.test.ts(207,33): error TS2345: Argument of type '"TRANSACTION"' is not assignable to parameter of type 'RecentActivityEntityType'.
src/services/recentActivity.service.test.ts(208,31): error TS2345: Argument of type '"BILL"' is not assignable to parameter of type 'RecentActivityEntityType'.
src/services/recentActivity.service.test.ts(220,31): error TS2345: Argument of type '"INVOICE"' is not assignable to parameter of type 'RecentActivityEntityType'.
src/services/recentActivity.service.test.ts(232,33): error TS2345: Argument of type '"TRANSACTION"' is not assignable to parameter of type 'RecentActivityEntityType'.
src/services/recentActivity.service.test.ts(244,33): error TS2345: Argument of type '"TRANSACTION"' is not assignable to parameter of type 'RecentActivityEntityType'.
src/services/recentActivity.service.test.ts(251,33): error TS2345: Argument of type '"TRANSACTION"' is not assignable to parameter of type 'RecentActivityEntityType'.
src/services/recentActivity.service.test.ts(261,67): error TS2345: Argument of type '"TRANSACTION"' is not assignable to parameter of type 'RecentActivityEntityType'.
src/services/recentActivity.service.test.ts(269,33): error TS2345: Argument of type '"INVOICE"' is not assignable to parameter of type 'RecentActivityEntityType'.
src/services/recentActivity.service.test.ts(271,67): error TS2345: Argument of type '"TRANSACTION"' is not assignable to parameter of type 'RecentActivityEntityType'.
src/services/recentActivity.service.test.ts(280,33): error TS2345: Argument of type '"TRANSACTION"' is not assignable to parameter of type 'RecentActivityEntityType'.
src/services/recentActivity.service.test.ts(281,31): error TS2345: Argument of type '"INVOICE"' is not assignable to parameter of type 'RecentActivityEntityType'.
src/services/recentActivity.service.test.ts(282,31): error TS2345: Argument of type '"BILL"' is not assignable to parameter of type 'RecentActivityEntityType'.
src/services/recentActivity.service.test.ts(300,50): error TS2322: Type '"SEARCH"' is not assignable to type 'RecentActivityType | RecentActivityType[] | undefined'.
src/services/recentActivity.service.test.ts(314,50): error TS2322: Type '"INVOICE"' is not assignable to type 'RecentActivityEntityType | RecentActivityEntityType[] | undefined'.
src/services/recentActivity.service.test.ts(331,33): error TS2345: Argument of type '"TRANSACTION"' is not assignable to parameter of type 'RecentActivityEntityType'.
src/services/recentActivity.service.test.ts(332,33): error TS2345: Argument of type '"INVOICE"' is not assignable to parameter of type 'RecentActivityEntityType'.
src/services/recentActivity.service.test.ts(333,31): error TS2345: Argument of type '"INVOICE"' is not assignable to parameter of type 'RecentActivityEntityType'.
src/services/recentActivity.service.test.ts(334,31): error TS2345: Argument of type '"INVOICE"' is not assignable to parameter of type 'RecentActivityEntityType'.
src/services/recentActivity.service.test.ts(335,31): error TS2345: Argument of type '"TRANSACTION"' is not assignable to parameter of type 'RecentActivityEntityType'.
src/services/recentActivity.service.test.ts(336,33): error TS2345: Argument of type '"CONTACT"' is not assignable to parameter of type 'RecentActivityEntityType'.
src/services/recentActivity.service.test.ts(361,9): error TS2322: Type '"SEARCH"' is not assignable to type 'RecentActivityType'.
src/services/recentActivity.service.test.ts(362,9): error TS2322: Type '"TRANSACTION"' is not assignable to type 'RecentActivityEntityType'.
src/services/recentActivity.service.test.ts(375,33): error TS2345: Argument of type '"TRANSACTION"' is not assignable to parameter of type 'RecentActivityEntityType'.
src/services/recentActivity.service.ts(66,9): error TS2322: Type '"SEARCH"' is not assignable to type 'RecentActivityType'.
src/services/recentActivity.service.ts(98,9): error TS2322: Type '"VIEW"' is not assignable to type 'RecentActivityType'.
src/services/recentActivity.service.ts(130,9): error TS2322: Type '"EDIT"' is not assignable to type 'RecentActivityType'.
src/services/recentActivity.service.ts(162,9): error TS2322: Type '"CREATE"' is not assignable to type 'RecentActivityType'.
src/services/recentActivity.service.ts(192,9): error TS2322: Type '"SEARCH"' is not assignable to type 'RecentActivityType | RecentActivityType[] | undefined'.
src/services/recentActivity.service.ts(223,9): error TS2322: Type '"VIEW"' is not assignable to type 'RecentActivityType | RecentActivityType[] | undefined'.
src/services/recentActivity.service.ts(253,25): error TS2322: Type '"EDIT"' is not assignable to type 'RecentActivityType'.
src/services/recentActivity.service.ts(253,33): error TS2322: Type '"CREATE"' is not assignable to type 'RecentActivityType'.
src/services/recentActivity.service.ts(289,25): error TS2322: Type '"CREATE"' is not assignable to type 'RecentActivityType'.
src/services/recentActivity.service.ts(289,35): error TS2322: Type '"EDIT"' is not assignable to type 'RecentActivityType'.
src/services/recentActivity.service.ts(322,25): error TS2322: Type '"VIEW"' is not assignable to type 'RecentActivityType'.
src/services/recentActivity.service.ts(322,33): error TS2322: Type '"EDIT"' is not assignable to type 'RecentActivityType'.
src/services/reconciliationHistory.service.test.ts(36,3): error TS6196: 'ReconciliationPattern' is declared but never used.
src/services/reconciliationHistory.service.test.ts(39,3): error TS6196: 'UnreconciledFlag' is declared but never used.
src/services/reconciliationHistory.service.test.ts(40,3): error TS6196: 'DiscrepancyPattern' is declared but never used.
src/services/reconciliationHistory.service.test.ts(96,10): error TS2352: Conversion of type '{ id: string; companyId: string; date: Date; status: any; memo: string; reference: null; lines: { id: string; accountId: string; debit: number; credit: number; }[]; createdBy: string; createdAt: Date; updatedAt: Date; }' to type 'JournalEntry' may be a mistake because neither type sufficiently overlaps with the other. If this was intentional, convert the expression to 'unknown' first.
  Types of property 'reference' are incompatible.
    Type 'null' is not comparable to type 'string | undefined'.
src/services/reconciliationHistory.service.test.ts(154,56): error TS2345: Argument of type 'undefined' is not assignable to parameter of type 'DatabaseResult<AuditLogEntity>'.
src/services/reconciliationHistory.service.test.ts(155,56): error TS2345: Argument of type 'undefined' is not assignable to parameter of type 'DatabaseResult<AuditLogEntity>'.
src/services/reconciliationHistory.service.test.ts(156,56): error TS2345: Argument of type 'undefined' is not assignable to parameter of type 'DatabaseResult<AuditLogEntity>'.
src/services/reconciliationHistory.service.test.ts(1248,11): error TS2345: Argument of type 'JournalEntry' is not assignable to parameter of type 'TransactionEntity'.
  Type 'JournalEntry' is missing the following properties from type 'TransactionEntity': isBalanced, _encrypted, versionVector, lastModifiedBy, lastModifiedAt
src/services/reconciliationHistory.service.test.ts(1265,11): error TS2345: Argument of type 'JournalEntry' is not assignable to parameter of type 'TransactionEntity'.
  Type 'JournalEntry' is missing the following properties from type 'TransactionEntity': isBalanced, _encrypted, versionVector, lastModifiedBy, lastModifiedAt
src/services/reconciliationHistory.service.test.ts(1281,11): error TS2345: Argument of type 'JournalEntry' is not assignable to parameter of type 'TransactionEntity'.
  Type 'JournalEntry' is missing the following properties from type 'TransactionEntity': isBalanced, _encrypted, versionVector, lastModifiedBy, lastModifiedAt
src/services/reconciliationHistory.service.test.ts(1297,11): error TS2345: Argument of type 'JournalEntry' is not assignable to parameter of type 'TransactionEntity'.
  Type 'JournalEntry' is missing the following properties from type 'TransactionEntity': isBalanced, _encrypted, versionVector, lastModifiedBy, lastModifiedAt
src/services/reconciliationHistory.service.test.ts(1310,11): error TS2345: Argument of type 'JournalEntry' is not assignable to parameter of type 'TransactionEntity'.
  Type 'JournalEntry' is missing the following properties from type 'TransactionEntity': isBalanced, _encrypted, versionVector, lastModifiedBy, lastModifiedAt
src/services/reconciliationHistory.service.test.ts(1313,11): error TS2345: Argument of type 'JournalEntry' is not assignable to parameter of type 'TransactionEntity'.
  Type 'JournalEntry' is missing the following properties from type 'TransactionEntity': isBalanced, _encrypted, versionVector, lastModifiedBy, lastModifiedAt
src/services/reconciliationHistory.service.test.ts(1316,11): error TS2345: Argument of type 'JournalEntry' is not assignable to parameter of type 'TransactionEntity'.
  Type 'JournalEntry' is missing the following properties from type 'TransactionEntity': isBalanced, _encrypted, versionVector, lastModifiedBy, lastModifiedAt
src/services/reconciliationHistory.service.test.ts(1358,36): error TS2345: Argument of type 'JournalEntry' is not assignable to parameter of type 'TransactionEntity'.
  Type 'JournalEntry' is missing the following properties from type 'TransactionEntity': isBalanced, _encrypted, versionVector, lastModifiedBy, lastModifiedAt
src/services/reconciliationHistory.service.test.ts(1362,36): error TS2345: Argument of type 'JournalEntry' is not assignable to parameter of type 'TransactionEntity'.
  Type 'JournalEntry' is missing the following properties from type 'TransactionEntity': isBalanced, _encrypted, versionVector, lastModifiedBy, lastModifiedAt
src/services/reconciliationHistory.service.test.ts(1378,36): error TS2345: Argument of type 'JournalEntry' is not assignable to parameter of type 'TransactionEntity'.
  Type 'JournalEntry' is missing the following properties from type 'TransactionEntity': isBalanced, _encrypted, versionVector, lastModifiedBy, lastModifiedAt
src/services/reconciliationHistory.service.test.ts(1382,36): error TS2345: Argument of type 'JournalEntry' is not assignable to parameter of type 'TransactionEntity'.
  Type 'JournalEntry' is missing the following properties from type 'TransactionEntity': isBalanced, _encrypted, versionVector, lastModifiedBy, lastModifiedAt
src/services/reconciliationHistory.service.test.ts(1408,36): error TS2345: Argument of type 'JournalEntry' is not assignable to parameter of type 'TransactionEntity'.
  Type 'JournalEntry' is missing the following properties from type 'TransactionEntity': isBalanced, _encrypted, versionVector, lastModifiedBy, lastModifiedAt
src/services/reconciliationHistory.service.test.ts(1409,36): error TS2345: Argument of type 'JournalEntry' is not assignable to parameter of type 'TransactionEntity'.
  Type 'JournalEntry' is missing the following properties from type 'TransactionEntity': isBalanced, _encrypted, versionVector, lastModifiedBy, lastModifiedAt
src/services/reconciliationHistory.service.test.ts(1738,36): error TS2345: Argument of type 'JournalEntry' is not assignable to parameter of type 'TransactionEntity'.
  Type 'JournalEntry' is missing the following properties from type 'TransactionEntity': isBalanced, _encrypted, versionVector, lastModifiedBy, lastModifiedAt
src/services/reconciliationHistory.service.ts(75,11): error TS2322: Type '"ALREADY_EXISTS"' is not assignable to type 'DatabaseErrorCode'.
src/services/reconciliationHistory.service.ts(206,11): error TS2322: Type '"INVALID_INPUT"' is not assignable to type 'DatabaseErrorCode'.
src/services/reconciliationHistory.service.ts(846,21): error TS2367: This comparison appears to be unintentional because the types 'AccountType' and '"ASSET"' have no overlap.
src/services/reconciliationService.additional.test.ts(30,3): error TS6196: 'Reconciliation' is declared but never used.
src/services/reconciliationService.additional.test.ts(170,11): error TS2322: Type '"EXACT"' is not assignable to type 'MatchConfidence'.
src/services/reconciliationService.additional.test.ts(267,11): error TS2322: Type '"EXACT"' is not assignable to type 'MatchConfidence'.
src/services/reconciliationService.additional.test.ts(274,11): error TS2322: Type '"HIGH"' is not assignable to type 'MatchConfidence'.
src/services/reconciliationService.additional.test.ts(281,11): error TS2322: Type '"MEDIUM"' is not assignable to type 'MatchConfidence'.
src/services/reconciliationService.additional.test.ts(635,11): error TS2322: Type '"EXACT"' is not assignable to type 'MatchConfidence'.
src/services/reconciliationService.additional.test.ts(642,11): error TS2322: Type '"HIGH"' is not assignable to type 'MatchConfidence'.
src/services/reconciliationService.additional.test.ts(649,11): error TS2322: Type '"MEDIUM"' is not assignable to type 'MatchConfidence'.
src/services/reconciliationService.test.ts(15,50): error TS6196: 'Reconciliation' is declared but never used.
src/services/reconciliationService.test.ts(86,11): error TS2322: Type '"EXACT"' is not assignable to type 'MatchConfidence'.
src/services/reconciliationService.test.ts(128,11): error TS2322: Type '"EXACT"' is not assignable to type 'MatchConfidence'.
src/services/reconciliationService.test.ts(135,11): error TS2322: Type '"HIGH"' is not assignable to type 'MatchConfidence'.
src/services/reconciliationService.test.ts(338,11): error TS2322: Type '"EXACT"' is not assignable to type 'MatchConfidence'.
src/services/reconciliationService.test.ts(345,11): error TS2322: Type '"HIGH"' is not assignable to type 'MatchConfidence'.
src/services/recurrence.service.test.ts(26,9): error TS2322: Type '"WEEKLY"' is not assignable to type 'RecurrenceFrequency'.
src/services/recurrence.service.test.ts(29,9): error TS2322: Type '"NEVER"' is not assignable to type 'RecurrenceEndType'.
src/services/recurrence.service.test.ts(39,9): error TS2322: Type '"MONTHLY"' is not assignable to type 'RecurrenceFrequency'.
src/services/recurrence.service.test.ts(42,9): error TS2322: Type '"NEVER"' is not assignable to type 'RecurrenceEndType'.
src/services/recurrence.service.test.ts(54,9): error TS2322: Type '"QUARTERLY"' is not assignable to type 'RecurrenceFrequency'.
src/services/recurrence.service.test.ts(57,9): error TS2322: Type '"NEVER"' is not assignable to type 'RecurrenceEndType'.
src/services/recurrence.service.test.ts(68,9): error TS2322: Type '"ANNUALLY"' is not assignable to type 'RecurrenceFrequency'.
src/services/recurrence.service.test.ts(71,9): error TS2322: Type '"NEVER"' is not assignable to type 'RecurrenceEndType'.
src/services/recurrence.service.test.ts(85,9): error TS2322: Type '"MONTHLY"' is not assignable to type 'RecurrenceFrequency'.
src/services/recurrence.service.test.ts(88,9): error TS2322: Type '"ON_DATE"' is not assignable to type 'RecurrenceEndType'.
src/services/recurrence.service.test.ts(99,9): error TS2322: Type '"MONTHLY"' is not assignable to type 'RecurrenceFrequency'.
src/services/recurrence.service.test.ts(102,9): error TS2322: Type '"AFTER_COUNT"' is not assignable to type 'RecurrenceEndType'.
src/services/recurrence.service.test.ts(115,9): error TS2322: Type '"MONTHLY"' is not assignable to type 'RecurrenceFrequency'.
src/services/recurrence.service.test.ts(118,9): error TS2322: Type '"NEVER"' is not assignable to type 'RecurrenceEndType'.
src/services/recurrence.service.test.ts(133,9): error TS2322: Type '"MONTHLY"' is not assignable to type 'RecurrenceFrequency'.
src/services/recurrence.service.test.ts(136,9): error TS2322: Type '"ON_DATE"' is not assignable to type 'RecurrenceEndType'.
src/services/recurrence.service.test.ts(149,9): error TS2322: Type '"WEEKLY"' is not assignable to type 'RecurrenceFrequency'.
src/services/recurrence.service.test.ts(152,9): error TS2322: Type '"NEVER"' is not assignable to type 'RecurrenceEndType'.
src/services/recurrence.service.test.ts(167,9): error TS2322: Type '"MONTHLY"' is not assignable to type 'RecurrenceFrequency'.
src/services/recurrence.service.test.ts(170,9): error TS2322: Type '"NEVER"' is not assignable to type 'RecurrenceEndType'.
src/services/recurrence.service.test.ts(183,9): error TS2820: Type '"BI_WEEKLY"' is not assignable to type 'RecurrenceFrequency'. Did you mean 'RecurrenceFrequency.WEEKLY'?
src/services/recurrence.service.test.ts(186,9): error TS2322: Type '"NEVER"' is not assignable to type 'RecurrenceEndType'.
src/services/recurrence.service.test.ts(202,9): error TS2322: Type '"MONTHLY"' is not assignable to type 'RecurrenceFrequency'.
src/services/recurrence.service.test.ts(205,9): error TS2322: Type '"NEVER"' is not assignable to type 'RecurrenceEndType'.
src/services/recurrence.service.test.ts(218,9): error TS2322: Type '"MONTHLY"' is not assignable to type 'RecurrenceFrequency'.
src/services/recurrence.service.test.ts(221,9): error TS2322: Type '"AFTER_COUNT"' is not assignable to type 'RecurrenceEndType'.
src/services/recurrence.service.test.ts(237,9): error TS2322: Type '"ANNUALLY"' is not assignable to type 'RecurrenceFrequency'.
src/services/recurrence.service.test.ts(240,9): error TS2322: Type '"NEVER"' is not assignable to type 'RecurrenceEndType'.
src/services/recurrence.service.test.ts(257,9): error TS2322: Type '"MONTHLY"' is not assignable to type 'RecurrenceFrequency'.
src/services/recurrence.service.test.ts(260,9): error TS2322: Type '"NEVER"' is not assignable to type 'RecurrenceEndType'.
src/services/recurrence.service.test.ts(277,9): error TS2322: Type '"MONTHLY"' is not assignable to type 'RecurrenceFrequency'.
src/services/recurrence.service.test.ts(280,9): error TS2322: Type '"NEVER"' is not assignable to type 'RecurrenceEndType'.
src/services/recurrence.service.test.ts(297,9): error TS2322: Type '"QUARTERLY"' is not assignable to type 'RecurrenceFrequency'.
src/services/recurrence.service.test.ts(300,9): error TS2322: Type '"NEVER"' is not assignable to type 'RecurrenceEndType'.
src/services/recurrence.service.test.ts(318,9): error TS2322: Type '"MONTHLY"' is not assignable to type 'RecurrenceFrequency'.
src/services/recurrence.service.test.ts(321,9): error TS2322: Type '"NEVER"' is not assignable to type 'RecurrenceEndType'.
src/services/recurrence.service.test.ts(332,9): error TS2322: Type '"MONTHLY"' is not assignable to type 'RecurrenceFrequency'.
src/services/recurrence.service.test.ts(335,9): error TS2322: Type '"ON_DATE"' is not assignable to type 'RecurrenceEndType'.
src/services/recurrence.service.test.ts(347,9): error TS2322: Type '"MONTHLY"' is not assignable to type 'RecurrenceFrequency'.
src/services/recurrence.service.test.ts(350,9): error TS2322: Type '"ON_DATE"' is not assignable to type 'RecurrenceEndType'.
src/services/recurrence.service.test.ts(362,9): error TS2322: Type '"MONTHLY"' is not assignable to type 'RecurrenceFrequency'.
src/services/recurrence.service.test.ts(365,9): error TS2322: Type '"NEVER"' is not assignable to type 'RecurrenceEndType'.
src/services/recurrence.service.test.ts(380,9): error TS2322: Type '"MONTHLY"' is not assignable to type 'RecurrenceFrequency'.
src/services/recurrence.service.test.ts(383,9): error TS2322: Type '"NEVER"' is not assignable to type 'RecurrenceEndType'.
src/services/recurrence.service.test.ts(399,9): error TS2322: Type '"MONTHLY"' is not assignable to type 'RecurrenceFrequency'.
src/services/recurrence.service.test.ts(402,9): error TS2322: Type '"NEVER"' is not assignable to type 'RecurrenceEndType'.
src/services/recurrence.service.test.ts(417,9): error TS2322: Type '"MONTHLY"' is not assignable to type 'RecurrenceFrequency'.
src/services/recurrence.service.test.ts(420,9): error TS2322: Type '"ON_DATE"' is not assignable to type 'RecurrenceEndType'.
src/services/recurrence.service.test.ts(435,9): error TS2322: Type '"MONTHLY"' is not assignable to type 'RecurrenceFrequency'.
src/services/recurrence.service.test.ts(438,9): error TS2322: Type '"AFTER_COUNT"' is not assignable to type 'RecurrenceEndType'.
src/services/recurrence.service.test.ts(449,9): error TS2322: Type '"MONTHLY"' is not assignable to type 'RecurrenceFrequency'.
src/services/recurrence.service.test.ts(452,9): error TS2322: Type '"NEVER"' is not assignable to type 'RecurrenceEndType'.
src/services/recurrence.service.test.ts(464,9): error TS2322: Type '"MONTHLY"' is not assignable to type 'RecurrenceFrequency'.
src/services/recurrence.service.test.ts(467,9): error TS2322: Type '"NEVER"' is not assignable to type 'RecurrenceEndType'.
src/services/recurrence.service.test.ts(477,9): error TS2322: Type '"MONTHLY"' is not assignable to type 'RecurrenceFrequency'.
src/services/recurrence.service.test.ts(480,9): error TS2322: Type '"ON_DATE"' is not assignable to type 'RecurrenceEndType'.
src/services/recurrence.service.test.ts(492,9): error TS2322: Type '"MONTHLY"' is not assignable to type 'RecurrenceFrequency'.
src/services/recurrence.service.test.ts(495,9): error TS2322: Type '"ON_DATE"' is not assignable to type 'RecurrenceEndType'.
src/services/recurrence.service.test.ts(509,9): error TS2322: Type '"MONTHLY"' is not assignable to type 'RecurrenceFrequency'.
src/services/recurrence.service.test.ts(512,9): error TS2322: Type '"NEVER"' is not assignable to type 'RecurrenceEndType'.
src/services/recurringInvoiceService.test.ts(10,1): error TS6192: All imports in import declaration are unused.
src/services/recurringInvoiceService.test.ts(276,14): error TS2532: Object is possibly 'undefined'.
src/services/recurringInvoiceService.test.ts(277,14): error TS2532: Object is possibly 'undefined'.
src/services/recurringInvoiceService.test.ts(278,14): error TS2532: Object is possibly 'undefined'.
src/services/recurringInvoiceService.test.ts(279,14): error TS2532: Object is possibly 'undefined'.
src/services/recurringInvoiceService.test.ts(280,14): error TS2532: Object is possibly 'undefined'.
src/services/recurringInvoiceService.test.ts(281,14): error TS2532: Object is possibly 'undefined'.
src/services/recurringInvoiceService.test.ts(299,14): error TS2532: Object is possibly 'undefined'.
src/services/recurringInvoiceService.test.ts(300,14): error TS2532: Object is possibly 'undefined'.
src/services/recurringInvoiceService.test.ts(301,14): error TS2532: Object is possibly 'undefined'.
src/services/recurringInvoiceService.test.ts(302,14): error TS2532: Object is possibly 'undefined'.
src/services/recurringInvoiceService.test.ts(322,14): error TS2532: Object is possibly 'undefined'.
src/services/reportDelivery.service.test.ts(130,14): error TS2532: Object is possibly 'undefined'.
src/services/reportDelivery.service.ts(91,51): error TS2552: Cannot find name 'ReportScheduleEntity'. Did you mean 'ReportSchedule'?
src/services/reportDelivery.service.ts(422,21): error TS2552: Cannot find name 'ReportScheduleEntity'. Did you mean 'ReportSchedule'?
src/services/reportDelivery.service.ts(511,53): error TS2552: Cannot find name 'ReportScheduleEntity'. Did you mean 'ReportSchedule'?
src/services/reportDelivery.service.ts(529,37): error TS2552: Cannot find name 'ReportScheduleEntity'. Did you mean 'ReportSchedule'?
src/services/reports/arAgingReport.service.test.ts(42,7): error TS2322: Type 'string' is not assignable to type 'number'.
src/services/reports/arAgingReport.service.test.ts(43,7): error TS2322: Type 'string' is not assignable to type 'number'.
src/services/reports/arAgingReport.service.test.ts(54,7): error TS2322: Type 'string' is not assignable to type 'number'.
src/services/reports/arAgingReport.service.test.ts(55,7): error TS2322: Type 'string' is not assignable to type 'number'.
src/services/reports/arAgingReport.service.test.ts(66,7): error TS2322: Type 'string' is not assignable to type 'number'.
src/services/reports/arAgingReport.service.test.ts(67,7): error TS2322: Type 'string' is not assignable to type 'number'.
src/services/reports/arAgingReport.service.test.ts(78,7): error TS2322: Type 'string' is not assignable to type 'number'.
src/services/reports/arAgingReport.service.test.ts(79,7): error TS2322: Type 'string' is not assignable to type 'number'.
src/services/reports/arAgingReport.service.test.ts(90,7): error TS2322: Type 'string' is not assignable to type 'number'.
src/services/reports/arAgingReport.service.test.ts(91,7): error TS2322: Type 'string' is not assignable to type 'number'.
src/services/reports/arAgingReport.service.test.ts(102,7): error TS2322: Type 'string' is not assignable to type 'number'.
src/services/reports/arAgingReport.service.test.ts(103,7): error TS2322: Type 'string' is not assignable to type 'number'.
src/services/reports/arAgingReport.service.test.ts(280,42): error TS2345: Argument of type 'number | undefined' is not assignable to parameter of type 'number | bigint'.
  Type 'undefined' is not assignable to type 'number | bigint'.
src/services/reports/arAgingReport.service.test.ts(281,42): error TS2345: Argument of type 'number | undefined' is not assignable to parameter of type 'number | bigint'.
  Type 'undefined' is not assignable to type 'number | bigint'.
src/services/reports/arAgingReport.service.test.ts(313,11): error TS2322: Type 'string' is not assignable to type 'number'.
src/services/reports/arAgingReport.service.test.ts(314,11): error TS2322: Type 'string' is not assignable to type 'number'.
src/services/reports/arAgingReport.service.test.ts(325,11): error TS2322: Type 'string' is not assignable to type 'number'.
src/services/reports/arAgingReport.service.test.ts(326,11): error TS2322: Type 'string' is not assignable to type 'number'.
src/services/reports/arAgingReport.service.test.ts(355,11): error TS2322: Type 'Partial<Invoice> | { id: string; company_id: string; customer_id: string; invoice_number: string; invoice_date: number; due_date: number; status: "void"; total: string; subtotal: string; deleted_at: null; }' is not assignable to type 'Partial<Invoice>'.
  Object literal may only specify known properties, but 'company_id' does not exist in type 'Partial<Invoice>'. Did you mean to write 'companyId'?
src/services/reports/arAgingReport.service.test.ts(361,11): error TS2322: Type 'string' is not assignable to type 'number'.
src/services/reports/arAgingReport.service.test.ts(362,11): error TS2322: Type 'string' is not assignable to type 'number'.
src/services/reports/arAgingReport.service.test.ts(417,14): error TS2532: Object is possibly 'undefined'.
src/services/reports/arAgingReport.service.test.ts(496,11): error TS2741: Property 'urgencyLevel' is missing in type '{ customerId: string; customerName: string; totalOutstanding: number; invoiceCount: number; buckets: { current: number; days1to30: number; days31to60: number; days61to90: number; days90plus: number; }; oldestInvoiceDate: null; oldestDueDate: null; hasOverdueInvoices: true; }' but required in type 'CustomerARAging'.
src/services/reports/arAgingReport.service.test.ts(750,14): error TS2532: Object is possibly 'undefined'.
src/services/reports/arAgingReport.service.ts(30,15): error TS6196: 'Invoice' is declared but never used.
src/services/reports/arAgingReport.service.ts(224,50): error TS2345: Argument of type 'import("C:/Users/Admin/graceful_books/src/types/database.types").Contact' is not assignable to parameter of type 'import("C:/Users/Admin/graceful_books/src/types/index").Contact'.
  Type 'Contact' is missing the following properties from type 'Contact': companyId, isActive, createdAt, updatedAt
src/services/reports/arAgingReport.service.ts(422,5): error TS2322: Type 'number | Date' is not assignable to type 'Date'.
  Type 'number' is not assignable to type 'Date'.
src/services/reports/balanceSheet.test.ts(17,24): error TS6196: 'JournalEntry' is declared but never used.
src/services/reports/balanceSheet.test.ts(55,11): error TS2741: Property 'id' is missing in type '{ accountId: string; debit: number; credit: number; memo: string; }' but required in type 'JournalEntryLine'.
src/services/reports/balanceSheet.test.ts(61,11): error TS2741: Property 'id' is missing in type '{ accountId: string; debit: number; credit: number; memo: string; }' but required in type 'JournalEntryLine'.
src/services/reports/balanceSheet.test.ts(97,11): error TS2741: Property 'id' is missing in type '{ accountId: string; debit: number; credit: number; memo: string; }' but required in type 'JournalEntryLine'.
src/services/reports/balanceSheet.test.ts(103,11): error TS2741: Property 'id' is missing in type '{ accountId: string; debit: number; credit: number; memo: string; }' but required in type 'JournalEntryLine'.
src/services/reports/balanceSheet.test.ts(135,11): error TS2741: Property 'id' is missing in type '{ accountId: string; debit: number; credit: number; memo: string; }' but required in type 'JournalEntryLine'.
src/services/reports/balanceSheet.test.ts(141,11): error TS2741: Property 'id' is missing in type '{ accountId: string; debit: number; credit: number; memo: string; }' but required in type 'JournalEntryLine'.
src/services/reports/balanceSheet.test.ts(160,11): error TS2741: Property 'id' is missing in type '{ accountId: string; debit: number; credit: number; memo: string; }' but required in type 'JournalEntryLine'.
src/services/reports/balanceSheet.test.ts(166,11): error TS2741: Property 'id' is missing in type '{ accountId: string; debit: number; credit: number; memo: string; }' but required in type 'JournalEntryLine'.
src/services/reports/balanceSheet.test.ts(245,11): error TS2741: Property 'id' is missing in type '{ accountId: string; debit: number; credit: number; memo: string; }' but required in type 'JournalEntryLine'.
src/services/reports/balanceSheet.test.ts(246,11): error TS2741: Property 'id' is missing in type '{ accountId: string; debit: number; credit: number; memo: string; }' but required in type 'JournalEntryLine'.
src/services/reports/balanceSheet.test.ts(260,11): error TS2741: Property 'id' is missing in type '{ accountId: string; debit: number; credit: number; memo: string; }' but required in type 'JournalEntryLine'.
src/services/reports/balanceSheet.test.ts(261,11): error TS2741: Property 'id' is missing in type '{ accountId: string; debit: number; credit: number; memo: string; }' but required in type 'JournalEntryLine'.
src/services/reports/balanceSheet.test.ts(275,11): error TS2741: Property 'id' is missing in type '{ accountId: string; debit: number; credit: number; memo: string; }' but required in type 'JournalEntryLine'.
src/services/reports/balanceSheet.test.ts(276,11): error TS2741: Property 'id' is missing in type '{ accountId: string; debit: number; credit: number; memo: string; }' but required in type 'JournalEntryLine'.
src/services/reports/balanceSheet.test.ts(328,11): error TS2741: Property 'id' is missing in type '{ accountId: string; debit: number; credit: number; memo: string; }' but required in type 'JournalEntryLine'.
src/services/reports/balanceSheet.test.ts(329,11): error TS2741: Property 'id' is missing in type '{ accountId: string; debit: number; credit: number; memo: string; }' but required in type 'JournalEntryLine'.
src/services/reports/balanceSheet.test.ts(345,10): error TS7006: Parameter 'line' implicitly has an 'any' type.
src/services/reports/balanceSheet.test.ts(351,10): error TS7006: Parameter 'line' implicitly has an 'any' type.
src/services/reports/balanceSheet.test.ts(377,11): error TS2741: Property 'id' is missing in type '{ accountId: string; debit: number; credit: number; memo: string; }' but required in type 'JournalEntryLine'.
src/services/reports/balanceSheet.test.ts(378,11): error TS2741: Property 'id' is missing in type '{ accountId: string; debit: number; credit: number; memo: string; }' but required in type 'JournalEntryLine'.
src/services/reports/balanceSheet.test.ts(394,10): error TS7006: Parameter 'line' implicitly has an 'any' type.
src/services/reports/balanceSheet.test.ts(428,11): error TS2741: Property 'id' is missing in type '{ accountId: string; debit: number; credit: number; memo: string; }' but required in type 'JournalEntryLine'.
src/services/reports/balanceSheet.test.ts(429,11): error TS2741: Property 'id' is missing in type '{ accountId: string; debit: number; credit: number; memo: string; }' but required in type 'JournalEntryLine'.
src/services/reports/balanceSheet.test.ts(430,11): error TS2741: Property 'id' is missing in type '{ accountId: string; debit: number; credit: number; memo: string; }' but required in type 'JournalEntryLine'.
src/services/reports/balanceSheet.test.ts(446,10): error TS7006: Parameter 'line' implicitly has an 'any' type.
src/services/reports/balanceSheet.test.ts(452,10): error TS7006: Parameter 'line' implicitly has an 'any' type.
src/services/reports/pdfExport.test.ts(195,24): error TS2532: Object is possibly 'undefined'.
src/services/reports/pdfExport.test.ts(219,24): error TS2532: Object is possibly 'undefined'.
src/services/reports/pdfExport.test.ts(305,24): error TS2532: Object is possibly 'undefined'.
src/services/reports/pdfExport.test.ts(332,24): error TS2532: Object is possibly 'undefined'.
src/services/reports/pdfExport.test.ts(360,24): error TS2532: Object is possibly 'undefined'.
src/services/reports/pdfExport.test.ts(382,24): error TS2532: Object is possibly 'undefined'.
src/services/reports/pdfExport.test.ts(399,24): error TS2532: Object is possibly 'undefined'.
src/services/reports/pdfExport.test.ts(416,22): error TS2532: Object is possibly 'undefined'.
src/services/reports/pdfExport.test.ts(423,18): error TS2532: Object is possibly 'undefined'.
src/services/reports/pdfExport.test.ts(533,24): error TS2532: Object is possibly 'undefined'.
src/services/reports/pdfExport.test.ts(554,24): error TS2532: Object is possibly 'undefined'.
src/services/reports/profitLoss.test.ts(766,14): error TS2532: Object is possibly 'undefined'.
src/services/reports/profitLoss.test.ts(767,14): error TS2532: Object is possibly 'undefined'.
src/services/reports/profitLoss.test.ts(831,14): error TS2532: Object is possibly 'undefined'.
src/services/reports/profitLoss.test.ts(894,14): error TS2532: Object is possibly 'undefined'.
src/services/reports/profitLoss.test.ts(895,14): error TS2532: Object is possibly 'undefined'.
src/services/reports/profitLoss.test.ts(1115,11): error TS2322: Type '"DATABASE_ERROR"' is not assignable to type 'DatabaseErrorCode'.
src/services/reports/profitLoss.test.ts(1149,11): error TS2322: Type '"DATABASE_ERROR"' is not assignable to type 'DatabaseErrorCode'.
src/services/reports/reportExport.service.test.ts(9,33): error TS6196: 'ProfitLossReport' is declared but never used.
src/services/reports/reportExport.service.ts(18,38): error TS6196: 'ReportParameters' is declared but never used.
src/services/reportScheduler.service.test.ts(52,11): error TS2322: Type '"last-week"' is not assignable to type '"custom" | "this-month" | "last-month" | "this-quarter" | "last-quarter" | "this-year" | "last-year" | "year-to-date" | undefined'.
src/services/reportScheduler.service.ts(14,1): error TS6192: All imports in import declaration are unused.
src/services/runway/burnRateAnalyzer.service.ts(128,47): error TS7006: Parameter 'line' implicitly has an 'any' type.
src/services/runway/burnRateAnalyzer.service.ts(138,9): error TS2367: This comparison appears to be unintentional because the types 'AccountType' and '"expense"' have no overlap.
src/services/runway/burnRateAnalyzer.service.ts(139,9): error TS2367: This comparison appears to be unintentional because the types 'AccountType' and '"cost-of-goods-sold"' have no overlap.
src/services/runway/burnRateAnalyzer.service.ts(140,9): error TS2367: This comparison appears to be unintentional because the types 'AccountType' and '"other-expense"' have no overlap.
src/services/runway/burnRateAnalyzer.service.ts(290,47): error TS7006: Parameter 'line' implicitly has an 'any' type.
src/services/runway/burnRateAnalyzer.service.ts(299,11): error TS2367: This comparison appears to be unintentional because the types 'AccountType' and '"income"' have no overlap.
src/services/runway/burnRateAnalyzer.service.ts(299,40): error TS2367: This comparison appears to be unintentional because the types 'AccountType' and '"other-income"' have no overlap.
src/services/runway/burnRateAnalyzer.service.ts(329,36): error TS2551: Property 'invoiceDate' does not exist on type 'Invoice'. Did you mean 'invoice_date'?
src/services/runway/burnRateAnalyzer.service.ts(330,80): error TS2367: This comparison appears to be unintentional because the types 'InvoiceStatus' and '"void"' have no overlap.
src/services/runway/burnRateAnalyzer.service.ts(335,60): error TS2339: Property 'contactId' does not exist on type 'Invoice'.
src/services/runway/burnRateAnalyzer.service.ts(340,44): error TS2339: Property 'contactId' does not exist on type 'Invoice'.
src/services/runway/burnRateAnalyzer.service.ts(343,38): error TS2551: Property 'invoiceDate' does not exist on type 'Invoice'. Did you mean 'invoice_date'?
src/services/runway/burnRateAnalyzer.service.ts(396,7): error TS2322: Type '"stable" | "increasing" | "decreasing"' is not assignable to type '"stable" | "declining" | "growing"'.
  Type '"increasing"' is not assignable to type '"stable" | "declining" | "growing"'.
src/services/runway/burnRateAnalyzer.service.ts(416,7): error TS2322: Type '"stable" | "increasing" | "decreasing"' is not assignable to type '"stable" | "declining" | "growing"'.
  Type '"increasing"' is not assignable to type '"stable" | "declining" | "growing"'.
src/services/runway/runwayCalculator.service.test.ts(14,1): error TS6192: All imports in import declaration are unused.
src/services/runway/runwayCalculator.service.ts(110,7): error TS2367: This comparison appears to be unintentional because the types 'AccountType' and '"asset"' have no overlap.
src/services/runway/runwayCalculator.service.ts(117,9): error TS2367: This comparison appears to be unintentional because the types 'AccountType' and '"liability"' have no overlap.
src/services/runway/runwayCalculator.service.ts(156,47): error TS7006: Parameter 'line' implicitly has an 'any' type.
src/services/runway/runwayCalculator.service.ts(166,11): error TS2367: This comparison appears to be unintentional because the types 'AccountType' and '"income"' have no overlap.
src/services/runway/runwayCalculator.service.ts(166,40): error TS2367: This comparison appears to be unintentional because the types 'AccountType' and '"other-income"' have no overlap.
src/services/runway/runwayCalculator.service.ts(169,9): error TS2367: This comparison appears to be unintentional because the types 'AccountType' and '"expense"' have no overlap.
src/services/runway/runwayCalculator.service.ts(170,9): error TS2367: This comparison appears to be unintentional because the types 'AccountType' and '"cost-of-goods-sold"' have no overlap.
src/services/runway/runwayCalculator.service.ts(171,9): error TS2367: This comparison appears to be unintentional because the types 'AccountType' and '"other-expense"' have no overlap.
src/services/runway/runwayCalculator.service.ts(184,23): error TS2345: Argument of type 'number | undefined' is not assignable to parameter of type 'number'.
  Type 'undefined' is not assignable to type 'number'.
src/services/runway/runwayCalculator.service.ts(184,29): error TS18048: 'month' is possibly 'undefined'.
src/services/runway/runwayCalculator.service.ts(225,5): error TS2532: Object is possibly 'undefined'.
src/services/runway/runwayCalculator.service.ts(280,24): error TS2532: Object is possibly 'undefined'.
src/services/runway/runwayCalculator.service.ts(281,25): error TS2532: Object is possibly 'undefined'.
src/services/runway/runwayCalculator.service.ts(318,5): error TS2532: Object is possibly 'undefined'.
src/services/runway/runwayCalculator.service.ts(319,5): error TS2532: Object is possibly 'undefined'.
src/services/runway/scenarioModeler.service.ts(23,3): error TS6196: 'ScenarioType' is declared but never used.
src/services/runway/scenarioModeler.service.ts(27,10): error TS2724: '"./runwayCalculator.service"' has no exported member named 'calculateRunwayMonths'. Did you mean 'calculateRunway'?
src/services/runway/scenarioModeler.service.ts(304,9): error TS18048: 'topClient' is possibly 'undefined'.
src/services/runway/scenarioModeler.service.ts(307,36): error TS18048: 'topClient' is possibly 'undefined'.
src/services/runway/scenarioModeler.service.ts(308,73): error TS18048: 'topClient' is possibly 'undefined'.
src/services/runway/scenarioModeler.service.ts(310,19): error TS18048: 'topClient' is possibly 'undefined'.
src/services/runway/scenarioModeler.service.ts(311,40): error TS18048: 'topClient' is possibly 'undefined'.
src/services/runway/scenarioModeler.service.ts(311,69): error TS18048: 'topClient' is possibly 'undefined'.
src/services/runway/scenarioModeler.service.ts(314,19): error TS18048: 'topClient' is possibly 'undefined'.
src/services/runway/scenarioModeler.service.ts(315,32): error TS18048: 'topClient' is possibly 'undefined'.
src/services/runway/scenarioModeler.service.ts(316,21): error TS18048: 'topClient' is possibly 'undefined'.
src/services/runway/scenarioModeler.service.ts(317,23): error TS18048: 'topClient' is possibly 'undefined'.
src/services/runway/scenarioModeler.service.ts(326,9): error TS18048: 'topProduct' is possibly 'undefined'.
src/services/runway/scenarioModeler.service.ts(329,48): error TS18048: 'topProduct' is possibly 'undefined'.
src/services/runway/scenarioModeler.service.ts(330,84): error TS18048: 'topProduct' is possibly 'undefined'.
src/services/runway/scenarioModeler.service.ts(333,20): error TS18048: 'topProduct' is possibly 'undefined'.
src/services/runway/scenarioModeler.service.ts(333,50): error TS18048: 'topProduct' is possibly 'undefined'.
src/services/runway/scenarioModeler.service.ts(336,19): error TS18048: 'topProduct' is possibly 'undefined'.
src/services/runway/scenarioModeler.service.ts(337,40): error TS18048: 'topProduct' is possibly 'undefined'.
src/services/runway/scenarioModeler.service.ts(346,9): error TS18048: 'topExpense' is possibly 'undefined'.
src/services/runway/scenarioModeler.service.ts(349,39): error TS18048: 'topExpense' is possibly 'undefined'.
src/services/runway/scenarioModeler.service.ts(350,45): error TS18048: 'topExpense' is possibly 'undefined'.
src/services/runway/scenarioModeler.service.ts(350,65): error TS18048: 'topExpense' is possibly 'undefined'.
src/services/runway/scenarioModeler.service.ts(353,20): error TS18048: 'topExpense' is possibly 'undefined'.
src/services/runway/scenarioModeler.service.ts(353,66): error TS18048: 'topExpense' is possibly 'undefined'.
src/services/runway/scenarioModeler.service.ts(356,19): error TS18048: 'topExpense' is possibly 'undefined'.
src/services/runway/scenarioModeler.service.ts(357,34): error TS18048: 'topExpense' is possibly 'undefined'.
src/services/runway/scenarioModeler.service.ts(358,23): error TS18048: 'topExpense' is possibly 'undefined'.
src/services/runway/scenarioModeler.service.ts(359,25): error TS18048: 'topExpense' is possibly 'undefined'.
src/services/scenarios/scenarioCalculator.service.ts(18,10): error TS2724: '"../reports/balanceSheet"' has no exported member named 'generateBalanceSheetReport'. Did you mean 'generateBalanceSheet'?
src/services/scenarios/scenarioCalculator.service.ts(28,3): error TS6196: 'ScenarioWorksheetRow' is declared but never used.
src/services/scenarios/scenarioCalculator.service.ts(29,3): error TS6196: 'ScenarioComparisonData' is declared but never used.
src/services/scenarios/scenarioCalculator.service.ts(31,1): error TS6192: All imports in import declaration are unused.
src/services/scenarios/scenarioCalculator.service.ts(57,48): error TS2561: Object literal may only specify known properties, but 'company_id' does not exist in type 'AccountFilter'. Did you mean to write 'companyId'?
src/services/scenarios/scenarioCalculator.service.ts(61,56): error TS2561: Object literal may only specify known properties, but 'company_id' does not exist in type 'TransactionFilter'. Did you mean to write 'companyId'?
src/services/scenarios/scenarioCalculator.service.ts(68,5): error TS2322: Type 'number' is not assignable to type 'Date'.
src/services/scenarios/scenarioCalculator.service.ts(69,5): error TS2322: Type 'number' is not assignable to type 'Date'.
src/services/scenarios/scenarioCalculator.service.ts(73,64): error TS2554: Expected 1 arguments, but got 3.
src/services/scenarios/scenarioCalculator.service.ts(84,14): error TS2367: This comparison appears to be unintentional because the types 'AccountType' and '"bank"' have no overlap.
src/services/scenarios/scenarioCalculator.service.ts(84,41): error TS2339: Property 'account_name' does not exist on type 'Account'.
src/services/scenarios/scenarioCalculator.service.ts(93,10): error TS2339: Property 'account_name' does not exist on type 'Account'.
src/services/scenarios/scenarioCalculator.service.ts(94,10): error TS2339: Property 'account_name' does not exist on type 'Account'.
src/services/scenarios/scenarioCalculator.service.ts(95,10): error TS2339: Property 'account_name' does not exist on type 'Account'.
src/services/scenarios/scenarioCalculator.service.ts(105,10): error TS2339: Property 'account_name' does not exist on type 'Account'.
src/services/scenarios/scenarioCalculator.service.ts(106,10): error TS2339: Property 'account_name' does not exist on type 'Account'.
src/services/scenarios/scenarioCalculator.service.ts(107,10): error TS2339: Property 'account_name' does not exist on type 'Account'.
src/services/scenarios/scenarioCalculator.service.ts(116,14): error TS2367: This comparison appears to be unintentional because the types 'AccountType' and '"accounts-receivable"' have no overlap.
src/services/scenarios/scenarioCalculator.service.ts(116,56): error TS2339: Property 'account_code' does not exist on type 'Account'.
src/services/scenarios/scenarioCalculator.service.ts(194,57): error TS2304: Cannot find name 'baseline'.
src/services/scenarios/scenarioCalculator.service.ts(197,46): error TS2304: Cannot find name 'baseline'.
src/services/scenarios/scenarioCalculator.service.ts(200,46): error TS2304: Cannot find name 'baseline'.
src/services/scenarios/scenarioCalculator.service.ts(203,50): error TS2304: Cannot find name 'baseline'.
src/services/scenarios/scenarioCalculator.service.ts(206,51): error TS2304: Cannot find name 'baseline'.
src/services/scenarios/scenarioCalculator.service.ts(209,54): error TS2304: Cannot find name 'baseline'.
src/services/scenarios/scenarioCalculator.service.ts(212,45): error TS2304: Cannot find name 'baseline'.
src/services/scenarios/scenarioCalculator.service.ts(215,42): error TS2304: Cannot find name 'baseline'.
src/services/scenarios/scenarioCalculator.service.ts(218,42): error TS2304: Cannot find name 'baseline'.
src/services/scenarios/scenarioCalculator.service.ts(221,49): error TS2304: Cannot find name 'baseline'.
src/services/scenarios/scenarioCalculator.service.ts(224,42): error TS2304: Cannot find name 'baseline'.
src/services/scenarios/scenarioCalculator.service.ts(227,48): error TS2304: Cannot find name 'baseline'.
src/services/scenarios/scenarioCalculator.service.ts(553,26): error TS2304: Cannot find name 'baseline'.
src/services/scenarios/scenarioCalculator.service.ts(553,61): error TS7006: Parameter 's' implicitly has an 'any' type.
src/services/scenarios/scenarioCalculator.service.ts(867,27): error TS18048: 'baseline.profit_loss.sections' is possibly 'undefined'.
src/services/scenarios/scenarioCalculator.service.ts(869,6): error TS18048: 'baseline.profit_loss.sections' is possibly 'undefined'.
src/services/scenarios/scenarioCalculator.service.ts(870,6): error TS18048: 'baseline.profit_loss.sections' is possibly 'undefined'.
src/services/scenarios/scenarioCalculator.service.ts(977,5): error TS2741: Property 'references' is missing in type '{ is_valid: false; error_message: string; }' but required in type 'FormulaParseResult'.
src/services/scenarios/scenarioCalculator.service.ts(998,9): error TS2322: Type 'string | undefined' is not assignable to type 'string'.
  Type 'undefined' is not assignable to type 'string'.
src/services/scenarios/scenarioCalculator.service.ts(1016,5): error TS2741: Property 'references' is missing in type '{ is_valid: false; error_message: string; }' but required in type 'FormulaParseResult'.
src/services/scenarios/scenarioSharing.service.ts(17,28): error TS2307: Cannot find module '../email/emailQueue.service' or its corresponding type declarations.
src/services/scenarios/scenarioSharing.service.ts(53,26): error TS7053: Element implicitly has an 'any' type because expression of type '"scenarios"' can't be used to index type 'TreasureChestDB'.
  Property 'scenarios' does not exist on type 'TreasureChestDB'.
src/services/scenarios/scenarioSharing.service.ts(67,31): error TS7053: Element implicitly has an 'any' type because expression of type '"scenario_shares"' can't be used to index type 'TreasureChestDB'.
  Property 'scenario_shares' does not exist on type 'TreasureChestDB'.
src/services/scenarios/scenarioSharing.service.ts(85,11): error TS7053: Element implicitly has an 'any' type because expression of type '"scenario_shares"' can't be used to index type 'TreasureChestDB'.
  Property 'scenario_shares' does not exist on type 'TreasureChestDB'.
src/services/scenarios/scenarioSharing.service.ts(104,11): error TS7053: Element implicitly has an 'any' type because expression of type '"scenario_shares"' can't be used to index type 'TreasureChestDB'.
  Property 'scenario_shares' does not exist on type 'TreasureChestDB'.
src/services/scenarios/scenarioSharing.service.ts(108,9): error TS7053: Element implicitly has an 'any' type because expression of type '"scenarios"' can't be used to index type 'TreasureChestDB'.
  Property 'scenarios' does not exist on type 'TreasureChestDB'.
src/services/scenarios/scenarioSharing.service.ts(118,5): error TS2322: Type 'string | undefined' is not assignable to type 'string'.
  Type 'undefined' is not assignable to type 'string'.
src/services/scenarios/scenarioSharing.service.ts(149,23): error TS7053: Element implicitly has an 'any' type because expression of type '"scenario_shares"' can't be used to index type 'TreasureChestDB'.
  Property 'scenario_shares' does not exist on type 'TreasureChestDB'.
src/services/scenarios/scenarioSharing.service.ts(159,11): error TS7053: Element implicitly has an 'any' type because expression of type '"scenario_shares"' can't be used to index type 'TreasureChestDB'.
  Property 'scenario_shares' does not exist on type 'TreasureChestDB'.
src/services/scenarios/scenarioSharing.service.ts(193,9): error TS7053: Element implicitly has an 'any' type because expression of type '"scenario_comments"' can't be used to index type 'TreasureChestDB'.
  Property 'scenario_comments' does not exist on type 'TreasureChestDB'.
src/services/scenarios/scenarioSharing.service.ts(196,23): error TS7053: Element implicitly has an 'any' type because expression of type '"scenario_shares"' can't be used to index type 'TreasureChestDB'.
  Property 'scenario_shares' does not exist on type 'TreasureChestDB'.
src/services/scenarios/scenarioSharing.service.ts(202,11): error TS7053: Element implicitly has an 'any' type because expression of type '"scenario_shares"' can't be used to index type 'TreasureChestDB'.
  Property 'scenario_shares' does not exist on type 'TreasureChestDB'.
src/services/scenarios/scenarioSharing.service.ts(222,23): error TS7053: Element implicitly has an 'any' type because expression of type '"scenario_shares"' can't be used to index type 'TreasureChestDB'.
  Property 'scenario_shares' does not exist on type 'TreasureChestDB'.
src/services/scenarios/scenarioSharing.service.ts(231,9): error TS7053: Element implicitly has an 'any' type because expression of type '"scenario_shares"' can't be used to index type 'TreasureChestDB'.
  Property 'scenario_shares' does not exist on type 'TreasureChestDB'.
src/services/scenarios/scenarioSharing.service.ts(238,9): error TS7053: Element implicitly has an 'any' type because expression of type '"scenarios"' can't be used to index type 'TreasureChestDB'.
  Property 'scenarios' does not exist on type 'TreasureChestDB'.
src/services/scenarios/scenarioSharing.service.ts(256,23): error TS7053: Element implicitly has an 'any' type because expression of type '"scenario_shares"' can't be used to index type 'TreasureChestDB'.
  Property 'scenario_shares' does not exist on type 'TreasureChestDB'.
src/services/scenarios/scenarioSharing.service.ts(265,9): error TS7053: Element implicitly has an 'any' type because expression of type '"scenario_shares"' can't be used to index type 'TreasureChestDB'.
  Property 'scenario_shares' does not exist on type 'TreasureChestDB'.
src/services/scenarios/scenarioSharing.service.ts(289,26): error TS7053: Element implicitly has an 'any' type because expression of type '"scenarios"' can't be used to index type 'TreasureChestDB'.
  Property 'scenarios' does not exist on type 'TreasureChestDB'.
src/services/scenarios/scenarioSharing.service.ts(295,23): error TS7053: Element implicitly has an 'any' type because expression of type '"scenario_shares"' can't be used to index type 'TreasureChestDB'.
  Property 'scenario_shares' does not exist on type 'TreasureChestDB'.
src/services/scenarios/scenarioSharing.service.ts(326,26): error TS7053: Element implicitly has an 'any' type because expression of type '"scenario_comments"' can't be used to index type 'TreasureChestDB'.
  Property 'scenario_comments' does not exist on type 'TreasureChestDB'.
src/services/scenarios/scenarioSharing.service.ts(329,11): error TS7006: Parameter 'comment' implicitly has an 'any' type.
src/services/scenarios/scenarioSharing.service.ts(387,15): error TS7053: Element implicitly has an 'any' type because expression of type '"scenario_shares"' can't be used to index type 'TreasureChestDB'.
  Property 'scenario_shares' does not exist on type 'TreasureChestDB'.
src/services/scenarios/scenarioSharing.service.ts(392,24): error TS7006: Parameter 'share' implicitly has an 'any' type.
src/services/scenarios/scenarioSharing.service.ts(398,23): error TS7006: Parameter 'share' implicitly has an 'any' type.
src/services/scenarios/scenarioSharing.service.ts(399,30): error TS7053: Element implicitly has an 'any' type because expression of type '"scenarios"' can't be used to index type 'TreasureChestDB'.
  Property 'scenarios' does not exist on type 'TreasureChestDB'.
src/services/scenarios/scenarioSharing.service.ts(409,28): error TS7006: Parameter 's' implicitly has an 'any' type.
src/services/scenarios/scenarioSharing.service.ts(430,24): error TS7053: Element implicitly has an 'any' type because expression of type '"scenario_shares"' can't be used to index type 'TreasureChestDB'.
  Property 'scenario_shares' does not exist on type 'TreasureChestDB'.
src/services/scenarios/scenarioSharing.service.ts(433,11): error TS7006: Parameter 'share' implicitly has an 'any' type.
src/services/scenarios/scenarioSharing.service.ts(436,26): error TS7053: Element implicitly has an 'any' type because expression of type '"scenario_comments"' can't be used to index type 'TreasureChestDB'.
  Property 'scenario_comments' does not exist on type 'TreasureChestDB'.
src/services/scenarios/scenarioSharing.service.ts(439,11): error TS7006: Parameter 'comment' implicitly has an 'any' type.
src/services/scenarios/scenarioSharing.service.ts(447,29): error TS7006: Parameter 's' implicitly has an 'any' type.
src/services/scenarios/scenarioSharing.service.ts(448,28): error TS7006: Parameter 's' implicitly has an 'any' type.
src/services/scenarios/scenarioSharing.service.ts(449,31): error TS7006: Parameter 's' implicitly has an 'any' type.
src/services/scenarios/scenarioSharing.service.ts(450,30): error TS7006: Parameter 's' implicitly has an 'any' type.
src/services/scenarios/scenarioSharing.service.ts(451,30): error TS7006: Parameter 's' implicitly has an 'any' type.
src/services/statementParser.ts(74,5): error TS2322: Type 'number | undefined' is not assignable to type 'string | number'.
  Type 'undefined' is not assignable to type 'string | number'.
src/services/stripe.service.ts(48,5): error TS2322: Type '"2024-11-20.acacia"' is not assignable to type '"2025-12-15.clover"'.
src/services/stripe.service.ts(161,48): error TS2339: Property 'current_period_start' does not exist on type 'Response<Subscription>'.
src/services/stripe.service.ts(162,46): error TS2339: Property 'current_period_end' does not exist on type 'Response<Subscription>'.
src/services/stripe.service.ts(234,19): error TS2532: Object is possibly 'undefined'.
src/services/stripe.service.ts(515,46): error TS2339: Property 'current_period_start' does not exist on type 'Subscription'.
src/services/stripe.service.ts(516,44): error TS2339: Property 'current_period_end' does not exist on type 'Subscription'.
src/services/stripe.service.ts(574,23): error TS2339: Property 'subscription' does not exist on type 'Invoice'.
src/services/stripe.service.ts(617,21): error TS2339: Property 'subscription' does not exist on type 'Invoice'.
src/services/tax/taxPackageGenerator.service.ts(14,19): error TS2307: Cannot find module 'jszip' or its corresponding type declarations.
src/services/tax/taxPackageGenerator.service.ts(18,35): error TS2724: '"../reports/pdfExport"' has no exported member named 'generateProfitLossPDF'. Did you mean 'exportProfitLossPDF'?
src/services/tax/taxPackageGenerator.service.ts(47,5): error TS2353: Object literal may only specify known properties, and 'startDate' does not exist in type 'ProfitLossOptions'.
src/services/tax/taxPackageGenerator.service.ts(56,51): error TS2345: Argument of type 'Date' is not assignable to parameter of type 'ReportFilter'.
  Property 'companyId' is missing in type 'Date' but required in type 'ReportFilter'.
src/services/tax/taxPackageGenerator.service.ts(57,47): error TS2345: Argument of type 'ReportCalculationResult<BalanceSheetData>' is not assignable to parameter of type 'BalanceSheetData'.
  Type 'ReportCalculationResult<BalanceSheetData>' is missing the following properties from type 'BalanceSheetData': companyId, asOfDate, generatedAt, assets, and 6 more.
src/services/tax/taxPackageGenerator.service.ts(133,24): error TS18048: 'transaction.lines' is possibly 'undefined'.
src/services/tax/taxPackageGenerator.service.ts(135,25): error TS2769: No overload matches this call.
  Overload 1 of 4, '(value: string | number | Date): Date', gave the following error.
    Argument of type 'number | undefined' is not assignable to parameter of type 'string | number | Date'.
      Type 'undefined' is not assignable to type 'string | number | Date'.
  Overload 2 of 4, '(value: string | number): Date', gave the following error.
    Argument of type 'number | undefined' is not assignable to parameter of type 'string | number'.
      Type 'undefined' is not assignable to type 'string | number'.
src/services/tax/taxPackageGenerator.service.ts(136,13): error TS18047: 'transaction.description' is possibly 'null'.
src/services/transactionMatcher.test.ts(462,40): error TS2345: Argument of type '({ statementTransactionId: string; systemTransactionId: string; confidence: "EXACT"; score: number; reasons: never[]; } | { statementTransactionId: string; systemTransactionId: string; confidence: "HIGH"; score: number; reasons: never[]; } | { ...; } | { ...; })[]' is not assignable to parameter of type 'TransactionMatch[]'.
  Type '{ statementTransactionId: string; systemTransactionId: string; confidence: "EXACT"; score: number; reasons: never[]; } | { statementTransactionId: string; systemTransactionId: string; confidence: "HIGH"; score: number; reasons: never[]; } | { ...; } | { ...; }' is not assignable to type 'TransactionMatch'.
    Type '{ statementTransactionId: string; systemTransactionId: string; confidence: "EXACT"; score: number; reasons: never[]; }' is not assignable to type 'TransactionMatch'.
      Types of property 'confidence' are incompatible.
        Type '"EXACT"' is not assignable to type 'MatchConfidence'.
src/store/approvalWorkflows.ts(59,11): error TS2322: Type '{ id: string; company_id: string; name: string; description?: string | null | undefined; status?: ApprovalRuleStatus | undefined; priority?: number | undefined; conditions?: ApprovalCondition[] | undefined; ... 9 more ...; deleted_at?: number | ... 1 more ... | undefined; }' is not assignable to type 'ApprovalRule'.
  Types of property 'description' are incompatible.
    Type 'string | null | undefined' is not assignable to type 'string | null'.
      Type 'undefined' is not assignable to type 'string | null'.
src/store/approvalWorkflows.ts(112,27): error TS1361: 'ApprovalRuleStatus' cannot be used as a value because it was imported using 'import type'.
src/store/approvalWorkflows.ts(294,5): error TS2322: Type 'ApprovalRequest | undefined' is not assignable to type 'ApprovalRequest | null'.
  Type 'undefined' is not assignable to type 'ApprovalRequest | null'.
src/store/approvalWorkflows.ts(311,27): error TS1361: 'ApprovalRequestStatus' cannot be used as a value because it was imported using 'import type'.
src/store/approvalWorkflows.ts(331,27): error TS1361: 'ApprovalRequestStatus' cannot be used as a value because it was imported using 'import type'.
src/store/approvalWorkflows.ts(558,27): error TS1361: 'DelegationStatus' cannot be used as a value because it was imported using 'import type'.
src/store/approvalWorkflows.ts(578,27): error TS1361: 'DelegationStatus' cannot be used as a value because it was imported using 'import type'.
src/store/categorization.test.ts(453,57): error TS7006: Parameter 's' implicitly has an 'any' type.
src/store/categorization.test.ts(454,56): error TS7006: Parameter 's' implicitly has an 'any' type.
src/store/charities.test.ts(72,61): error TS2345: Argument of type '"EDUCATION"' is not assignable to parameter of type 'CharityCategory | undefined'.
src/store/charities.test.ts(84,52): error TS2345: Argument of type '"ARTS_CULTURE"' is not assignable to parameter of type 'CharityCategory | undefined'.
src/store/conflicts.ts(115,13): error TS2345: Argument of type 'null' is not assignable to parameter of type 'IndexableType'.
src/store/conflicts.ts(381,5): error TS2740: Type 'Collection<any, IndexableType, any>' is missing the following properties from type 'Table<any, IndexableType, any>': name, schema, hook, core, and 15 more.
src/store/conflicts.ts(385,5): error TS2740: Type 'Collection<any, IndexableType, any>' is missing the following properties from type 'Table<any, IndexableType, any>': name, schema, hook, core, and 15 more.
src/store/contacts.test.ts(151,13): error TS2739: Type '{ encryptionService: any; }' is missing the following properties from type 'EncryptionContext': companyId, userId
src/store/contacts.test.ts(155,53): error TS2345: Argument of type '(entity: any) => Promise<string>' is not assignable to parameter of type '(item: ContactEntity, key?: string | undefined) => PromiseExtended<string>'.
  Property 'timeout' is missing in type 'Promise<string>' but required in type 'PromiseExtended<string>'.
src/store/contacts.test.ts(177,13): error TS2739: Type '{ encryptionService: any; }' is missing the following properties from type 'EncryptionContext': companyId, userId
src/store/contacts.test.ts(256,13): error TS2739: Type '{ encryptionService: any; }' is missing the following properties from type 'EncryptionContext': companyId, userId
src/store/contacts.test.ts(260,53): error TS2345: Argument of type '(entity: any) => Promise<string>' is not assignable to parameter of type '(item: ContactEntity, key?: string | undefined) => PromiseExtended<string>'.
  Property 'timeout' is missing in type 'Promise<string>' but required in type 'PromiseExtended<string>'.
src/store/contacts.test.ts(355,13): error TS2739: Type '{ encryptionService: any; }' is missing the following properties from type 'EncryptionContext': companyId, userId
src/store/contacts.test.ts(425,13): error TS2739: Type '{ encryptionService: any; }' is missing the following properties from type 'EncryptionContext': companyId, userId
src/store/contacts.test.ts(569,16): error TS2532: Object is possibly 'undefined'.
src/store/contacts.test.ts(608,16): error TS2532: Object is possibly 'undefined'.
src/store/contacts.test.ts(675,13): error TS2739: Type '{ encryptionService: any; }' is missing the following properties from type 'EncryptionContext': companyId, userId
src/store/contacts.ts(171,9): error TS2322: Type 'string | undefined' is not assignable to type 'Address | undefined'.
  Type 'string' is not assignable to type 'Address'.
src/store/emailPreferences.test.ts(377,14): error TS2532: Object is possibly 'undefined'.
src/store/emailPreferences.test.ts(491,36): error TS2538: Type 'undefined' cannot be used as an index type.
src/store/invoiceTemplates.test.ts(262,27): error TS2339: Property 'warnings' does not exist on type 'DatabaseResult<InvoiceTemplateCustomization>'.
  Property 'warnings' does not exist on type '{ success: false; error: DatabaseError; }'.
src/store/recurringInvoices.test.ts(24,54): error TS2307: Cannot find module '../db/schema' or its corresponding type declarations.
src/store/recurringInvoices.test.ts(607,16): error TS2532: Object is possibly 'undefined'.
src/store/recurringInvoices.test.ts(715,16): error TS2532: Object is possibly 'undefined'.
src/store/recurringInvoices.test.ts(716,16): error TS2532: Object is possibly 'undefined'.
src/store/tutorials.test.ts(356,21): error TS2339: Property 'data' does not exist on type 'DatabaseResult<TutorialBadge[]>'.
  Property 'data' does not exist on type '{ success: false; error: DatabaseError; }'.
src/store/tutorials.test.ts(390,21): error TS2339: Property 'data' does not exist on type 'DatabaseResult<TutorialBadge[]>'.
  Property 'data' does not exist on type '{ success: false; error: DatabaseError; }'.
src/store/tutorials.test.ts(391,21): error TS2339: Property 'data' does not exist on type 'DatabaseResult<TutorialBadge[]>'.
  Property 'data' does not exist on type '{ success: false; error: DatabaseError; }'.
src/types/barter.types.ts(18,3): error TS6196: 'VersionVector' is declared but never used.
src/types/journalEntry.types.ts(16,3): error TS6196: 'TransactionType' is declared but never used.
src/types/reports.types.ts(473,18): error TS2430: Interface 'BalanceSheetReport' incorrectly extends interface 'BalanceSheetData'.
  Types of property 'companyId' are incompatible.
    Type 'string | undefined' is not assignable to type 'string'.
      Type 'undefined' is not assignable to type 'string'.
src/types/scenarios.types.ts(8,24): error TS6196: 'JournalEntry' is declared but never used.
src/utils/crypto/constantTime.ts(96,15): error TS2532: Object is possibly 'undefined'.
src/utils/crypto/constantTime.ts(96,28): error TS2532: Object is possibly 'undefined'.
src/utils/emailQueue.test.ts(126,14): error TS2532: Object is possibly 'undefined'.
src/utils/emailQueue.test.ts(127,14): error TS2532: Object is possibly 'undefined'.
src/utils/emailQueue.test.ts(128,14): error TS2532: Object is possibly 'undefined'.
src/utils/emailQueue.test.ts(129,14): error TS2532: Object is possibly 'undefined'.
src/utils/emailQueue.ts(216,25): error TS18048: 'delayMinutes' is possibly 'undefined'.
src/utils/flowCalculations.test.ts(23,38): error TS6196: 'AccountType' is declared but never used.
src/utils/parsers/csvParser.test.ts(39,14): error TS2532: Object is possibly 'undefined'.
src/utils/parsers/csvParser.test.ts(40,14): error TS2532: Object is possibly 'undefined'.
src/utils/parsers/csvParser.test.ts(53,14): error TS2532: Object is possibly 'undefined'.
src/utils/parsers/csvParser.test.ts(54,14): error TS2532: Object is possibly 'undefined'.
src/utils/parsers/csvParser.test.ts(67,34): error TS2532: Object is possibly 'undefined'.
src/utils/parsers/csvParser.test.ts(98,14): error TS2532: Object is possibly 'undefined'.
src/utils/parsers/csvParser.test.ts(99,14): error TS2532: Object is possibly 'undefined'.
src/utils/parsers/csvParser.test.ts(100,14): error TS2532: Object is possibly 'undefined'.
src/utils/parsers/csvParser.test.ts(112,14): error TS2532: Object is possibly 'undefined'.
src/utils/parsers/csvParser.test.ts(113,14): error TS2532: Object is possibly 'undefined'.
src/utils/parsers/csvParser.test.ts(199,14): error TS2532: Object is possibly 'undefined'.
src/utils/parsers/matchingAlgorithm.test.ts(64,14): error TS2532: Object is possibly 'undefined'.
src/utils/parsers/matchingAlgorithm.test.ts(65,14): error TS2532: Object is possibly 'undefined'.
src/utils/parsers/matchingAlgorithm.test.ts(148,16): error TS2532: Object is possibly 'undefined'.
src/utils/parsers/matchingAlgorithm.test.ts(241,16): error TS2532: Object is possibly 'undefined'.
src/utils/parsers/matchingAlgorithm.test.ts(293,39): error TS2345: Argument of type '"EXACT"' is not assignable to parameter of type 'MatchConfidence'.
src/utils/parsers/matchingAlgorithm.test.ts(294,39): error TS2345: Argument of type '"HIGH"' is not assignable to parameter of type 'MatchConfidence'.
src/utils/parsers/matchingAlgorithm.test.ts(295,39): error TS2345: Argument of type '"MEDIUM"' is not assignable to parameter of type 'MatchConfidence'.
src/utils/parsers/matchingAlgorithm.test.ts(296,39): error TS2345: Argument of type '"LOW"' is not assignable to parameter of type 'MatchConfidence'.
src/utils/parsers/matchingAlgorithm.test.ts(297,39): error TS2345: Argument of type '"MANUAL"' is not assignable to parameter of type 'MatchConfidence'.
src/utils/parsers/matchingAlgorithm.test.ts(327,41): error TS2345: Argument of type '({ statementTransactionId: string; systemTransactionId: string; confidence: "EXACT"; score: number; reasons: never[]; } | { statementTransactionId: string; systemTransactionId: string; confidence: "HIGH"; score: number; reasons: never[]; } | { ...; })[]' is not assignable to parameter of type 'TransactionMatch[]'.
  Type '{ statementTransactionId: string; systemTransactionId: string; confidence: "EXACT"; score: number; reasons: never[]; } | { statementTransactionId: string; systemTransactionId: string; confidence: "HIGH"; score: number; reasons: never[]; } | { ...; }' is not assignable to type 'TransactionMatch'.
    Type '{ statementTransactionId: string; systemTransactionId: string; confidence: "EXACT"; score: number; reasons: never[]; }' is not assignable to type 'TransactionMatch'.
      Types of property 'confidence' are incompatible.
        Type '"EXACT"' is not assignable to type 'MatchConfidence'.
src/utils/parsers/matchingAlgorithm.ts(84,9): error TS2367: This comparison appears to be unintentional because the types 'TransactionStatus' and '"RECONCILED"' have no overlap.
src/utils/parsers/pdfParser.ts(8,1): error TS2578: Unused '@ts-expect-error' directive.
src/utils/rateLimiter.ts(184,17): error TS2532: Object is possibly 'undefined'.
src/utils/rateLimiter.ts(256,46): error TS2532: Object is possibly 'undefined'.
src/utils/wizardState.test.ts(193,14): error TS2532: Object is possibly 'undefined'.
src/utils/wizardState.test.ts(194,14): error TS2532: Object is possibly 'undefined'.
src/utils/wizardState.test.ts(195,14): error TS2532: Object is possibly 'undefined'.
src/utils/wizardState.test.ts(220,14): error TS2532: Object is possibly 'undefined'.
src/utils/wizardState.test.ts(221,14): error TS2532: Object is possibly 'undefined'.
src/utils/wizardState.test.ts(246,14): error TS2532: Object is possibly 'undefined'.
src/utils/wizardState.test.ts(247,14): error TS2532: Object is possibly 'undefined'.
src/utils/wizardState.test.ts(248,14): error TS2532: Object is possibly 'undefined'.
src/utils/wizardState.test.ts(290,14): error TS2532: Object is possibly 'undefined'.
src/utils/wizardState.test.ts(291,14): error TS2532: Object is possibly 'undefined'.
src/utils/wizardState.test.ts(318,14): error TS2532: Object is possibly 'undefined'.
