src/__tests__/integration/groupE.integration.test.ts(304,9): error TS2353: Object literal may only specify known properties, and 'frequency' does not exist in type '{ companyId: string; customerId: string; templateName: string; description?: string | undefined; lineItems: InvoiceLineItem[]; recurrenceRule: RecurrenceRule; ... 7 more ...; paymentTermsDays?: number | undefined; }'.
src/__tests__/integration/groupE.integration.test.ts(316,9): error TS2554: Expected 1-2 arguments, but got 4.
src/__tests__/integration/groupE.integration.test.ts(458,9): error TS2353: Object literal may only specify known properties, and 'frequency' does not exist in type '{ companyId: string; customerId: string; templateName: string; description?: string | undefined; lineItems: InvoiceLineItem[]; recurrenceRule: RecurrenceRule; ... 7 more ...; paymentTermsDays?: number | undefined; }'.
src/components/activity/CommentComposer.test.tsx(120,47): error TS2322: Type 'Mock<(_content: string, _mentionedUserIds: string[]) => Promise<unknown>>' is not assignable to type '(content: string, mentionedUserIds: string[]) => void | Promise<void>'.
  Type 'Promise<unknown>' is not assignable to type 'void | Promise<void>'.
    Type 'Promise<unknown>' is not assignable to type 'Promise<void>'.
      Type 'unknown' is not assignable to type 'void'.
src/components/admin/CharityList.tsx(13,39): error TS6196: 'CharityCategory' is declared but never used.
src/components/audit/AuditLogTimeline.test.tsx(41,13): error TS2561: Object literal may only specify known properties, but 'company_id' does not exist in type 'AuditLogEntity'. Did you mean to write 'companyId'?
src/components/automation/SuggestionCard.tsx(22,3): error TS6196: 'CategorizationSuggestion' is declared but never used.
src/components/automation/SuggestionCard.tsx(23,3): error TS6196: 'RecurringTransactionMatch' is declared but never used.
src/components/automation/SuggestionCard.tsx(24,3): error TS6196: 'TransactionAnomaly' is declared but never used.
src/components/billing/SubscriptionManager.tsx(15,15): error TS6196: 'Subscription' is declared but never used.
src/components/conflicts/ConflictListModal.tsx(19,3): error TS6196: 'CRDTEntity' is declared but never used.
src/components/contacts/ParentAccountSelector.test.tsx(600,18): error TS2552: Cannot find name 'defaultValue'. Did you mean '_defaultValue'?
src/components/contacts/ParentAccountSelector.test.tsx(602,16): error TS2552: Cannot find name 'defaultValue'. Did you mean '_defaultValue'?
src/components/csv/CSVImporter.tsx(17,3): error TS6196: 'ImportMode' is declared but never used.
src/components/dashboard/CashPositionWidget.tsx(175,19): error TS2322: Type '(value: number) => any' is not assignable to type 'Formatter<number, NameType>'.
  Types of parameters 'value' and 'value' are incompatible.
    Type 'number | undefined' is not assignable to type 'number'.
      Type 'undefined' is not assignable to type 'number'.
src/components/dashboard/ResumeWidget.tsx(13,1): error TS6192: All imports in import declaration are unused.
src/components/dashboard/RevenueExpensesChart.tsx(211,15): error TS2322: Type '(value: number, name: string) => any' is not assignable to type 'Formatter<number, string>'.
  Types of parameters 'value' and 'value' are incompatible.
    Type 'number | undefined' is not assignable to type 'number'.
      Type 'undefined' is not assignable to type 'number'.
src/components/goals/GoalDetailView.tsx(14,15): error TS6196: 'FinancialGoal' is declared but never used.
src/components/interestSplit/InterestSplitPrompt.tsx(22,3): error TS6196: 'SplitPaymentResult' is declared but never used.
src/components/metrics/MetricsReport.tsx(671,25): error TS6198: All destructured elements are unused.
src/components/runway/BurnRateAnalyzer.tsx(9,33): error TS6196: 'ExpenseCategory' is declared but never used.
src/components/runway/EmergencyFundRecommendations.tsx(10,15): error TS6196: 'EmergencyFundRecommendation' is declared but never used.
src/components/runway/RunwayDashboard.tsx(17,3): error TS6196: 'RunwayDashboardData' is declared but never used.
src/components/runway/RunwayDashboard.tsx(27,1): error TS6192: All imports in import declaration are unused.
src/components/search/RecentSearches.tsx(180,17): error TS2464: A computed property name must be of type 'string', 'number', 'symbol', or 'any'.
src/components/tax/TaxDocumentChecklist.tsx(17,24): error TS6196: 'TaxDocumentCategory' is declared but never used.
src/components/transactions/BarterEntry.tsx(13,3): error TS6196: 'FMVBasis' is declared but never used.
src/components/visualization/FinancialFlowWidget.test.tsx(51,9): error TS2741: Property 'id' is missing in type '{ accountId: string; debit: number; credit: number; memo: string; }' but required in type 'JournalEntryLine'.
src/components/visualization/FinancialFlowWidget.test.tsx(52,9): error TS2741: Property 'id' is missing in type '{ accountId: string; debit: number; credit: number; memo: string; }' but required in type 'JournalEntryLine'.
src/components/visualization/FlowNode.test.tsx(195,19): error TS2304: Cannot find name 'within'.
src/data/charities.ts(18,3): error TS2740: Type '{ id: string; name: string; description: string; category: CharityCategory.EDUCATION; website: string; logo: string; active: true; }' is missing the following properties from type 'Charity': ein, payment_address, status, verification_notes, and 4 more.
src/data/charities.ts(27,3): error TS2740: Type '{ id: string; name: string; description: string; category: CharityCategory.POVERTY; website: string; logo: string; active: true; }' is missing the following properties from type 'Charity': ein, payment_address, status, verification_notes, and 4 more.
src/data/charities.ts(36,3): error TS2740: Type '{ id: string; name: string; description: string; category: CharityCategory.HEALTH; website: string; logo: string; active: true; }' is missing the following properties from type 'Charity': ein, payment_address, status, verification_notes, and 4 more.
src/data/charities.ts(45,3): error TS2740: Type '{ id: string; name: string; description: string; category: CharityCategory.HEALTH; website: string; logo: string; active: true; }' is missing the following properties from type 'Charity': ein, payment_address, status, verification_notes, and 4 more.
src/data/charities.ts(54,3): error TS2740: Type '{ id: string; name: string; description: string; category: CharityCategory.ENVIRONMENT; website: string; logo: string; active: true; }' is missing the following properties from type 'Charity': ein, payment_address, status, verification_notes, and 4 more.
src/data/charities.ts(63,3): error TS2740: Type '{ id: string; name: string; description: string; category: CharityCategory.ENVIRONMENT; website: string; logo: string; active: true; }' is missing the following properties from type 'Charity': ein, payment_address, status, verification_notes, and 4 more.
src/data/charities.ts(72,3): error TS2740: Type '{ id: string; name: string; description: string; category: CharityCategory.POVERTY; website: string; logo: string; active: true; }' is missing the following properties from type 'Charity': ein, payment_address, status, verification_notes, and 4 more.
src/data/charities.ts(81,3): error TS2740: Type '{ id: string; name: string; description: string; category: CharityCategory.ANIMAL_WELFARE; website: string; logo: string; active: true; }' is missing the following properties from type 'Charity': ein, payment_address, status, verification_notes, and 4 more.
src/data/charities.ts(90,3): error TS2740: Type '{ id: string; name: string; description: string; category: CharityCategory.HUMAN_RIGHTS; website: string; logo: string; active: true; }' is missing the following properties from type 'Charity': ein, payment_address, status, verification_notes, and 4 more.
src/data/charities.ts(99,3): error TS2740: Type '{ id: string; name: string; description: string; category: CharityCategory.DISASTER_RELIEF; website: string; logo: string; active: true; }' is missing the following properties from type 'Charity': ein, payment_address, status, verification_notes, and 4 more.
src/data/charities.ts(108,3): error TS2740: Type '{ id: string; name: string; description: string; category: CharityCategory.HEALTH; website: string; logo: string; active: true; }' is missing the following properties from type 'Charity': ein, payment_address, status, verification_notes, and 4 more.
src/data/charities.ts(117,3): error TS2740: Type '{ id: string; name: string; description: string; category: CharityCategory.COMMUNITY; website: string; logo: string; active: true; }' is missing the following properties from type 'Charity': ein, payment_address, status, verification_notes, and 4 more.
src/data/charities.ts(126,3): error TS2740: Type '{ id: string; name: string; description: string; category: CharityCategory.EDUCATION; website: string; logo: string; active: true; }' is missing the following properties from type 'Charity': ein, payment_address, status, verification_notes, and 4 more.
src/data/charities.ts(135,3): error TS2740: Type '{ id: string; name: string; description: string; category: CharityCategory.ENVIRONMENT; website: string; logo: string; active: true; }' is missing the following properties from type 'Charity': ein, payment_address, status, verification_notes, and 4 more.
src/data/charities.ts(144,3): error TS2740: Type '{ id: string; name: string; description: string; category: CharityCategory.EDUCATION; website: string; logo: string; active: true; }' is missing the following properties from type 'Charity': ein, payment_address, status, verification_notes, and 4 more.
src/db/schema/approvalWorkflows.schema.ts(13,42): error TS6196: 'TransactionType' is declared but never used.
src/db/schema/approvalWorkflows.schema.ts(13,59): error TS6196: 'AccountType' is declared but never used.
src/db/seeds/charities.seed.ts(11,30): error TS7016: Could not find a declaration file for module 'uuid'. 'C:/Users/Admin/graceful_books/node_modules/uuid/dist/esm-browser/index.js' implicitly has an 'any' type.
  Try `npm i --save-dev @types/uuid` if it exists or add a new declaration (.d.ts) file containing `declare module 'uuid';`
src/db/seeds/charities.seed.ts(18,3): error TS2741: Property 'payment_address' is missing in type '{ name: string; ein: string; description: string; category: CharityCategory.EDUCATION; website: string; logo: null; status: CharityStatus.VERIFIED; verification_notes: string; rejection_reason: null; created_by: string; active: true; }' but required in type 'Omit<Charity, "id" | "created_at" | "updated_at">'.
src/db/seeds/charities.seed.ts(31,3): error TS2741: Property 'payment_address' is missing in type '{ name: string; ein: string; description: string; category: CharityCategory.EDUCATION; website: string; logo: null; status: CharityStatus.VERIFIED; verification_notes: string; rejection_reason: null; created_by: string; active: true; }' but required in type 'Omit<Charity, "id" | "created_at" | "updated_at">'.
src/db/seeds/charities.seed.ts(46,3): error TS2741: Property 'payment_address' is missing in type '{ name: string; ein: string; description: string; category: CharityCategory.ENVIRONMENT; website: string; logo: null; status: CharityStatus.VERIFIED; verification_notes: string; rejection_reason: null; created_by: string; active: true; }' but required in type 'Omit<Charity, "id" | "created_at" | "updated_at">'.
src/db/seeds/charities.seed.ts(59,3): error TS2741: Property 'payment_address' is missing in type '{ name: string; ein: string; description: string; category: CharityCategory.ENVIRONMENT; website: string; logo: null; status: CharityStatus.VERIFIED; verification_notes: string; rejection_reason: null; created_by: string; active: true; }' but required in type 'Omit<Charity, "id" | "created_at" | "updated_at">'.
src/db/seeds/charities.seed.ts(74,3): error TS2741: Property 'payment_address' is missing in type '{ name: string; ein: string; description: string; category: CharityCategory.HEALTH; website: string; logo: null; status: CharityStatus.VERIFIED; verification_notes: string; rejection_reason: null; created_by: string; active: true; }' but required in type 'Omit<Charity, "id" | "created_at" | "updated_at">'.
src/db/seeds/charities.seed.ts(87,3): error TS2741: Property 'payment_address' is missing in type '{ name: string; ein: string; description: string; category: CharityCategory.HEALTH; website: string; logo: null; status: CharityStatus.VERIFIED; verification_notes: string; rejection_reason: null; created_by: string; active: true; }' but required in type 'Omit<Charity, "id" | "created_at" | "updated_at">'.
src/db/seeds/charities.seed.ts(102,3): error TS2741: Property 'payment_address' is missing in type '{ name: string; ein: string; description: string; category: CharityCategory.POVERTY; website: string; logo: null; status: CharityStatus.VERIFIED; verification_notes: string; rejection_reason: null; created_by: string; active: true; }' but required in type 'Omit<Charity, "id" | "created_at" | "updated_at">'.
src/db/seeds/charities.seed.ts(115,3): error TS2741: Property 'payment_address' is missing in type '{ name: string; ein: string; description: string; category: CharityCategory.POVERTY; website: string; logo: null; status: CharityStatus.VERIFIED; verification_notes: string; rejection_reason: null; created_by: string; active: true; }' but required in type 'Omit<Charity, "id" | "created_at" | "updated_at">'.
src/db/seeds/charities.seed.ts(130,3): error TS2741: Property 'payment_address' is missing in type '{ name: string; ein: string; description: string; category: CharityCategory.ANIMAL_WELFARE; website: string; logo: null; status: CharityStatus.VERIFIED; verification_notes: string; rejection_reason: null; created_by: string; active: true; }' but required in type 'Omit<Charity, "id" | "created_at" | "updated_at">'.
src/db/seeds/charities.seed.ts(145,3): error TS2741: Property 'payment_address' is missing in type '{ name: string; ein: string; description: string; category: CharityCategory.HUMAN_RIGHTS; website: string; logo: null; status: CharityStatus.VERIFIED; verification_notes: string; rejection_reason: null; created_by: string; active: true; }' but required in type 'Omit<Charity, "id" | "created_at" | "updated_at">'.
src/db/seeds/charities.seed.ts(160,3): error TS2741: Property 'payment_address' is missing in type '{ name: string; ein: string; description: string; category: CharityCategory.DISASTER_RELIEF; website: string; logo: null; status: CharityStatus.VERIFIED; verification_notes: string; rejection_reason: null; created_by: string; active: true; }' but required in type 'Omit<Charity, "id" | "created_at" | "updated_at">'.
src/db/seeds/charities.seed.ts(175,3): error TS2741: Property 'payment_address' is missing in type '{ name: string; ein: string; description: string; category: CharityCategory.ARTS_CULTURE; website: string; logo: null; status: CharityStatus.VERIFIED; verification_notes: string; rejection_reason: null; created_by: string; active: true; }' but required in type 'Omit<Charity, "id" | "created_at" | "updated_at">'.
src/db/seeds/charities.seed.ts(190,3): error TS2741: Property 'payment_address' is missing in type '{ name: string; ein: string; description: string; category: CharityCategory.COMMUNITY; website: string; logo: null; status: CharityStatus.VERIFIED; verification_notes: string; rejection_reason: null; created_by: string; active: true; }' but required in type 'Omit<Charity, "id" | "created_at" | "updated_at">'.
src/db/seeds/charities.seed.ts(203,3): error TS2741: Property 'payment_address' is missing in type '{ name: string; ein: string; description: string; category: CharityCategory.COMMUNITY; website: string; logo: null; status: CharityStatus.VERIFIED; verification_notes: string; rejection_reason: null; created_by: string; active: true; }' but required in type 'Omit<Charity, "id" | "created_at" | "updated_at">'.
src/db/seeds/charities.seed.ts(218,3): error TS2741: Property 'payment_address' is missing in type '{ name: string; ein: string; description: string; category: CharityCategory.EDUCATION; website: string; logo: null; status: CharityStatus.VERIFIED; verification_notes: string; rejection_reason: null; created_by: string; active: true; }' but required in type 'Omit<Charity, "id" | "created_at" | "updated_at">'.
src/pages/CustomerPortal.tsx(63,11): error TS2367: This comparison appears to be unintentional because the types 'DatabaseErrorCode' and 'ErrorCode.RATE_LIMITED' have no overlap.
src/services/admin/charity.service.test.ts(108,9): error TS2741: Property 'payment_address' is missing in type '{ id: string; name: string; ein: string; description: string; category: CharityCategory.EDUCATION; website: string; logo: null; status: CharityStatus.VERIFIED; verification_notes: null; ... 4 more ...; active: true; }' but required in type 'Charity'.
src/services/admin/charity.service.test.ts(139,9): error TS2741: Property 'payment_address' is missing in type '{ id: string; name: string; ein: string; description: string; category: CharityCategory.EDUCATION; website: string; logo: null; status: CharityStatus.PENDING; verification_notes: null; ... 4 more ...; active: true; }' but required in type 'Charity'.
src/services/admin/charity.service.test.ts(173,9): error TS2741: Property 'payment_address' is missing in type '{ id: string; name: string; ein: string; description: string; category: CharityCategory.EDUCATION; website: string; logo: null; status: CharityStatus.VERIFIED; verification_notes: null; ... 4 more ...; active: true; }' but required in type 'Charity'.
src/services/admin/charity.service.test.ts(189,9): error TS2741: Property 'payment_address' is missing in type '{ id: string; name: string; ein: string; description: string; category: CharityCategory.HEALTH; website: string; logo: null; status: CharityStatus.VERIFIED; verification_notes: null; ... 4 more ...; active: true; }' but required in type 'Charity'.
src/services/admin/charity.service.test.ts(222,9): error TS2741: Property 'payment_address' is missing in type '{ id: string; name: string; ein: string; description: string; category: CharityCategory.EDUCATION; website: string; logo: null; status: CharityStatus.VERIFIED; verification_notes: null; ... 4 more ...; active: true; }' but required in type 'Charity'.
src/services/admin/charity.service.test.ts(258,13): error TS2741: Property 'payment_address' is missing in type '{ id: string; name: string; ein: string; description: string; category: CharityCategory.EDUCATION; website: string; logo: null; status: CharityStatus.PENDING; verification_notes: null; ... 4 more ...; active: true; }' but required in type 'Charity'.
src/services/admin/charity.service.test.ts(292,13): error TS2741: Property 'payment_address' is missing in type '{ id: string; name: string; ein: string; description: string; category: CharityCategory.EDUCATION; website: string; logo: null; status: CharityStatus.PENDING; verification_notes: string; ... 4 more ...; active: true; }' but required in type 'Charity'.
src/services/admin/charity.service.test.ts(328,13): error TS2741: Property 'payment_address' is missing in type '{ id: string; name: string; ein: string; description: string; category: CharityCategory.EDUCATION; website: string; logo: null; status: CharityStatus.PENDING; verification_notes: string; ... 4 more ...; active: true; }' but required in type 'Charity'.
src/services/admin/charity.service.test.ts(363,13): error TS2741: Property 'payment_address' is missing in type '{ id: string; name: string; ein: string; description: string; category: CharityCategory.EDUCATION; website: string; logo: null; status: CharityStatus.VERIFIED; verification_notes: null; ... 4 more ...; active: true; }' but required in type 'Charity'.
src/services/admin/charity.service.test.ts(393,13): error TS2741: Property 'payment_address' is missing in type '{ id: string; name: string; ein: string; description: string; category: CharityCategory.EDUCATION; website: string; logo: null; status: CharityStatus.PENDING; verification_notes: null; ... 4 more ...; active: true; }' but required in type 'Charity'.
src/services/admin/charity.service.test.ts(430,13): error TS2741: Property 'payment_address' is missing in type '{ id: string; name: string; ein: string; description: string; category: CharityCategory.EDUCATION; website: string; logo: null; status: CharityStatus.REJECTED; verification_notes: null; ... 4 more ...; active: true; }' but required in type 'Charity'.
src/services/admin/charity.service.test.ts(461,13): error TS2741: Property 'payment_address' is missing in type '{ id: string; name: string; ein: string; description: string; category: CharityCategory.EDUCATION; website: string; logo: null; status: CharityStatus.VERIFIED; verification_notes: null; ... 4 more ...; active: true; }' but required in type 'Charity'.
src/services/admin/charity.service.test.ts(496,9): error TS2741: Property 'payment_address' is missing in type '{ id: string; name: string; ein: string; description: string; category: CharityCategory.EDUCATION; website: string; logo: null; status: CharityStatus.VERIFIED; verification_notes: null; ... 4 more ...; active: true; }' but required in type 'Charity'.
src/services/admin/charity.service.test.ts(512,9): error TS2741: Property 'payment_address' is missing in type '{ id: string; name: string; ein: string; description: string; category: CharityCategory.HEALTH; website: string; logo: null; status: CharityStatus.VERIFIED; verification_notes: null; ... 4 more ...; active: true; }' but required in type 'Charity'.
src/services/admin/charity.service.test.ts(528,9): error TS2741: Property 'payment_address' is missing in type '{ id: string; name: string; ein: string; description: string; category: CharityCategory.ENVIRONMENT; website: string; logo: null; status: CharityStatus.PENDING; verification_notes: null; ... 4 more ...; active: true; }' but required in type 'Charity'.
src/services/admin/charity.service.ts(11,30): error TS7016: Could not find a declaration file for module 'uuid'. 'C:/Users/Admin/graceful_books/node_modules/uuid/dist/esm-browser/index.js' implicitly has an 'any' type.
  Try `npm i --save-dev @types/uuid` if it exists or add a new declaration (.d.ts) file containing `declare module 'uuid';`
src/services/admin/charityDistribution.service.ts(11,30): error TS7016: Could not find a declaration file for module 'uuid'. 'C:/Users/Admin/graceful_books/node_modules/uuid/dist/esm-browser/index.js' implicitly has an 'any' type.
  Try `npm i --save-dev @types/uuid` if it exists or add a new declaration (.d.ts) file containing `declare module 'uuid';`
src/services/approvalRuleEngine.ts(16,3): error TS6196: 'TransactionType' is declared but never used.
src/services/approvalRuleEngine.ts(124,14): error TS2352: Conversion of type 'Record<string, unknown>' to type 'string | number | string[]' may be a mistake because neither type sufficiently overlaps with the other. If this was intentional, convert the expression to 'unknown' first.
  Type 'Record<string, unknown>' is missing the following properties from type 'string[]': length, pop, push, concat, and 28 more.
src/services/approvalRuleEngine.ts(294,23): error TS1361: 'ApprovalRuleStatus' cannot be used as a value because it was imported using 'import type'.
src/services/approvalWorkflowService.ts(28,3): error TS6196: 'ApprovalActionType' is declared but never used.
src/services/approvalWorkflowService.ts(30,3): error TS6196: 'ApprovalRequirementType' is declared but never used.
src/services/auditLogExtended.test.ts(154,41): error TS2365: Operator '>=' cannot be applied to types 'Date' and 'number'.
src/services/auditLogExtended.test.ts(155,41): error TS2365: Operator '<=' cannot be applied to types 'Date' and 'number'.
src/services/auditLogExtended.test.ts(296,41): error TS2365: Operator '>=' cannot be applied to types 'Date' and 'number'.
src/services/auditLogExtended.test.ts(297,41): error TS2365: Operator '<=' cannot be applied to types 'Date' and 'number'.
src/services/auditLogExtended.test.ts(346,18): error TS1263: Declarations with initializers cannot also have definite assignment assertions.
src/services/auditLogExtended.test.ts(398,18): error TS1263: Declarations with initializers cannot also have definite assignment assertions.
src/services/auditLogExtended.test.ts(534,9): error TS2740: Type 'AuditLog' is missing the following properties from type 'AuditLogEntity': companyId, userId, deviceId, entityType, and 2 more.
src/services/auditLogExtended.test.ts(535,9): error TS2740: Type 'AuditLog' is missing the following properties from type 'AuditLogEntity': companyId, userId, deviceId, entityType, and 2 more.
src/services/automation/anomalyDetectionService.ts(228,24): error TS1263: Declarations with initializers cannot also have definite assignment assertions.
src/services/automation/autoCategorizationService.test.ts(19,36): error TS6196: 'LearnedPattern' is declared but never used.
src/services/automation/autoCategorizationService.ts(26,3): error TS6196: 'SuggestionSource' is declared but never used.
src/services/automation/recurringDetectionService.ts(97,50): error TS2322: Type 'RecurringDetectionInput | HistoricalTransaction' is not assignable to type '{ date: number; }'.
  Property 'date' is missing in type 'RecurringDetectionInput' but required in type '{ date: number; }'.
src/services/automation/recurringDetectionService.ts(97,65): error TS2741: Property 'date' is missing in type 'RecurringDetectionInput' but required in type '{ date: number; }'.
src/services/barter.service.test.ts(66,11): error TS2322: Type '{ company_id?: string | undefined; transaction_number?: string | undefined; transaction_date?: number | undefined; date?: number; type?: TransactionType | undefined; ... 10 more ...; deleted_at?: number | ... 1 more ... | undefined; }' is not assignable to type 'Transaction'.
  Types of property 'company_id' are incompatible.
    Type 'string | undefined' is not assignable to type 'string'.
      Type 'undefined' is not assignable to type 'string'.
src/services/billing.service.ts(14,3): error TS6196: 'RelationshipStatus' is declared but never used.
src/services/billing.service.ts(15,3): error TS6196: 'TeamMemberStatus' is declared but never used.
src/services/categorization.service.test.ts(377,22): error TS1263: Declarations with initializers cannot also have definite assignment assertions.
src/services/categorization.service.test.ts(541,11): error TS2322: Type 'string | undefined' is not assignable to type 'string'.
  Type 'undefined' is not assignable to type 'string'.
src/services/coaWizardService.additional.test.ts(56,9): error TS2353: Object literal may only specify known properties, and 'encryptionKey' does not exist in type 'EncryptionContext'.
src/services/coaWizardService.additional.test.ts(104,9): error TS2353: Object literal may only specify known properties, and 'encryptionKey' does not exist in type 'EncryptionContext'.
src/services/coaWizardService.additional.test.ts(171,9): error TS2322: Type '{ item: any; error: { code: "DUPLICATE"; message: string; }; }[]' is not assignable to type '{ item: Account; error: DatabaseError; }[]'.
  Type '{ item: any; error: { code: "DUPLICATE"; message: string; }; }' is not assignable to type '{ item: Account; error: DatabaseError; }'.
    The types of 'error.code' are incompatible between these types.
      Type '"DUPLICATE"' is not assignable to type 'DatabaseErrorCode'.
src/services/coaWizardService.additional.test.ts(417,21): error TS1263: Declarations with initializers cannot also have definite assignment assertions.
src/services/coaWizardService.additional.test.ts(450,21): error TS1263: Declarations with initializers cannot also have definite assignment assertions.
src/services/coaWizardService.additional.test.ts(576,21): error TS1263: Declarations with initializers cannot also have definite assignment assertions.
src/services/coaWizardService.additional.test.ts(603,21): error TS1263: Declarations with initializers cannot also have definite assignment assertions.
src/services/coaWizardService.additional.test.ts(626,21): error TS1263: Declarations with initializers cannot also have definite assignment assertions.
src/services/coaWizardService.test.ts(395,21): error TS1263: Declarations with initializers cannot also have definite assignment assertions.
src/services/coaWizardService.test.ts(427,21): error TS1263: Declarations with initializers cannot also have definite assignment assertions.
src/services/coaWizardService.test.ts(457,21): error TS1263: Declarations with initializers cannot also have definite assignment assertions.
src/services/comments.service.test.ts(48,24): error TS2352: Conversion of type '{ id: string; email: string; name: string; hashed_password: string; created_at: number; updated_at: number; deleted_at: null; version_vector: { "device-test-001": number; }; }' to type 'User' may be a mistake because neither type sufficiently overlaps with the other. If this was intentional, convert the expression to 'unknown' first.
  Type '{ id: string; email: string; name: string; hashed_password: string; created_at: number; updated_at: number; deleted_at: null; version_vector: { "device-test-001": number; }; }' is missing the following properties from type 'User': passphrase_hash, master_key_encrypted, preferences, selected_charity_id
src/services/comments.service.test.ts(59,24): error TS2352: Conversion of type '{ id: string; email: string; name: string; hashed_password: string; created_at: number; updated_at: number; deleted_at: null; version_vector: { "device-test-001": number; }; }' to type 'User' may be a mistake because neither type sufficiently overlaps with the other. If this was intentional, convert the expression to 'unknown' first.
  Type '{ id: string; email: string; name: string; hashed_password: string; created_at: number; updated_at: number; deleted_at: null; version_vector: { "device-test-001": number; }; }' is missing the following properties from type 'User': passphrase_hash, master_key_encrypted, preferences, selected_charity_id
src/services/comments.service.test.ts(124,7): error TS2322: Type '"INCOME"' is not assignable to type 'TransactionType'.
src/services/comments.service.test.ts(127,7): error TS2322: Type '"pending"' is not assignable to type 'TransactionStatus'.
src/services/comments.service.test.ts(535,18): error TS1263: Declarations with initializers cannot also have definite assignment assertions.
src/services/comments.service.test.ts(538,9): error TS2322: Type 'CommentThread | undefined' is not assignable to type 'CommentThread'.
  Type 'undefined' is not assignable to type 'CommentThread'.
src/services/conflictResolution.service.test.ts(28,3): error TS6196: 'ConflictSeverity' is declared but never used.
src/services/conflictResolution.service.test.ts(41,5): error TS2322: Type '"ASSET"' is not assignable to type 'AccountType'.
src/services/crdt/entityMergeStrategies.test.ts(18,37): error TS6196: 'Contact' is declared but never used.
src/services/crdt/entityMergeStrategies.test.ts(18,46): error TS6196: 'Product' is declared but never used.
src/services/crdt/entityMergeStrategies.test.ts(31,5): error TS2322: Type '"ASSET"' is not assignable to type 'AccountType'.
src/services/crdt/entityMergeStrategies.test.ts(50,5): error TS2322: Type '"JOURNAL_ENTRY"' is not assignable to type 'TransactionType'.
src/services/crdt/entityMergeStrategies.test.ts(51,5): error TS2322: Type '"DRAFT"' is not assignable to type 'TransactionStatus'.
src/services/crdt/entityMergeStrategies.test.ts(131,7): error TS2322: Type '"POSTED"' is not assignable to type 'TransactionStatus | undefined'.
src/services/crdt/entityMergeStrategies.test.ts(136,7): error TS2322: Type '"DRAFT"' is not assignable to type 'TransactionStatus | undefined'.
src/services/crdt/entityMergeStrategies.test.ts(166,7): error TS2322: Type '"RECONCILED"' is not assignable to type 'TransactionStatus | undefined'.
src/services/crdt/entityMergeStrategies.test.ts(171,7): error TS2322: Type '"POSTED"' is not assignable to type 'TransactionStatus | undefined'.
src/services/csv/csvExporter.service.ts(77,9): error TS2322: Type 'TransactionCSVRow[]' is not assignable to type 'Record<string, unknown>[]'.
  Type 'TransactionCSVRow' is not assignable to type 'Record<string, unknown>'.
    Index signature for type 'string' is missing in type 'TransactionCSVRow'.
src/services/csv/csvExporter.service.ts(79,9): error TS2322: Type 'InvoiceCSVRow[]' is not assignable to type 'Record<string, unknown>[]'.
  Type 'InvoiceCSVRow' is not assignable to type 'Record<string, unknown>'.
    Index signature for type 'string' is missing in type 'InvoiceCSVRow'.
src/services/csv/csvExporter.service.ts(81,9): error TS2322: Type 'BillCSVRow[]' is not assignable to type 'Record<string, unknown>[]'.
  Type 'BillCSVRow' is not assignable to type 'Record<string, unknown>'.
    Index signature for type 'string' is missing in type 'BillCSVRow'.
src/services/csv/csvExporter.service.ts(83,9): error TS2322: Type 'ContactCSVRow[]' is not assignable to type 'Record<string, unknown>[]'.
  Type 'ContactCSVRow' is not assignable to type 'Record<string, unknown>'.
    Index signature for type 'string' is missing in type 'ContactCSVRow'.
src/services/csv/csvExporter.service.ts(85,9): error TS2322: Type 'ProductCSVRow[]' is not assignable to type 'Record<string, unknown>[]'.
  Type 'ProductCSVRow' is not assignable to type 'Record<string, unknown>'.
    Index signature for type 'string' is missing in type 'ProductCSVRow'.
src/services/csv/csvExporter.service.ts(188,50): error TS2769: No overload matches this call.
  Overload 1 of 2, '(o: {}): string[]', gave the following error.
    Argument of type 'Record<string, unknown> | undefined' is not assignable to parameter of type '{}'.
      Type 'undefined' is not assignable to type '{}'.
  Overload 2 of 2, '(o: object): string[]', gave the following error.
    Argument of type 'Record<string, unknown> | undefined' is not assignable to parameter of type 'object'.
      Type 'undefined' is not assignable to type 'object'.
src/services/csv/csvImporter.service.ts(17,3): error TS6196: 'DuplicateMatch' is declared but never used.
src/services/csv/csvImporter.service.ts(54,9): error TS2322: Type 'string[] | undefined' is not assignable to type 'string[]'.
  Type 'undefined' is not assignable to type 'string[]'.
src/services/currencyGainLoss.service.test.ts(18,43): error TS6196: 'ExchangeRate' is declared but never used.
src/services/currencyGainLoss.service.ts(28,3): error TS6196: 'ExchangeRate' is declared but never used.
src/services/currencyGainLoss.service.ts(108,13): error TS6138: Property 'db' is declared but its value is never read.
src/services/currencyRevaluation.service.ts(30,3): error TS6196: 'CurrencyGainLoss' is declared but never used.
src/services/currencyRevaluation.service.ts(135,13): error TS6138: Property 'gainLossService' is declared but its value is never read.
src/services/currencyRevaluation.service.ts(137,13): error TS6138: Property 'db' is declared but its value is never read.
src/services/duplicateDetection.service.test.ts(40,9): error TS2322: Type '"CUSTOMER"' is not assignable to type 'ContactType'.
src/services/duplicateDetection.service.test.ts(50,9): error TS2322: Type '"standalone"' is not assignable to type 'ContactAccountType'.
src/services/duplicateDetection.service.test.ts(222,9): error TS2322: Type '"CUSTOMER"' is not assignable to type 'ContactType'.
src/services/duplicateDetection.service.test.ts(232,9): error TS2322: Type '"standalone"' is not assignable to type 'ContactAccountType'.
src/services/duplicateDetection.service.test.ts(301,9): error TS2322: Type '"CUSTOMER"' is not assignable to type 'ContactType'.
src/services/duplicateDetection.service.test.ts(311,9): error TS2322: Type '"standalone"' is not assignable to type 'ContactAccountType'.
src/services/email/email.service.ts(20,3): error TS6196: 'EmailErrorCode' is declared but never used.
src/services/email/email.service.ts(23,3): error TS6196: 'EmailServiceError' is declared but never used.
src/services/email/emailContentGenerator.test.ts(119,7): error TS2353: Object literal may only specify known properties, and 'discProfileId' does not exist in type 'EmailPreferences'.
src/services/email/emailPreviewService.test.ts(44,7): error TS2353: Object literal may only specify known properties, and 'discProfileId' does not exist in type 'EmailPreferences'.
src/services/email/emailRenderer.test.ts(14,29): error TS6196: 'EmailSection' is declared but never used.
src/services/email/emailRenderer.test.ts(14,43): error TS6196: 'EmailSectionItem' is declared but never used.
src/services/email/emailSchedulingService.test.ts(53,7): error TS2353: Object literal may only specify known properties, and 'discProfileId' does not exist in type 'EmailPreferences'.
src/services/email/followUpTemplates.service.test.ts(15,8): error TS6133: 'FollowUpTemplateType' is declared but its value is never read.
src/services/email/followUpTemplates.service.ts(18,15): error TS6196: 'EmailFollowUpTemplate' is declared but never used.
src/services/email/followUpTemplates.service.ts(365,5): error TS2322: Type 'TemplateVariables' is not assignable to type 'Record<string, string>'.
  Index signature for type 'string' is missing in type 'TemplateVariables'.
src/services/email/templateRenderer.ts(83,7): error TS2352: Conversion of type 'EmailTemplateVariables' to type 'Record<string, string>' may be a mistake because neither type sufficiently overlaps with the other. If this was intentional, convert the expression to 'unknown' first.
  Type 'EmailVerificationVariables' is not comparable to type 'Record<string, string>'.
    Index signature for type 'string' is missing in type 'EmailVerificationVariables'.
src/services/email/templates/advisorInvitation.ts(85,38): error TS2352: Conversion of type 'AdvisorInvitationVariables' to type 'Record<string, string>' may be a mistake because neither type sufficiently overlaps with the other. If this was intentional, convert the expression to 'unknown' first.
  Index signature for type 'string' is missing in type 'AdvisorInvitationVariables'.
src/services/email/templates/advisorInvitation.ts(86,48): error TS2352: Conversion of type 'AdvisorInvitationVariables' to type 'Record<string, string>' may be a mistake because neither type sufficiently overlaps with the other. If this was intentional, convert the expression to 'unknown' first.
  Index signature for type 'string' is missing in type 'AdvisorInvitationVariables'.
src/services/email/templates/advisorRemovedClient.ts(94,38): error TS2352: Conversion of type 'AdvisorRemovedClientVariables' to type 'Record<string, string>' may be a mistake because neither type sufficiently overlaps with the other. If this was intentional, convert the expression to 'unknown' first.
  Index signature for type 'string' is missing in type 'AdvisorRemovedClientVariables'.
src/services/email/templates/advisorRemovedClient.ts(95,48): error TS2352: Conversion of type 'AdvisorRemovedClientVariables' to type 'Record<string, string>' may be a mistake because neither type sufficiently overlaps with the other. If this was intentional, convert the expression to 'unknown' first.
  Index signature for type 'string' is missing in type 'AdvisorRemovedClientVariables'.
src/services/email/templates/clientBillingTransfer.ts(86,38): error TS2352: Conversion of type 'ClientBillingTransferVariables' to type 'Record<string, string>' may be a mistake because neither type sufficiently overlaps with the other. If this was intentional, convert the expression to 'unknown' first.
  Index signature for type 'string' is missing in type 'ClientBillingTransferVariables'.
src/services/email/templates/clientBillingTransfer.ts(87,48): error TS2352: Conversion of type 'ClientBillingTransferVariables' to type 'Record<string, string>' may be a mistake because neither type sufficiently overlaps with the other. If this was intentional, convert the expression to 'unknown' first.
  Index signature for type 'string' is missing in type 'ClientBillingTransferVariables'.
src/services/email/templates/emailVerification.ts(87,38): error TS2352: Conversion of type 'EmailVerificationVariables' to type 'Record<string, string>' may be a mistake because neither type sufficiently overlaps with the other. If this was intentional, convert the expression to 'unknown' first.
  Index signature for type 'string' is missing in type 'EmailVerificationVariables'.
src/services/email/templates/emailVerification.ts(88,48): error TS2352: Conversion of type 'EmailVerificationVariables' to type 'Record<string, string>' may be a mistake because neither type sufficiently overlaps with the other. If this was intentional, convert the expression to 'unknown' first.
  Index signature for type 'string' is missing in type 'EmailVerificationVariables'.
src/services/email/templates/passwordReset.ts(85,38): error TS2352: Conversion of type 'PasswordResetVariables' to type 'Record<string, string>' may be a mistake because neither type sufficiently overlaps with the other. If this was intentional, convert the expression to 'unknown' first.
  Index signature for type 'string' is missing in type 'PasswordResetVariables'.
src/services/email/templates/passwordReset.ts(86,48): error TS2352: Conversion of type 'PasswordResetVariables' to type 'Record<string, string>' may be a mistake because neither type sufficiently overlaps with the other. If this was intentional, convert the expression to 'unknown' first.
  Index signature for type 'string' is missing in type 'PasswordResetVariables'.
src/services/email/templates/scenarioPushed.ts(81,38): error TS2352: Conversion of type 'ScenarioPushedVariables' to type 'Record<string, string>' may be a mistake because neither type sufficiently overlaps with the other. If this was intentional, convert the expression to 'unknown' first.
  Index signature for type 'string' is missing in type 'ScenarioPushedVariables'.
src/services/email/templates/scenarioPushed.ts(82,48): error TS2352: Conversion of type 'ScenarioPushedVariables' to type 'Record<string, string>' may be a mistake because neither type sufficiently overlaps with the other. If this was intentional, convert the expression to 'unknown' first.
  Index signature for type 'string' is missing in type 'ScenarioPushedVariables'.
src/services/email/templates/taxPrepCompletion.ts(87,38): error TS2352: Conversion of type 'TaxPrepCompletionVariables' to type 'Record<string, string>' may be a mistake because neither type sufficiently overlaps with the other. If this was intentional, convert the expression to 'unknown' first.
  Index signature for type 'string' is missing in type 'TaxPrepCompletionVariables'.
src/services/email/templates/taxPrepCompletion.ts(88,48): error TS2352: Conversion of type 'TaxPrepCompletionVariables' to type 'Record<string, string>' may be a mistake because neither type sufficiently overlaps with the other. If this was intentional, convert the expression to 'unknown' first.
  Index signature for type 'string' is missing in type 'TaxPrepCompletionVariables'.
src/services/email/templates/taxSeasonAccess.ts(84,38): error TS2352: Conversion of type 'TaxSeasonAccessVariables' to type 'Record<string, string>' may be a mistake because neither type sufficiently overlaps with the other. If this was intentional, convert the expression to 'unknown' first.
  Index signature for type 'string' is missing in type 'TaxSeasonAccessVariables'.
src/services/email/templates/taxSeasonAccess.ts(85,48): error TS2352: Conversion of type 'TaxSeasonAccessVariables' to type 'Record<string, string>' may be a mistake because neither type sufficiently overlaps with the other. If this was intentional, convert the expression to 'unknown' first.
  Index signature for type 'string' is missing in type 'TaxSeasonAccessVariables'.
src/services/email/templates/welcome.ts(101,38): error TS2352: Conversion of type 'WelcomeEmailVariables' to type 'Record<string, string>' may be a mistake because neither type sufficiently overlaps with the other. If this was intentional, convert the expression to 'unknown' first.
  Index signature for type 'string' is missing in type 'WelcomeEmailVariables'.
src/services/email/templates/welcome.ts(102,48): error TS2352: Conversion of type 'WelcomeEmailVariables' to type 'Record<string, string>' may be a mistake because neither type sufficiently overlaps with the other. If this was intentional, convert the expression to 'unknown' first.
  Index signature for type 'string' is missing in type 'WelcomeEmailVariables'.
src/services/enhanced-matching.service.test.ts(30,9): error TS2352: Conversion of type '{ id: string; date: number; memo: string; reference: string; status: "POSTED"; lines: { id: string; accountId: string; debit: number; credit: number; }[]; }' to type 'JournalEntry' may be a mistake because neither type sufficiently overlaps with the other. If this was intentional, convert the expression to 'unknown' first.
  Type '{ id: string; date: number; memo: string; reference: string; status: "POSTED"; lines: { id: string; accountId: string; debit: number; credit: number; }[]; }' is missing the following properties from type 'JournalEntry': companyId, createdBy, createdAt, updatedAt
src/services/enhanced-matching.service.test.ts(67,9): error TS2352: Conversion of type '{ id: string; date: number; memo: string; reference: null; status: "POSTED"; lines: { id: string; accountId: string; debit: number; credit: number; }[]; }' to type 'JournalEntry' may be a mistake because neither type sufficiently overlaps with the other. If this was intentional, convert the expression to 'unknown' first.
  Type '{ id: string; date: number; memo: string; reference: null; status: "POSTED"; lines: { id: string; accountId: string; debit: number; credit: number; }[]; }' is missing the following properties from type 'JournalEntry': companyId, createdBy, createdAt, updatedAt
src/services/enhanced-matching.service.test.ts(101,9): error TS2352: Conversion of type '{ id: string; date: number; memo: string; reference: null; status: "POSTED"; lines: { id: string; accountId: string; debit: number; credit: number; }[]; }' to type 'JournalEntry' may be a mistake because neither type sufficiently overlaps with the other. If this was intentional, convert the expression to 'unknown' first.
  Type '{ id: string; date: number; memo: string; reference: null; status: "POSTED"; lines: { id: string; accountId: string; debit: number; credit: number; }[]; }' is missing the following properties from type 'JournalEntry': companyId, createdBy, createdAt, updatedAt
src/services/enhanced-matching.service.test.ts(137,9): error TS2352: Conversion of type '{ id: string; date: number; memo: string; reference: null; status: "POSTED"; lines: { id: string; accountId: string; debit: number; credit: number; }[]; }' to type 'JournalEntry' may be a mistake because neither type sufficiently overlaps with the other. If this was intentional, convert the expression to 'unknown' first.
  Type '{ id: string; date: number; memo: string; reference: null; status: "POSTED"; lines: { id: string; accountId: string; debit: number; credit: number; }[]; }' is missing the following properties from type 'JournalEntry': companyId, createdBy, createdAt, updatedAt
src/services/enhanced-matching.service.test.ts(167,9): error TS2352: Conversion of type '{ id: string; date: number; memo: string; reference: null; status: any; lines: { id: string; accountId: string; debit: number; credit: number; }[]; }' to type 'JournalEntry' may be a mistake because neither type sufficiently overlaps with the other. If this was intentional, convert the expression to 'unknown' first.
  Type '{ id: string; date: number; memo: string; reference: null; status: any; lines: { id: string; accountId: string; debit: number; credit: number; }[]; }' is missing the following properties from type 'JournalEntry': companyId, createdBy, createdAt, updatedAt
src/services/enhanced-matching.service.test.ts(213,9): error TS2352: Conversion of type '{ id: string; date: number; memo: string; reference: null; status: "POSTED"; lines: { id: string; accountId: string; debit: number; credit: number; }[]; }' to type 'JournalEntry' may be a mistake because neither type sufficiently overlaps with the other. If this was intentional, convert the expression to 'unknown' first.
  Type '{ id: string; date: number; memo: string; reference: null; status: "POSTED"; lines: { id: string; accountId: string; debit: number; credit: number; }[]; }' is missing the following properties from type 'JournalEntry': companyId, createdBy, createdAt, updatedAt
src/services/enhanced-matching.service.test.ts(266,9): error TS2352: Conversion of type '{ id: string; date: number; memo: string; reference: null; status: "POSTED"; lines: { id: string; accountId: string; debit: number; credit: number; }[]; }' to type 'JournalEntry' may be a mistake because neither type sufficiently overlaps with the other. If this was intentional, convert the expression to 'unknown' first.
  Type '{ id: string; date: number; memo: string; reference: null; status: "POSTED"; lines: { id: string; accountId: string; debit: number; credit: number; }[]; }' is missing the following properties from type 'JournalEntry': companyId, createdBy, createdAt, updatedAt
src/services/enhanced-matching.service.test.ts(277,9): error TS2352: Conversion of type '{ id: string; date: number; memo: string; reference: null; status: "POSTED"; lines: { id: string; accountId: string; debit: number; credit: number; }[]; }' to type 'JournalEntry' may be a mistake because neither type sufficiently overlaps with the other. If this was intentional, convert the expression to 'unknown' first.
  Type '{ id: string; date: number; memo: string; reference: null; status: "POSTED"; lines: { id: string; accountId: string; debit: number; credit: number; }[]; }' is missing the following properties from type 'JournalEntry': companyId, createdBy, createdAt, updatedAt
src/services/exchangeRate.service.test.ts(67,48): error TS2538: Type 'undefined' cannot be used as an index type.
src/services/exchangeRate.service.test.ts(67,64): error TS2538: Type 'undefined' cannot be used as an index type.
src/services/exchangeRate.service.test.ts(69,48): error TS2538: Type 'undefined' cannot be used as an index type.
src/services/exchangeRate.service.test.ts(71,48): error TS2538: Type 'undefined' cannot be used as an index type.
src/services/goals/goalCalculator.service.test.ts(9,30): error TS6196: 'GoalType' is declared but never used.
src/services/goals/goalProgress.service.ts(28,3): error TS6196: 'GoalStatus' is declared but never used.
src/services/goals/goalProgress.service.ts(276,38): error TS2554: Expected 1 arguments, but got 0.
src/services/goals/goalProgress.service.ts(277,52): error TS2339: Property 'getProfitabilityMetrics' does not exist on type 'ProfitabilityMetricsService'.
src/services/goals/goalProgress.service.ts(289,38): error TS2554: Expected 1 arguments, but got 0.
src/services/goals/goalProgress.service.ts(290,52): error TS2339: Property 'getProfitabilityMetrics' does not exist on type 'ProfitabilityMetricsService'.
src/services/goals/goalProgress.service.ts(306,59): error TS2554: Expected 3-4 arguments, but got 2.
src/services/goals/goalProgress.service.ts(311,16): error TS18049: 'calculation.months_of_runway' is possibly 'null' or 'undefined'.
src/services/interestSplit/amortization.service.ts(20,3): error TS6196: 'InterestCalculationMethod' is declared but never used.
src/services/interestSplit/checklistIntegration.service.ts(16,3): error TS6196: 'InterestSplitPrompt' is declared but never used.
src/services/interestSplit/checklistIntegration.service.ts(17,3): error TS6196: 'InterestSplitDecision' is declared but never used.
src/services/interestSplit/liabilityDetection.service.test.ts(78,9): error TS2322: Type '"PAYMENT"' is not assignable to type 'TransactionType'.
src/services/interestSplit/liabilityDetection.service.test.ts(79,9): error TS2322: Type '"POSTED"' is not assignable to type 'TransactionStatus'.
src/services/interestSplit/liabilityDetection.service.test.ts(128,9): error TS2322: Type '"LIABILITY"' is not assignable to type 'AccountType'.
src/services/interestSplit/liabilityDetection.service.test.ts(161,9): error TS2322: Type '"PAYMENT"' is not assignable to type 'TransactionType'.
src/services/interestSplit/liabilityDetection.service.test.ts(162,9): error TS2322: Type '"POSTED"' is not assignable to type 'TransactionStatus'.
src/services/interestSplit/liabilityDetection.service.test.ts(195,9): error TS2322: Type '"LIABILITY"' is not assignable to type 'AccountType'.
src/services/interestSplit/liabilityDetection.service.test.ts(228,9): error TS2322: Type '"EXPENSE"' is not assignable to type 'TransactionType'.
src/services/interestSplit/liabilityDetection.service.test.ts(229,9): error TS2322: Type '"POSTED"' is not assignable to type 'TransactionStatus'.
src/services/interestSplit/liabilityDetection.service.test.ts(245,9): error TS2322: Type '"EXPENSE"' is not assignable to type 'AccountType'.
src/services/interestSplit/liabilityDetection.service.ts(14,3): error TS6196: 'Transaction' is declared but never used.
src/services/interestSplit/liabilityDetection.service.ts(16,3): error TS6196: 'Account' is declared but never used.
src/services/interestSplit/liabilityDetection.service.ts(17,3): error TS6196: 'AccountType' is declared but never used.
src/services/interestSplit/liabilityDetection.service.ts(141,9): error TS2322: Type 'string | undefined' is not assignable to type 'string | null'.
  Type 'undefined' is not assignable to type 'string | null'.
src/services/interestSplit/liabilityDetection.service.ts(142,9): error TS2322: Type 'string | undefined' is not assignable to type 'string | null'.
  Type 'undefined' is not assignable to type 'string | null'.
src/services/interestSplit/messaging.service.ts(52,11): error TS7053: Element implicitly has an 'any' type because expression of type '`get${string}`' can't be used to index type 'InterestSplitMessagingService'.
src/services/interestSplit/paymentSplit.service.ts(19,3): error TS6196: 'SplitValidationRules' is declared but never used.
src/services/interestSplit/paymentSplit.service.ts(25,3): error TS6196: 'CreateJournalEntryRequest' is declared but never used.
src/services/interestSplit/paymentSplit.service.ts(27,24): error TS6196: 'AccountType' is declared but never used.
src/services/journalEntries.integration.test.ts(16,15): error TS2614: Module '"../db/database"' has no exported member 'Database'. Did you mean to use 'import Database from "../db/database"' instead?
src/services/journalEntries.integration.test.ts(111,13): error TS2740: Type '{ company_id: string; transaction_date: number; description: string; reference: string; line_items: { account_id: string; debit: string; credit: string; description: string; contact_id: null; product_id: null; }[]; }' is missing the following properties from type 'CreateJournalEntryRequest': memo, attachments, submit_for_approval, is_reversing, and 3 more.
src/services/journalEntries.integration.test.ts(158,11): error TS2353: Object literal may only specify known properties, and 'notes' does not exist in type 'ApproveJournalEntryRequest'.
src/services/journalEntries.integration.test.ts(174,13): error TS2740: Type '{ company_id: string; transaction_date: number; description: string; line_items: { account_id: string; debit: string; credit: string; description: null; contact_id: null; product_id: null; }[]; submit_for_approval: true; }' is missing the following properties from type 'CreateJournalEntryRequest': reference, memo, attachments, is_reversing, and 3 more.
src/services/journalEntries.integration.test.ts(206,9): error TS2345: Argument of type '{ line_items: { account_id: string; debit: string; credit: string; description: null; contact_id: null; product_id: null; }[]; }' is not assignable to parameter of type 'UpdateJournalEntryRequest'.
  Property 'entry_id' is missing in type '{ line_items: { account_id: string; debit: string; credit: string; description: null; contact_id: null; product_id: null; }[]; }' but required in type 'UpdateJournalEntryRequest'.
src/services/journalEntries.integration.test.ts(226,13): error TS2740: Type '{ company_id: string; transaction_date: number; description: string; line_items: { account_id: string; debit: string; credit: string; description: string; contact_id: null; product_id: null; }[]; }' is missing the following properties from type 'CreateJournalEntryRequest': reference, memo, attachments, submit_for_approval, and 4 more.
src/services/journalEntries.integration.test.ts(263,11): error TS2561: Object literal may only specify known properties, but 'reverse_date' does not exist in type 'CreateReversingEntryOptions'. Did you mean to write 'reversal_date'?
src/services/journalEntries.integration.test.ts(290,13): error TS2740: Type '{ company_id: string; transaction_date: number; description: string; line_items: { account_id: string; debit: string; credit: string; description: null; contact_id: null; product_id: null; }[]; }' is missing the following properties from type 'CreateJournalEntryRequest': reference, memo, attachments, submit_for_approval, and 4 more.
src/services/journalEntries.integration.test.ts(311,11): error TS2353: Object literal may only specify known properties, and 'voided_by' does not exist in type 'VoidJournalEntryRequest'.
src/services/journalEntries.integration.test.ts(399,11): error TS2345: Argument of type '{ company_id: string; transaction_date: number; description: string; line_items: { account_id: string; debit: string; credit: string; description: null; contact_id: null; product_id: null; }[]; }' is not assignable to parameter of type 'CreateJournalEntryRequest'.
  Type '{ company_id: string; transaction_date: number; description: string; line_items: { account_id: string; debit: string; credit: string; description: null; contact_id: null; product_id: null; }[]; }' is missing the following properties from type 'CreateJournalEntryRequest': reference, memo, attachments, submit_for_approval, and 4 more.
src/services/journalEntries.integration.test.ts(412,11): error TS2345: Argument of type '{ company_id: string; transaction_date: number; description: string; line_items: { account_id: string; debit: string; credit: string; description: null; contact_id: null; product_id: null; }[]; submit_for_approval: true; }' is not assignable to parameter of type 'CreateJournalEntryRequest'.
  Type '{ company_id: string; transaction_date: number; description: string; line_items: { account_id: string; debit: string; credit: string; description: null; contact_id: null; product_id: null; }[]; submit_for_approval: true; }' is missing the following properties from type 'CreateJournalEntryRequest': reference, memo, attachments, is_reversing, and 3 more.
src/services/journalEntries.integration.test.ts(436,9): error TS2322: Type 'JournalEntryApprovalStatus' is not assignable to type 'JournalEntryApprovalStatus[] | undefined'.
  Type 'string' is not assignable to type 'JournalEntryApprovalStatus[]'.
src/services/journalEntries.integration.test.ts(442,9): error TS2322: Type 'JournalEntryApprovalStatus' is not assignable to type 'JournalEntryApprovalStatus[] | undefined'.
  Type 'string' is not assignable to type 'JournalEntryApprovalStatus[]'.
src/services/journalEntries.integration.test.ts(457,11): error TS2345: Argument of type '{ company_id: string; transaction_date: number; description: string; reference: string; line_items: { account_id: string; debit: string; credit: string; description: null; contact_id: null; product_id: null; }[]; }' is not assignable to parameter of type 'CreateJournalEntryRequest'.
  Type '{ company_id: string; transaction_date: number; description: string; reference: string; line_items: { account_id: string; debit: string; credit: string; description: null; contact_id: null; product_id: null; }[]; }' is missing the following properties from type 'CreateJournalEntryRequest': memo, attachments, submit_for_approval, is_reversing, and 3 more.
src/services/journalEntries.integration.test.ts(471,11): error TS2345: Argument of type '{ company_id: string; transaction_date: number; description: string; reference: string; line_items: { account_id: string; debit: string; credit: string; description: null; contact_id: null; product_id: null; }[]; }' is not assignable to parameter of type 'CreateJournalEntryRequest'.
  Type '{ company_id: string; transaction_date: number; description: string; reference: string; line_items: { account_id: string; debit: string; credit: string; description: null; contact_id: null; product_id: null; }[]; }' is missing the following properties from type 'CreateJournalEntryRequest': memo, attachments, submit_for_approval, is_reversing, and 3 more.
src/services/journalEntries.integration.test.ts(505,9): error TS2345: Argument of type '{ company_id: string; transaction_date: number; description: string; line_items: { account_id: string; debit: string; credit: string; description: null; contact_id: null; product_id: null; }[]; }' is not assignable to parameter of type 'CreateJournalEntryRequest'.
  Type '{ company_id: string; transaction_date: number; description: string; line_items: { account_id: string; debit: string; credit: string; description: null; contact_id: null; product_id: null; }[]; }' is missing the following properties from type 'CreateJournalEntryRequest': reference, memo, attachments, submit_for_approval, and 4 more.
src/services/journalEntries.integration.test.ts(519,9): error TS2345: Argument of type '{ company_id: string; transaction_date: number; description: string; line_items: { account_id: string; debit: string; credit: string; description: null; contact_id: null; product_id: null; }[]; submit_for_approval: true; }' is not assignable to parameter of type 'CreateJournalEntryRequest'.
  Type '{ company_id: string; transaction_date: number; description: string; line_items: { account_id: string; debit: string; credit: string; description: null; contact_id: null; product_id: null; }[]; submit_for_approval: true; }' is missing the following properties from type 'CreateJournalEntryRequest': reference, memo, attachments, is_reversing, and 3 more.
src/services/journalEntries.service.test.ts(19,15): error TS2614: Module '"../db/database"' has no exported member 'Database'. Did you mean to use 'import Database from "../db/database"' instead?
src/services/journalEntries.service.test.ts(23,3): error TS2724: '"../types/journalEntry.types"' has no exported member named 'JournalEntryTemplateCategory'. Did you mean 'JournalEntryTemplate'?
src/services/journalEntries.service.test.ts(62,11): error TS2322: Type '{ company_id?: string | undefined; transaction_number?: string | undefined; transaction_date?: number | undefined; date?: number; type?: TransactionType | undefined; ... 10 more ...; deleted_at?: number | ... 1 more ... | undefined; }' is not assignable to type 'Transaction'.
  Types of property 'company_id' are incompatible.
    Type 'string | undefined' is not assignable to type 'string'.
      Type 'undefined' is not assignable to type 'string'.
src/services/journalEntries.service.test.ts(95,11): error TS2322: Type '{ transaction_id?: string | undefined; account_id?: string | undefined; debit?: string | undefined; credit?: string | undefined; description?: string | null | undefined; contact_id?: string | ... 1 more ... | undefined; ... 5 more ...; deleted_at?: number | ... 1 more ... | undefined; }' is not assignable to type 'TransactionLineItem'.
  Types of property 'transaction_id' are incompatible.
    Type 'string | undefined' is not assignable to type 'string'.
      Type 'undefined' is not assignable to type 'string'.
src/services/journalEntries.service.test.ts(120,13): error TS2740: Type '{ company_id: string; transaction_date: number; description: string; line_items: { account_id: string; debit: string; credit: string; description: null; contact_id: null; product_id: null; }[]; }' is missing the following properties from type 'CreateJournalEntryRequest': reference, memo, attachments, submit_for_approval, and 4 more.
src/services/journalEntries.service.test.ts(157,13): error TS2740: Type '{ company_id: string; transaction_date: number; description: string; line_items: { account_id: string; debit: string; credit: string; description: null; contact_id: null; product_id: null; }[]; }' is missing the following properties from type 'CreateJournalEntryRequest': reference, memo, attachments, submit_for_approval, and 4 more.
src/services/journalEntries.service.test.ts(187,13): error TS2740: Type '{ company_id: string; transaction_date: number; description: string; line_items: { account_id: string; debit: string; credit: string; description: null; contact_id: null; product_id: null; }[]; }' is missing the following properties from type 'CreateJournalEntryRequest': reference, memo, attachments, submit_for_approval, and 4 more.
src/services/journalEntries.service.test.ts(206,13): error TS2740: Type '{ company_id: string; transaction_date: number; description: string; line_items: { account_id: string; debit: string; credit: string; description: null; contact_id: null; product_id: null; }[]; submit_for_approval: true; }' is missing the following properties from type 'CreateJournalEntryRequest': reference, memo, attachments, is_reversing, and 3 more.
src/services/journalEntries.service.test.ts(225,13): error TS2740: Type '{ company_id: string; transaction_date: number; description: string; line_items: { account_id: string; debit: string; credit: string; description: null; contact_id: null; product_id: null; }[]; }' is missing the following properties from type 'CreateJournalEntryRequest': reference, memo, attachments, submit_for_approval, and 4 more.
src/services/journalEntries.service.test.ts(248,13): error TS2740: Type '{ company_id: string; transaction_date: number; description: string; line_items: { account_id: string; debit: string; credit: string; description: null; contact_id: null; product_id: null; }[]; }' is missing the following properties from type 'CreateJournalEntryRequest': reference, memo, attachments, submit_for_approval, and 4 more.
src/services/journalEntries.service.test.ts(269,9): error TS2322: Type 'string' is not assignable to type 'JournalEntryApprovalStatus[]'.
src/services/journalEntries.service.test.ts(274,9): error TS2322: Type 'string' is not assignable to type 'JournalEntryApprovalStatus[]'.
src/services/journalEntries.service.test.ts(287,13): error TS2740: Type '{ company_id: string; transaction_date: number; description: string; line_items: { account_id: string; debit: string; credit: string; description: null; contact_id: null; product_id: null; }[]; }' is missing the following properties from type 'CreateJournalEntryRequest': reference, memo, attachments, submit_for_approval, and 4 more.
src/services/journalEntries.service.test.ts(318,13): error TS2740: Type '{ company_id: string; transaction_date: number; description: string; line_items: { account_id: string; debit: string; credit: string; description: null; contact_id: null; product_id: null; }[]; }' is missing the following properties from type 'CreateJournalEntryRequest': reference, memo, attachments, submit_for_approval, and 4 more.
src/services/journalEntries.service.test.ts(345,13): error TS2740: Type '{ company_id: string; transaction_date: number; description: string; line_items: { account_id: string; debit: string; credit: string; description: null; contact_id: null; product_id: null; }[]; }' is missing the following properties from type 'CreateJournalEntryRequest': reference, memo, attachments, submit_for_approval, and 4 more.
src/services/journalEntries.service.test.ts(359,9): error TS2345: Argument of type '{ line_items: { account_id: string; debit: string; credit: string; description: null; contact_id: null; product_id: null; }[]; }' is not assignable to parameter of type 'UpdateJournalEntryRequest'.
  Property 'entry_id' is missing in type '{ line_items: { account_id: string; debit: string; credit: string; description: null; contact_id: null; product_id: null; }[]; }' but required in type 'UpdateJournalEntryRequest'.
src/services/journalEntries.service.test.ts(374,13): error TS2740: Type '{ company_id: string; transaction_date: number; description: string; line_items: { account_id: string; debit: string; credit: string; description: null; contact_id: null; product_id: null; }[]; }' is missing the following properties from type 'CreateJournalEntryRequest': reference, memo, attachments, submit_for_approval, and 4 more.
src/services/journalEntries.service.test.ts(389,11): error TS2345: Argument of type '{ line_items: { account_id: string; debit: string; credit: string; description: null; contact_id: null; product_id: null; }[]; }' is not assignable to parameter of type 'UpdateJournalEntryRequest'.
  Property 'entry_id' is missing in type '{ line_items: { account_id: string; debit: string; credit: string; description: null; contact_id: null; product_id: null; }[]; }' but required in type 'UpdateJournalEntryRequest'.
src/services/journalEntries.service.test.ts(403,13): error TS2740: Type '{ company_id: string; transaction_date: number; description: string; line_items: { account_id: string; debit: string; credit: string; description: null; contact_id: null; product_id: null; }[]; }' is missing the following properties from type 'CreateJournalEntryRequest': reference, memo, attachments, submit_for_approval, and 4 more.
src/services/journalEntries.service.test.ts(424,13): error TS2740: Type '{ company_id: string; transaction_date: number; description: string; line_items: { account_id: string; debit: string; credit: string; description: null; contact_id: null; product_id: null; }[]; submit_for_approval: true; }' is missing the following properties from type 'CreateJournalEntryRequest': reference, memo, attachments, is_reversing, and 3 more.
src/services/journalEntries.service.test.ts(450,13): error TS2740: Type '{ company_id: string; transaction_date: number; description: string; line_items: { account_id: string; debit: string; credit: string; description: null; contact_id: null; product_id: null; }[]; submit_for_approval: true; }' is missing the following properties from type 'CreateJournalEntryRequest': reference, memo, attachments, is_reversing, and 3 more.
src/services/journalEntries.service.test.ts(483,13): error TS2740: Type '{ company_id: string; transaction_date: number; description: string; line_items: { account_id: string; debit: string; credit: string; description: string; contact_id: null; product_id: null; }[]; }' is missing the following properties from type 'CreateJournalEntryRequest': reference, memo, attachments, submit_for_approval, and 4 more.
src/services/journalEntries.service.test.ts(498,11): error TS2561: Object literal may only specify known properties, but 'reverse_date' does not exist in type 'CreateReversingEntryOptions'. Did you mean to write 'reversal_date'?
src/services/journalEntries.service.test.ts(518,13): error TS2740: Type '{ company_id: string; transaction_date: number; description: string; line_items: { account_id: string; debit: string; credit: string; description: null; contact_id: null; product_id: null; }[]; submit_for_approval: true; }' is missing the following properties from type 'CreateJournalEntryRequest': reference, memo, attachments, is_reversing, and 3 more.
src/services/journalEntries.service.test.ts(541,11): error TS2353: Object literal may only specify known properties, and 'voided_by' does not exist in type 'VoidJournalEntryRequest'.
src/services/journalEntries.service.test.ts(569,9): error TS2322: Type 'null' is not assignable to type 'string'.
src/services/journalEntries.service.test.ts(574,13): error TS2353: Object literal may only specify known properties, and 'plain_english_description' does not exist in type 'JournalEntryTemplateLineItem'.
src/services/journalEntries.service.test.ts(581,13): error TS2353: Object literal may only specify known properties, and 'plain_english_description' does not exist in type 'JournalEntryTemplateLineItem'.
src/services/journalEntries.service.test.ts(618,13): error TS2740: Type '{ company_id: string; transaction_date: number; description: string; line_items: { account_id: string; debit: string; credit: string; description: null; contact_id: null; product_id: null; }[]; }' is missing the following properties from type 'CreateJournalEntryRequest': reference, memo, attachments, submit_for_approval, and 4 more.
src/services/journalEntries.service.test.ts(653,13): error TS2740: Type '{ company_id: string; transaction_date: number; description: string; line_items: never[]; }' is missing the following properties from type 'CreateJournalEntryRequest': reference, memo, attachments, submit_for_approval, and 4 more.
src/services/journalEntries.service.test.ts(664,13): error TS2740: Type '{ company_id: string; transaction_date: number; description: string; line_items: { account_id: string; debit: string; credit: string; description: null; contact_id: null; product_id: null; }[]; }' is missing the following properties from type 'CreateJournalEntryRequest': reference, memo, attachments, submit_for_approval, and 4 more.
src/services/journalEntries.service.test.ts(681,13): error TS2740: Type '{ company_id: string; transaction_date: number; description: string; line_items: { account_id: string; debit: string; credit: string; description: null; contact_id: null; product_id: null; }[]; }' is missing the following properties from type 'CreateJournalEntryRequest': reference, memo, attachments, submit_for_approval, and 4 more.
src/services/journalEntries.service.ts(17,30): error TS7016: Could not find a declaration file for module 'uuid'. 'C:/Users/Admin/graceful_books/node_modules/uuid/dist/esm-browser/index.js' implicitly has an 'any' type.
  Try `npm i --save-dev @types/uuid` if it exists or add a new declaration (.d.ts) file containing `declare module 'uuid';`
src/services/journalEntries.service.ts(18,15): error TS2614: Module '"../db/database"' has no exported member 'Database'. Did you mean to use 'import Database from "../db/database"' instead?
src/services/journalEntries.service.ts(29,3): error TS6196: 'JournalEntryApprovalStatus' is declared but never used.
src/services/journalEntries.service.ts(190,29): error TS2367: This comparison appears to be unintentional because the types 'string' and 'JournalEntryApprovalStatus[] | undefined' have no overlap.
src/services/journalEntries.service.ts(445,11): error TS2561: Object literal may only specify known properties, but 'reverse_date' does not exist in type 'CreateReversingEntryOptions'. Did you mean to write 'reversal_date'?
src/services/journalEntries.service.ts(488,35): error TS2551: Property 'reverse_date' does not exist on type 'CreateReversingEntryOptions'. Did you mean 'reversal_date'?
src/services/journalEntries.service.ts(545,9): error TS2322: Type '{ account_id: string; debit: string; credit: string; description: string | null; }[]' is not assignable to type 'CreateJournalEntryLineItemRequest[]'.
  Type '{ account_id: string; debit: string; credit: string; description: string | null; }' is missing the following properties from type 'CreateJournalEntryLineItemRequest': contact_id, product_id
src/services/journalEntries.service.ts(547,9): error TS2322: Type 'number | undefined' is not assignable to type 'number | null'.
  Type 'undefined' is not assignable to type 'number | null'.
src/services/journalEntries.service.ts(577,7): error TS2353: Object literal may only specify known properties, and 'voided_this_month' does not exist in type 'JournalEntryStatistics'.
src/services/journalEntries.service.ts(578,16): error TS2367: This comparison appears to be unintentional because the types 'JournalEntryApprovalStatus' and '"VOID"' have no overlap.
src/services/journalEntries.service.ts(641,9): error TS2353: Object literal may only specify known properties, and 'balance_check' does not exist in type 'JournalEntryValidationResult'.
src/services/journalEntries.service.ts(649,7): error TS2353: Object literal may only specify known properties, and 'balance_check' does not exist in type 'JournalEntryValidationResult'.
src/services/mentions.service.test.ts(44,24): error TS2352: Conversion of type '{ id: string; email: string; name: string; hashed_password: string; created_at: number; updated_at: number; deleted_at: null; version_vector: { "device-test-001": number; }; }' to type 'User' may be a mistake because neither type sufficiently overlaps with the other. If this was intentional, convert the expression to 'unknown' first.
  Type '{ id: string; email: string; name: string; hashed_password: string; created_at: number; updated_at: number; deleted_at: null; version_vector: { "device-test-001": number; }; }' is missing the following properties from type 'User': passphrase_hash, master_key_encrypted, preferences, selected_charity_id
src/services/mentions.service.test.ts(55,24): error TS2352: Conversion of type '{ id: string; email: string; name: string; hashed_password: string; created_at: number; updated_at: number; deleted_at: null; version_vector: { "device-test-001": number; }; }' to type 'User' may be a mistake because neither type sufficiently overlaps with the other. If this was intentional, convert the expression to 'unknown' first.
  Type '{ id: string; email: string; name: string; hashed_password: string; created_at: number; updated_at: number; deleted_at: null; version_vector: { "device-test-001": number; }; }' is missing the following properties from type 'User': passphrase_hash, master_key_encrypted, preferences, selected_charity_id
src/services/mentions.service.test.ts(66,24): error TS2352: Conversion of type '{ id: string; email: string; name: string; hashed_password: string; created_at: number; updated_at: number; deleted_at: null; version_vector: { "device-test-001": number; }; }' to type 'User' may be a mistake because neither type sufficiently overlaps with the other. If this was intentional, convert the expression to 'unknown' first.
  Type '{ id: string; email: string; name: string; hashed_password: string; created_at: number; updated_at: number; deleted_at: null; version_vector: { "device-test-001": number; }; }' is missing the following properties from type 'User': passphrase_hash, master_key_encrypted, preferences, selected_charity_id
src/services/mentions.service.test.ts(114,31): error TS2352: Conversion of type '{ id: string; company_id: string; user_id: string; role: "VIEW_ONLY"; permissions: string[]; active: true; invited_at: number; joined_at: number; created_at: number; updated_at: number; deleted_at: null; version_vector: { ...; }; }' to type 'CompanyUser' may be a mistake because neither type sufficiently overlaps with the other. If this was intentional, convert the expression to 'unknown' first.
  Types of property 'role' are incompatible.
    Type '"VIEW_ONLY"' is not comparable to type 'UserRole'.
src/services/mentions.service.test.ts(901,26): error TS2352: Conversion of type '{ id: string; email: string; name: string; hashed_password: string; created_at: number; updated_at: number; deleted_at: null; version_vector: { "device-test-001": number; }; }' to type 'User' may be a mistake because neither type sufficiently overlaps with the other. If this was intentional, convert the expression to 'unknown' first.
  Type '{ id: string; email: string; name: string; hashed_password: string; created_at: number; updated_at: number; deleted_at: null; version_vector: { "device-test-001": number; }; }' is missing the following properties from type 'User': passphrase_hash, master_key_encrypted, preferences, selected_charity_id
src/services/mentions.service.ts(89,9): error TS2322: Type 'string | undefined' is not assignable to type 'string'.
  Type 'undefined' is not assignable to type 'string'.
src/services/metrics/cashFlowMetrics.service.ts(11,3): error TS6196: 'Metric' is declared but never used.
src/services/metrics/growthMetrics.service.ts(11,3): error TS6196: 'Metric' is declared but never used.
src/services/metrics/liquidityMetrics.service.ts(17,3): error TS6196: 'TrendDirection' is declared but never used.
src/services/metrics/profitabilityMetrics.service.ts(364,9): error TS2367: This comparison appears to be unintentional because the types '1' and '0' have no overlap.
src/services/metrics/valuationMetrics.service.ts(11,3): error TS6196: 'Metric' is declared but never used.
src/services/multiUser/audit.service.ts(16,25): error TS6196: 'VersionVector' is declared but never used.
src/services/multiUser/audit.service.ts(188,9): error TS2322: Type 'string' is not assignable to type 'AuditEntityType'.
src/services/multiUser/audit.service.ts(190,9): error TS2322: Type 'AuditEventType' is not assignable to type 'AuditAction'.
src/services/multiUser/audit.service.ts(534,47): error TS2551: Property 'company_id' does not exist on type 'AuditLogEntity'. Did you mean 'companyId'?
src/services/multiUser/audit.service.ts(538,47): error TS2551: Property 'user_id' does not exist on type 'AuditLogEntity'. Did you mean 'userId'?
src/services/multiUser/audit.service.ts(549,43): error TS2365: Operator '>=' cannot be applied to types 'Date' and 'number'.
src/services/multiUser/audit.service.ts(553,43): error TS2365: Operator '<=' cannot be applied to types 'Date' and 'number'.
src/services/multiUser/audit.service.ts(557,47): error TS2551: Property 'entity_type' does not exist on type 'AuditLogEntity'. Did you mean 'entityType'?
src/services/multiUser/audit.service.ts(561,47): error TS2551: Property 'entity_id' does not exist on type 'AuditLogEntity'. Did you mean 'entityId'?
src/services/multiUser/audit.service.ts(568,9): error TS2322: Type 'AuditLogEntity[]' is not assignable to type 'AuditLog[]'.
  Type 'AuditLogEntity' is missing the following properties from type 'AuditLog': company_id, user_id, entity_type, entity_id, and 9 more.
src/services/multiUser/audit.service.ts(594,23): error TS2365: Operator '>=' cannot be applied to types 'Date' and 'number'.
src/services/multiUser/audit.service.ts(594,53): error TS2365: Operator '<=' cannot be applied to types 'Date' and 'number'.
src/services/multiUser/audit.service.ts(608,17): error TS2551: Property 'user_id' does not exist on type 'AuditLogEntity'. Did you mean 'userId'?
src/services/multiUser/audit.service.ts(609,31): error TS2551: Property 'user_id' does not exist on type 'AuditLogEntity'. Did you mean 'userId'?
src/services/multiUser/audit.service.ts(613,17): error TS2551: Property 'device_id' does not exist on type 'AuditLogEntity'. Did you mean 'deviceId'?
src/services/multiUser/audit.service.ts(614,34): error TS2551: Property 'device_id' does not exist on type 'AuditLogEntity'. Did you mean 'deviceId'?
src/services/multiUser/audit.service.ts(737,23): error TS2365: Operator '>=' cannot be applied to types 'Date' and 'number'.
src/services/multiUser/audit.service.ts(737,53): error TS2365: Operator '<=' cannot be applied to types 'Date' and 'number'.
src/services/multiUser/audit.service.ts(755,13): error TS2551: Property 'user_id' does not exist on type 'AuditLogEntity'. Did you mean 'userId'?
src/services/multiUser/audit.service.ts(756,13): error TS2551: Property 'entity_type' does not exist on type 'AuditLogEntity'. Did you mean 'entityType'?
src/services/multiUser/audit.service.ts(757,13): error TS2551: Property 'entity_id' does not exist on type 'AuditLogEntity'. Did you mean 'entityId'?
src/services/multiUser/audit.service.ts(759,13): error TS2551: Property 'ip_address' does not exist on type 'AuditLogEntity'. Did you mean 'ipAddress'?
src/services/multiUser/audit.service.ts(760,13): error TS2551: Property 'device_id' does not exist on type 'AuditLogEntity'. Did you mean 'deviceId'?
src/services/multiUser/keyRotation.enhanced.service.ts(19,3): error TS6196: 'DerivedKey' is declared but never used.
src/services/multiUser/keyRotation.enhanced.service.ts(21,3): error TS6196: 'KeyRotationResult' is declared but never used.
src/services/multiUser/keyRotation.enhanced.service.ts(23,3): error TS6196: 'PermissionLevel' is declared but never used.
src/services/multiUser/keyRotation.enhanced.service.ts(26,1): error TS6192: All imports in import declaration are unused.
src/services/multiUser/keyRotation.enhanced.service.ts(280,12): error TS2551: Property 'transactionLines' does not exist on type 'GracefulBooksDB'. Did you mean 'transactions'?
src/services/multiUser/keyRotation.enhanced.service.ts(319,41): error TS2552: Cannot find name 'oldContext'. Did you mean '_oldContext'?
src/services/multiUser/keyRotation.enhanced.service.ts(319,53): error TS2552: Cannot find name 'newContext'. Did you mean '_newContext'?
src/services/multiUser/keyRotation.enhanced.service.ts(326,45): error TS2304: Cannot find name 'oldContext'.
src/services/multiUser/keyRotation.enhanced.service.ts(326,57): error TS2304: Cannot find name 'newContext'.
src/services/multiUser/keyRotation.enhanced.service.ts(333,49): error TS2304: Cannot find name 'oldContext'.
src/services/multiUser/keyRotation.enhanced.service.ts(333,61): error TS2304: Cannot find name 'newContext'.
src/services/multiUser/keyRotation.enhanced.service.ts(340,41): error TS2304: Cannot find name 'oldContext'.
src/services/multiUser/keyRotation.enhanced.service.ts(340,53): error TS2304: Cannot find name 'newContext'.
src/services/multiUser/keyRotation.enhanced.service.ts(347,38): error TS2304: Cannot find name 'oldContext'.
src/services/multiUser/keyRotation.enhanced.service.ts(347,50): error TS2304: Cannot find name 'newContext'.
src/services/multiUser/keyRotation.enhanced.service.ts(366,22): error TS2551: Property 'deleted_at' does not exist on type 'AccountEntity'. Did you mean 'deletedAt'?
src/services/multiUser/keyRotation.enhanced.service.ts(376,56): error TS2551: Property 'version_vector' does not exist on type 'AccountEntity'. Did you mean 'versionVector'?
src/services/multiUser/keyRotation.enhanced.service.ts(397,22): error TS2551: Property 'deleted_at' does not exist on type 'TransactionEntity'. Did you mean 'deletedAt'?
src/services/multiUser/keyRotation.enhanced.service.ts(406,60): error TS2551: Property 'version_vector' does not exist on type 'TransactionEntity'. Did you mean 'versionVector'?
src/services/multiUser/keyRotation.enhanced.service.ts(422,28): error TS2551: Property 'transactionLines' does not exist on type 'GracefulBooksDB'. Did you mean 'transactions'?
src/services/multiUser/keyRotation.enhanced.service.ts(437,16): error TS2551: Property 'transactionLines' does not exist on type 'GracefulBooksDB'. Did you mean 'transactions'?
src/services/multiUser/keyRotation.enhanced.service.ts(453,22): error TS2551: Property 'deleted_at' does not exist on type 'ContactEntity'. Did you mean 'deletedAt'?
src/services/multiUser/keyRotation.enhanced.service.ts(462,56): error TS2551: Property 'version_vector' does not exist on type 'ContactEntity'. Did you mean 'versionVector'?
src/services/multiUser/keyRotation.enhanced.service.ts(481,22): error TS2551: Property 'deleted_at' does not exist on type 'UserEntity'. Did you mean 'deletedAt'?
src/services/multiUser/keyRotation.enhanced.service.ts(490,53): error TS2551: Property 'version_vector' does not exist on type 'UserEntity'. Did you mean 'versionVector'?
src/services/multiUser/keyRotation.enhanced.service.ts(508,9): error TS2353: Object literal may only specify known properties, and 'updated_at' does not exist in type 'UpdateSpec<CompanyEntity> | ((obj: CompanyEntity, ctx: { value: any; primKey: IndexableType; }) => boolean | void)'.
src/services/multiUser/keyRotation.enhanced.service.ts(509,56): error TS2551: Property 'version_vector' does not exist on type 'CompanyEntity'. Did you mean 'versionVector'?
src/services/multiUser/notification.service.ts(20,1): error TS6192: All imports in import declaration are unused.
src/services/multiUser/notification.service.ts(490,51): error TS2552: Cannot find name 'userId'. Did you mean '_userId'?
src/services/paymentGateway.ts(84,9): error TS2322: Type 'ErrorCode.CONFIGURATION_ERROR' is not assignable to type 'DatabaseErrorCode'.
src/services/paymentGateway.ts(120,11): error TS2322: Type '{ customer_name: string | null; status: "PENDING"; id: string; company_id?: string | undefined; invoice_id?: string | undefined; portal_token_id?: string | undefined; gateway?: PaymentGateway | undefined; ... 13 more ...; version_vector?: VersionVector | undefined; }' is not assignable to type 'Payment'.
  Types of property 'company_id' are incompatible.
    Type 'string | undefined' is not assignable to type 'string'.
      Type 'undefined' is not assignable to type 'string'.
src/services/portalService.ts(142,11): error TS2322: Type 'ErrorCode.PERMISSION_DENIED' is not assignable to type 'DatabaseErrorCode'.
src/services/portalService.ts(169,11): error TS2322: Type '{ id: string; company_id?: string | undefined; invoice_id?: string | undefined; token?: string | undefined; email?: string | undefined; created_at?: number | undefined; expires_at?: number | undefined; ... 5 more ...; version_vector?: VersionVector | undefined; }' is not assignable to type 'PortalToken'.
  Types of property 'company_id' are incompatible.
    Type 'string | undefined' is not assignable to type 'string'.
      Type 'undefined' is not assignable to type 'string'.
src/services/portalService.ts(222,11): error TS2322: Type 'ErrorCode.RATE_LIMITED' is not assignable to type 'DatabaseErrorCode'.
src/services/portalService.ts(253,11): error TS2322: Type 'ErrorCode.SESSION_INVALID' is not assignable to type 'DatabaseErrorCode'.
src/services/recentActivity.service.test.ts(300,50): error TS2322: Type '"SEARCH"' is not assignable to type 'RecentActivityType | RecentActivityType[] | undefined'.
src/services/recentActivity.service.test.ts(314,50): error TS2322: Type '"INVOICE"' is not assignable to type 'RecentActivityEntityType | RecentActivityEntityType[] | undefined'.
src/services/recentActivity.service.test.ts(361,9): error TS2322: Type '"SEARCH"' is not assignable to type 'RecentActivityType'.
src/services/recentActivity.service.test.ts(362,9): error TS2322: Type '"TRANSACTION"' is not assignable to type 'RecentActivityEntityType'.
src/services/recentActivity.service.ts(66,9): error TS2322: Type '"SEARCH"' is not assignable to type 'RecentActivityType'.
src/services/recentActivity.service.ts(98,9): error TS2322: Type '"VIEW"' is not assignable to type 'RecentActivityType'.
src/services/recentActivity.service.ts(130,9): error TS2322: Type '"EDIT"' is not assignable to type 'RecentActivityType'.
src/services/recentActivity.service.ts(162,9): error TS2322: Type '"CREATE"' is not assignable to type 'RecentActivityType'.
src/services/recentActivity.service.ts(192,9): error TS2322: Type '"SEARCH"' is not assignable to type 'RecentActivityType | RecentActivityType[] | undefined'.
src/services/recentActivity.service.ts(223,9): error TS2322: Type '"VIEW"' is not assignable to type 'RecentActivityType | RecentActivityType[] | undefined'.
src/services/recentActivity.service.ts(253,25): error TS2322: Type '"EDIT"' is not assignable to type 'RecentActivityType'.
src/services/recentActivity.service.ts(253,33): error TS2322: Type '"CREATE"' is not assignable to type 'RecentActivityType'.
src/services/recentActivity.service.ts(289,25): error TS2322: Type '"CREATE"' is not assignable to type 'RecentActivityType'.
src/services/recentActivity.service.ts(289,35): error TS2322: Type '"EDIT"' is not assignable to type 'RecentActivityType'.
src/services/recentActivity.service.ts(322,25): error TS2322: Type '"VIEW"' is not assignable to type 'RecentActivityType'.
src/services/recentActivity.service.ts(322,33): error TS2322: Type '"EDIT"' is not assignable to type 'RecentActivityType'.
src/services/reconciliationHistory.service.test.ts(36,3): error TS6196: 'ReconciliationPattern' is declared but never used.
src/services/reconciliationHistory.service.test.ts(39,3): error TS6196: 'UnreconciledFlag' is declared but never used.
src/services/reconciliationHistory.service.test.ts(40,3): error TS6196: 'DiscrepancyPattern' is declared but never used.
src/services/reconciliationHistory.service.test.ts(96,10): error TS2352: Conversion of type '{ id: string; companyId: string; date: Date; status: any; memo: string; reference: null; lines: { id: string; accountId: string; debit: number; credit: number; }[]; createdBy: string; createdAt: Date; updatedAt: Date; }' to type 'JournalEntry' may be a mistake because neither type sufficiently overlaps with the other. If this was intentional, convert the expression to 'unknown' first.
  Types of property 'reference' are incompatible.
    Type 'null' is not comparable to type 'string | undefined'.
src/services/reconciliationHistory.service.ts(75,11): error TS2322: Type '"ALREADY_EXISTS"' is not assignable to type 'DatabaseErrorCode'.
src/services/reconciliationHistory.service.ts(206,11): error TS2322: Type '"INVALID_INPUT"' is not assignable to type 'DatabaseErrorCode'.
src/services/reconciliationHistory.service.ts(846,21): error TS2367: This comparison appears to be unintentional because the types 'AccountType' and '"ASSET"' have no overlap.
src/services/reconciliationService.additional.test.ts(30,3): error TS6196: 'Reconciliation' is declared but never used.
src/services/reconciliationService.additional.test.ts(170,11): error TS2322: Type '"EXACT"' is not assignable to type 'MatchConfidence'.
src/services/reconciliationService.additional.test.ts(267,11): error TS2322: Type '"EXACT"' is not assignable to type 'MatchConfidence'.
src/services/reconciliationService.additional.test.ts(274,11): error TS2322: Type '"HIGH"' is not assignable to type 'MatchConfidence'.
src/services/reconciliationService.additional.test.ts(281,11): error TS2322: Type '"MEDIUM"' is not assignable to type 'MatchConfidence'.
src/services/reconciliationService.additional.test.ts(635,11): error TS2322: Type '"EXACT"' is not assignable to type 'MatchConfidence'.
src/services/reconciliationService.additional.test.ts(642,11): error TS2322: Type '"HIGH"' is not assignable to type 'MatchConfidence'.
src/services/reconciliationService.additional.test.ts(649,11): error TS2322: Type '"MEDIUM"' is not assignable to type 'MatchConfidence'.
src/services/reconciliationService.test.ts(15,50): error TS6196: 'Reconciliation' is declared but never used.
src/services/reconciliationService.test.ts(86,11): error TS2322: Type '"EXACT"' is not assignable to type 'MatchConfidence'.
src/services/reconciliationService.test.ts(128,11): error TS2322: Type '"EXACT"' is not assignable to type 'MatchConfidence'.
src/services/reconciliationService.test.ts(135,11): error TS2322: Type '"HIGH"' is not assignable to type 'MatchConfidence'.
src/services/reconciliationService.test.ts(338,11): error TS2322: Type '"EXACT"' is not assignable to type 'MatchConfidence'.
src/services/reconciliationService.test.ts(345,11): error TS2322: Type '"HIGH"' is not assignable to type 'MatchConfidence'.
src/services/recurrence.service.test.ts(26,9): error TS2322: Type '"WEEKLY"' is not assignable to type 'RecurrenceFrequency'.
src/services/recurrence.service.test.ts(29,9): error TS2322: Type '"NEVER"' is not assignable to type 'RecurrenceEndType'.
src/services/recurrence.service.test.ts(39,9): error TS2322: Type '"MONTHLY"' is not assignable to type 'RecurrenceFrequency'.
src/services/recurrence.service.test.ts(42,9): error TS2322: Type '"NEVER"' is not assignable to type 'RecurrenceEndType'.
src/services/recurrence.service.test.ts(54,9): error TS2322: Type '"QUARTERLY"' is not assignable to type 'RecurrenceFrequency'.
src/services/recurrence.service.test.ts(57,9): error TS2322: Type '"NEVER"' is not assignable to type 'RecurrenceEndType'.
src/services/recurrence.service.test.ts(68,9): error TS2322: Type '"ANNUALLY"' is not assignable to type 'RecurrenceFrequency'.
src/services/recurrence.service.test.ts(71,9): error TS2322: Type '"NEVER"' is not assignable to type 'RecurrenceEndType'.
src/services/recurrence.service.test.ts(85,9): error TS2322: Type '"MONTHLY"' is not assignable to type 'RecurrenceFrequency'.
src/services/recurrence.service.test.ts(88,9): error TS2322: Type '"ON_DATE"' is not assignable to type 'RecurrenceEndType'.
src/services/recurrence.service.test.ts(99,9): error TS2322: Type '"MONTHLY"' is not assignable to type 'RecurrenceFrequency'.
src/services/recurrence.service.test.ts(102,9): error TS2322: Type '"AFTER_COUNT"' is not assignable to type 'RecurrenceEndType'.
src/services/recurrence.service.test.ts(115,9): error TS2322: Type '"MONTHLY"' is not assignable to type 'RecurrenceFrequency'.
src/services/recurrence.service.test.ts(118,9): error TS2322: Type '"NEVER"' is not assignable to type 'RecurrenceEndType'.
src/services/recurrence.service.test.ts(133,9): error TS2322: Type '"MONTHLY"' is not assignable to type 'RecurrenceFrequency'.
src/services/recurrence.service.test.ts(136,9): error TS2322: Type '"ON_DATE"' is not assignable to type 'RecurrenceEndType'.
src/services/recurrence.service.test.ts(149,9): error TS2322: Type '"WEEKLY"' is not assignable to type 'RecurrenceFrequency'.
src/services/recurrence.service.test.ts(152,9): error TS2322: Type '"NEVER"' is not assignable to type 'RecurrenceEndType'.
src/services/recurrence.service.test.ts(167,9): error TS2322: Type '"MONTHLY"' is not assignable to type 'RecurrenceFrequency'.
src/services/recurrence.service.test.ts(170,9): error TS2322: Type '"NEVER"' is not assignable to type 'RecurrenceEndType'.
src/services/recurrence.service.test.ts(183,9): error TS2820: Type '"BI_WEEKLY"' is not assignable to type 'RecurrenceFrequency'. Did you mean 'RecurrenceFrequency.WEEKLY'?
src/services/recurrence.service.test.ts(186,9): error TS2322: Type '"NEVER"' is not assignable to type 'RecurrenceEndType'.
src/services/recurrence.service.test.ts(202,9): error TS2322: Type '"MONTHLY"' is not assignable to type 'RecurrenceFrequency'.
src/services/recurrence.service.test.ts(205,9): error TS2322: Type '"NEVER"' is not assignable to type 'RecurrenceEndType'.
src/services/recurrence.service.test.ts(218,9): error TS2322: Type '"MONTHLY"' is not assignable to type 'RecurrenceFrequency'.
src/services/recurrence.service.test.ts(221,9): error TS2322: Type '"AFTER_COUNT"' is not assignable to type 'RecurrenceEndType'.
src/services/recurrence.service.test.ts(237,9): error TS2322: Type '"ANNUALLY"' is not assignable to type 'RecurrenceFrequency'.
src/services/recurrence.service.test.ts(240,9): error TS2322: Type '"NEVER"' is not assignable to type 'RecurrenceEndType'.
src/services/recurrence.service.test.ts(257,9): error TS2322: Type '"MONTHLY"' is not assignable to type 'RecurrenceFrequency'.
src/services/recurrence.service.test.ts(260,9): error TS2322: Type '"NEVER"' is not assignable to type 'RecurrenceEndType'.
src/services/recurrence.service.test.ts(277,9): error TS2322: Type '"MONTHLY"' is not assignable to type 'RecurrenceFrequency'.
src/services/recurrence.service.test.ts(280,9): error TS2322: Type '"NEVER"' is not assignable to type 'RecurrenceEndType'.
src/services/recurrence.service.test.ts(297,9): error TS2322: Type '"QUARTERLY"' is not assignable to type 'RecurrenceFrequency'.
src/services/recurrence.service.test.ts(300,9): error TS2322: Type '"NEVER"' is not assignable to type 'RecurrenceEndType'.
src/services/recurrence.service.test.ts(318,9): error TS2322: Type '"MONTHLY"' is not assignable to type 'RecurrenceFrequency'.
src/services/recurrence.service.test.ts(321,9): error TS2322: Type '"NEVER"' is not assignable to type 'RecurrenceEndType'.
src/services/recurrence.service.test.ts(332,9): error TS2322: Type '"MONTHLY"' is not assignable to type 'RecurrenceFrequency'.
src/services/recurrence.service.test.ts(335,9): error TS2322: Type '"ON_DATE"' is not assignable to type 'RecurrenceEndType'.
src/services/recurrence.service.test.ts(347,9): error TS2322: Type '"MONTHLY"' is not assignable to type 'RecurrenceFrequency'.
src/services/recurrence.service.test.ts(350,9): error TS2322: Type '"ON_DATE"' is not assignable to type 'RecurrenceEndType'.
src/services/recurrence.service.test.ts(362,9): error TS2322: Type '"MONTHLY"' is not assignable to type 'RecurrenceFrequency'.
src/services/recurrence.service.test.ts(365,9): error TS2322: Type '"NEVER"' is not assignable to type 'RecurrenceEndType'.
src/services/recurrence.service.test.ts(380,9): error TS2322: Type '"MONTHLY"' is not assignable to type 'RecurrenceFrequency'.
src/services/recurrence.service.test.ts(383,9): error TS2322: Type '"NEVER"' is not assignable to type 'RecurrenceEndType'.
src/services/recurrence.service.test.ts(399,9): error TS2322: Type '"MONTHLY"' is not assignable to type 'RecurrenceFrequency'.
src/services/recurrence.service.test.ts(402,9): error TS2322: Type '"NEVER"' is not assignable to type 'RecurrenceEndType'.
src/services/recurrence.service.test.ts(417,9): error TS2322: Type '"MONTHLY"' is not assignable to type 'RecurrenceFrequency'.
src/services/recurrence.service.test.ts(420,9): error TS2322: Type '"ON_DATE"' is not assignable to type 'RecurrenceEndType'.
src/services/recurrence.service.test.ts(435,9): error TS2322: Type '"MONTHLY"' is not assignable to type 'RecurrenceFrequency'.
src/services/recurrence.service.test.ts(438,9): error TS2322: Type '"AFTER_COUNT"' is not assignable to type 'RecurrenceEndType'.
src/services/recurrence.service.test.ts(449,9): error TS2322: Type '"MONTHLY"' is not assignable to type 'RecurrenceFrequency'.
src/services/recurrence.service.test.ts(452,9): error TS2322: Type '"NEVER"' is not assignable to type 'RecurrenceEndType'.
src/services/recurrence.service.test.ts(464,9): error TS2322: Type '"MONTHLY"' is not assignable to type 'RecurrenceFrequency'.
src/services/recurrence.service.test.ts(467,9): error TS2322: Type '"NEVER"' is not assignable to type 'RecurrenceEndType'.
src/services/recurrence.service.test.ts(477,9): error TS2322: Type '"MONTHLY"' is not assignable to type 'RecurrenceFrequency'.
src/services/recurrence.service.test.ts(480,9): error TS2322: Type '"ON_DATE"' is not assignable to type 'RecurrenceEndType'.
src/services/recurrence.service.test.ts(492,9): error TS2322: Type '"MONTHLY"' is not assignable to type 'RecurrenceFrequency'.
src/services/recurrence.service.test.ts(495,9): error TS2322: Type '"ON_DATE"' is not assignable to type 'RecurrenceEndType'.
src/services/recurrence.service.test.ts(509,9): error TS2322: Type '"MONTHLY"' is not assignable to type 'RecurrenceFrequency'.
src/services/recurrence.service.test.ts(512,9): error TS2322: Type '"NEVER"' is not assignable to type 'RecurrenceEndType'.
src/services/recurringInvoiceService.test.ts(10,1): error TS6192: All imports in import declaration are unused.
src/services/reportDelivery.service.ts(91,51): error TS2552: Cannot find name 'ReportScheduleEntity'. Did you mean 'ReportSchedule'?
src/services/reportDelivery.service.ts(422,21): error TS2552: Cannot find name 'ReportScheduleEntity'. Did you mean 'ReportSchedule'?
src/services/reportDelivery.service.ts(511,53): error TS2552: Cannot find name 'ReportScheduleEntity'. Did you mean 'ReportSchedule'?
src/services/reportDelivery.service.ts(529,37): error TS2552: Cannot find name 'ReportScheduleEntity'. Did you mean 'ReportSchedule'?
src/services/reports/arAgingReport.service.test.ts(42,7): error TS2322: Type 'string' is not assignable to type 'number'.
src/services/reports/arAgingReport.service.test.ts(43,7): error TS2322: Type 'string' is not assignable to type 'number'.
src/services/reports/arAgingReport.service.test.ts(54,7): error TS2322: Type 'string' is not assignable to type 'number'.
src/services/reports/arAgingReport.service.test.ts(55,7): error TS2322: Type 'string' is not assignable to type 'number'.
src/services/reports/arAgingReport.service.test.ts(66,7): error TS2322: Type 'string' is not assignable to type 'number'.
src/services/reports/arAgingReport.service.test.ts(67,7): error TS2322: Type 'string' is not assignable to type 'number'.
src/services/reports/arAgingReport.service.test.ts(78,7): error TS2322: Type 'string' is not assignable to type 'number'.
src/services/reports/arAgingReport.service.test.ts(79,7): error TS2322: Type 'string' is not assignable to type 'number'.
src/services/reports/arAgingReport.service.test.ts(90,7): error TS2322: Type 'string' is not assignable to type 'number'.
src/services/reports/arAgingReport.service.test.ts(91,7): error TS2322: Type 'string' is not assignable to type 'number'.
src/services/reports/arAgingReport.service.test.ts(102,7): error TS2322: Type 'string' is not assignable to type 'number'.
src/services/reports/arAgingReport.service.test.ts(103,7): error TS2322: Type 'string' is not assignable to type 'number'.
src/services/reports/arAgingReport.service.test.ts(313,11): error TS2322: Type 'string' is not assignable to type 'number'.
src/services/reports/arAgingReport.service.test.ts(314,11): error TS2322: Type 'string' is not assignable to type 'number'.
src/services/reports/arAgingReport.service.test.ts(325,11): error TS2322: Type 'string' is not assignable to type 'number'.
src/services/reports/arAgingReport.service.test.ts(326,11): error TS2322: Type 'string' is not assignable to type 'number'.
src/services/reports/arAgingReport.service.test.ts(355,11): error TS2322: Type 'Partial<Invoice> | { id: string; company_id: string; customer_id: string; invoice_number: string; invoice_date: number; due_date: number; status: "void"; total: string; subtotal: string; deleted_at: null; }' is not assignable to type 'Partial<Invoice>'.
  Object literal may only specify known properties, but 'company_id' does not exist in type 'Partial<Invoice>'. Did you mean to write 'companyId'?
src/services/reports/arAgingReport.service.test.ts(361,11): error TS2322: Type 'string' is not assignable to type 'number'.
src/services/reports/arAgingReport.service.test.ts(362,11): error TS2322: Type 'string' is not assignable to type 'number'.
src/services/reports/arAgingReport.service.test.ts(496,11): error TS2741: Property 'urgencyLevel' is missing in type '{ customerId: string; customerName: string; totalOutstanding: number; invoiceCount: number; buckets: { current: number; days1to30: number; days31to60: number; days61to90: number; days90plus: number; }; oldestInvoiceDate: null; oldestDueDate: null; hasOverdueInvoices: true; }' but required in type 'CustomerARAging'.
src/services/reports/arAgingReport.service.ts(30,15): error TS6196: 'Invoice' is declared but never used.
src/services/reports/arAgingReport.service.ts(422,5): error TS2322: Type 'number | Date' is not assignable to type 'Date'.
  Type 'number' is not assignable to type 'Date'.
src/services/reports/balanceSheet.test.ts(17,24): error TS6196: 'JournalEntry' is declared but never used.
src/services/reports/balanceSheet.test.ts(55,11): error TS2741: Property 'id' is missing in type '{ accountId: string; debit: number; credit: number; memo: string; }' but required in type 'JournalEntryLine'.
src/services/reports/balanceSheet.test.ts(61,11): error TS2741: Property 'id' is missing in type '{ accountId: string; debit: number; credit: number; memo: string; }' but required in type 'JournalEntryLine'.
src/services/reports/balanceSheet.test.ts(97,11): error TS2741: Property 'id' is missing in type '{ accountId: string; debit: number; credit: number; memo: string; }' but required in type 'JournalEntryLine'.
src/services/reports/balanceSheet.test.ts(103,11): error TS2741: Property 'id' is missing in type '{ accountId: string; debit: number; credit: number; memo: string; }' but required in type 'JournalEntryLine'.
src/services/reports/balanceSheet.test.ts(135,11): error TS2741: Property 'id' is missing in type '{ accountId: string; debit: number; credit: number; memo: string; }' but required in type 'JournalEntryLine'.
src/services/reports/balanceSheet.test.ts(141,11): error TS2741: Property 'id' is missing in type '{ accountId: string; debit: number; credit: number; memo: string; }' but required in type 'JournalEntryLine'.
src/services/reports/balanceSheet.test.ts(160,11): error TS2741: Property 'id' is missing in type '{ accountId: string; debit: number; credit: number; memo: string; }' but required in type 'JournalEntryLine'.
src/services/reports/balanceSheet.test.ts(166,11): error TS2741: Property 'id' is missing in type '{ accountId: string; debit: number; credit: number; memo: string; }' but required in type 'JournalEntryLine'.
src/services/reports/balanceSheet.test.ts(245,11): error TS2741: Property 'id' is missing in type '{ accountId: string; debit: number; credit: number; memo: string; }' but required in type 'JournalEntryLine'.
src/services/reports/balanceSheet.test.ts(246,11): error TS2741: Property 'id' is missing in type '{ accountId: string; debit: number; credit: number; memo: string; }' but required in type 'JournalEntryLine'.
src/services/reports/balanceSheet.test.ts(260,11): error TS2741: Property 'id' is missing in type '{ accountId: string; debit: number; credit: number; memo: string; }' but required in type 'JournalEntryLine'.
src/services/reports/balanceSheet.test.ts(261,11): error TS2741: Property 'id' is missing in type '{ accountId: string; debit: number; credit: number; memo: string; }' but required in type 'JournalEntryLine'.
src/services/reports/balanceSheet.test.ts(275,11): error TS2741: Property 'id' is missing in type '{ accountId: string; debit: number; credit: number; memo: string; }' but required in type 'JournalEntryLine'.
src/services/reports/balanceSheet.test.ts(276,11): error TS2741: Property 'id' is missing in type '{ accountId: string; debit: number; credit: number; memo: string; }' but required in type 'JournalEntryLine'.
src/services/reports/balanceSheet.test.ts(328,11): error TS2741: Property 'id' is missing in type '{ accountId: string; debit: number; credit: number; memo: string; }' but required in type 'JournalEntryLine'.
src/services/reports/balanceSheet.test.ts(329,11): error TS2741: Property 'id' is missing in type '{ accountId: string; debit: number; credit: number; memo: string; }' but required in type 'JournalEntryLine'.
src/services/reports/balanceSheet.test.ts(377,11): error TS2741: Property 'id' is missing in type '{ accountId: string; debit: number; credit: number; memo: string; }' but required in type 'JournalEntryLine'.
src/services/reports/balanceSheet.test.ts(378,11): error TS2741: Property 'id' is missing in type '{ accountId: string; debit: number; credit: number; memo: string; }' but required in type 'JournalEntryLine'.
src/services/reports/balanceSheet.test.ts(428,11): error TS2741: Property 'id' is missing in type '{ accountId: string; debit: number; credit: number; memo: string; }' but required in type 'JournalEntryLine'.
src/services/reports/balanceSheet.test.ts(429,11): error TS2741: Property 'id' is missing in type '{ accountId: string; debit: number; credit: number; memo: string; }' but required in type 'JournalEntryLine'.
src/services/reports/balanceSheet.test.ts(430,11): error TS2741: Property 'id' is missing in type '{ accountId: string; debit: number; credit: number; memo: string; }' but required in type 'JournalEntryLine'.
src/services/reports/profitLoss.test.ts(1115,11): error TS2322: Type '"DATABASE_ERROR"' is not assignable to type 'DatabaseErrorCode'.
src/services/reports/profitLoss.test.ts(1149,11): error TS2322: Type '"DATABASE_ERROR"' is not assignable to type 'DatabaseErrorCode'.
src/services/reports/reportExport.service.test.ts(9,33): error TS6196: 'ProfitLossReport' is declared but never used.
src/services/reports/reportExport.service.ts(18,38): error TS6196: 'ReportParameters' is declared but never used.
src/services/reportScheduler.service.test.ts(52,11): error TS2322: Type '"last-week"' is not assignable to type '"custom" | "this-month" | "last-month" | "this-quarter" | "last-quarter" | "this-year" | "last-year" | "year-to-date" | undefined'.
src/services/reportScheduler.service.ts(14,1): error TS6192: All imports in import declaration are unused.
src/services/runway/burnRateAnalyzer.service.ts(138,9): error TS2367: This comparison appears to be unintentional because the types 'AccountType' and '"expense"' have no overlap.
src/services/runway/burnRateAnalyzer.service.ts(139,9): error TS2367: This comparison appears to be unintentional because the types 'AccountType' and '"cost-of-goods-sold"' have no overlap.
src/services/runway/burnRateAnalyzer.service.ts(140,9): error TS2367: This comparison appears to be unintentional because the types 'AccountType' and '"other-expense"' have no overlap.
src/services/runway/burnRateAnalyzer.service.ts(299,11): error TS2367: This comparison appears to be unintentional because the types 'AccountType' and '"income"' have no overlap.
src/services/runway/burnRateAnalyzer.service.ts(299,40): error TS2367: This comparison appears to be unintentional because the types 'AccountType' and '"other-income"' have no overlap.
src/services/runway/burnRateAnalyzer.service.ts(329,36): error TS2551: Property 'invoiceDate' does not exist on type 'Invoice'. Did you mean 'invoice_date'?
src/services/runway/burnRateAnalyzer.service.ts(330,80): error TS2367: This comparison appears to be unintentional because the types 'InvoiceStatus' and '"void"' have no overlap.
src/services/runway/burnRateAnalyzer.service.ts(335,60): error TS2339: Property 'contactId' does not exist on type 'Invoice'.
src/services/runway/burnRateAnalyzer.service.ts(340,44): error TS2339: Property 'contactId' does not exist on type 'Invoice'.
src/services/runway/burnRateAnalyzer.service.ts(343,38): error TS2551: Property 'invoiceDate' does not exist on type 'Invoice'. Did you mean 'invoice_date'?
src/services/runway/burnRateAnalyzer.service.ts(396,7): error TS2322: Type '"stable" | "increasing" | "decreasing"' is not assignable to type '"stable" | "declining" | "growing"'.
  Type '"increasing"' is not assignable to type '"stable" | "declining" | "growing"'.
src/services/runway/burnRateAnalyzer.service.ts(416,7): error TS2322: Type '"stable" | "increasing" | "decreasing"' is not assignable to type '"stable" | "declining" | "growing"'.
  Type '"increasing"' is not assignable to type '"stable" | "declining" | "growing"'.
src/services/runway/runwayCalculator.service.test.ts(14,1): error TS6192: All imports in import declaration are unused.
src/services/runway/runwayCalculator.service.ts(110,7): error TS2367: This comparison appears to be unintentional because the types 'AccountType' and '"asset"' have no overlap.
src/services/runway/runwayCalculator.service.ts(117,9): error TS2367: This comparison appears to be unintentional because the types 'AccountType' and '"liability"' have no overlap.
src/services/runway/runwayCalculator.service.ts(166,11): error TS2367: This comparison appears to be unintentional because the types 'AccountType' and '"income"' have no overlap.
src/services/runway/runwayCalculator.service.ts(166,40): error TS2367: This comparison appears to be unintentional because the types 'AccountType' and '"other-income"' have no overlap.
src/services/runway/runwayCalculator.service.ts(169,9): error TS2367: This comparison appears to be unintentional because the types 'AccountType' and '"expense"' have no overlap.
src/services/runway/runwayCalculator.service.ts(170,9): error TS2367: This comparison appears to be unintentional because the types 'AccountType' and '"cost-of-goods-sold"' have no overlap.
src/services/runway/runwayCalculator.service.ts(171,9): error TS2367: This comparison appears to be unintentional because the types 'AccountType' and '"other-expense"' have no overlap.
src/services/runway/scenarioModeler.service.ts(23,3): error TS6196: 'ScenarioType' is declared but never used.
src/services/runway/scenarioModeler.service.ts(27,10): error TS2724: '"./runwayCalculator.service"' has no exported member named 'calculateRunwayMonths'. Did you mean 'calculateRunway'?
src/services/scenarios/scenarioCalculator.service.ts(18,10): error TS2724: '"../reports/balanceSheet"' has no exported member named 'generateBalanceSheetReport'. Did you mean 'generateBalanceSheet'?
src/services/scenarios/scenarioCalculator.service.ts(28,3): error TS6196: 'ScenarioWorksheetRow' is declared but never used.
src/services/scenarios/scenarioCalculator.service.ts(29,3): error TS6196: 'ScenarioComparisonData' is declared but never used.
src/services/scenarios/scenarioCalculator.service.ts(31,1): error TS6192: All imports in import declaration are unused.
src/services/scenarios/scenarioCalculator.service.ts(57,48): error TS2561: Object literal may only specify known properties, but 'company_id' does not exist in type 'AccountFilter'. Did you mean to write 'companyId'?
src/services/scenarios/scenarioCalculator.service.ts(61,56): error TS2561: Object literal may only specify known properties, but 'company_id' does not exist in type 'TransactionFilter'. Did you mean to write 'companyId'?
src/services/scenarios/scenarioCalculator.service.ts(68,5): error TS2322: Type 'number' is not assignable to type 'Date'.
src/services/scenarios/scenarioCalculator.service.ts(69,5): error TS2322: Type 'number' is not assignable to type 'Date'.
src/services/scenarios/scenarioCalculator.service.ts(73,64): error TS2554: Expected 1 arguments, but got 3.
src/services/scenarios/scenarioCalculator.service.ts(84,14): error TS2367: This comparison appears to be unintentional because the types 'AccountType' and '"bank"' have no overlap.
src/services/scenarios/scenarioCalculator.service.ts(84,41): error TS2339: Property 'account_name' does not exist on type 'Account'.
src/services/scenarios/scenarioCalculator.service.ts(93,10): error TS2339: Property 'account_name' does not exist on type 'Account'.
src/services/scenarios/scenarioCalculator.service.ts(94,10): error TS2339: Property 'account_name' does not exist on type 'Account'.
src/services/scenarios/scenarioCalculator.service.ts(95,10): error TS2339: Property 'account_name' does not exist on type 'Account'.
src/services/scenarios/scenarioCalculator.service.ts(105,10): error TS2339: Property 'account_name' does not exist on type 'Account'.
src/services/scenarios/scenarioCalculator.service.ts(106,10): error TS2339: Property 'account_name' does not exist on type 'Account'.
src/services/scenarios/scenarioCalculator.service.ts(107,10): error TS2339: Property 'account_name' does not exist on type 'Account'.
src/services/scenarios/scenarioCalculator.service.ts(116,14): error TS2367: This comparison appears to be unintentional because the types 'AccountType' and '"accounts-receivable"' have no overlap.
src/services/scenarios/scenarioCalculator.service.ts(116,56): error TS2339: Property 'account_code' does not exist on type 'Account'.
src/services/scenarios/scenarioCalculator.service.ts(194,57): error TS2304: Cannot find name 'baseline'.
src/services/scenarios/scenarioCalculator.service.ts(197,46): error TS2304: Cannot find name 'baseline'.
src/services/scenarios/scenarioCalculator.service.ts(200,46): error TS2304: Cannot find name 'baseline'.
src/services/scenarios/scenarioCalculator.service.ts(203,50): error TS2304: Cannot find name 'baseline'.
src/services/scenarios/scenarioCalculator.service.ts(206,51): error TS2304: Cannot find name 'baseline'.
src/services/scenarios/scenarioCalculator.service.ts(209,54): error TS2304: Cannot find name 'baseline'.
src/services/scenarios/scenarioCalculator.service.ts(212,45): error TS2304: Cannot find name 'baseline'.
src/services/scenarios/scenarioCalculator.service.ts(215,42): error TS2304: Cannot find name 'baseline'.
src/services/scenarios/scenarioCalculator.service.ts(218,42): error TS2304: Cannot find name 'baseline'.
src/services/scenarios/scenarioCalculator.service.ts(221,49): error TS2304: Cannot find name 'baseline'.
src/services/scenarios/scenarioCalculator.service.ts(224,42): error TS2304: Cannot find name 'baseline'.
src/services/scenarios/scenarioCalculator.service.ts(227,48): error TS2304: Cannot find name 'baseline'.
src/services/scenarios/scenarioCalculator.service.ts(553,26): error TS2304: Cannot find name 'baseline'.
src/services/scenarios/scenarioCalculator.service.ts(977,5): error TS2741: Property 'references' is missing in type '{ is_valid: false; error_message: string; }' but required in type 'FormulaParseResult'.
src/services/scenarios/scenarioCalculator.service.ts(998,9): error TS2322: Type 'string | undefined' is not assignable to type 'string'.
  Type 'undefined' is not assignable to type 'string'.
src/services/scenarios/scenarioCalculator.service.ts(1016,5): error TS2741: Property 'references' is missing in type '{ is_valid: false; error_message: string; }' but required in type 'FormulaParseResult'.
src/services/scenarios/scenarioSharing.service.ts(17,28): error TS2307: Cannot find module '../email/emailQueue.service' or its corresponding type declarations.
src/services/scenarios/scenarioSharing.service.ts(53,26): error TS7053: Element implicitly has an 'any' type because expression of type '"scenarios"' can't be used to index type 'TreasureChestDB'.
  Property 'scenarios' does not exist on type 'TreasureChestDB'.
src/services/scenarios/scenarioSharing.service.ts(67,31): error TS7053: Element implicitly has an 'any' type because expression of type '"scenario_shares"' can't be used to index type 'TreasureChestDB'.
  Property 'scenario_shares' does not exist on type 'TreasureChestDB'.
src/services/scenarios/scenarioSharing.service.ts(85,11): error TS7053: Element implicitly has an 'any' type because expression of type '"scenario_shares"' can't be used to index type 'TreasureChestDB'.
  Property 'scenario_shares' does not exist on type 'TreasureChestDB'.
src/services/scenarios/scenarioSharing.service.ts(104,11): error TS7053: Element implicitly has an 'any' type because expression of type '"scenario_shares"' can't be used to index type 'TreasureChestDB'.
  Property 'scenario_shares' does not exist on type 'TreasureChestDB'.
src/services/scenarios/scenarioSharing.service.ts(108,9): error TS7053: Element implicitly has an 'any' type because expression of type '"scenarios"' can't be used to index type 'TreasureChestDB'.
  Property 'scenarios' does not exist on type 'TreasureChestDB'.
src/services/scenarios/scenarioSharing.service.ts(118,5): error TS2322: Type 'string | undefined' is not assignable to type 'string'.
  Type 'undefined' is not assignable to type 'string'.
src/services/scenarios/scenarioSharing.service.ts(149,23): error TS7053: Element implicitly has an 'any' type because expression of type '"scenario_shares"' can't be used to index type 'TreasureChestDB'.
  Property 'scenario_shares' does not exist on type 'TreasureChestDB'.
src/services/scenarios/scenarioSharing.service.ts(159,11): error TS7053: Element implicitly has an 'any' type because expression of type '"scenario_shares"' can't be used to index type 'TreasureChestDB'.
  Property 'scenario_shares' does not exist on type 'TreasureChestDB'.
src/services/scenarios/scenarioSharing.service.ts(193,9): error TS7053: Element implicitly has an 'any' type because expression of type '"scenario_comments"' can't be used to index type 'TreasureChestDB'.
  Property 'scenario_comments' does not exist on type 'TreasureChestDB'.
src/services/scenarios/scenarioSharing.service.ts(196,23): error TS7053: Element implicitly has an 'any' type because expression of type '"scenario_shares"' can't be used to index type 'TreasureChestDB'.
  Property 'scenario_shares' does not exist on type 'TreasureChestDB'.
src/services/scenarios/scenarioSharing.service.ts(202,11): error TS7053: Element implicitly has an 'any' type because expression of type '"scenario_shares"' can't be used to index type 'TreasureChestDB'.
  Property 'scenario_shares' does not exist on type 'TreasureChestDB'.
src/services/scenarios/scenarioSharing.service.ts(222,23): error TS7053: Element implicitly has an 'any' type because expression of type '"scenario_shares"' can't be used to index type 'TreasureChestDB'.
  Property 'scenario_shares' does not exist on type 'TreasureChestDB'.
src/services/scenarios/scenarioSharing.service.ts(231,9): error TS7053: Element implicitly has an 'any' type because expression of type '"scenario_shares"' can't be used to index type 'TreasureChestDB'.
  Property 'scenario_shares' does not exist on type 'TreasureChestDB'.
src/services/scenarios/scenarioSharing.service.ts(238,9): error TS7053: Element implicitly has an 'any' type because expression of type '"scenarios"' can't be used to index type 'TreasureChestDB'.
  Property 'scenarios' does not exist on type 'TreasureChestDB'.
src/services/scenarios/scenarioSharing.service.ts(256,23): error TS7053: Element implicitly has an 'any' type because expression of type '"scenario_shares"' can't be used to index type 'TreasureChestDB'.
  Property 'scenario_shares' does not exist on type 'TreasureChestDB'.
src/services/scenarios/scenarioSharing.service.ts(265,9): error TS7053: Element implicitly has an 'any' type because expression of type '"scenario_shares"' can't be used to index type 'TreasureChestDB'.
  Property 'scenario_shares' does not exist on type 'TreasureChestDB'.
src/services/scenarios/scenarioSharing.service.ts(289,26): error TS7053: Element implicitly has an 'any' type because expression of type '"scenarios"' can't be used to index type 'TreasureChestDB'.
  Property 'scenarios' does not exist on type 'TreasureChestDB'.
src/services/scenarios/scenarioSharing.service.ts(295,23): error TS7053: Element implicitly has an 'any' type because expression of type '"scenario_shares"' can't be used to index type 'TreasureChestDB'.
  Property 'scenario_shares' does not exist on type 'TreasureChestDB'.
src/services/scenarios/scenarioSharing.service.ts(326,26): error TS7053: Element implicitly has an 'any' type because expression of type '"scenario_comments"' can't be used to index type 'TreasureChestDB'.
  Property 'scenario_comments' does not exist on type 'TreasureChestDB'.
src/services/scenarios/scenarioSharing.service.ts(387,15): error TS7053: Element implicitly has an 'any' type because expression of type '"scenario_shares"' can't be used to index type 'TreasureChestDB'.
  Property 'scenario_shares' does not exist on type 'TreasureChestDB'.
src/services/scenarios/scenarioSharing.service.ts(399,30): error TS7053: Element implicitly has an 'any' type because expression of type '"scenarios"' can't be used to index type 'TreasureChestDB'.
  Property 'scenarios' does not exist on type 'TreasureChestDB'.
src/services/scenarios/scenarioSharing.service.ts(430,24): error TS7053: Element implicitly has an 'any' type because expression of type '"scenario_shares"' can't be used to index type 'TreasureChestDB'.
  Property 'scenario_shares' does not exist on type 'TreasureChestDB'.
src/services/scenarios/scenarioSharing.service.ts(436,26): error TS7053: Element implicitly has an 'any' type because expression of type '"scenario_comments"' can't be used to index type 'TreasureChestDB'.
  Property 'scenario_comments' does not exist on type 'TreasureChestDB'.
src/services/statementParser.ts(74,5): error TS2322: Type 'number | undefined' is not assignable to type 'string | number'.
  Type 'undefined' is not assignable to type 'string | number'.
src/services/stripe.service.ts(48,5): error TS2322: Type '"2024-11-20.acacia"' is not assignable to type '"2025-12-15.clover"'.
src/services/stripe.service.ts(161,48): error TS2339: Property 'current_period_start' does not exist on type 'Response<Subscription>'.
src/services/stripe.service.ts(162,46): error TS2339: Property 'current_period_end' does not exist on type 'Response<Subscription>'.
src/services/stripe.service.ts(515,46): error TS2339: Property 'current_period_start' does not exist on type 'Subscription'.
src/services/stripe.service.ts(516,44): error TS2339: Property 'current_period_end' does not exist on type 'Subscription'.
src/services/stripe.service.ts(574,23): error TS2339: Property 'subscription' does not exist on type 'Invoice'.
src/services/stripe.service.ts(617,21): error TS2339: Property 'subscription' does not exist on type 'Invoice'.
src/services/tax/taxPackageGenerator.service.ts(14,19): error TS2307: Cannot find module 'jszip' or its corresponding type declarations.
src/services/tax/taxPackageGenerator.service.ts(18,35): error TS2724: '"../reports/pdfExport"' has no exported member named 'generateProfitLossPDF'. Did you mean 'exportProfitLossPDF'?
src/services/tax/taxPackageGenerator.service.ts(47,5): error TS2353: Object literal may only specify known properties, and 'startDate' does not exist in type 'ProfitLossOptions'.
src/services/tax/taxPackageGenerator.service.ts(135,25): error TS2769: No overload matches this call.
  Overload 1 of 4, '(value: string | number | Date): Date', gave the following error.
    Argument of type 'number | undefined' is not assignable to parameter of type 'string | number | Date'.
      Type 'undefined' is not assignable to type 'string | number | Date'.
  Overload 2 of 4, '(value: string | number): Date', gave the following error.
    Argument of type 'number | undefined' is not assignable to parameter of type 'string | number'.
      Type 'undefined' is not assignable to type 'string | number'.
src/services/tax/taxPackageGenerator.service.ts(136,13): error TS18047: 'transaction.description' is possibly 'null'.
src/store/approvalWorkflows.ts(59,11): error TS2322: Type '{ id: string; company_id: string; name: string; description?: string | null | undefined; status?: ApprovalRuleStatus | undefined; priority?: number | undefined; conditions?: ApprovalCondition[] | undefined; ... 9 more ...; deleted_at?: number | ... 1 more ... | undefined; }' is not assignable to type 'ApprovalRule'.
  Types of property 'description' are incompatible.
    Type 'string | null | undefined' is not assignable to type 'string | null'.
      Type 'undefined' is not assignable to type 'string | null'.
src/store/approvalWorkflows.ts(112,27): error TS1361: 'ApprovalRuleStatus' cannot be used as a value because it was imported using 'import type'.
src/store/approvalWorkflows.ts(294,5): error TS2322: Type 'ApprovalRequest | undefined' is not assignable to type 'ApprovalRequest | null'.
  Type 'undefined' is not assignable to type 'ApprovalRequest | null'.
src/store/approvalWorkflows.ts(311,27): error TS1361: 'ApprovalRequestStatus' cannot be used as a value because it was imported using 'import type'.
src/store/approvalWorkflows.ts(331,27): error TS1361: 'ApprovalRequestStatus' cannot be used as a value because it was imported using 'import type'.
src/store/approvalWorkflows.ts(558,27): error TS1361: 'DelegationStatus' cannot be used as a value because it was imported using 'import type'.
src/store/approvalWorkflows.ts(578,27): error TS1361: 'DelegationStatus' cannot be used as a value because it was imported using 'import type'.
src/store/conflicts.ts(381,5): error TS2740: Type 'Collection<any, IndexableType, any>' is missing the following properties from type 'Table<any, IndexableType, any>': name, schema, hook, core, and 15 more.
src/store/conflicts.ts(385,5): error TS2740: Type 'Collection<any, IndexableType, any>' is missing the following properties from type 'Table<any, IndexableType, any>': name, schema, hook, core, and 15 more.
src/store/contacts.test.ts(157,54): error TS6133: 'entity' is declared but its value is never read.
src/store/contacts.test.ts(262,54): error TS6133: 'entity' is declared but its value is never read.
src/store/contacts.ts(171,9): error TS2322: Type 'string | undefined' is not assignable to type 'Address | undefined'.
  Type 'string' is not assignable to type 'Address'.
src/store/emailPreferences.test.ts(491,36): error TS2538: Type 'undefined' cannot be used as an index type.
src/store/invoiceTemplates.test.ts(262,27): error TS2339: Property 'warnings' does not exist on type 'DatabaseResult<InvoiceTemplateCustomization>'.
  Property 'warnings' does not exist on type '{ success: false; error: DatabaseError; }'.
src/store/recurringInvoices.test.ts(24,54): error TS2307: Cannot find module '../db/schema' or its corresponding type declarations.
src/store/tutorials.test.ts(356,21): error TS2339: Property 'data' does not exist on type 'DatabaseResult<TutorialBadge[]>'.
  Property 'data' does not exist on type '{ success: false; error: DatabaseError; }'.
src/store/tutorials.test.ts(390,21): error TS2339: Property 'data' does not exist on type 'DatabaseResult<TutorialBadge[]>'.
  Property 'data' does not exist on type '{ success: false; error: DatabaseError; }'.
src/store/tutorials.test.ts(391,21): error TS2339: Property 'data' does not exist on type 'DatabaseResult<TutorialBadge[]>'.
  Property 'data' does not exist on type '{ success: false; error: DatabaseError; }'.
src/types/barter.types.ts(18,3): error TS6196: 'VersionVector' is declared but never used.
src/types/journalEntry.types.ts(16,3): error TS6196: 'TransactionType' is declared but never used.
src/types/reports.types.ts(473,18): error TS2430: Interface 'BalanceSheetReport' incorrectly extends interface 'BalanceSheetData'.
  Types of property 'companyId' are incompatible.
    Type 'string | undefined' is not assignable to type 'string'.
      Type 'undefined' is not assignable to type 'string'.
src/types/scenarios.types.ts(8,24): error TS6196: 'JournalEntry' is declared but never used.
src/utils/flowCalculations.test.ts(23,38): error TS6196: 'AccountType' is declared but never used.
src/utils/parsers/matchingAlgorithm.ts(84,9): error TS2367: This comparison appears to be unintentional because the types 'TransactionStatus' and '"RECONCILED"' have no overlap.
src/utils/parsers/pdfParser.ts(8,1): error TS2578: Unused '@ts-expect-error' directive.
