src/__tests__/integration/groupE.integration.test.ts(304,9): error TS2353: Object literal may only specify known properties, and 'frequency' does not exist in type '{ companyId: string; customerId: string; templateName: string; description?: string | undefined; lineItems: InvoiceLineItem[]; recurrenceRule: RecurrenceRule; ... 7 more ...; paymentTermsDays?: number | undefined; }'.
src/__tests__/integration/groupE.integration.test.ts(316,9): error TS2554: Expected 1-2 arguments, but got 4.
src/__tests__/integration/groupE.integration.test.ts(458,9): error TS2353: Object literal may only specify known properties, and 'frequency' does not exist in type '{ companyId: string; customerId: string; templateName: string; description?: string | undefined; lineItems: InvoiceLineItem[]; recurrenceRule: RecurrenceRule; ... 7 more ...; paymentTermsDays?: number | undefined; }'.
src/components/audit/AuditLogTimeline.test.tsx(41,13): error TS2561: Object literal may only specify known properties, but 'company_id' does not exist in type 'AuditLogEntity'. Did you mean to write 'companyId'?
src/components/contacts/ParentAccountSelector.test.tsx(600,18): error TS2552: Cannot find name 'defaultValue'. Did you mean '_defaultValue'?
src/components/contacts/ParentAccountSelector.test.tsx(602,16): error TS2552: Cannot find name 'defaultValue'. Did you mean '_defaultValue'?
src/components/dashboard/CashPositionWidget.tsx(175,19): error TS2322: Type '(value: number) => any' is not assignable to type 'Formatter<number, NameType>'.
  Types of parameters 'value' and 'value' are incompatible.
    Type 'number | undefined' is not assignable to type 'number'.
      Type 'undefined' is not assignable to type 'number'.
src/components/dashboard/ResumeWidget.tsx(13,1): error TS6192: All imports in import declaration are unused.
src/components/dashboard/RevenueExpensesChart.tsx(211,15): error TS2322: Type '(value: number, name: string) => any' is not assignable to type 'Formatter<number, string>'.
  Types of parameters 'value' and 'value' are incompatible.
    Type 'number | undefined' is not assignable to type 'number'.
      Type 'undefined' is not assignable to type 'number'.
src/components/metrics/MetricsReport.tsx(671,25): error TS6198: All destructured elements are unused.
src/components/runway/RunwayDashboard.tsx(26,1): error TS6192: All imports in import declaration are unused.
src/components/search/RecentSearches.tsx(180,17): error TS2464: A computed property name must be of type 'string', 'number', 'symbol', or 'any'.
src/data/charities.ts(18,3): error TS2740: Type '{ id: string; name: string; description: string; category: CharityCategory.EDUCATION; website: string; logo: string; active: true; }' is missing the following properties from type 'Charity': ein, payment_address, status, verification_notes, and 4 more.
src/data/charities.ts(27,3): error TS2740: Type '{ id: string; name: string; description: string; category: CharityCategory.POVERTY; website: string; logo: string; active: true; }' is missing the following properties from type 'Charity': ein, payment_address, status, verification_notes, and 4 more.
src/data/charities.ts(36,3): error TS2740: Type '{ id: string; name: string; description: string; category: CharityCategory.HEALTH; website: string; logo: string; active: true; }' is missing the following properties from type 'Charity': ein, payment_address, status, verification_notes, and 4 more.
src/data/charities.ts(45,3): error TS2740: Type '{ id: string; name: string; description: string; category: CharityCategory.HEALTH; website: string; logo: string; active: true; }' is missing the following properties from type 'Charity': ein, payment_address, status, verification_notes, and 4 more.
src/data/charities.ts(54,3): error TS2740: Type '{ id: string; name: string; description: string; category: CharityCategory.ENVIRONMENT; website: string; logo: string; active: true; }' is missing the following properties from type 'Charity': ein, payment_address, status, verification_notes, and 4 more.
src/data/charities.ts(63,3): error TS2740: Type '{ id: string; name: string; description: string; category: CharityCategory.ENVIRONMENT; website: string; logo: string; active: true; }' is missing the following properties from type 'Charity': ein, payment_address, status, verification_notes, and 4 more.
src/data/charities.ts(72,3): error TS2740: Type '{ id: string; name: string; description: string; category: CharityCategory.POVERTY; website: string; logo: string; active: true; }' is missing the following properties from type 'Charity': ein, payment_address, status, verification_notes, and 4 more.
src/data/charities.ts(81,3): error TS2740: Type '{ id: string; name: string; description: string; category: CharityCategory.ANIMAL_WELFARE; website: string; logo: string; active: true; }' is missing the following properties from type 'Charity': ein, payment_address, status, verification_notes, and 4 more.
src/data/charities.ts(90,3): error TS2740: Type '{ id: string; name: string; description: string; category: CharityCategory.HUMAN_RIGHTS; website: string; logo: string; active: true; }' is missing the following properties from type 'Charity': ein, payment_address, status, verification_notes, and 4 more.
src/data/charities.ts(99,3): error TS2740: Type '{ id: string; name: string; description: string; category: CharityCategory.DISASTER_RELIEF; website: string; logo: string; active: true; }' is missing the following properties from type 'Charity': ein, payment_address, status, verification_notes, and 4 more.
src/data/charities.ts(108,3): error TS2740: Type '{ id: string; name: string; description: string; category: CharityCategory.HEALTH; website: string; logo: string; active: true; }' is missing the following properties from type 'Charity': ein, payment_address, status, verification_notes, and 4 more.
src/data/charities.ts(117,3): error TS2740: Type '{ id: string; name: string; description: string; category: CharityCategory.COMMUNITY; website: string; logo: string; active: true; }' is missing the following properties from type 'Charity': ein, payment_address, status, verification_notes, and 4 more.
src/data/charities.ts(126,3): error TS2740: Type '{ id: string; name: string; description: string; category: CharityCategory.EDUCATION; website: string; logo: string; active: true; }' is missing the following properties from type 'Charity': ein, payment_address, status, verification_notes, and 4 more.
src/data/charities.ts(135,3): error TS2740: Type '{ id: string; name: string; description: string; category: CharityCategory.ENVIRONMENT; website: string; logo: string; active: true; }' is missing the following properties from type 'Charity': ein, payment_address, status, verification_notes, and 4 more.
src/data/charities.ts(144,3): error TS2740: Type '{ id: string; name: string; description: string; category: CharityCategory.EDUCATION; website: string; logo: string; active: true; }' is missing the following properties from type 'Charity': ein, payment_address, status, verification_notes, and 4 more.
src/db/seeds/charities.seed.ts(11,30): error TS7016: Could not find a declaration file for module 'uuid'. 'C:/Users/Admin/graceful_books/node_modules/uuid/dist/esm-browser/index.js' implicitly has an 'any' type.
  Try `npm i --save-dev @types/uuid` if it exists or add a new declaration (.d.ts) file containing `declare module 'uuid';`
src/pages/CustomerPortal.tsx(63,11): error TS2367: This comparison appears to be unintentional because the types 'DatabaseErrorCode' and 'ErrorCode.RATE_LIMITED' have no overlap.
src/services/admin/charity.service.ts(11,30): error TS7016: Could not find a declaration file for module 'uuid'. 'C:/Users/Admin/graceful_books/node_modules/uuid/dist/esm-browser/index.js' implicitly has an 'any' type.
  Try `npm i --save-dev @types/uuid` if it exists or add a new declaration (.d.ts) file containing `declare module 'uuid';`
src/services/admin/charityDistribution.service.ts(11,30): error TS7016: Could not find a declaration file for module 'uuid'. 'C:/Users/Admin/graceful_books/node_modules/uuid/dist/esm-browser/index.js' implicitly has an 'any' type.
  Try `npm i --save-dev @types/uuid` if it exists or add a new declaration (.d.ts) file containing `declare module 'uuid';`
src/services/approvalRuleEngine.ts(123,14): error TS2352: Conversion of type 'Record<string, unknown>' to type 'string | number | string[]' may be a mistake because neither type sufficiently overlaps with the other. If this was intentional, convert the expression to 'unknown' first.
  Type 'Record<string, unknown>' is missing the following properties from type 'string[]': length, pop, push, concat, and 28 more.
src/services/approvalRuleEngine.ts(293,23): error TS1361: 'ApprovalRuleStatus' cannot be used as a value because it was imported using 'import type'.
src/services/auditLogExtended.test.ts(154,41): error TS2365: Operator '>=' cannot be applied to types 'Date' and 'number'.
src/services/auditLogExtended.test.ts(155,41): error TS2365: Operator '<=' cannot be applied to types 'Date' and 'number'.
src/services/auditLogExtended.test.ts(296,41): error TS2365: Operator '>=' cannot be applied to types 'Date' and 'number'.
src/services/auditLogExtended.test.ts(297,41): error TS2365: Operator '<=' cannot be applied to types 'Date' and 'number'.
src/services/auditLogExtended.test.ts(346,18): error TS1263: Declarations with initializers cannot also have definite assignment assertions.
src/services/auditLogExtended.test.ts(398,18): error TS1263: Declarations with initializers cannot also have definite assignment assertions.
src/services/auditLogExtended.test.ts(534,9): error TS2740: Type 'AuditLog' is missing the following properties from type 'AuditLogEntity': companyId, userId, deviceId, entityType, and 2 more.
src/services/auditLogExtended.test.ts(535,9): error TS2740: Type 'AuditLog' is missing the following properties from type 'AuditLogEntity': companyId, userId, deviceId, entityType, and 2 more.
src/services/automation/anomalyDetectionService.ts(228,24): error TS1263: Declarations with initializers cannot also have definite assignment assertions.
src/services/categorization.service.test.ts(377,22): error TS1263: Declarations with initializers cannot also have definite assignment assertions.
src/services/coaWizardService.additional.test.ts(56,9): error TS2353: Object literal may only specify known properties, and 'encryptionKey' does not exist in type 'EncryptionContext'.
src/services/coaWizardService.additional.test.ts(104,9): error TS2353: Object literal may only specify known properties, and 'encryptionKey' does not exist in type 'EncryptionContext'.
src/services/coaWizardService.additional.test.ts(417,21): error TS1263: Declarations with initializers cannot also have definite assignment assertions.
src/services/coaWizardService.additional.test.ts(450,21): error TS1263: Declarations with initializers cannot also have definite assignment assertions.
src/services/coaWizardService.additional.test.ts(576,21): error TS1263: Declarations with initializers cannot also have definite assignment assertions.
src/services/coaWizardService.additional.test.ts(603,21): error TS1263: Declarations with initializers cannot also have definite assignment assertions.
src/services/coaWizardService.additional.test.ts(626,21): error TS1263: Declarations with initializers cannot also have definite assignment assertions.
src/services/coaWizardService.test.ts(395,21): error TS1263: Declarations with initializers cannot also have definite assignment assertions.
src/services/coaWizardService.test.ts(427,21): error TS1263: Declarations with initializers cannot also have definite assignment assertions.
src/services/coaWizardService.test.ts(457,21): error TS1263: Declarations with initializers cannot also have definite assignment assertions.
src/services/comments.service.test.ts(48,24): error TS2352: Conversion of type '{ id: string; email: string; name: string; hashed_password: string; created_at: number; updated_at: number; deleted_at: null; version_vector: { "device-test-001": number; }; }' to type 'User' may be a mistake because neither type sufficiently overlaps with the other. If this was intentional, convert the expression to 'unknown' first.
  Type '{ id: string; email: string; name: string; hashed_password: string; created_at: number; updated_at: number; deleted_at: null; version_vector: { "device-test-001": number; }; }' is missing the following properties from type 'User': passphrase_hash, master_key_encrypted, preferences, selected_charity_id
src/services/comments.service.test.ts(59,24): error TS2352: Conversion of type '{ id: string; email: string; name: string; hashed_password: string; created_at: number; updated_at: number; deleted_at: null; version_vector: { "device-test-001": number; }; }' to type 'User' may be a mistake because neither type sufficiently overlaps with the other. If this was intentional, convert the expression to 'unknown' first.
  Type '{ id: string; email: string; name: string; hashed_password: string; created_at: number; updated_at: number; deleted_at: null; version_vector: { "device-test-001": number; }; }' is missing the following properties from type 'User': passphrase_hash, master_key_encrypted, preferences, selected_charity_id
src/services/comments.service.test.ts(124,13): error TS1361: 'TransactionType' cannot be used as a value because it was imported using 'import type'.
src/services/comments.service.test.ts(124,29): error TS2339: Property 'INCOME' does not exist on type 'typeof TransactionType'.
src/services/comments.service.test.ts(125,7): error TS2353: Object literal may only specify known properties, and 'amount' does not exist in type 'Transaction'.
src/services/comments.service.test.ts(127,15): error TS1361: 'TransactionStatus' cannot be used as a value because it was imported using 'import type'.
src/services/comments.service.test.ts(127,33): error TS2339: Property 'PENDING' does not exist on type 'typeof TransactionStatus'.
src/services/conflictResolution.service.test.ts(40,11): error TS1361: 'AccountType' cannot be used as a value because it was imported using 'import type'.
src/services/crdt/entityMergeStrategies.test.ts(31,11): error TS1361: 'AccountType' cannot be used as a value because it was imported using 'import type'.
src/services/crdt/entityMergeStrategies.test.ts(50,11): error TS1361: 'TransactionType' cannot be used as a value because it was imported using 'import type'.
src/services/crdt/entityMergeStrategies.test.ts(51,13): error TS1361: 'TransactionStatus' cannot be used as a value because it was imported using 'import type'.
src/services/crdt/entityMergeStrategies.test.ts(131,15): error TS1361: 'TransactionStatus' cannot be used as a value because it was imported using 'import type'.
src/services/crdt/entityMergeStrategies.test.ts(136,15): error TS1361: 'TransactionStatus' cannot be used as a value because it was imported using 'import type'.
src/services/crdt/entityMergeStrategies.test.ts(166,15): error TS1361: 'TransactionStatus' cannot be used as a value because it was imported using 'import type'.
src/services/crdt/entityMergeStrategies.test.ts(171,15): error TS1361: 'TransactionStatus' cannot be used as a value because it was imported using 'import type'.
src/services/csv/csvExporter.service.ts(77,16): error TS2352: Conversion of type 'Promise<TransactionCSVRow[]>' to type 'Promise<Record<string, unknown>[]>' may be a mistake because neither type sufficiently overlaps with the other. If this was intentional, convert the expression to 'unknown' first.
  Type 'TransactionCSVRow[]' is not comparable to type 'Record<string, unknown>[]'.
    Type 'TransactionCSVRow' is not comparable to type 'Record<string, unknown>'.
      Index signature for type 'string' is missing in type 'TransactionCSVRow'.
src/services/csv/csvExporter.service.ts(79,16): error TS2352: Conversion of type 'Promise<InvoiceCSVRow[]>' to type 'Promise<Record<string, unknown>[]>' may be a mistake because neither type sufficiently overlaps with the other. If this was intentional, convert the expression to 'unknown' first.
  Type 'InvoiceCSVRow[]' is not comparable to type 'Record<string, unknown>[]'.
    Type 'InvoiceCSVRow' is not comparable to type 'Record<string, unknown>'.
      Index signature for type 'string' is missing in type 'InvoiceCSVRow'.
src/services/csv/csvExporter.service.ts(81,16): error TS2352: Conversion of type 'Promise<BillCSVRow[]>' to type 'Promise<Record<string, unknown>[]>' may be a mistake because neither type sufficiently overlaps with the other. If this was intentional, convert the expression to 'unknown' first.
  Type 'BillCSVRow[]' is not comparable to type 'Record<string, unknown>[]'.
    Type 'BillCSVRow' is not comparable to type 'Record<string, unknown>'.
      Index signature for type 'string' is missing in type 'BillCSVRow'.
src/services/csv/csvExporter.service.ts(83,16): error TS2352: Conversion of type 'Promise<ContactCSVRow[]>' to type 'Promise<Record<string, unknown>[]>' may be a mistake because neither type sufficiently overlaps with the other. If this was intentional, convert the expression to 'unknown' first.
  Type 'ContactCSVRow[]' is not comparable to type 'Record<string, unknown>[]'.
    Type 'ContactCSVRow' is not comparable to type 'Record<string, unknown>'.
      Index signature for type 'string' is missing in type 'ContactCSVRow'.
src/services/csv/csvExporter.service.ts(85,16): error TS2352: Conversion of type 'Promise<ProductCSVRow[]>' to type 'Promise<Record<string, unknown>[]>' may be a mistake because neither type sufficiently overlaps with the other. If this was intentional, convert the expression to 'unknown' first.
  Type 'ProductCSVRow[]' is not comparable to type 'Record<string, unknown>[]'.
    Type 'ProductCSVRow' is not comparable to type 'Record<string, unknown>'.
      Index signature for type 'string' is missing in type 'ProductCSVRow'.
src/services/csv/csvExporter.service.ts(188,50): error TS2769: No overload matches this call.
  Overload 1 of 2, '(o: {}): string[]', gave the following error.
    Argument of type 'Record<string, unknown> | undefined' is not assignable to parameter of type '{}'.
      Type 'undefined' is not assignable to type '{}'.
  Overload 2 of 2, '(o: object): string[]', gave the following error.
    Argument of type 'Record<string, unknown> | undefined' is not assignable to parameter of type 'object'.
      Type 'undefined' is not assignable to type 'object'.
src/services/currencyGainLoss.service.ts(107,13): error TS6138: Property 'db' is declared but its value is never read.
src/services/currencyRevaluation.service.ts(134,13): error TS6138: Property 'gainLossService' is declared but its value is never read.
src/services/currencyRevaluation.service.ts(136,13): error TS6138: Property 'db' is declared but its value is never read.
src/services/email/emailContentGenerator.test.ts(119,7): error TS2353: Object literal may only specify known properties, and 'discProfileId' does not exist in type 'EmailPreferences'.
src/services/email/emailPreviewService.test.ts(44,7): error TS2353: Object literal may only specify known properties, and 'discProfileId' does not exist in type 'EmailPreferences'.
src/services/email/emailSchedulingService.test.ts(53,7): error TS2353: Object literal may only specify known properties, and 'discProfileId' does not exist in type 'EmailPreferences'.
src/services/email/followUpTemplates.service.test.ts(15,8): error TS6133: 'FollowUpTemplateType' is declared but its value is never read.
src/services/email/templateRenderer.ts(83,7): error TS2352: Conversion of type 'EmailTemplateVariables' to type 'Record<string, string>' may be a mistake because neither type sufficiently overlaps with the other. If this was intentional, convert the expression to 'unknown' first.
  Type 'EmailVerificationVariables' is not comparable to type 'Record<string, string>'.
    Index signature for type 'string' is missing in type 'EmailVerificationVariables'.
src/services/email/templates/advisorInvitation.ts(85,38): error TS2352: Conversion of type 'AdvisorInvitationVariables' to type 'Record<string, string>' may be a mistake because neither type sufficiently overlaps with the other. If this was intentional, convert the expression to 'unknown' first.
  Index signature for type 'string' is missing in type 'AdvisorInvitationVariables'.
src/services/email/templates/advisorInvitation.ts(86,48): error TS2352: Conversion of type 'AdvisorInvitationVariables' to type 'Record<string, string>' may be a mistake because neither type sufficiently overlaps with the other. If this was intentional, convert the expression to 'unknown' first.
  Index signature for type 'string' is missing in type 'AdvisorInvitationVariables'.
src/services/email/templates/advisorRemovedClient.ts(94,38): error TS2352: Conversion of type 'AdvisorRemovedClientVariables' to type 'Record<string, string>' may be a mistake because neither type sufficiently overlaps with the other. If this was intentional, convert the expression to 'unknown' first.
  Index signature for type 'string' is missing in type 'AdvisorRemovedClientVariables'.
src/services/email/templates/advisorRemovedClient.ts(95,48): error TS2352: Conversion of type 'AdvisorRemovedClientVariables' to type 'Record<string, string>' may be a mistake because neither type sufficiently overlaps with the other. If this was intentional, convert the expression to 'unknown' first.
  Index signature for type 'string' is missing in type 'AdvisorRemovedClientVariables'.
src/services/email/templates/clientBillingTransfer.ts(86,38): error TS2352: Conversion of type 'ClientBillingTransferVariables' to type 'Record<string, string>' may be a mistake because neither type sufficiently overlaps with the other. If this was intentional, convert the expression to 'unknown' first.
  Index signature for type 'string' is missing in type 'ClientBillingTransferVariables'.
src/services/email/templates/clientBillingTransfer.ts(87,48): error TS2352: Conversion of type 'ClientBillingTransferVariables' to type 'Record<string, string>' may be a mistake because neither type sufficiently overlaps with the other. If this was intentional, convert the expression to 'unknown' first.
  Index signature for type 'string' is missing in type 'ClientBillingTransferVariables'.
src/services/email/templates/emailVerification.ts(87,38): error TS2352: Conversion of type 'EmailVerificationVariables' to type 'Record<string, string>' may be a mistake because neither type sufficiently overlaps with the other. If this was intentional, convert the expression to 'unknown' first.
  Index signature for type 'string' is missing in type 'EmailVerificationVariables'.
src/services/email/templates/emailVerification.ts(88,48): error TS2352: Conversion of type 'EmailVerificationVariables' to type 'Record<string, string>' may be a mistake because neither type sufficiently overlaps with the other. If this was intentional, convert the expression to 'unknown' first.
  Index signature for type 'string' is missing in type 'EmailVerificationVariables'.
src/services/email/templates/passwordReset.ts(85,38): error TS2352: Conversion of type 'PasswordResetVariables' to type 'Record<string, string>' may be a mistake because neither type sufficiently overlaps with the other. If this was intentional, convert the expression to 'unknown' first.
  Index signature for type 'string' is missing in type 'PasswordResetVariables'.
src/services/email/templates/passwordReset.ts(86,48): error TS2352: Conversion of type 'PasswordResetVariables' to type 'Record<string, string>' may be a mistake because neither type sufficiently overlaps with the other. If this was intentional, convert the expression to 'unknown' first.
  Index signature for type 'string' is missing in type 'PasswordResetVariables'.
src/services/email/templates/scenarioPushed.ts(81,38): error TS2352: Conversion of type 'ScenarioPushedVariables' to type 'Record<string, string>' may be a mistake because neither type sufficiently overlaps with the other. If this was intentional, convert the expression to 'unknown' first.
  Index signature for type 'string' is missing in type 'ScenarioPushedVariables'.
src/services/email/templates/scenarioPushed.ts(82,48): error TS2352: Conversion of type 'ScenarioPushedVariables' to type 'Record<string, string>' may be a mistake because neither type sufficiently overlaps with the other. If this was intentional, convert the expression to 'unknown' first.
  Index signature for type 'string' is missing in type 'ScenarioPushedVariables'.
src/services/email/templates/taxPrepCompletion.ts(87,38): error TS2352: Conversion of type 'TaxPrepCompletionVariables' to type 'Record<string, string>' may be a mistake because neither type sufficiently overlaps with the other. If this was intentional, convert the expression to 'unknown' first.
  Index signature for type 'string' is missing in type 'TaxPrepCompletionVariables'.
src/services/email/templates/taxPrepCompletion.ts(88,48): error TS2352: Conversion of type 'TaxPrepCompletionVariables' to type 'Record<string, string>' may be a mistake because neither type sufficiently overlaps with the other. If this was intentional, convert the expression to 'unknown' first.
  Index signature for type 'string' is missing in type 'TaxPrepCompletionVariables'.
src/services/email/templates/taxSeasonAccess.ts(84,38): error TS2352: Conversion of type 'TaxSeasonAccessVariables' to type 'Record<string, string>' may be a mistake because neither type sufficiently overlaps with the other. If this was intentional, convert the expression to 'unknown' first.
  Index signature for type 'string' is missing in type 'TaxSeasonAccessVariables'.
src/services/email/templates/taxSeasonAccess.ts(85,48): error TS2352: Conversion of type 'TaxSeasonAccessVariables' to type 'Record<string, string>' may be a mistake because neither type sufficiently overlaps with the other. If this was intentional, convert the expression to 'unknown' first.
  Index signature for type 'string' is missing in type 'TaxSeasonAccessVariables'.
src/services/email/templates/welcome.ts(101,38): error TS2352: Conversion of type 'WelcomeEmailVariables' to type 'Record<string, string>' may be a mistake because neither type sufficiently overlaps with the other. If this was intentional, convert the expression to 'unknown' first.
  Index signature for type 'string' is missing in type 'WelcomeEmailVariables'.
src/services/email/templates/welcome.ts(102,48): error TS2352: Conversion of type 'WelcomeEmailVariables' to type 'Record<string, string>' may be a mistake because neither type sufficiently overlaps with the other. If this was intentional, convert the expression to 'unknown' first.
  Index signature for type 'string' is missing in type 'WelcomeEmailVariables'.
src/services/enhanced-matching.service.test.ts(30,9): error TS2352: Conversion of type '{ id: string; date: number; memo: string; reference: string; status: "POSTED"; lines: { id: string; accountId: string; debit: number; credit: number; }[]; }' to type 'JournalEntry' may be a mistake because neither type sufficiently overlaps with the other. If this was intentional, convert the expression to 'unknown' first.
  Type '{ id: string; date: number; memo: string; reference: string; status: "POSTED"; lines: { id: string; accountId: string; debit: number; credit: number; }[]; }' is missing the following properties from type 'JournalEntry': companyId, createdBy, createdAt, updatedAt
src/services/enhanced-matching.service.test.ts(67,9): error TS2352: Conversion of type '{ id: string; date: number; memo: string; reference: null; status: "POSTED"; lines: { id: string; accountId: string; debit: number; credit: number; }[]; }' to type 'JournalEntry' may be a mistake because neither type sufficiently overlaps with the other. If this was intentional, convert the expression to 'unknown' first.
  Type '{ id: string; date: number; memo: string; reference: null; status: "POSTED"; lines: { id: string; accountId: string; debit: number; credit: number; }[]; }' is missing the following properties from type 'JournalEntry': companyId, createdBy, createdAt, updatedAt
src/services/enhanced-matching.service.test.ts(101,9): error TS2352: Conversion of type '{ id: string; date: number; memo: string; reference: null; status: "POSTED"; lines: { id: string; accountId: string; debit: number; credit: number; }[]; }' to type 'JournalEntry' may be a mistake because neither type sufficiently overlaps with the other. If this was intentional, convert the expression to 'unknown' first.
  Type '{ id: string; date: number; memo: string; reference: null; status: "POSTED"; lines: { id: string; accountId: string; debit: number; credit: number; }[]; }' is missing the following properties from type 'JournalEntry': companyId, createdBy, createdAt, updatedAt
src/services/enhanced-matching.service.test.ts(137,9): error TS2352: Conversion of type '{ id: string; date: number; memo: string; reference: null; status: "POSTED"; lines: { id: string; accountId: string; debit: number; credit: number; }[]; }' to type 'JournalEntry' may be a mistake because neither type sufficiently overlaps with the other. If this was intentional, convert the expression to 'unknown' first.
  Type '{ id: string; date: number; memo: string; reference: null; status: "POSTED"; lines: { id: string; accountId: string; debit: number; credit: number; }[]; }' is missing the following properties from type 'JournalEntry': companyId, createdBy, createdAt, updatedAt
src/services/enhanced-matching.service.test.ts(167,9): error TS2352: Conversion of type '{ id: string; date: number; memo: string; reference: null; status: any; lines: { id: string; accountId: string; debit: number; credit: number; }[]; }' to type 'JournalEntry' may be a mistake because neither type sufficiently overlaps with the other. If this was intentional, convert the expression to 'unknown' first.
  Type '{ id: string; date: number; memo: string; reference: null; status: any; lines: { id: string; accountId: string; debit: number; credit: number; }[]; }' is missing the following properties from type 'JournalEntry': companyId, createdBy, createdAt, updatedAt
src/services/enhanced-matching.service.test.ts(213,9): error TS2352: Conversion of type '{ id: string; date: number; memo: string; reference: null; status: "POSTED"; lines: { id: string; accountId: string; debit: number; credit: number; }[]; }' to type 'JournalEntry' may be a mistake because neither type sufficiently overlaps with the other. If this was intentional, convert the expression to 'unknown' first.
  Type '{ id: string; date: number; memo: string; reference: null; status: "POSTED"; lines: { id: string; accountId: string; debit: number; credit: number; }[]; }' is missing the following properties from type 'JournalEntry': companyId, createdBy, createdAt, updatedAt
src/services/enhanced-matching.service.test.ts(266,9): error TS2352: Conversion of type '{ id: string; date: number; memo: string; reference: null; status: "POSTED"; lines: { id: string; accountId: string; debit: number; credit: number; }[]; }' to type 'JournalEntry' may be a mistake because neither type sufficiently overlaps with the other. If this was intentional, convert the expression to 'unknown' first.
  Type '{ id: string; date: number; memo: string; reference: null; status: "POSTED"; lines: { id: string; accountId: string; debit: number; credit: number; }[]; }' is missing the following properties from type 'JournalEntry': companyId, createdBy, createdAt, updatedAt
src/services/enhanced-matching.service.test.ts(277,9): error TS2352: Conversion of type '{ id: string; date: number; memo: string; reference: null; status: "POSTED"; lines: { id: string; accountId: string; debit: number; credit: number; }[]; }' to type 'JournalEntry' may be a mistake because neither type sufficiently overlaps with the other. If this was intentional, convert the expression to 'unknown' first.
  Type '{ id: string; date: number; memo: string; reference: null; status: "POSTED"; lines: { id: string; accountId: string; debit: number; credit: number; }[]; }' is missing the following properties from type 'JournalEntry': companyId, createdBy, createdAt, updatedAt
src/services/exchangeRate.service.test.ts(67,48): error TS2538: Type 'undefined' cannot be used as an index type.
src/services/exchangeRate.service.test.ts(67,64): error TS2538: Type 'undefined' cannot be used as an index type.
src/services/exchangeRate.service.test.ts(69,48): error TS2538: Type 'undefined' cannot be used as an index type.
src/services/exchangeRate.service.test.ts(71,48): error TS2538: Type 'undefined' cannot be used as an index type.
src/services/goals/goalProgress.service.ts(275,38): error TS2554: Expected 1 arguments, but got 0.
src/services/goals/goalProgress.service.ts(276,52): error TS2339: Property 'getProfitabilityMetrics' does not exist on type 'ProfitabilityMetricsService'.
src/services/goals/goalProgress.service.ts(288,38): error TS2554: Expected 1 arguments, but got 0.
src/services/goals/goalProgress.service.ts(289,52): error TS2339: Property 'getProfitabilityMetrics' does not exist on type 'ProfitabilityMetricsService'.
src/services/goals/goalProgress.service.ts(305,59): error TS2554: Expected 3-4 arguments, but got 2.
src/services/goals/goalProgress.service.ts(310,16): error TS18049: 'calculation.months_of_runway' is possibly 'null' or 'undefined'.
src/services/interestSplit/liabilityDetection.service.test.ts(78,15): error TS1361: 'TransactionType' cannot be used as a value because it was imported using 'import type'.
src/services/interestSplit/liabilityDetection.service.test.ts(79,17): error TS1361: 'TransactionStatus' cannot be used as a value because it was imported using 'import type'.
src/services/interestSplit/liabilityDetection.service.test.ts(128,15): error TS1361: 'AccountType' cannot be used as a value because it was imported using 'import type'.
src/services/interestSplit/liabilityDetection.service.test.ts(161,15): error TS1361: 'TransactionType' cannot be used as a value because it was imported using 'import type'.
src/services/interestSplit/liabilityDetection.service.test.ts(162,17): error TS1361: 'TransactionStatus' cannot be used as a value because it was imported using 'import type'.
src/services/interestSplit/liabilityDetection.service.test.ts(195,15): error TS1361: 'AccountType' cannot be used as a value because it was imported using 'import type'.
src/services/interestSplit/liabilityDetection.service.test.ts(228,15): error TS1361: 'TransactionType' cannot be used as a value because it was imported using 'import type'.
src/services/interestSplit/liabilityDetection.service.test.ts(229,17): error TS1361: 'TransactionStatus' cannot be used as a value because it was imported using 'import type'.
src/services/interestSplit/liabilityDetection.service.test.ts(245,15): error TS1361: 'AccountType' cannot be used as a value because it was imported using 'import type'.
src/services/interestSplit/messaging.service.ts(52,11): error TS7053: Element implicitly has an 'any' type because expression of type '`get${string}`' can't be used to index type 'InterestSplitMessagingService'.
src/services/journalEntries.integration.test.ts(16,15): error TS2614: Module '"../db/database"' has no exported member 'Database'. Did you mean to use 'import Database from "../db/database"' instead?
src/services/journalEntries.integration.test.ts(20,54): error TS6133: 'JournalEntryApprovalStatus' is declared but its value is never read.
src/services/journalEntries.integration.test.ts(110,13): error TS2740: Type '{ company_id: string; transaction_date: number; description: string; reference: string; line_items: { account_id: string; debit: string; credit: string; description: string; contact_id: null; product_id: null; }[]; }' is missing the following properties from type 'CreateJournalEntryRequest': memo, attachments, submit_for_approval, is_reversing, and 3 more.
src/services/journalEntries.integration.test.ts(157,11): error TS2353: Object literal may only specify known properties, and 'notes' does not exist in type 'ApproveJournalEntryRequest'.
src/services/journalEntries.integration.test.ts(173,13): error TS2740: Type '{ company_id: string; transaction_date: number; description: string; line_items: { account_id: string; debit: string; credit: string; description: null; contact_id: null; product_id: null; }[]; submit_for_approval: true; }' is missing the following properties from type 'CreateJournalEntryRequest': reference, memo, attachments, is_reversing, and 3 more.
src/services/journalEntries.integration.test.ts(205,9): error TS2345: Argument of type '{ line_items: { account_id: string; debit: string; credit: string; description: null; contact_id: null; product_id: null; }[]; }' is not assignable to parameter of type 'UpdateJournalEntryRequest'.
  Property 'entry_id' is missing in type '{ line_items: { account_id: string; debit: string; credit: string; description: null; contact_id: null; product_id: null; }[]; }' but required in type 'UpdateJournalEntryRequest'.
src/services/journalEntries.integration.test.ts(225,13): error TS2740: Type '{ company_id: string; transaction_date: number; description: string; line_items: { account_id: string; debit: string; credit: string; description: string; contact_id: null; product_id: null; }[]; }' is missing the following properties from type 'CreateJournalEntryRequest': reference, memo, attachments, submit_for_approval, and 4 more.
src/services/journalEntries.integration.test.ts(262,11): error TS2561: Object literal may only specify known properties, but 'reverse_date' does not exist in type 'CreateReversingEntryOptions'. Did you mean to write 'reversal_date'?
src/services/journalEntries.integration.test.ts(289,13): error TS2740: Type '{ company_id: string; transaction_date: number; description: string; line_items: { account_id: string; debit: string; credit: string; description: null; contact_id: null; product_id: null; }[]; }' is missing the following properties from type 'CreateJournalEntryRequest': reference, memo, attachments, submit_for_approval, and 4 more.
src/services/journalEntries.integration.test.ts(310,11): error TS2353: Object literal may only specify known properties, and 'voided_by' does not exist in type 'VoidJournalEntryRequest'.
src/services/journalEntries.integration.test.ts(398,11): error TS2345: Argument of type '{ company_id: string; transaction_date: number; description: string; line_items: { account_id: string; debit: string; credit: string; description: null; contact_id: null; product_id: null; }[]; }' is not assignable to parameter of type 'CreateJournalEntryRequest'.
  Type '{ company_id: string; transaction_date: number; description: string; line_items: { account_id: string; debit: string; credit: string; description: null; contact_id: null; product_id: null; }[]; }' is missing the following properties from type 'CreateJournalEntryRequest': reference, memo, attachments, submit_for_approval, and 4 more.
src/services/journalEntries.integration.test.ts(411,11): error TS2345: Argument of type '{ company_id: string; transaction_date: number; description: string; line_items: { account_id: string; debit: string; credit: string; description: null; contact_id: null; product_id: null; }[]; submit_for_approval: true; }' is not assignable to parameter of type 'CreateJournalEntryRequest'.
  Type '{ company_id: string; transaction_date: number; description: string; line_items: { account_id: string; debit: string; credit: string; description: null; contact_id: null; product_id: null; }[]; submit_for_approval: true; }' is missing the following properties from type 'CreateJournalEntryRequest': reference, memo, attachments, is_reversing, and 3 more.
src/services/journalEntries.integration.test.ts(435,27): error TS2693: 'JournalEntryApprovalStatus' only refers to a type, but is being used as a value here.
src/services/journalEntries.integration.test.ts(441,27): error TS2693: 'JournalEntryApprovalStatus' only refers to a type, but is being used as a value here.
src/services/journalEntries.integration.test.ts(456,11): error TS2345: Argument of type '{ company_id: string; transaction_date: number; description: string; reference: string; line_items: { account_id: string; debit: string; credit: string; description: null; contact_id: null; product_id: null; }[]; }' is not assignable to parameter of type 'CreateJournalEntryRequest'.
  Type '{ company_id: string; transaction_date: number; description: string; reference: string; line_items: { account_id: string; debit: string; credit: string; description: null; contact_id: null; product_id: null; }[]; }' is missing the following properties from type 'CreateJournalEntryRequest': memo, attachments, submit_for_approval, is_reversing, and 3 more.
src/services/journalEntries.integration.test.ts(470,11): error TS2345: Argument of type '{ company_id: string; transaction_date: number; description: string; reference: string; line_items: { account_id: string; debit: string; credit: string; description: null; contact_id: null; product_id: null; }[]; }' is not assignable to parameter of type 'CreateJournalEntryRequest'.
  Type '{ company_id: string; transaction_date: number; description: string; reference: string; line_items: { account_id: string; debit: string; credit: string; description: null; contact_id: null; product_id: null; }[]; }' is missing the following properties from type 'CreateJournalEntryRequest': memo, attachments, submit_for_approval, is_reversing, and 3 more.
src/services/journalEntries.integration.test.ts(504,9): error TS2345: Argument of type '{ company_id: string; transaction_date: number; description: string; line_items: { account_id: string; debit: string; credit: string; description: null; contact_id: null; product_id: null; }[]; }' is not assignable to parameter of type 'CreateJournalEntryRequest'.
  Type '{ company_id: string; transaction_date: number; description: string; line_items: { account_id: string; debit: string; credit: string; description: null; contact_id: null; product_id: null; }[]; }' is missing the following properties from type 'CreateJournalEntryRequest': reference, memo, attachments, submit_for_approval, and 4 more.
src/services/journalEntries.integration.test.ts(518,9): error TS2345: Argument of type '{ company_id: string; transaction_date: number; description: string; line_items: { account_id: string; debit: string; credit: string; description: null; contact_id: null; product_id: null; }[]; submit_for_approval: true; }' is not assignable to parameter of type 'CreateJournalEntryRequest'.
  Type '{ company_id: string; transaction_date: number; description: string; line_items: { account_id: string; debit: string; credit: string; description: null; contact_id: null; product_id: null; }[]; submit_for_approval: true; }' is missing the following properties from type 'CreateJournalEntryRequest': reference, memo, attachments, is_reversing, and 3 more.
src/services/journalEntries.service.test.ts(19,15): error TS2614: Module '"../db/database"' has no exported member 'Database'. Did you mean to use 'import Database from "../db/database"' instead?
src/services/journalEntries.service.test.ts(23,3): error TS2724: '"../types/journalEntry.types"' has no exported member named 'JournalEntryTemplateCategory'. Did you mean 'JournalEntryTemplate'?
src/services/journalEntries.service.test.ts(24,3): error TS6196: 'JournalEntryApprovalStatus' is declared but never used.
src/services/journalEntries.service.test.ts(121,13): error TS2740: Type '{ company_id: string; transaction_date: number; description: string; line_items: { account_id: string; debit: string; credit: string; description: null; contact_id: null; product_id: null; }[]; }' is missing the following properties from type 'CreateJournalEntryRequest': reference, memo, attachments, submit_for_approval, and 4 more.
src/services/journalEntries.service.test.ts(158,13): error TS2740: Type '{ company_id: string; transaction_date: number; description: string; line_items: { account_id: string; debit: string; credit: string; description: null; contact_id: null; product_id: null; }[]; }' is missing the following properties from type 'CreateJournalEntryRequest': reference, memo, attachments, submit_for_approval, and 4 more.
src/services/journalEntries.service.test.ts(188,13): error TS2740: Type '{ company_id: string; transaction_date: number; description: string; line_items: { account_id: string; debit: string; credit: string; description: null; contact_id: null; product_id: null; }[]; }' is missing the following properties from type 'CreateJournalEntryRequest': reference, memo, attachments, submit_for_approval, and 4 more.
src/services/journalEntries.service.test.ts(207,13): error TS2740: Type '{ company_id: string; transaction_date: number; description: string; line_items: { account_id: string; debit: string; credit: string; description: null; contact_id: null; product_id: null; }[]; submit_for_approval: true; }' is missing the following properties from type 'CreateJournalEntryRequest': reference, memo, attachments, is_reversing, and 3 more.
src/services/journalEntries.service.test.ts(226,13): error TS2740: Type '{ company_id: string; transaction_date: number; description: string; line_items: { account_id: string; debit: string; credit: string; description: null; contact_id: null; product_id: null; }[]; }' is missing the following properties from type 'CreateJournalEntryRequest': reference, memo, attachments, submit_for_approval, and 4 more.
src/services/journalEntries.service.test.ts(249,13): error TS2740: Type '{ company_id: string; transaction_date: number; description: string; line_items: { account_id: string; debit: string; credit: string; description: null; contact_id: null; product_id: null; }[]; }' is missing the following properties from type 'CreateJournalEntryRequest': reference, memo, attachments, submit_for_approval, and 4 more.
src/services/journalEntries.service.test.ts(270,27): error TS2693: 'JournalEntryApprovalStatus' only refers to a type, but is being used as a value here.
src/services/journalEntries.service.test.ts(275,27): error TS2693: 'JournalEntryApprovalStatus' only refers to a type, but is being used as a value here.
src/services/journalEntries.service.test.ts(288,13): error TS2740: Type '{ company_id: string; transaction_date: number; description: string; line_items: { account_id: string; debit: string; credit: string; description: null; contact_id: null; product_id: null; }[]; }' is missing the following properties from type 'CreateJournalEntryRequest': reference, memo, attachments, submit_for_approval, and 4 more.
src/services/journalEntries.service.test.ts(319,13): error TS2740: Type '{ company_id: string; transaction_date: number; description: string; line_items: { account_id: string; debit: string; credit: string; description: null; contact_id: null; product_id: null; }[]; }' is missing the following properties from type 'CreateJournalEntryRequest': reference, memo, attachments, submit_for_approval, and 4 more.
src/services/journalEntries.service.test.ts(346,13): error TS2740: Type '{ company_id: string; transaction_date: number; description: string; line_items: { account_id: string; debit: string; credit: string; description: null; contact_id: null; product_id: null; }[]; }' is missing the following properties from type 'CreateJournalEntryRequest': reference, memo, attachments, submit_for_approval, and 4 more.
src/services/journalEntries.service.test.ts(360,9): error TS2345: Argument of type '{ line_items: { account_id: string; debit: string; credit: string; description: null; contact_id: null; product_id: null; }[]; }' is not assignable to parameter of type 'UpdateJournalEntryRequest'.
  Property 'entry_id' is missing in type '{ line_items: { account_id: string; debit: string; credit: string; description: null; contact_id: null; product_id: null; }[]; }' but required in type 'UpdateJournalEntryRequest'.
src/services/journalEntries.service.test.ts(375,13): error TS2740: Type '{ company_id: string; transaction_date: number; description: string; line_items: { account_id: string; debit: string; credit: string; description: null; contact_id: null; product_id: null; }[]; }' is missing the following properties from type 'CreateJournalEntryRequest': reference, memo, attachments, submit_for_approval, and 4 more.
src/services/journalEntries.service.test.ts(390,11): error TS2345: Argument of type '{ line_items: { account_id: string; debit: string; credit: string; description: null; contact_id: null; product_id: null; }[]; }' is not assignable to parameter of type 'UpdateJournalEntryRequest'.
  Property 'entry_id' is missing in type '{ line_items: { account_id: string; debit: string; credit: string; description: null; contact_id: null; product_id: null; }[]; }' but required in type 'UpdateJournalEntryRequest'.
src/services/journalEntries.service.test.ts(404,13): error TS2740: Type '{ company_id: string; transaction_date: number; description: string; line_items: { account_id: string; debit: string; credit: string; description: null; contact_id: null; product_id: null; }[]; }' is missing the following properties from type 'CreateJournalEntryRequest': reference, memo, attachments, submit_for_approval, and 4 more.
src/services/journalEntries.service.test.ts(425,13): error TS2740: Type '{ company_id: string; transaction_date: number; description: string; line_items: { account_id: string; debit: string; credit: string; description: null; contact_id: null; product_id: null; }[]; submit_for_approval: true; }' is missing the following properties from type 'CreateJournalEntryRequest': reference, memo, attachments, is_reversing, and 3 more.
src/services/journalEntries.service.test.ts(451,13): error TS2740: Type '{ company_id: string; transaction_date: number; description: string; line_items: { account_id: string; debit: string; credit: string; description: null; contact_id: null; product_id: null; }[]; submit_for_approval: true; }' is missing the following properties from type 'CreateJournalEntryRequest': reference, memo, attachments, is_reversing, and 3 more.
src/services/journalEntries.service.test.ts(484,13): error TS2740: Type '{ company_id: string; transaction_date: number; description: string; line_items: { account_id: string; debit: string; credit: string; description: string; contact_id: null; product_id: null; }[]; }' is missing the following properties from type 'CreateJournalEntryRequest': reference, memo, attachments, submit_for_approval, and 4 more.
src/services/journalEntries.service.test.ts(499,11): error TS2561: Object literal may only specify known properties, but 'reverse_date' does not exist in type 'CreateReversingEntryOptions'. Did you mean to write 'reversal_date'?
src/services/journalEntries.service.test.ts(519,13): error TS2740: Type '{ company_id: string; transaction_date: number; description: string; line_items: { account_id: string; debit: string; credit: string; description: null; contact_id: null; product_id: null; }[]; submit_for_approval: true; }' is missing the following properties from type 'CreateJournalEntryRequest': reference, memo, attachments, is_reversing, and 3 more.
src/services/journalEntries.service.test.ts(542,11): error TS2353: Object literal may only specify known properties, and 'voided_by' does not exist in type 'VoidJournalEntryRequest'.
src/services/journalEntries.service.test.ts(575,13): error TS2353: Object literal may only specify known properties, and 'plain_english_description' does not exist in type 'JournalEntryTemplateLineItem'.
src/services/journalEntries.service.test.ts(582,13): error TS2353: Object literal may only specify known properties, and 'plain_english_description' does not exist in type 'JournalEntryTemplateLineItem'.
src/services/journalEntries.service.test.ts(619,13): error TS2740: Type '{ company_id: string; transaction_date: number; description: string; line_items: { account_id: string; debit: string; credit: string; description: null; contact_id: null; product_id: null; }[]; }' is missing the following properties from type 'CreateJournalEntryRequest': reference, memo, attachments, submit_for_approval, and 4 more.
src/services/journalEntries.service.test.ts(654,13): error TS2740: Type '{ company_id: string; transaction_date: number; description: string; line_items: never[]; }' is missing the following properties from type 'CreateJournalEntryRequest': reference, memo, attachments, submit_for_approval, and 4 more.
src/services/journalEntries.service.test.ts(665,13): error TS2740: Type '{ company_id: string; transaction_date: number; description: string; line_items: { account_id: string; debit: string; credit: string; description: null; contact_id: null; product_id: null; }[]; }' is missing the following properties from type 'CreateJournalEntryRequest': reference, memo, attachments, submit_for_approval, and 4 more.
src/services/journalEntries.service.test.ts(682,13): error TS2740: Type '{ company_id: string; transaction_date: number; description: string; line_items: { account_id: string; debit: string; credit: string; description: null; contact_id: null; product_id: null; }[]; }' is missing the following properties from type 'CreateJournalEntryRequest': reference, memo, attachments, submit_for_approval, and 4 more.
src/services/journalEntries.service.ts(17,30): error TS7016: Could not find a declaration file for module 'uuid'. 'C:/Users/Admin/graceful_books/node_modules/uuid/dist/esm-browser/index.js' implicitly has an 'any' type.
  Try `npm i --save-dev @types/uuid` if it exists or add a new declaration (.d.ts) file containing `declare module 'uuid';`
src/services/journalEntries.service.ts(18,15): error TS2614: Module '"../db/database"' has no exported member 'Database'. Did you mean to use 'import Database from "../db/database"' instead?
src/services/journalEntries.service.ts(189,29): error TS2367: This comparison appears to be unintentional because the types 'string' and 'JournalEntryApprovalStatus[] | undefined' have no overlap.
src/services/journalEntries.service.ts(444,11): error TS2561: Object literal may only specify known properties, but 'reverse_date' does not exist in type 'CreateReversingEntryOptions'. Did you mean to write 'reversal_date'?
src/services/journalEntries.service.ts(487,35): error TS2551: Property 'reverse_date' does not exist on type 'CreateReversingEntryOptions'. Did you mean 'reversal_date'?
src/services/journalEntries.service.ts(542,7): error TS2345: Argument of type '{ company_id: string; transaction_date: number; description: string | null; line_items: { account_id: string; debit: string; credit: string; description: string | null; contact_id: null; product_id: null; }[]; template_id: string; auto_reverse_date: number | null; }' is not assignable to parameter of type 'CreateJournalEntryRequest'.
  Type '{ company_id: string; transaction_date: number; description: string | null; line_items: { account_id: string; debit: string; credit: string; description: string | null; contact_id: null; product_id: null; }[]; template_id: string; auto_reverse_date: number | null; }' is missing the following properties from type 'CreateJournalEntryRequest': reference, memo, attachments, submit_for_approval, and 2 more.
src/services/journalEntries.service.ts(578,7): error TS2353: Object literal may only specify known properties, and 'voided_this_month' does not exist in type 'JournalEntryStatistics'.
src/services/journalEntries.service.ts(579,16): error TS2367: This comparison appears to be unintentional because the types 'JournalEntryApprovalStatus' and '"VOID"' have no overlap.
src/services/journalEntries.service.ts(642,9): error TS2353: Object literal may only specify known properties, and 'balance_check' does not exist in type 'JournalEntryValidationResult'.
src/services/journalEntries.service.ts(650,7): error TS2353: Object literal may only specify known properties, and 'balance_check' does not exist in type 'JournalEntryValidationResult'.
src/services/mentions.service.test.ts(44,24): error TS2352: Conversion of type '{ id: string; email: string; name: string; hashed_password: string; created_at: number; updated_at: number; deleted_at: null; version_vector: { "device-test-001": number; }; }' to type 'User' may be a mistake because neither type sufficiently overlaps with the other. If this was intentional, convert the expression to 'unknown' first.
  Type '{ id: string; email: string; name: string; hashed_password: string; created_at: number; updated_at: number; deleted_at: null; version_vector: { "device-test-001": number; }; }' is missing the following properties from type 'User': passphrase_hash, master_key_encrypted, preferences, selected_charity_id
src/services/mentions.service.test.ts(55,24): error TS2352: Conversion of type '{ id: string; email: string; name: string; hashed_password: string; created_at: number; updated_at: number; deleted_at: null; version_vector: { "device-test-001": number; }; }' to type 'User' may be a mistake because neither type sufficiently overlaps with the other. If this was intentional, convert the expression to 'unknown' first.
  Type '{ id: string; email: string; name: string; hashed_password: string; created_at: number; updated_at: number; deleted_at: null; version_vector: { "device-test-001": number; }; }' is missing the following properties from type 'User': passphrase_hash, master_key_encrypted, preferences, selected_charity_id
src/services/mentions.service.test.ts(66,24): error TS2352: Conversion of type '{ id: string; email: string; name: string; hashed_password: string; created_at: number; updated_at: number; deleted_at: null; version_vector: { "device-test-001": number; }; }' to type 'User' may be a mistake because neither type sufficiently overlaps with the other. If this was intentional, convert the expression to 'unknown' first.
  Type '{ id: string; email: string; name: string; hashed_password: string; created_at: number; updated_at: number; deleted_at: null; version_vector: { "device-test-001": number; }; }' is missing the following properties from type 'User': passphrase_hash, master_key_encrypted, preferences, selected_charity_id
src/services/mentions.service.test.ts(114,31): error TS2352: Conversion of type '{ id: string; company_id: string; user_id: string; role: "VIEW_ONLY"; permissions: string[]; active: true; invited_at: number; joined_at: number; created_at: number; updated_at: number; deleted_at: null; version_vector: { ...; }; }' to type 'CompanyUser' may be a mistake because neither type sufficiently overlaps with the other. If this was intentional, convert the expression to 'unknown' first.
  Types of property 'role' are incompatible.
    Type '"VIEW_ONLY"' is not comparable to type 'UserRole'.
src/services/mentions.service.test.ts(901,26): error TS2352: Conversion of type '{ id: string; email: string; name: string; hashed_password: string; created_at: number; updated_at: number; deleted_at: null; version_vector: { "device-test-001": number; }; }' to type 'User' may be a mistake because neither type sufficiently overlaps with the other. If this was intentional, convert the expression to 'unknown' first.
  Type '{ id: string; email: string; name: string; hashed_password: string; created_at: number; updated_at: number; deleted_at: null; version_vector: { "device-test-001": number; }; }' is missing the following properties from type 'User': passphrase_hash, master_key_encrypted, preferences, selected_charity_id
src/services/metrics/profitabilityMetrics.service.ts(364,9): error TS2367: This comparison appears to be unintentional because the types '1' and '0' have no overlap.
src/services/multiUser/audit.service.ts(188,9): error TS2322: Type 'string' is not assignable to type 'AuditEntityType'.
src/services/multiUser/audit.service.ts(190,9): error TS2322: Type 'AuditEventType' is not assignable to type 'AuditAction'.
src/services/multiUser/audit.service.ts(534,47): error TS2551: Property 'company_id' does not exist on type 'AuditLogEntity'. Did you mean 'companyId'?
src/services/multiUser/audit.service.ts(538,47): error TS2551: Property 'user_id' does not exist on type 'AuditLogEntity'. Did you mean 'userId'?
src/services/multiUser/audit.service.ts(549,43): error TS2365: Operator '>=' cannot be applied to types 'Date' and 'number'.
src/services/multiUser/audit.service.ts(553,43): error TS2365: Operator '<=' cannot be applied to types 'Date' and 'number'.
src/services/multiUser/audit.service.ts(557,47): error TS2551: Property 'entity_type' does not exist on type 'AuditLogEntity'. Did you mean 'entityType'?
src/services/multiUser/audit.service.ts(561,47): error TS2551: Property 'entity_id' does not exist on type 'AuditLogEntity'. Did you mean 'entityId'?
src/services/multiUser/audit.service.ts(568,9): error TS2322: Type 'AuditLogEntity[]' is not assignable to type 'AuditLog[]'.
  Type 'AuditLogEntity' is missing the following properties from type 'AuditLog': company_id, user_id, entity_type, entity_id, and 9 more.
src/services/multiUser/audit.service.ts(594,23): error TS2365: Operator '>=' cannot be applied to types 'Date' and 'number'.
src/services/multiUser/audit.service.ts(594,53): error TS2365: Operator '<=' cannot be applied to types 'Date' and 'number'.
src/services/multiUser/audit.service.ts(608,17): error TS2551: Property 'user_id' does not exist on type 'AuditLogEntity'. Did you mean 'userId'?
src/services/multiUser/audit.service.ts(609,31): error TS2551: Property 'user_id' does not exist on type 'AuditLogEntity'. Did you mean 'userId'?
src/services/multiUser/audit.service.ts(613,17): error TS2551: Property 'device_id' does not exist on type 'AuditLogEntity'. Did you mean 'deviceId'?
src/services/multiUser/audit.service.ts(614,34): error TS2551: Property 'device_id' does not exist on type 'AuditLogEntity'. Did you mean 'deviceId'?
src/services/multiUser/audit.service.ts(737,23): error TS2365: Operator '>=' cannot be applied to types 'Date' and 'number'.
src/services/multiUser/audit.service.ts(737,53): error TS2365: Operator '<=' cannot be applied to types 'Date' and 'number'.
src/services/multiUser/audit.service.ts(755,13): error TS2551: Property 'user_id' does not exist on type 'AuditLogEntity'. Did you mean 'userId'?
src/services/multiUser/audit.service.ts(756,13): error TS2551: Property 'entity_type' does not exist on type 'AuditLogEntity'. Did you mean 'entityType'?
src/services/multiUser/audit.service.ts(757,13): error TS2551: Property 'entity_id' does not exist on type 'AuditLogEntity'. Did you mean 'entityId'?
src/services/multiUser/audit.service.ts(759,13): error TS2551: Property 'ip_address' does not exist on type 'AuditLogEntity'. Did you mean 'ipAddress'?
src/services/multiUser/audit.service.ts(760,13): error TS2551: Property 'device_id' does not exist on type 'AuditLogEntity'. Did you mean 'deviceId'?
src/services/multiUser/keyRotation.enhanced.service.ts(23,1): error TS6192: All imports in import declaration are unused.
src/services/multiUser/keyRotation.enhanced.service.ts(277,12): error TS2551: Property 'transactionLines' does not exist on type 'GracefulBooksDB'. Did you mean 'transactions'?
src/services/multiUser/keyRotation.enhanced.service.ts(363,22): error TS2551: Property 'deleted_at' does not exist on type 'AccountEntity'. Did you mean 'deletedAt'?
src/services/multiUser/keyRotation.enhanced.service.ts(373,56): error TS2551: Property 'version_vector' does not exist on type 'AccountEntity'. Did you mean 'versionVector'?
src/services/multiUser/keyRotation.enhanced.service.ts(394,22): error TS2551: Property 'deleted_at' does not exist on type 'TransactionEntity'. Did you mean 'deletedAt'?
src/services/multiUser/keyRotation.enhanced.service.ts(403,60): error TS2551: Property 'version_vector' does not exist on type 'TransactionEntity'. Did you mean 'versionVector'?
src/services/multiUser/keyRotation.enhanced.service.ts(419,28): error TS2551: Property 'transactionLines' does not exist on type 'GracefulBooksDB'. Did you mean 'transactions'?
src/services/multiUser/keyRotation.enhanced.service.ts(434,16): error TS2551: Property 'transactionLines' does not exist on type 'GracefulBooksDB'. Did you mean 'transactions'?
src/services/multiUser/keyRotation.enhanced.service.ts(450,22): error TS2551: Property 'deleted_at' does not exist on type 'ContactEntity'. Did you mean 'deletedAt'?
src/services/multiUser/keyRotation.enhanced.service.ts(459,56): error TS2551: Property 'version_vector' does not exist on type 'ContactEntity'. Did you mean 'versionVector'?
src/services/multiUser/keyRotation.enhanced.service.ts(478,22): error TS2551: Property 'deleted_at' does not exist on type 'UserEntity'. Did you mean 'deletedAt'?
src/services/multiUser/keyRotation.enhanced.service.ts(487,53): error TS2551: Property 'version_vector' does not exist on type 'UserEntity'. Did you mean 'versionVector'?
src/services/multiUser/keyRotation.enhanced.service.ts(505,9): error TS2353: Object literal may only specify known properties, and 'updated_at' does not exist in type 'UpdateSpec<CompanyEntity> | ((obj: CompanyEntity, ctx: { value: any; primKey: IndexableType; }) => boolean | void)'.
src/services/multiUser/keyRotation.enhanced.service.ts(506,56): error TS2551: Property 'version_vector' does not exist on type 'CompanyEntity'. Did you mean 'versionVector'?
src/services/multiUser/notification.service.ts(20,1): error TS6192: All imports in import declaration are unused.
src/services/multiUser/notification.service.ts(490,51): error TS2552: Cannot find name 'userId'. Did you mean '_userId'?
src/services/paymentGateway.ts(84,9): error TS2322: Type 'ErrorCode.CONFIGURATION_ERROR' is not assignable to type 'DatabaseErrorCode'.
src/services/paymentGateway.ts(120,11): error TS2322: Type '{ customer_name: string | null; status: "PENDING"; id: string; company_id?: string | undefined; invoice_id?: string | undefined; portal_token_id?: string | undefined; gateway?: PaymentGateway | undefined; ... 13 more ...; version_vector?: VersionVector | undefined; }' is not assignable to type 'Payment'.
  Types of property 'company_id' are incompatible.
    Type 'string | undefined' is not assignable to type 'string'.
      Type 'undefined' is not assignable to type 'string'.
src/services/portalService.ts(142,11): error TS2322: Type 'ErrorCode.PERMISSION_DENIED' is not assignable to type 'DatabaseErrorCode'.
src/services/portalService.ts(169,11): error TS2322: Type '{ id: string; company_id?: string | undefined; invoice_id?: string | undefined; token?: string | undefined; email?: string | undefined; created_at?: number | undefined; expires_at?: number | undefined; ... 5 more ...; version_vector?: VersionVector | undefined; }' is not assignable to type 'PortalToken'.
  Types of property 'company_id' are incompatible.
    Type 'string | undefined' is not assignable to type 'string'.
      Type 'undefined' is not assignable to type 'string'.
src/services/portalService.ts(222,11): error TS2322: Type 'ErrorCode.RATE_LIMITED' is not assignable to type 'DatabaseErrorCode'.
src/services/portalService.ts(253,11): error TS2322: Type 'ErrorCode.SESSION_INVALID' is not assignable to type 'DatabaseErrorCode'.
src/services/recentActivity.service.ts(66,24): error TS1361: 'RecentActivityType' cannot be used as a value because it was imported using 'import type'.
src/services/recentActivity.service.ts(98,24): error TS1361: 'RecentActivityType' cannot be used as a value because it was imported using 'import type'.
src/services/recentActivity.service.ts(130,24): error TS1361: 'RecentActivityType' cannot be used as a value because it was imported using 'import type'.
src/services/recentActivity.service.ts(162,24): error TS1361: 'RecentActivityType' cannot be used as a value because it was imported using 'import type'.
src/services/recentActivity.service.ts(192,24): error TS1361: 'RecentActivityType' cannot be used as a value because it was imported using 'import type'.
src/services/recentActivity.service.ts(223,24): error TS1361: 'RecentActivityType' cannot be used as a value because it was imported using 'import type'.
src/services/recentActivity.service.ts(253,25): error TS1361: 'RecentActivityType' cannot be used as a value because it was imported using 'import type'.
src/services/recentActivity.service.ts(253,50): error TS1361: 'RecentActivityType' cannot be used as a value because it was imported using 'import type'.
src/services/recentActivity.service.ts(289,25): error TS1361: 'RecentActivityType' cannot be used as a value because it was imported using 'import type'.
src/services/recentActivity.service.ts(289,52): error TS1361: 'RecentActivityType' cannot be used as a value because it was imported using 'import type'.
src/services/recentActivity.service.ts(322,25): error TS1361: 'RecentActivityType' cannot be used as a value because it was imported using 'import type'.
src/services/recentActivity.service.ts(322,50): error TS1361: 'RecentActivityType' cannot be used as a value because it was imported using 'import type'.
src/services/reconciliationHistory.service.test.ts(93,10): error TS2352: Conversion of type '{ id: string; companyId: string; date: Date; status: any; memo: string; reference: null; lines: { id: string; accountId: string; debit: number; credit: number; }[]; createdBy: string; createdAt: Date; updatedAt: Date; }' to type 'JournalEntry' may be a mistake because neither type sufficiently overlaps with the other. If this was intentional, convert the expression to 'unknown' first.
  Types of property 'reference' are incompatible.
    Type 'null' is not comparable to type 'string | undefined'.
src/services/reconciliationHistory.service.ts(75,11): error TS2322: Type '"ALREADY_EXISTS"' is not assignable to type 'DatabaseErrorCode'.
src/services/reconciliationHistory.service.ts(206,11): error TS2322: Type '"INVALID_INPUT"' is not assignable to type 'DatabaseErrorCode'.
src/services/reconciliationHistory.service.ts(846,21): error TS2367: This comparison appears to be unintentional because the types 'AccountType' and '"ASSET"' have no overlap.
src/services/reconciliationService.test.ts(86,23): error TS1361: 'MatchConfidence' cannot be used as a value because it was imported using 'import type'.
src/services/reconciliationService.test.ts(128,23): error TS1361: 'MatchConfidence' cannot be used as a value because it was imported using 'import type'.
src/services/reconciliationService.test.ts(135,23): error TS1361: 'MatchConfidence' cannot be used as a value because it was imported using 'import type'.
src/services/reconciliationService.test.ts(338,23): error TS1361: 'MatchConfidence' cannot be used as a value because it was imported using 'import type'.
src/services/reconciliationService.test.ts(345,23): error TS1361: 'MatchConfidence' cannot be used as a value because it was imported using 'import type'.
src/services/recurrence.service.test.ts(21,10): error TS2305: Module '"../types/database.types"' has no exported member 'RecurrenceFrequency'.
src/services/recurrence.service.test.ts(21,31): error TS2305: Module '"../types/database.types"' has no exported member 'RecurrenceEndType'.
src/services/recurrence.service.test.ts(69,9): error TS2322: Type '"ANNUALLY"' is not assignable to type 'RecurrenceFrequency'.
src/services/recurrence.service.test.ts(89,9): error TS2322: Type '"ON_DATE"' is not assignable to type 'RecurrenceEndType'.
src/services/recurrence.service.test.ts(103,9): error TS2322: Type '"AFTER_COUNT"' is not assignable to type 'RecurrenceEndType'.
src/services/recurrence.service.test.ts(137,9): error TS2322: Type '"ON_DATE"' is not assignable to type 'RecurrenceEndType'.
src/services/recurrence.service.test.ts(184,9): error TS2820: Type '"BI_WEEKLY"' is not assignable to type 'RecurrenceFrequency'. Did you mean 'RecurrenceFrequency.WEEKLY'?
src/services/recurrence.service.test.ts(222,9): error TS2322: Type '"AFTER_COUNT"' is not assignable to type 'RecurrenceEndType'.
src/services/recurrence.service.test.ts(238,9): error TS2322: Type '"ANNUALLY"' is not assignable to type 'RecurrenceFrequency'.
src/services/recurrence.service.test.ts(336,9): error TS2322: Type '"ON_DATE"' is not assignable to type 'RecurrenceEndType'.
src/services/recurrence.service.test.ts(351,9): error TS2322: Type '"ON_DATE"' is not assignable to type 'RecurrenceEndType'.
src/services/recurrence.service.test.ts(421,9): error TS2322: Type '"ON_DATE"' is not assignable to type 'RecurrenceEndType'.
src/services/recurrence.service.test.ts(439,9): error TS2322: Type '"AFTER_COUNT"' is not assignable to type 'RecurrenceEndType'.
src/services/recurrence.service.test.ts(481,9): error TS2322: Type '"ON_DATE"' is not assignable to type 'RecurrenceEndType'.
src/services/recurrence.service.test.ts(496,9): error TS2322: Type '"ON_DATE"' is not assignable to type 'RecurrenceEndType'.
src/services/recurringInvoiceService.test.ts(10,1): error TS6192: All imports in import declaration are unused.
src/services/reportDelivery.service.ts(556,20): error TS2345: Argument of type 'number | undefined' is not assignable to parameter of type 'number'.
  Type 'undefined' is not assignable to type 'number'.
src/services/reports/arAgingReport.service.test.ts(42,7): error TS2322: Type 'string' is not assignable to type 'number'.
src/services/reports/arAgingReport.service.test.ts(43,7): error TS2322: Type 'string' is not assignable to type 'number'.
src/services/reports/arAgingReport.service.test.ts(54,7): error TS2322: Type 'string' is not assignable to type 'number'.
src/services/reports/arAgingReport.service.test.ts(55,7): error TS2322: Type 'string' is not assignable to type 'number'.
src/services/reports/arAgingReport.service.test.ts(66,7): error TS2322: Type 'string' is not assignable to type 'number'.
src/services/reports/arAgingReport.service.test.ts(67,7): error TS2322: Type 'string' is not assignable to type 'number'.
src/services/reports/arAgingReport.service.test.ts(78,7): error TS2322: Type 'string' is not assignable to type 'number'.
src/services/reports/arAgingReport.service.test.ts(79,7): error TS2322: Type 'string' is not assignable to type 'number'.
src/services/reports/arAgingReport.service.test.ts(90,7): error TS2322: Type 'string' is not assignable to type 'number'.
src/services/reports/arAgingReport.service.test.ts(91,7): error TS2322: Type 'string' is not assignable to type 'number'.
src/services/reports/arAgingReport.service.test.ts(102,7): error TS2322: Type 'string' is not assignable to type 'number'.
src/services/reports/arAgingReport.service.test.ts(103,7): error TS2322: Type 'string' is not assignable to type 'number'.
src/services/reports/arAgingReport.service.test.ts(313,11): error TS2322: Type 'string' is not assignable to type 'number'.
src/services/reports/arAgingReport.service.test.ts(314,11): error TS2322: Type 'string' is not assignable to type 'number'.
src/services/reports/arAgingReport.service.test.ts(325,11): error TS2322: Type 'string' is not assignable to type 'number'.
src/services/reports/arAgingReport.service.test.ts(326,11): error TS2322: Type 'string' is not assignable to type 'number'.
src/services/reports/arAgingReport.service.test.ts(355,11): error TS2322: Type 'Partial<Invoice> | { id: string; company_id: string; customer_id: string; invoice_number: string; invoice_date: number; due_date: number; status: "void"; total: string; subtotal: string; deleted_at: null; }' is not assignable to type 'Partial<Invoice>'.
  Object literal may only specify known properties, but 'company_id' does not exist in type 'Partial<Invoice>'. Did you mean to write 'companyId'?
src/services/reports/arAgingReport.service.test.ts(361,11): error TS2322: Type 'string' is not assignable to type 'number'.
src/services/reports/arAgingReport.service.test.ts(362,11): error TS2322: Type 'string' is not assignable to type 'number'.
src/services/reports/arAgingReport.service.ts(422,5): error TS2322: Type 'number | Date' is not assignable to type 'Date'.
  Type 'number' is not assignable to type 'Date'.
src/services/reports/profitLoss.test.ts(1115,11): error TS2322: Type '"DATABASE_ERROR"' is not assignable to type 'DatabaseErrorCode'.
src/services/reports/profitLoss.test.ts(1149,11): error TS2322: Type '"DATABASE_ERROR"' is not assignable to type 'DatabaseErrorCode'.
src/services/reportScheduler.service.test.ts(52,11): error TS2322: Type '"last-week"' is not assignable to type '"custom" | "this-month" | "last-month" | "this-quarter" | "last-quarter" | "this-year" | "last-year" | "year-to-date" | undefined'.
src/services/reportScheduler.service.ts(14,1): error TS6192: All imports in import declaration are unused.
src/services/runway/burnRateAnalyzer.service.ts(138,9): error TS2367: This comparison appears to be unintentional because the types 'AccountType' and '"expense"' have no overlap.
src/services/runway/burnRateAnalyzer.service.ts(139,9): error TS2367: This comparison appears to be unintentional because the types 'AccountType' and '"cost-of-goods-sold"' have no overlap.
src/services/runway/burnRateAnalyzer.service.ts(140,9): error TS2367: This comparison appears to be unintentional because the types 'AccountType' and '"other-expense"' have no overlap.
src/services/runway/burnRateAnalyzer.service.ts(299,11): error TS2367: This comparison appears to be unintentional because the types 'AccountType' and '"income"' have no overlap.
src/services/runway/burnRateAnalyzer.service.ts(299,40): error TS2367: This comparison appears to be unintentional because the types 'AccountType' and '"other-income"' have no overlap.
src/services/runway/burnRateAnalyzer.service.ts(329,36): error TS2551: Property 'invoiceDate' does not exist on type 'Invoice'. Did you mean 'invoice_date'?
src/services/runway/burnRateAnalyzer.service.ts(330,80): error TS2367: This comparison appears to be unintentional because the types 'InvoiceStatus' and '"void"' have no overlap.
src/services/runway/burnRateAnalyzer.service.ts(335,60): error TS2339: Property 'contactId' does not exist on type 'Invoice'.
src/services/runway/burnRateAnalyzer.service.ts(340,44): error TS2339: Property 'contactId' does not exist on type 'Invoice'.
src/services/runway/burnRateAnalyzer.service.ts(343,38): error TS2551: Property 'invoiceDate' does not exist on type 'Invoice'. Did you mean 'invoice_date'?
src/services/runway/burnRateAnalyzer.service.ts(396,7): error TS2322: Type '"stable" | "increasing" | "decreasing"' is not assignable to type '"stable" | "declining" | "growing"'.
  Type '"increasing"' is not assignable to type '"stable" | "declining" | "growing"'.
src/services/runway/burnRateAnalyzer.service.ts(416,7): error TS2322: Type '"stable" | "increasing" | "decreasing"' is not assignable to type '"stable" | "declining" | "growing"'.
  Type '"increasing"' is not assignable to type '"stable" | "declining" | "growing"'.
src/services/runway/runwayCalculator.service.test.ts(14,1): error TS6192: All imports in import declaration are unused.
src/services/runway/runwayCalculator.service.ts(110,7): error TS2367: This comparison appears to be unintentional because the types 'AccountType' and '"asset"' have no overlap.
src/services/runway/runwayCalculator.service.ts(117,9): error TS2367: This comparison appears to be unintentional because the types 'AccountType' and '"liability"' have no overlap.
src/services/runway/runwayCalculator.service.ts(166,11): error TS2367: This comparison appears to be unintentional because the types 'AccountType' and '"income"' have no overlap.
src/services/runway/runwayCalculator.service.ts(166,40): error TS2367: This comparison appears to be unintentional because the types 'AccountType' and '"other-income"' have no overlap.
src/services/runway/runwayCalculator.service.ts(169,9): error TS2367: This comparison appears to be unintentional because the types 'AccountType' and '"expense"' have no overlap.
src/services/runway/runwayCalculator.service.ts(170,9): error TS2367: This comparison appears to be unintentional because the types 'AccountType' and '"cost-of-goods-sold"' have no overlap.
src/services/runway/runwayCalculator.service.ts(171,9): error TS2367: This comparison appears to be unintentional because the types 'AccountType' and '"other-expense"' have no overlap.
src/services/runway/scenarioModeler.service.ts(26,10): error TS2724: '"./runwayCalculator.service"' has no exported member named 'calculateRunwayMonths'. Did you mean 'calculateRunway'?
src/services/scenarios/scenarioCalculator.service.ts(18,10): error TS2724: '"../reports/balanceSheet"' has no exported member named 'generateBalanceSheetReport'. Did you mean 'generateBalanceSheet'?
src/services/scenarios/scenarioCalculator.service.ts(29,1): error TS6192: All imports in import declaration are unused.
src/services/scenarios/scenarioCalculator.service.ts(55,48): error TS2561: Object literal may only specify known properties, but 'company_id' does not exist in type 'AccountFilter'. Did you mean to write 'companyId'?
src/services/scenarios/scenarioCalculator.service.ts(59,56): error TS2561: Object literal may only specify known properties, but 'company_id' does not exist in type 'TransactionFilter'. Did you mean to write 'companyId'?
src/services/scenarios/scenarioCalculator.service.ts(66,5): error TS2322: Type 'number' is not assignable to type 'Date'.
src/services/scenarios/scenarioCalculator.service.ts(67,5): error TS2322: Type 'number' is not assignable to type 'Date'.
src/services/scenarios/scenarioCalculator.service.ts(71,64): error TS2554: Expected 1 arguments, but got 3.
src/services/scenarios/scenarioCalculator.service.ts(82,14): error TS2367: This comparison appears to be unintentional because the types 'AccountType' and '"bank"' have no overlap.
src/services/scenarios/scenarioCalculator.service.ts(82,41): error TS2339: Property 'account_name' does not exist on type 'Account'.
src/services/scenarios/scenarioCalculator.service.ts(91,10): error TS2339: Property 'account_name' does not exist on type 'Account'.
src/services/scenarios/scenarioCalculator.service.ts(92,10): error TS2339: Property 'account_name' does not exist on type 'Account'.
src/services/scenarios/scenarioCalculator.service.ts(93,10): error TS2339: Property 'account_name' does not exist on type 'Account'.
src/services/scenarios/scenarioCalculator.service.ts(103,10): error TS2339: Property 'account_name' does not exist on type 'Account'.
src/services/scenarios/scenarioCalculator.service.ts(104,10): error TS2339: Property 'account_name' does not exist on type 'Account'.
src/services/scenarios/scenarioCalculator.service.ts(105,10): error TS2339: Property 'account_name' does not exist on type 'Account'.
src/services/scenarios/scenarioCalculator.service.ts(114,14): error TS2367: This comparison appears to be unintentional because the types 'AccountType' and '"accounts-receivable"' have no overlap.
src/services/scenarios/scenarioCalculator.service.ts(114,56): error TS2339: Property 'account_code' does not exist on type 'Account'.
src/services/scenarios/scenarioCalculator.service.ts(551,26): error TS18048: '_baseline.profit_loss.sections' is possibly 'undefined'.
src/services/scenarios/scenarioCalculator.service.ts(997,9): error TS2322: Type 'string | undefined' is not assignable to type 'string'.
  Type 'undefined' is not assignable to type 'string'.
src/services/scenarios/scenarioSharing.service.ts(17,28): error TS2307: Cannot find module '../email/emailQueue.service' or its corresponding type declarations.
src/services/scenarios/scenarioSharing.service.ts(53,26): error TS7053: Element implicitly has an 'any' type because expression of type '"scenarios"' can't be used to index type 'TreasureChestDB'.
  Property 'scenarios' does not exist on type 'TreasureChestDB'.
src/services/scenarios/scenarioSharing.service.ts(67,31): error TS7053: Element implicitly has an 'any' type because expression of type '"scenario_shares"' can't be used to index type 'TreasureChestDB'.
  Property 'scenario_shares' does not exist on type 'TreasureChestDB'.
src/services/scenarios/scenarioSharing.service.ts(85,11): error TS7053: Element implicitly has an 'any' type because expression of type '"scenario_shares"' can't be used to index type 'TreasureChestDB'.
  Property 'scenario_shares' does not exist on type 'TreasureChestDB'.
src/services/scenarios/scenarioSharing.service.ts(104,11): error TS7053: Element implicitly has an 'any' type because expression of type '"scenario_shares"' can't be used to index type 'TreasureChestDB'.
  Property 'scenario_shares' does not exist on type 'TreasureChestDB'.
src/services/scenarios/scenarioSharing.service.ts(108,9): error TS7053: Element implicitly has an 'any' type because expression of type '"scenarios"' can't be used to index type 'TreasureChestDB'.
  Property 'scenarios' does not exist on type 'TreasureChestDB'.
src/services/scenarios/scenarioSharing.service.ts(118,5): error TS2322: Type 'string | undefined' is not assignable to type 'string'.
  Type 'undefined' is not assignable to type 'string'.
src/services/scenarios/scenarioSharing.service.ts(149,23): error TS7053: Element implicitly has an 'any' type because expression of type '"scenario_shares"' can't be used to index type 'TreasureChestDB'.
  Property 'scenario_shares' does not exist on type 'TreasureChestDB'.
src/services/scenarios/scenarioSharing.service.ts(159,11): error TS7053: Element implicitly has an 'any' type because expression of type '"scenario_shares"' can't be used to index type 'TreasureChestDB'.
  Property 'scenario_shares' does not exist on type 'TreasureChestDB'.
src/services/scenarios/scenarioSharing.service.ts(193,9): error TS7053: Element implicitly has an 'any' type because expression of type '"scenario_comments"' can't be used to index type 'TreasureChestDB'.
  Property 'scenario_comments' does not exist on type 'TreasureChestDB'.
src/services/scenarios/scenarioSharing.service.ts(196,23): error TS7053: Element implicitly has an 'any' type because expression of type '"scenario_shares"' can't be used to index type 'TreasureChestDB'.
  Property 'scenario_shares' does not exist on type 'TreasureChestDB'.
src/services/scenarios/scenarioSharing.service.ts(202,11): error TS7053: Element implicitly has an 'any' type because expression of type '"scenario_shares"' can't be used to index type 'TreasureChestDB'.
  Property 'scenario_shares' does not exist on type 'TreasureChestDB'.
src/services/scenarios/scenarioSharing.service.ts(222,23): error TS7053: Element implicitly has an 'any' type because expression of type '"scenario_shares"' can't be used to index type 'TreasureChestDB'.
  Property 'scenario_shares' does not exist on type 'TreasureChestDB'.
src/services/scenarios/scenarioSharing.service.ts(231,9): error TS7053: Element implicitly has an 'any' type because expression of type '"scenario_shares"' can't be used to index type 'TreasureChestDB'.
  Property 'scenario_shares' does not exist on type 'TreasureChestDB'.
src/services/scenarios/scenarioSharing.service.ts(238,9): error TS7053: Element implicitly has an 'any' type because expression of type '"scenarios"' can't be used to index type 'TreasureChestDB'.
  Property 'scenarios' does not exist on type 'TreasureChestDB'.
src/services/scenarios/scenarioSharing.service.ts(256,23): error TS7053: Element implicitly has an 'any' type because expression of type '"scenario_shares"' can't be used to index type 'TreasureChestDB'.
  Property 'scenario_shares' does not exist on type 'TreasureChestDB'.
src/services/scenarios/scenarioSharing.service.ts(265,9): error TS7053: Element implicitly has an 'any' type because expression of type '"scenario_shares"' can't be used to index type 'TreasureChestDB'.
  Property 'scenario_shares' does not exist on type 'TreasureChestDB'.
src/services/scenarios/scenarioSharing.service.ts(289,26): error TS7053: Element implicitly has an 'any' type because expression of type '"scenarios"' can't be used to index type 'TreasureChestDB'.
  Property 'scenarios' does not exist on type 'TreasureChestDB'.
src/services/scenarios/scenarioSharing.service.ts(295,23): error TS7053: Element implicitly has an 'any' type because expression of type '"scenario_shares"' can't be used to index type 'TreasureChestDB'.
  Property 'scenario_shares' does not exist on type 'TreasureChestDB'.
src/services/scenarios/scenarioSharing.service.ts(326,26): error TS7053: Element implicitly has an 'any' type because expression of type '"scenario_comments"' can't be used to index type 'TreasureChestDB'.
  Property 'scenario_comments' does not exist on type 'TreasureChestDB'.
src/services/scenarios/scenarioSharing.service.ts(387,15): error TS7053: Element implicitly has an 'any' type because expression of type '"scenario_shares"' can't be used to index type 'TreasureChestDB'.
  Property 'scenario_shares' does not exist on type 'TreasureChestDB'.
src/services/scenarios/scenarioSharing.service.ts(399,30): error TS7053: Element implicitly has an 'any' type because expression of type '"scenarios"' can't be used to index type 'TreasureChestDB'.
  Property 'scenarios' does not exist on type 'TreasureChestDB'.
src/services/scenarios/scenarioSharing.service.ts(430,24): error TS7053: Element implicitly has an 'any' type because expression of type '"scenario_shares"' can't be used to index type 'TreasureChestDB'.
  Property 'scenario_shares' does not exist on type 'TreasureChestDB'.
src/services/scenarios/scenarioSharing.service.ts(436,26): error TS7053: Element implicitly has an 'any' type because expression of type '"scenario_comments"' can't be used to index type 'TreasureChestDB'.
  Property 'scenario_comments' does not exist on type 'TreasureChestDB'.
src/services/statementParser.ts(74,5): error TS2322: Type 'number | undefined' is not assignable to type 'string | number'.
  Type 'undefined' is not assignable to type 'string | number'.
src/services/stripe.service.ts(48,5): error TS2322: Type '"2024-11-20.acacia"' is not assignable to type '"2025-12-15.clover"'.
src/services/stripe.service.ts(161,48): error TS2339: Property 'current_period_start' does not exist on type 'Response<Subscription>'.
src/services/stripe.service.ts(162,46): error TS2339: Property 'current_period_end' does not exist on type 'Response<Subscription>'.
src/services/stripe.service.ts(515,46): error TS2339: Property 'current_period_start' does not exist on type 'Subscription'.
src/services/stripe.service.ts(516,44): error TS2339: Property 'current_period_end' does not exist on type 'Subscription'.
src/services/stripe.service.ts(574,23): error TS2339: Property 'subscription' does not exist on type 'Invoice'.
src/services/stripe.service.ts(617,21): error TS2339: Property 'subscription' does not exist on type 'Invoice'.
src/services/tax/taxPackageGenerator.service.ts(14,19): error TS2307: Cannot find module 'jszip' or its corresponding type declarations.
src/services/tax/taxPackageGenerator.service.ts(18,35): error TS2724: '"../reports/pdfExport"' has no exported member named 'generateProfitLossPDF'. Did you mean 'exportProfitLossPDF'?
src/services/tax/taxPackageGenerator.service.ts(47,5): error TS2353: Object literal may only specify known properties, and 'startDate' does not exist in type 'ProfitLossOptions'.
src/services/tax/taxPackageGenerator.service.ts(135,25): error TS2769: No overload matches this call.
  Overload 1 of 4, '(value: string | number | Date): Date', gave the following error.
    Argument of type 'number | undefined' is not assignable to parameter of type 'string | number | Date'.
      Type 'undefined' is not assignable to type 'string | number | Date'.
  Overload 2 of 4, '(value: string | number): Date', gave the following error.
    Argument of type 'number | undefined' is not assignable to parameter of type 'string | number'.
      Type 'undefined' is not assignable to type 'string | number'.
src/services/tax/taxPackageGenerator.service.ts(136,13): error TS18047: 'transaction.description' is possibly 'null'.
src/store/approvalWorkflows.ts(59,11): error TS2322: Type '{ id: string; company_id: string; name: string; description?: string | null | undefined; status?: ApprovalRuleStatus | undefined; priority?: number | undefined; conditions?: ApprovalCondition[] | undefined; ... 9 more ...; deleted_at?: number | ... 1 more ... | undefined; }' is not assignable to type 'ApprovalRule'.
  Types of property 'description' are incompatible.
    Type 'string | null | undefined' is not assignable to type 'string | null'.
      Type 'undefined' is not assignable to type 'string | null'.
src/store/approvalWorkflows.ts(112,27): error TS1361: 'ApprovalRuleStatus' cannot be used as a value because it was imported using 'import type'.
src/store/approvalWorkflows.ts(294,5): error TS2322: Type 'ApprovalRequest | undefined' is not assignable to type 'ApprovalRequest | null'.
  Type 'undefined' is not assignable to type 'ApprovalRequest | null'.
src/store/approvalWorkflows.ts(311,27): error TS1361: 'ApprovalRequestStatus' cannot be used as a value because it was imported using 'import type'.
src/store/approvalWorkflows.ts(331,27): error TS1361: 'ApprovalRequestStatus' cannot be used as a value because it was imported using 'import type'.
src/store/approvalWorkflows.ts(558,27): error TS1361: 'DelegationStatus' cannot be used as a value because it was imported using 'import type'.
src/store/approvalWorkflows.ts(578,27): error TS1361: 'DelegationStatus' cannot be used as a value because it was imported using 'import type'.
src/store/conflicts.ts(381,5): error TS2740: Type 'Collection<any, IndexableType, any>' is missing the following properties from type 'Table<any, IndexableType, any>': name, schema, hook, core, and 15 more.
src/store/conflicts.ts(385,5): error TS2740: Type 'Collection<any, IndexableType, any>' is missing the following properties from type 'Table<any, IndexableType, any>': name, schema, hook, core, and 15 more.
src/store/contacts.test.ts(157,54): error TS6133: 'entity' is declared but its value is never read.
src/store/contacts.test.ts(262,54): error TS6133: 'entity' is declared but its value is never read.
src/store/contacts.ts(171,9): error TS2322: Type 'string | undefined' is not assignable to type 'Address | undefined'.
  Type 'string' is not assignable to type 'Address'.
src/store/emailPreferences.test.ts(491,36): error TS2538: Type 'undefined' cannot be used as an index type.
src/store/invoiceTemplates.test.ts(262,27): error TS2339: Property 'warnings' does not exist on type 'DatabaseResult<InvoiceTemplateCustomization>'.
  Property 'warnings' does not exist on type '{ success: false; error: DatabaseError; }'.
src/store/recurringInvoices.test.ts(24,54): error TS2307: Cannot find module '../db/schema' or its corresponding type declarations.
src/store/tutorials.test.ts(356,21): error TS2339: Property 'data' does not exist on type 'DatabaseResult<TutorialBadge[]>'.
  Property 'data' does not exist on type '{ success: false; error: DatabaseError; }'.
src/store/tutorials.test.ts(390,21): error TS2339: Property 'data' does not exist on type 'DatabaseResult<TutorialBadge[]>'.
  Property 'data' does not exist on type '{ success: false; error: DatabaseError; }'.
src/store/tutorials.test.ts(391,21): error TS2339: Property 'data' does not exist on type 'DatabaseResult<TutorialBadge[]>'.
  Property 'data' does not exist on type '{ success: false; error: DatabaseError; }'.
src/types/reports.types.ts(473,18): error TS2430: Interface 'BalanceSheetReport' incorrectly extends interface 'BalanceSheetData'.
  Types of property 'companyId' are incompatible.
    Type 'string | undefined' is not assignable to type 'string'.
      Type 'undefined' is not assignable to type 'string'.
src/utils/parsers/matchingAlgorithm.ts(84,9): error TS2367: This comparison appears to be unintentional because the types 'TransactionStatus' and '"RECONCILED"' have no overlap.
src/utils/parsers/pdfParser.ts(8,1): error TS2578: Unused '@ts-expect-error' directive.
