src/components/visualization/FlowNode.test.tsx(195,19): error TS2304: Cannot find name 'within'.
src/services/approvalRuleEngine.ts(40,17): error TS2304: Cannot find name 'AccountType'.
src/services/approvalRuleEngine.ts(372,32): error TS2304: Cannot find name 'AccountType'.
src/services/approvalRuleEngine.ts(386,8): error TS2304: Cannot find name 'AccountType'.
src/services/comments.service.test.ts(124,13): error TS2304: Cannot find name 'TransactionType'.
src/services/comments.service.test.ts(127,15): error TS2304: Cannot find name 'TransactionStatus'.
src/services/conflictResolution.service.test.ts(40,11): error TS2304: Cannot find name 'AccountType'.
src/services/crdt/entityMergeStrategies.test.ts(31,11): error TS2304: Cannot find name 'AccountType'.
src/services/crdt/entityMergeStrategies.test.ts(50,11): error TS2304: Cannot find name 'TransactionType'.
src/services/crdt/entityMergeStrategies.test.ts(51,13): error TS2304: Cannot find name 'TransactionStatus'.
src/services/crdt/entityMergeStrategies.test.ts(131,15): error TS2304: Cannot find name 'TransactionStatus'.
src/services/crdt/entityMergeStrategies.test.ts(136,15): error TS2304: Cannot find name 'TransactionStatus'.
src/services/crdt/entityMergeStrategies.test.ts(166,15): error TS2304: Cannot find name 'TransactionStatus'.
src/services/crdt/entityMergeStrategies.test.ts(171,15): error TS2304: Cannot find name 'TransactionStatus'.
src/services/duplicateDetection.service.test.ts(40,15): error TS2304: Cannot find name 'ContactType'.
src/services/duplicateDetection.service.test.ts(50,23): error TS2304: Cannot find name 'ContactAccountType'.
src/services/duplicateDetection.service.test.ts(222,15): error TS2304: Cannot find name 'ContactType'.
src/services/duplicateDetection.service.test.ts(232,23): error TS2304: Cannot find name 'ContactAccountType'.
src/services/duplicateDetection.service.test.ts(301,15): error TS2304: Cannot find name 'ContactType'.
src/services/duplicateDetection.service.test.ts(311,23): error TS2304: Cannot find name 'ContactAccountType'.
src/services/interestSplit/liabilityDetection.service.test.ts(78,15): error TS2304: Cannot find name 'TransactionType'.
src/services/interestSplit/liabilityDetection.service.test.ts(79,17): error TS2304: Cannot find name 'TransactionStatus'.
src/services/interestSplit/liabilityDetection.service.test.ts(128,15): error TS2304: Cannot find name 'AccountType'.
src/services/interestSplit/liabilityDetection.service.test.ts(161,15): error TS2304: Cannot find name 'TransactionType'.
src/services/interestSplit/liabilityDetection.service.test.ts(162,17): error TS2304: Cannot find name 'TransactionStatus'.
src/services/interestSplit/liabilityDetection.service.test.ts(195,15): error TS2304: Cannot find name 'AccountType'.
src/services/interestSplit/liabilityDetection.service.test.ts(228,15): error TS2304: Cannot find name 'TransactionType'.
src/services/interestSplit/liabilityDetection.service.test.ts(229,17): error TS2304: Cannot find name 'TransactionStatus'.
src/services/interestSplit/liabilityDetection.service.test.ts(245,15): error TS2304: Cannot find name 'AccountType'.
src/services/journalEntries.integration.test.ts(435,27): error TS2304: Cannot find name 'JournalEntryApprovalStatus'.
src/services/journalEntries.integration.test.ts(441,27): error TS2304: Cannot find name 'JournalEntryApprovalStatus'.
src/services/journalEntries.service.test.ts(269,27): error TS2304: Cannot find name 'JournalEntryApprovalStatus'.
src/services/journalEntries.service.test.ts(274,27): error TS2304: Cannot find name 'JournalEntryApprovalStatus'.
src/services/multiUser/keyRotation.enhanced.service.ts(316,41): error TS2304: Cannot find name 'oldContext'.
src/services/multiUser/keyRotation.enhanced.service.ts(316,53): error TS2304: Cannot find name 'newContext'.
src/services/multiUser/keyRotation.enhanced.service.ts(323,45): error TS2304: Cannot find name 'oldContext'.
src/services/multiUser/keyRotation.enhanced.service.ts(323,57): error TS2304: Cannot find name 'newContext'.
src/services/multiUser/keyRotation.enhanced.service.ts(330,49): error TS2304: Cannot find name 'oldContext'.
src/services/multiUser/keyRotation.enhanced.service.ts(330,61): error TS2304: Cannot find name 'newContext'.
src/services/multiUser/keyRotation.enhanced.service.ts(337,41): error TS2304: Cannot find name 'oldContext'.
src/services/multiUser/keyRotation.enhanced.service.ts(337,53): error TS2304: Cannot find name 'newContext'.
src/services/multiUser/keyRotation.enhanced.service.ts(344,38): error TS2304: Cannot find name 'oldContext'.
src/services/multiUser/keyRotation.enhanced.service.ts(344,50): error TS2304: Cannot find name 'newContext'.
src/services/recentActivity.service.test.ts(300,65): error TS2304: Cannot find name 'RecentActivityType'.
src/services/recentActivity.service.test.ts(361,24): error TS2304: Cannot find name 'RecentActivityType'.
src/services/reconciliationService.additional.test.ts(169,23): error TS2304: Cannot find name 'MatchConfidence'.
src/services/reconciliationService.additional.test.ts(266,23): error TS2304: Cannot find name 'MatchConfidence'.
src/services/reconciliationService.additional.test.ts(273,23): error TS2304: Cannot find name 'MatchConfidence'.
src/services/reconciliationService.additional.test.ts(280,23): error TS2304: Cannot find name 'MatchConfidence'.
src/services/reconciliationService.additional.test.ts(634,23): error TS2304: Cannot find name 'MatchConfidence'.
src/services/reconciliationService.additional.test.ts(641,23): error TS2304: Cannot find name 'MatchConfidence'.
src/services/reconciliationService.additional.test.ts(648,23): error TS2304: Cannot find name 'MatchConfidence'.
src/services/reconciliationService.test.ts(86,23): error TS2304: Cannot find name 'MatchConfidence'.
src/services/reconciliationService.test.ts(128,23): error TS2304: Cannot find name 'MatchConfidence'.
src/services/reconciliationService.test.ts(135,23): error TS2304: Cannot find name 'MatchConfidence'.
src/services/reconciliationService.test.ts(338,23): error TS2304: Cannot find name 'MatchConfidence'.
src/services/reconciliationService.test.ts(345,23): error TS2304: Cannot find name 'MatchConfidence'.
src/services/recurrence.service.test.ts(26,20): error TS2304: Cannot find name 'RecurrenceFrequency'.
src/services/recurrence.service.test.ts(29,18): error TS2304: Cannot find name 'RecurrenceEndType'.
src/services/recurrence.service.test.ts(39,20): error TS2304: Cannot find name 'RecurrenceFrequency'.
src/services/recurrence.service.test.ts(42,18): error TS2304: Cannot find name 'RecurrenceEndType'.
src/services/recurrence.service.test.ts(54,20): error TS2304: Cannot find name 'RecurrenceFrequency'.
src/services/recurrence.service.test.ts(57,18): error TS2304: Cannot find name 'RecurrenceEndType'.
src/services/recurrence.service.test.ts(71,18): error TS2304: Cannot find name 'RecurrenceEndType'.
src/services/recurrence.service.test.ts(85,20): error TS2304: Cannot find name 'RecurrenceFrequency'.
src/services/recurrence.service.test.ts(99,20): error TS2304: Cannot find name 'RecurrenceFrequency'.
src/services/recurrence.service.test.ts(115,20): error TS2304: Cannot find name 'RecurrenceFrequency'.
src/services/recurrence.service.test.ts(118,18): error TS2304: Cannot find name 'RecurrenceEndType'.
src/services/recurrence.service.test.ts(133,20): error TS2304: Cannot find name 'RecurrenceFrequency'.
src/services/recurrence.service.test.ts(149,20): error TS2304: Cannot find name 'RecurrenceFrequency'.
src/services/recurrence.service.test.ts(152,18): error TS2304: Cannot find name 'RecurrenceEndType'.
src/services/recurrence.service.test.ts(167,20): error TS2304: Cannot find name 'RecurrenceFrequency'.
src/services/recurrence.service.test.ts(170,18): error TS2304: Cannot find name 'RecurrenceEndType'.
src/services/recurrence.service.test.ts(186,18): error TS2304: Cannot find name 'RecurrenceEndType'.
src/services/recurrence.service.test.ts(202,20): error TS2304: Cannot find name 'RecurrenceFrequency'.
src/services/recurrence.service.test.ts(205,18): error TS2304: Cannot find name 'RecurrenceEndType'.
src/services/recurrence.service.test.ts(218,20): error TS2304: Cannot find name 'RecurrenceFrequency'.
src/services/recurrence.service.test.ts(240,18): error TS2304: Cannot find name 'RecurrenceEndType'.
src/services/recurrence.service.test.ts(257,20): error TS2304: Cannot find name 'RecurrenceFrequency'.
src/services/recurrence.service.test.ts(260,18): error TS2304: Cannot find name 'RecurrenceEndType'.
src/services/recurrence.service.test.ts(277,20): error TS2304: Cannot find name 'RecurrenceFrequency'.
src/services/recurrence.service.test.ts(280,18): error TS2304: Cannot find name 'RecurrenceEndType'.
src/services/recurrence.service.test.ts(297,20): error TS2304: Cannot find name 'RecurrenceFrequency'.
src/services/recurrence.service.test.ts(300,18): error TS2304: Cannot find name 'RecurrenceEndType'.
src/services/recurrence.service.test.ts(318,20): error TS2304: Cannot find name 'RecurrenceFrequency'.
src/services/recurrence.service.test.ts(321,18): error TS2304: Cannot find name 'RecurrenceEndType'.
src/services/recurrence.service.test.ts(332,20): error TS2304: Cannot find name 'RecurrenceFrequency'.
src/services/recurrence.service.test.ts(347,20): error TS2304: Cannot find name 'RecurrenceFrequency'.
src/services/recurrence.service.test.ts(362,20): error TS2304: Cannot find name 'RecurrenceFrequency'.
src/services/recurrence.service.test.ts(365,18): error TS2304: Cannot find name 'RecurrenceEndType'.
src/services/recurrence.service.test.ts(380,20): error TS2304: Cannot find name 'RecurrenceFrequency'.
src/services/recurrence.service.test.ts(383,18): error TS2304: Cannot find name 'RecurrenceEndType'.
src/services/recurrence.service.test.ts(399,20): error TS2304: Cannot find name 'RecurrenceFrequency'.
src/services/recurrence.service.test.ts(402,18): error TS2304: Cannot find name 'RecurrenceEndType'.
src/services/recurrence.service.test.ts(417,20): error TS2304: Cannot find name 'RecurrenceFrequency'.
src/services/recurrence.service.test.ts(435,20): error TS2304: Cannot find name 'RecurrenceFrequency'.
src/services/recurrence.service.test.ts(449,20): error TS2304: Cannot find name 'RecurrenceFrequency'.
src/services/recurrence.service.test.ts(452,18): error TS2304: Cannot find name 'RecurrenceEndType'.
src/services/recurrence.service.test.ts(464,20): error TS2304: Cannot find name 'RecurrenceFrequency'.
src/services/recurrence.service.test.ts(467,18): error TS2304: Cannot find name 'RecurrenceEndType'.
src/services/recurrence.service.test.ts(477,20): error TS2304: Cannot find name 'RecurrenceFrequency'.
src/services/recurrence.service.test.ts(492,20): error TS2304: Cannot find name 'RecurrenceFrequency'.
src/services/recurrence.service.test.ts(509,20): error TS2304: Cannot find name 'RecurrenceFrequency'.
src/services/recurrence.service.test.ts(512,18): error TS2304: Cannot find name 'RecurrenceEndType'.
src/services/reportDelivery.service.ts(91,51): error TS2304: Cannot find name 'ReportScheduleEntity'.
src/services/reportDelivery.service.ts(422,21): error TS2304: Cannot find name 'ReportScheduleEntity'.
src/services/reportDelivery.service.ts(511,53): error TS2304: Cannot find name 'ReportScheduleEntity'.
src/services/reportDelivery.service.ts(529,37): error TS2304: Cannot find name 'ReportScheduleEntity'.
src/services/scenarios/scenarioCalculator.service.ts(192,57): error TS2304: Cannot find name 'baseline'.
src/services/scenarios/scenarioCalculator.service.ts(195,46): error TS2304: Cannot find name 'baseline'.
src/services/scenarios/scenarioCalculator.service.ts(198,46): error TS2304: Cannot find name 'baseline'.
src/services/scenarios/scenarioCalculator.service.ts(201,50): error TS2304: Cannot find name 'baseline'.
src/services/scenarios/scenarioCalculator.service.ts(204,51): error TS2304: Cannot find name 'baseline'.
src/services/scenarios/scenarioCalculator.service.ts(207,54): error TS2304: Cannot find name 'baseline'.
src/services/scenarios/scenarioCalculator.service.ts(210,45): error TS2304: Cannot find name 'baseline'.
src/services/scenarios/scenarioCalculator.service.ts(213,42): error TS2304: Cannot find name 'baseline'.
src/services/scenarios/scenarioCalculator.service.ts(216,42): error TS2304: Cannot find name 'baseline'.
src/services/scenarios/scenarioCalculator.service.ts(219,49): error TS2304: Cannot find name 'baseline'.
src/services/scenarios/scenarioCalculator.service.ts(222,42): error TS2304: Cannot find name 'baseline'.
src/services/scenarios/scenarioCalculator.service.ts(225,48): error TS2304: Cannot find name 'baseline'.
src/services/scenarios/scenarioCalculator.service.ts(551,26): error TS2304: Cannot find name 'baseline'.
src/types/journalEntry.types.ts(108,19): error TS2304: Cannot find name 'VersionVector'.
