
> graceful-books@0.1.0 type-check
> tsc --noEmit

src/api/syncApi.ts(183,16): error TS2538: Type 'undefined' cannot be used as an index type.
src/api/syncApi.ts(183,46): error TS2538: Type 'undefined' cannot be used as an index type.
src/components/accounts/AccountForm.test.tsx(238,13): error TS6133: 'parentSelect' is declared but its value is never read.
src/components/accounts/AccountForm.test.tsx(515,13): error TS6133: 'user' is declared but its value is never read.
src/components/accounts/AccountTree.test.tsx(116,9): error TS2322: Type '{ isActive: false; id?: string | undefined; companyId?: string | undefined; name?: string | undefined; accountNumber?: string; type?: Account; subType?: Account; parentAccountId?: string; ... 7 more ...; path?: string[] | undefined; }' is not assignable to type 'AccountTreeNode'.
  Types of property 'id' are incompatible.
    Type 'string | undefined' is not assignable to type 'string'.
      Type 'undefined' is not assignable to type 'string'.
src/components/accounts/AccountTree.test.tsx(148,24): error TS2345: Argument of type 'HTMLElement | undefined' is not assignable to parameter of type 'Element'.
  Type 'undefined' is not assignable to type 'Element'.
src/components/accounts/AccountTree.test.tsx(162,24): error TS2345: Argument of type 'HTMLElement | undefined' is not assignable to parameter of type 'Element'.
  Type 'undefined' is not assignable to type 'Element'.
src/components/accounts/AccountTree.test.tsx(195,13): error TS6133: 'container' is declared but its value is never read.
src/components/accounts/AccountTree.test.tsx(213,18): error TS2339: Property 'focus' does not exist on type 'Element'.
src/components/accounts/AccountTree.test.tsx(226,18): error TS2339: Property 'focus' does not exist on type 'Element'.
src/components/accounts/AccountTree.test.tsx(233,13): error TS6133: 'container' is declared but its value is never read.
src/components/accounts/AccountTree.test.tsx(322,13): error TS6133: 'container' is declared but its value is never read.
src/components/accounts/AccountTree.test.tsx(345,9): error TS2322: Type '{ balance: number; id?: string | undefined; companyId?: string | undefined; name?: string | undefined; accountNumber?: string; type?: Account; subType?: Account; parentAccountId?: string; ... 7 more ...; path?: string[] | undefined; }' is not assignable to type 'AccountTreeNode'.
  Types of property 'id' are incompatible.
    Type 'string | undefined' is not assignable to type 'string'.
      Type 'undefined' is not assignable to type 'string'.
src/components/accounts/AccountTree.test.tsx(358,9): error TS2322: Type '{ balance: number; children: never[]; id?: string | undefined; companyId?: string | undefined; name?: string | undefined; accountNumber?: string; type?: Account; subType?: Account; ... 7 more ...; path?: string[] | undefined; }' is not assignable to type 'AccountTreeNode'.
  Types of property 'id' are incompatible.
    Type 'string | undefined' is not assignable to type 'string'.
      Type 'undefined' is not assignable to type 'string'.
src/components/categories/CategoryPicker.tsx(24,3): error TS6133: 'companyId' is declared but its value is never read.
src/components/categories/TagInput.tsx(102,32): error TS2345: Argument of type 'Tag | undefined' is not assignable to parameter of type 'Tag'.
  Type 'undefined' is not assignable to type 'Tag'.
src/components/categories/TagInput.tsx(120,23): error TS2532: Object is possibly 'undefined'.
src/components/charity/CharitySelector.test.tsx(9,1): error TS6133: 'Charity' is declared but its value is never read.
src/components/charity/CharitySelector.test.tsx(248,13): error TS6133: 'user' is declared but its value is never read.
src/components/charity/CharitySelector.tsx(3,27): error TS6133: 'searchCharities' is declared but its value is never read.
src/components/charity/CharitySelector.tsx(3,44): error TS6133: 'getCharitiesByFilter' is declared but its value is never read.
src/components/charity/CharitySelector.tsx(4,30): error TS2305: Module '"../../db/schema/charity.schema"' has no exported member 'getCategoriesWithCounts'.
src/components/charity/CharitySelector.tsx(4,30): error TS6133: 'getCategoriesWithCounts' is declared but its value is never read.
src/components/help/HelpCenter.tsx(46,9): error TS2532: Object is possibly 'undefined'.
src/components/help/HelpCenter.tsx(48,9): error TS2532: Object is possibly 'undefined'.
src/components/help/HelpCenter.tsx(50,9): error TS2532: Object is possibly 'undefined'.
src/components/help/HelpCenter.tsx(52,9): error TS2532: Object is possibly 'undefined'.
src/components/messaging/AdaptiveToast.test.tsx(6,26): error TS6133: 'waitFor' is declared but its value is never read.
src/components/messaging/AdaptiveToast.test.tsx(111,13): error TS6133: 'rerender' is declared but its value is never read.
src/components/messaging/AdaptiveToast.test.tsx(328,22): error TS2345: Argument of type 'HTMLElement | undefined' is not assignable to parameter of type 'Element'.
  Type 'undefined' is not assignable to type 'Element'.
src/components/messaging/AdaptiveToast.tsx(8,8): error TS6133: 'React' is declared but its value is never read.
src/components/sync/SyncIndicator.tsx(11,1): error TS6133: 'React' is declared but its value is never read.
src/components/sync/SyncSettings.tsx(11,8): error TS6133: 'React' is declared but its value is never read.
src/components/transactions/TransactionForm.tsx(93,5): error TS2322: Type 'string | undefined' is not assignable to type 'string'.
  Type 'undefined' is not assignable to type 'string'.
src/components/transactions/TransactionForm.tsx(124,13): error TS2322: Type '(value: string) => void' is not assignable to type 'ChangeEventHandler<HTMLInputElement>'.
  Types of parameters 'value' and 'event' are incompatible.
    Type 'ChangeEvent<HTMLInputElement>' is not assignable to type 'string'.
src/components/transactions/TransactionForm.tsx(144,13): error TS2322: Type '(value: string) => void' is not assignable to type 'ChangeEventHandler<HTMLInputElement>'.
  Types of parameters 'value' and 'event' are incompatible.
    Type 'ChangeEvent<HTMLInputElement>' is not assignable to type 'string'.
src/components/transactions/TransactionForm.tsx(166,11): error TS2322: Type '(value: string) => void' is not assignable to type 'ChangeEventHandler<HTMLInputElement>'.
  Types of parameters 'value' and 'event' are incompatible.
    Type 'ChangeEvent<HTMLInputElement>' is not assignable to type 'string'.
src/crypto/encryption.test.ts(21,26): error TS6196: 'EncryptedData' is declared but never used.
src/crypto/keyDerivation.test.ts(7,32): error TS6133: 'beforeEach' is declared but its value is never read.
src/crypto/keyDerivation.test.ts(16,3): error TS2305: Module '"./keyDerivation"' has no exported member 'calculateEntropy'.
src/crypto/keyDerivation.test.ts(16,3): error TS6133: 'calculateEntropy' is declared but its value is never read.
src/crypto/keyDerivation.test.ts(18,15): error TS6196: 'MasterKey' is declared but never used.
src/db/crdt.test.ts(7,44): error TS6133: 'vi' is declared but its value is never read.
src/db/crdt.test.ts(24,27): error TS2459: Module '"./crdt"' declares 'VersionVector' locally, but it is not exported.
src/db/schema/discProfile.schema.ts(128,3): error TS6133: 'primaryType' is declared but its value is never read.
src/db/schema/tags.schema.ts(228,22): error TS2345: Argument of type 'string | undefined' is not assignable to parameter of type 'string'.
  Type 'undefined' is not assignable to type 'string'.
src/db/schema/tags.schema.ts(229,22): error TS2345: Argument of type 'string | undefined' is not assignable to parameter of type 'string'.
  Type 'undefined' is not assignable to type 'string'.
src/db/schema/tags.schema.ts(230,22): error TS2345: Argument of type 'string | undefined' is not assignable to parameter of type 'string'.
  Type 'undefined' is not assignable to type 'string'.
src/features/disc/assessment.test.ts(7,44): error TS6133: 'vi' is declared but its value is never read.
src/features/disc/assessment.ts(13,26): error TS6133: 'validateAnswers' is declared but its value is never read.
src/features/disc/assessment.ts(16,28): error TS6196: 'DISCScores' is declared but never used.
src/features/disc/scoring.test.ts(75,54): error TS6133: 'i' is declared but its value is never read.
src/features/disc/scoring.test.ts(81,57): error TS6133: 'i' is declared but its value is never read.
src/features/helpers/helpDefinitions.test.ts(33,16): error TS2532: Object is possibly 'undefined'.
src/features/helpers/helpDefinitions.test.ts(52,14): error TS18048: 'doubleEntry' is possibly 'undefined'.
src/features/helpers/helpDefinitions.test.ts(53,14): error TS18048: 'doubleEntry' is possibly 'undefined'.
src/features/helpers/helpDefinitions.test.ts(64,14): error TS2532: Object is possibly 'undefined'.
src/features/helpers/helpDefinitions.test.ts(65,14): error TS2532: Object is possibly 'undefined'.
src/features/helpers/helpDefinitions.test.ts(70,14): error TS18048: 'balanceSheet' is possibly 'undefined'.
src/features/helpers/helpDefinitions.test.ts(71,14): error TS18048: 'balanceSheet' is possibly 'undefined'.
src/features/helpers/helpDefinitions.test.ts(72,14): error TS18048: 'balanceSheet' is possibly 'undefined'.
src/features/helpers/helpDefinitions.test.ts(73,14): error TS18048: 'balanceSheet' is possibly 'undefined'.
src/features/helpers/helpDefinitions.test.ts(173,14): error TS18048: 'debitCredit' is possibly 'undefined'.
src/features/helpers/helpDefinitions.test.ts(174,14): error TS18048: 'debitCredit' is possibly 'undefined'.
src/features/helpers/helpDefinitions.test.ts(179,14): error TS18048: 'assets' is possibly 'undefined'.
src/features/helpers/helpDefinitions.test.ts(180,14): error TS18048: 'assets' is possibly 'undefined'.
src/features/helpers/helpDefinitions.test.ts(194,14): error TS18048: 'debitCredit' is possibly 'undefined'.
src/features/helpers/helpDefinitions.test.ts(195,14): error TS18048: 'debitCredit' is possibly 'undefined'.
src/features/helpers/helpDefinitions.test.ts(200,14): error TS18048: 'doubleEntry' is possibly 'undefined'.
src/features/helpers/helpDefinitions.test.ts(201,14): error TS18048: 'doubleEntry' is possibly 'undefined'.
src/features/helpers/helpDefinitions.test.ts(206,14): error TS18048: 'doubleEntry' is possibly 'undefined'.
src/features/messaging/adaptiveMessages.test.ts(5,32): error TS6133: 'beforeEach' is declared but its value is never read.
src/features/messaging/adaptiveMessages.test.ts(10,8): error TS6133: 'GetMessageOptions' is declared but its value is never read.
src/features/messaging/adaptiveMessages.ts(8,28): error TS2459: Module '"../../utils/discMessageAdapter"' declares 'DISCType' locally, but it is not exported.
src/features/messaging/adaptiveMessages.ts(10,31): error TS6133: 'Message' is declared but its value is never read.
src/features/messaging/adaptiveMessages.ts(74,21): error TS7053: Element implicitly has an 'any' type because expression of type 'DISCType' can't be used to index type 'MessageVariants'.
src/features/messaging/adaptiveMessages.ts(98,9): error TS7053: Element implicitly has an 'any' type because expression of type 'DISCType' can't be used to index type 'MessageVariants'.
src/features/messaging/useAdaptiveMessage.ts(9,55): error TS6133: 'GetMessageOptions' is declared but its value is never read.
src/hooks/useAccounts.test.ts(8,22): error TS6133: 'waitFor' is declared but its value is never read.
src/hooks/useAccounts.test.ts(173,9): error TS2322: Type 'Account | undefined' is not assignable to type 'Account'.
  Type 'undefined' is not assignable to type 'Account'.
src/hooks/useAccounts.test.ts(211,13): error TS2322: Type '{ name: string; updatedAt: Date; id?: string | undefined; companyId?: string | undefined; accountNumber?: string; type?: AccountType | undefined; subType?: AccountSubType; ... 5 more ...; deletedAt?: Date; }' is not assignable to type 'Account'.
  Types of property 'id' are incompatible.
    Type 'string | undefined' is not assignable to type 'string'.
      Type 'undefined' is not assignable to type 'string'.
src/hooks/useAccounts.test.ts(304,11): error TS2322: Type '{ id: string; balance: number; createdAt: Date; updatedAt: Date; } | { id: string; balance: number; createdAt: Date; updatedAt: Date; companyId: string; name: string; type: "asset"; isActive: boolean; } | { ...; }' is not assignable to type 'Account'.
  Type '{ id: string; balance: number; createdAt: Date; updatedAt: Date; }' is missing the following properties from type 'Account': companyId, name, type, isActive
src/hooks/useAccounts.test.ts(305,11): error TS2322: Type '{ id: string; balance: number; createdAt: Date; updatedAt: Date; } | { id: string; balance: number; createdAt: Date; updatedAt: Date; companyId: string; name: string; type: "asset"; isActive: boolean; } | { ...; }' is not assignable to type 'Account'.
  Type '{ id: string; balance: number; createdAt: Date; updatedAt: Date; }' is missing the following properties from type 'Account': companyId, name, type, isActive
src/hooks/useAccounts.test.ts(336,11): error TS2322: Type '{ id: string; balance: number; createdAt: Date; updatedAt: Date; companyId?: string | undefined; name?: string | undefined; type?: "asset" | undefined; isActive?: boolean | undefined; }' is not assignable to type 'Account'.
  Types of property 'companyId' are incompatible.
    Type 'string | undefined' is not assignable to type 'string'.
      Type 'undefined' is not assignable to type 'string'.
src/hooks/useAccounts.test.ts(340,13): error TS2322: Type '{ id: string; balance: number; createdAt: Date; updatedAt: Date; companyId?: string | undefined; name?: string | undefined; type?: "asset" | undefined; isActive?: boolean | undefined; }' is not assignable to type 'Account'.
  Types of property 'companyId' are incompatible.
    Type 'string | undefined' is not assignable to type 'string'.
      Type 'undefined' is not assignable to type 'string'.
src/hooks/useAccounts.test.ts(390,14): error TS2532: Object is possibly 'undefined'.
src/hooks/useAccounts.test.ts(391,14): error TS2532: Object is possibly 'undefined'.
src/hooks/useAccounts.test.ts(392,14): error TS2532: Object is possibly 'undefined'.
src/hooks/useAccounts.test.ts(392,14): error TS2532: Object is possibly 'undefined'.
src/hooks/useAccounts.test.ts(393,14): error TS2532: Object is possibly 'undefined'.
src/hooks/useAccounts.test.ts(393,14): error TS2532: Object is possibly 'undefined'.
src/hooks/useAccounts.test.ts(425,14): error TS2532: Object is possibly 'undefined'.
src/hooks/useAccounts.test.ts(426,14): error TS2532: Object is possibly 'undefined'.
src/hooks/useAccounts.test.ts(470,14): error TS2532: Object is possibly 'undefined'.
src/hooks/useAccounts.test.ts(471,14): error TS2532: Object is possibly 'undefined'.
src/hooks/useAccounts.test.ts(472,14): error TS2532: Object is possibly 'undefined'.
src/hooks/useAccounts.ts(27,3): error TS2459: Module '"../store/types"' declares 'Account' locally, but it is not exported.
src/hooks/useAccounts.ts(188,9): error TS2322: Type '{ companyId: string | undefined; type: any; isActive: boolean | undefined; parentAccountId: string | null | undefined; includeDeleted: boolean; }' is not assignable to type 'AccountFilter'.
  Types of property 'parentAccountId' are incompatible.
    Type 'string | null | undefined' is not assignable to type 'string | undefined'.
      Type 'null' is not assignable to type 'string | undefined'.
src/hooks/useAccounts.ts(281,5): error TS2322: Type '() => Promise<{ success: false; error: DatabaseError; } | { success: true; data: Account[]; } | { success: boolean; error: { code: "VALIDATION_ERROR"; message: string; }; }>' is not assignable to type '() => Promise<DatabaseResult<Account[]>>'.
  Type 'Promise<{ success: false; error: DatabaseError; } | { success: true; data: Account[]; } | { success: boolean; error: { code: "VALIDATION_ERROR"; message: string; }; }>' is not assignable to type 'Promise<DatabaseResult<Account[]>>'.
    Type '{ success: false; error: DatabaseError; } | { success: true; data: Account[]; } | { success: boolean; error: { code: "VALIDATION_ERROR"; message: string; }; }' is not assignable to type 'DatabaseResult<Account[]>'.
      Type '{ success: boolean; error: { code: "VALIDATION_ERROR"; message: string; }; }' is not assignable to type 'DatabaseResult<Account[]>'.
        Type '{ success: boolean; error: { code: "VALIDATION_ERROR"; message: string; }; }' is not assignable to type '{ success: false; error: DatabaseError; }'.
          Types of property 'success' are incompatible.
            Type 'boolean' is not assignable to type 'false'.
src/hooks/useDashboardMetrics.test.ts(6,22): error TS6133: 'waitFor' is declared but its value is never read.
src/hooks/useDashboardMetrics.test.ts(11,24): error TS6133: 'queryFn' is declared but its value is never read.
src/hooks/useDashboardMetrics.test.ts(11,33): error TS6133: 'deps' is declared but its value is never read.
src/hooks/useDashboardMetrics.test.ts(11,39): error TS6133: 'defaultValue' is declared but its value is never read.
src/hooks/useHelp.test.ts(5,32): error TS6133: 'beforeEach' is declared but its value is never read.
src/hooks/useSync.ts(83,14): error TS2345: Argument of type '{ queue: SyncQueueStats; state: SyncState; }' is not assignable to parameter of type 'SetStateAction<{ queue: { pending: number; in_progress: number; completed: number; failed: number; total: number; oldest_pending: null; }; state: { status: SyncStatus; last_sync_at: null; last_error: null; pending_changes: number; in_progress: boolean; sync_vector: {}; }; }>'.
  Type '{ queue: SyncQueueStats; state: SyncState; }' is not assignable to type '{ queue: { pending: number; in_progress: number; completed: number; failed: number; total: number; oldest_pending: null; }; state: { status: SyncStatus; last_sync_at: null; last_error: null; pending_changes: number; in_progress: boolean; sync_vector: {}; }; }'.
    The types of 'queue.oldest_pending' are incompatible between these types.
      Type 'number | null' is not assignable to type 'null'.
        Type 'number' is not assignable to type 'null'.
src/hooks/useSync.ts(88,16): error TS2345: Argument of type '{ queue: SyncQueueStats; state: SyncState; }' is not assignable to parameter of type 'SetStateAction<{ queue: { pending: number; in_progress: number; completed: number; failed: number; total: number; oldest_pending: null; }; state: { status: SyncStatus; last_sync_at: null; last_error: null; pending_changes: number; in_progress: boolean; sync_vector: {}; }; }>'.
  Type '{ queue: SyncQueueStats; state: SyncState; }' is not assignable to type '{ queue: { pending: number; in_progress: number; completed: number; failed: number; total: number; oldest_pending: null; }; state: { status: SyncStatus; last_sync_at: null; last_error: null; pending_changes: number; in_progress: boolean; sync_vector: {}; }; }'.
    The types of 'queue.oldest_pending' are incompatible between these types.
      Type 'number | null' is not assignable to type 'null'.
        Type 'number' is not assignable to type 'null'.
src/hooks/useTransactions.test.ts(8,27): error TS6133: 'waitFor' is declared but its value is never read.
src/hooks/useTransactions.ts(10,33): error TS6133: 'useEffect' is declared but its value is never read.
src/pages/ChartOfAccounts.test.tsx(6,35): error TS6133: 'within' is declared but its value is never read.
src/pages/Transactions.test.tsx(6,26): error TS6133: 'fireEvent' is declared but its value is never read.
src/pages/Transactions.test.tsx(6,37): error TS6133: 'waitFor' is declared but its value is never read.
src/pages/Transactions.tsx(27,5): error TS6133: 'loadTransaction' is declared but its value is never read.
src/store/categories.test.ts(23,1): error TS6133: 'Category' is declared but its value is never read.
src/store/categories.test.ts(56,21): error TS2339: Property 'data' does not exist on type 'DatabaseResult<Category>'.
  Property 'data' does not exist on type '{ success: false; error: DatabaseError; }'.
src/store/categories.test.ts(57,21): error TS2339: Property 'data' does not exist on type 'DatabaseResult<Category>'.
  Property 'data' does not exist on type '{ success: false; error: DatabaseError; }'.
src/store/categories.test.ts(58,21): error TS2339: Property 'data' does not exist on type 'DatabaseResult<Category>'.
  Property 'data' does not exist on type '{ success: false; error: DatabaseError; }'.
src/store/categories.test.ts(59,21): error TS2339: Property 'data' does not exist on type 'DatabaseResult<Category>'.
  Property 'data' does not exist on type '{ success: false; error: DatabaseError; }'.
src/store/categories.test.ts(84,33): error TS2339: Property 'data' does not exist on type 'DatabaseResult<Category>'.
  Property 'data' does not exist on type '{ success: false; error: DatabaseError; }'.
src/store/categories.test.ts(94,26): error TS2339: Property 'data' does not exist on type 'DatabaseResult<Category>'.
  Property 'data' does not exist on type '{ success: false; error: DatabaseError; }'.
src/store/categories.test.ts(94,61): error TS2339: Property 'data' does not exist on type 'DatabaseResult<Category>'.
  Property 'data' does not exist on type '{ success: false; error: DatabaseError; }'.
src/store/categories.test.ts(117,33): error TS2339: Property 'data' does not exist on type 'DatabaseResult<Category>'.
  Property 'data' does not exist on type '{ success: false; error: DatabaseError; }'.
src/store/categories.test.ts(127,26): error TS2339: Property 'error' does not exist on type 'DatabaseResult<Category>'.
  Property 'error' does not exist on type '{ success: true; data: Category; }'.
src/store/categories.test.ts(145,21): error TS2339: Property 'error' does not exist on type 'DatabaseResult<Category>'.
  Property 'error' does not exist on type '{ success: true; data: Category; }'.
src/store/categories.test.ts(163,21): error TS2339: Property 'error' does not exist on type 'DatabaseResult<Category>'.
  Property 'error' does not exist on type '{ success: true; data: Category; }'.
src/store/categories.test.ts(182,56): error TS2339: Property 'data' does not exist on type 'DatabaseResult<Category>'.
  Property 'data' does not exist on type '{ success: false; error: DatabaseError; }'.
src/store/categories.test.ts(185,24): error TS2339: Property 'data' does not exist on type 'DatabaseResult<Category>'.
  Property 'data' does not exist on type '{ success: false; error: DatabaseError; }'.
src/store/categories.test.ts(185,52): error TS2339: Property 'data' does not exist on type 'DatabaseResult<Category>'.
  Property 'data' does not exist on type '{ success: false; error: DatabaseError; }'.
src/store/categories.test.ts(186,24): error TS2339: Property 'data' does not exist on type 'DatabaseResult<Category>'.
  Property 'data' does not exist on type '{ success: false; error: DatabaseError; }'.
src/store/categories.test.ts(193,21): error TS2339: Property 'error' does not exist on type 'DatabaseResult<Category>'.
  Property 'error' does not exist on type '{ success: true; data: Category; }'.
src/store/categories.test.ts(210,41): error TS2339: Property 'data' does not exist on type 'DatabaseResult<Category>'.
  Property 'data' does not exist on type '{ success: false; error: DatabaseError; }'.
src/store/categories.test.ts(212,56): error TS2339: Property 'data' does not exist on type 'DatabaseResult<Category>'.
  Property 'data' does not exist on type '{ success: false; error: DatabaseError; }'.
src/store/categories.test.ts(215,24): error TS2339: Property 'error' does not exist on type 'DatabaseResult<Category>'.
  Property 'error' does not exist on type '{ success: true; data: Category; }'.
src/store/categories.test.ts(234,62): error TS2339: Property 'data' does not exist on type 'DatabaseResult<Category>'.
  Property 'data' does not exist on type '{ success: false; error: DatabaseError; }'.
src/store/categories.test.ts(241,27): error TS2339: Property 'data' does not exist on type 'DatabaseResult<Category>'.
  Property 'data' does not exist on type '{ success: false; error: DatabaseError; }'.
src/store/categories.test.ts(242,27): error TS2339: Property 'data' does not exist on type 'DatabaseResult<Category>'.
  Property 'data' does not exist on type '{ success: false; error: DatabaseError; }'.
src/store/categories.test.ts(243,27): error TS2339: Property 'data' does not exist on type 'DatabaseResult<Category>'.
  Property 'data' does not exist on type '{ success: false; error: DatabaseError; }'.
src/store/categories.test.ts(264,33): error TS2339: Property 'data' does not exist on type 'DatabaseResult<Category>'.
  Property 'data' does not exist on type '{ success: false; error: DatabaseError; }'.
src/store/categories.test.ts(273,62): error TS2339: Property 'data' does not exist on type 'DatabaseResult<Category>'.
  Property 'data' does not exist on type '{ success: false; error: DatabaseError; }'.
src/store/categories.test.ts(278,27): error TS2339: Property 'error' does not exist on type 'DatabaseResult<Category>'.
  Property 'error' does not exist on type '{ success: true; data: Category; }'.
src/store/categories.test.ts(287,21): error TS2339: Property 'error' does not exist on type 'DatabaseResult<Category>'.
  Property 'error' does not exist on type '{ success: true; data: Category; }'.
src/store/categories.test.ts(306,62): error TS2339: Property 'data' does not exist on type 'DatabaseResult<Category>'.
  Property 'data' does not exist on type '{ success: false; error: DatabaseError; }'.
src/store/categories.test.ts(310,56): error TS2339: Property 'data' does not exist on type 'DatabaseResult<Category>'.
  Property 'data' does not exist on type '{ success: false; error: DatabaseError; }'.
src/store/categories.test.ts(328,62): error TS2339: Property 'data' does not exist on type 'DatabaseResult<Category>'.
  Property 'data' does not exist on type '{ success: false; error: DatabaseError; }'.
src/store/categories.test.ts(331,27): error TS2339: Property 'error' does not exist on type 'DatabaseResult<void>'.
  Property 'error' does not exist on type '{ success: true; data: void; }'.
src/store/categories.test.ts(352,33): error TS2339: Property 'data' does not exist on type 'DatabaseResult<Category>'.
  Property 'data' does not exist on type '{ success: false; error: DatabaseError; }'.
src/store/categories.test.ts(361,62): error TS2339: Property 'data' does not exist on type 'DatabaseResult<Category>'.
  Property 'data' does not exist on type '{ success: false; error: DatabaseError; }'.
src/store/categories.test.ts(364,27): error TS2339: Property 'error' does not exist on type 'DatabaseResult<void>'.
  Property 'error' does not exist on type '{ success: true; data: void; }'.
src/store/categories.test.ts(415,21): error TS2339: Property 'data' does not exist on type 'DatabaseResult<Category[]>'.
  Property 'data' does not exist on type '{ success: false; error: DatabaseError; }'.
src/store/categories.test.ts(425,21): error TS2339: Property 'data' does not exist on type 'DatabaseResult<Category[]>'.
  Property 'data' does not exist on type '{ success: false; error: DatabaseError; }'.
src/store/categories.test.ts(426,21): error TS2339: Property 'data' does not exist on type 'DatabaseResult<Category[]>'.
  Property 'data' does not exist on type '{ success: false; error: DatabaseError; }'.
src/store/categories.test.ts(426,34): error TS7006: Parameter 'c' implicitly has an 'any' type.
src/store/categories.test.ts(436,21): error TS2339: Property 'data' does not exist on type 'DatabaseResult<Category[]>'.
  Property 'data' does not exist on type '{ success: false; error: DatabaseError; }'.
src/store/categories.test.ts(437,21): error TS2339: Property 'data' does not exist on type 'DatabaseResult<Category[]>'.
  Property 'data' does not exist on type '{ success: false; error: DatabaseError; }'.
src/store/categories.test.ts(437,34): error TS7006: Parameter 'c' implicitly has an 'any' type.
src/store/categories.test.ts(460,27): error TS2339: Property 'data' does not exist on type 'DatabaseResult<Category>'.
  Property 'data' does not exist on type '{ success: false; error: DatabaseError; }'.
src/store/categories.test.ts(473,27): error TS2339: Property 'data' does not exist on type 'DatabaseResult<Category>'.
  Property 'data' does not exist on type '{ success: false; error: DatabaseError; }'.
src/store/categories.test.ts(485,21): error TS2339: Property 'data' does not exist on type 'DatabaseResult<CategoryTreeNode[]>'.
  Property 'data' does not exist on type '{ success: false; error: DatabaseError; }'.
src/store/categories.test.ts(486,21): error TS2339: Property 'data' does not exist on type 'DatabaseResult<CategoryTreeNode[]>'.
  Property 'data' does not exist on type '{ success: false; error: DatabaseError; }'.
src/store/categories.test.ts(578,21): error TS2339: Property 'data' does not exist on type 'DatabaseResult<Category[]>'.
  Property 'data' does not exist on type '{ success: false; error: DatabaseError; }'.
src/store/categories.test.ts(579,21): error TS2339: Property 'data' does not exist on type 'DatabaseResult<Category[]>'.
  Property 'data' does not exist on type '{ success: false; error: DatabaseError; }'.
src/store/categories.test.ts(602,27): error TS2339: Property 'data' does not exist on type 'DatabaseResult<Category>'.
  Property 'data' does not exist on type '{ success: false; error: DatabaseError; }'.
src/store/categories.test.ts(614,21): error TS2339: Property 'data' does not exist on type 'DatabaseResult<Category[]>'.
  Property 'data' does not exist on type '{ success: false; error: DatabaseError; }'.
src/store/categories.test.ts(615,21): error TS2339: Property 'data' does not exist on type 'DatabaseResult<Category[]>'.
  Property 'data' does not exist on type '{ success: false; error: DatabaseError; }'.
src/store/categories.test.ts(638,27): error TS2339: Property 'data' does not exist on type 'DatabaseResult<Category>'.
  Property 'data' does not exist on type '{ success: false; error: DatabaseError; }'.
src/store/categories.test.ts(651,27): error TS2339: Property 'data' does not exist on type 'DatabaseResult<Category>'.
  Property 'data' does not exist on type '{ success: false; error: DatabaseError; }'.
src/store/categories.test.ts(660,52): error TS2339: Property 'data' does not exist on type 'DatabaseResult<Category>'.
  Property 'data' does not exist on type '{ success: false; error: DatabaseError; }'.
src/store/categories.test.ts(663,21): error TS2339: Property 'data' does not exist on type 'DatabaseResult<Category[]>'.
  Property 'data' does not exist on type '{ success: false; error: DatabaseError; }'.
src/store/categories.test.ts(664,21): error TS2339: Property 'data' does not exist on type 'DatabaseResult<Category[]>'.
  Property 'data' does not exist on type '{ success: false; error: DatabaseError; }'.
src/store/categories.test.ts(664,34): error TS7006: Parameter 'c' implicitly has an 'any' type.
src/store/categories.test.ts(664,63): error TS2339: Property 'data' does not exist on type 'DatabaseResult<Category>'.
  Property 'data' does not exist on type '{ success: false; error: DatabaseError; }'.
src/store/categories.ts(48,10): error TS6133: 'initVersionVector' is declared but its value is never read.
src/store/charities.test.ts(34,14): error TS18048: 'firstCharity' is possibly 'undefined'.
src/store/charities.test.ts(35,14): error TS18048: 'firstCharity' is possibly 'undefined'.
src/store/charities.test.ts(36,14): error TS18048: 'firstCharity' is possibly 'undefined'.
src/store/charities.test.ts(37,14): error TS18048: 'firstCharity' is possibly 'undefined'.
src/store/charities.test.ts(38,14): error TS18048: 'firstCharity' is possibly 'undefined'.
src/store/charities.test.ts(39,21): error TS18048: 'firstCharity' is possibly 'undefined'.
src/store/charities.test.ts(48,40): error TS18048: 'targetCharity' is possibly 'undefined'.
src/store/charities.test.ts(51,32): error TS18048: 'targetCharity' is possibly 'undefined'.
src/store/charities.test.ts(52,34): error TS18048: 'targetCharity' is possibly 'undefined'.
src/store/charities.test.ts(100,26): error TS18048: 'targetCharity' is possibly 'undefined'.
src/store/charities.test.ts(102,51): error TS2345: Argument of type 'string | undefined' is not assignable to parameter of type 'string'.
  Type 'undefined' is not assignable to type 'string'.
src/store/charities.test.ts(105,49): error TS18048: 'targetCharity' is possibly 'undefined'.
src/store/discProfiles.test.ts(13,3): error TS6133: 'updateDISCProfile' is declared but its value is never read.
src/store/discProfiles.test.ts(46,21): error TS2339: Property 'data' does not exist on type 'DatabaseResult<DISCProfile>'.
  Property 'data' does not exist on type '{ success: false; error: DatabaseError; }'.
src/store/discProfiles.test.ts(47,21): error TS2339: Property 'data' does not exist on type 'DatabaseResult<DISCProfile>'.
  Property 'data' does not exist on type '{ success: false; error: DatabaseError; }'.
src/store/discProfiles.test.ts(48,21): error TS2339: Property 'data' does not exist on type 'DatabaseResult<DISCProfile>'.
  Property 'data' does not exist on type '{ success: false; error: DatabaseError; }'.
src/store/discProfiles.test.ts(49,21): error TS2339: Property 'data' does not exist on type 'DatabaseResult<DISCProfile>'.
  Property 'data' does not exist on type '{ success: false; error: DatabaseError; }'.
src/store/discProfiles.test.ts(63,21): error TS2339: Property 'data' does not exist on type 'DatabaseResult<DISCProfile>'.
  Property 'data' does not exist on type '{ success: false; error: DatabaseError; }'.
src/store/discProfiles.test.ts(77,21): error TS2339: Property 'data' does not exist on type 'DatabaseResult<DISCProfile>'.
  Property 'data' does not exist on type '{ success: false; error: DatabaseError; }'.
src/store/discProfiles.test.ts(78,21): error TS2339: Property 'data' does not exist on type 'DatabaseResult<DISCProfile>'.
  Property 'data' does not exist on type '{ success: false; error: DatabaseError; }'.
src/store/discProfiles.test.ts(92,21): error TS2339: Property 'data' does not exist on type 'DatabaseResult<DISCProfile>'.
  Property 'data' does not exist on type '{ success: false; error: DatabaseError; }'.
src/store/discProfiles.test.ts(106,21): error TS2339: Property 'error' does not exist on type 'DatabaseResult<DISCProfile>'.
  Property 'error' does not exist on type '{ success: true; data: DISCProfile; }'.
src/store/discProfiles.test.ts(113,21): error TS2339: Property 'error' does not exist on type 'DatabaseResult<DISCProfile>'.
  Property 'error' does not exist on type '{ success: true; data: DISCProfile; }'.
src/store/discProfiles.test.ts(114,21): error TS2339: Property 'error' does not exist on type 'DatabaseResult<DISCProfile>'.
  Property 'error' does not exist on type '{ success: true; data: DISCProfile; }'.
src/store/discProfiles.test.ts(123,21): error TS2339: Property 'data' does not exist on type 'DatabaseResult<DISCProfile>'.
  Property 'data' does not exist on type '{ success: false; error: DatabaseError; }'.
src/store/discProfiles.test.ts(124,21): error TS2339: Property 'data' does not exist on type 'DatabaseResult<DISCProfile>'.
  Property 'data' does not exist on type '{ success: false; error: DatabaseError; }'.
src/store/discProfiles.test.ts(125,21): error TS2339: Property 'data' does not exist on type 'DatabaseResult<DISCProfile>'.
  Property 'data' does not exist on type '{ success: false; error: DatabaseError; }'.
src/store/discProfiles.test.ts(126,21): error TS2339: Property 'data' does not exist on type 'DatabaseResult<DISCProfile>'.
  Property 'data' does not exist on type '{ success: false; error: DatabaseError; }'.
src/store/discProfiles.test.ts(133,21): error TS2339: Property 'data' does not exist on type 'DatabaseResult<DISCProfile>'.
  Property 'data' does not exist on type '{ success: false; error: DatabaseError; }'.
src/store/discProfiles.test.ts(134,33): error TS2339: Property 'data' does not exist on type 'DatabaseResult<DISCProfile>'.
  Property 'data' does not exist on type '{ success: false; error: DatabaseError; }'.
src/store/discProfiles.test.ts(143,51): error TS2339: Property 'data' does not exist on type 'DatabaseResult<DISCProfile>'.
  Property 'data' does not exist on type '{ success: false; error: DatabaseError; }'.
src/store/discProfiles.test.ts(146,21): error TS2339: Property 'data' does not exist on type 'DatabaseResult<DISCProfile>'.
  Property 'data' does not exist on type '{ success: false; error: DatabaseError; }'.
src/store/discProfiles.test.ts(146,44): error TS2339: Property 'data' does not exist on type 'DatabaseResult<DISCProfile>'.
  Property 'data' does not exist on type '{ success: false; error: DatabaseError; }'.
src/store/discProfiles.test.ts(147,21): error TS2339: Property 'data' does not exist on type 'DatabaseResult<DISCProfile>'.
  Property 'data' does not exist on type '{ success: false; error: DatabaseError; }'.
src/store/discProfiles.test.ts(154,21): error TS2339: Property 'error' does not exist on type 'DatabaseResult<DISCProfile>'.
  Property 'error' does not exist on type '{ success: true; data: DISCProfile; }'.
src/store/discProfiles.test.ts(161,39): error TS2339: Property 'data' does not exist on type 'DatabaseResult<DISCProfile>'.
  Property 'data' does not exist on type '{ success: false; error: DatabaseError; }'.
src/store/discProfiles.test.ts(163,51): error TS2339: Property 'data' does not exist on type 'DatabaseResult<DISCProfile>'.
  Property 'data' does not exist on type '{ success: false; error: DatabaseError; }'.
src/store/discProfiles.test.ts(166,21): error TS2339: Property 'error' does not exist on type 'DatabaseResult<DISCProfile>'.
  Property 'error' does not exist on type '{ success: true; data: DISCProfile; }'.
src/store/discProfiles.test.ts(186,21): error TS2339: Property 'data' does not exist on type 'DatabaseResult<DISCProfile>'.
  Property 'data' does not exist on type '{ success: false; error: DatabaseError; }'.
src/store/discProfiles.test.ts(186,43): error TS2339: Property 'data' does not exist on type 'DatabaseResult<DISCProfile>'.
  Property 'data' does not exist on type '{ success: false; error: DatabaseError; }'.
src/store/discProfiles.test.ts(193,21): error TS2339: Property 'error' does not exist on type 'DatabaseResult<DISCProfile>'.
  Property 'error' does not exist on type '{ success: true; data: DISCProfile; }'.
src/store/discProfiles.test.ts(200,39): error TS2339: Property 'data' does not exist on type 'DatabaseResult<DISCProfile>'.
  Property 'data' does not exist on type '{ success: false; error: DatabaseError; }'.
src/store/discProfiles.test.ts(205,21): error TS2339: Property 'error' does not exist on type 'DatabaseResult<DISCProfile>'.
  Property 'error' does not exist on type '{ success: true; data: DISCProfile; }'.
src/store/discProfiles.test.ts(221,21): error TS2339: Property 'data' does not exist on type 'DatabaseResult<DISCProfile[]>'.
  Property 'data' does not exist on type '{ success: false; error: DatabaseError; }'.
src/store/discProfiles.test.ts(235,21): error TS2339: Property 'data' does not exist on type 'DatabaseResult<DISCProfile[]>'.
  Property 'data' does not exist on type '{ success: false; error: DatabaseError; }'.
src/store/discProfiles.test.ts(235,47): error TS2339: Property 'data' does not exist on type 'DatabaseResult<DISCProfile>'.
  Property 'data' does not exist on type '{ success: false; error: DatabaseError; }'.
src/store/discProfiles.test.ts(236,21): error TS2339: Property 'data' does not exist on type 'DatabaseResult<DISCProfile[]>'.
  Property 'data' does not exist on type '{ success: false; error: DatabaseError; }'.
src/store/discProfiles.test.ts(236,48): error TS2339: Property 'data' does not exist on type 'DatabaseResult<DISCProfile>'.
  Property 'data' does not exist on type '{ success: false; error: DatabaseError; }'.
src/store/discProfiles.test.ts(237,21): error TS2339: Property 'data' does not exist on type 'DatabaseResult<DISCProfile[]>'.
  Property 'data' does not exist on type '{ success: false; error: DatabaseError; }'.
src/store/discProfiles.test.ts(237,47): error TS2339: Property 'data' does not exist on type 'DatabaseResult<DISCProfile>'.
  Property 'data' does not exist on type '{ success: false; error: DatabaseError; }'.
src/store/discProfiles.test.ts(244,37): error TS2339: Property 'data' does not exist on type 'DatabaseResult<DISCProfile>'.
  Property 'data' does not exist on type '{ success: false; error: DatabaseError; }'.
src/store/discProfiles.test.ts(249,21): error TS2339: Property 'data' does not exist on type 'DatabaseResult<DISCProfile[]>'.
  Property 'data' does not exist on type '{ success: false; error: DatabaseError; }'.
src/store/discProfiles.test.ts(250,21): error TS2339: Property 'data' does not exist on type 'DatabaseResult<DISCProfile[]>'.
  Property 'data' does not exist on type '{ success: false; error: DatabaseError; }'.
src/store/discProfiles.test.ts(250,48): error TS2339: Property 'data' does not exist on type 'DatabaseResult<DISCProfile>'.
  Property 'data' does not exist on type '{ success: false; error: DatabaseError; }'.
src/store/discProfiles.test.ts(255,13): error TS6133: 'second' is declared but its value is never read.
src/store/discProfiles.test.ts(257,37): error TS2339: Property 'data' does not exist on type 'DatabaseResult<DISCProfile>'.
  Property 'data' does not exist on type '{ success: false; error: DatabaseError; }'.
src/store/discProfiles.test.ts(262,21): error TS2339: Property 'data' does not exist on type 'DatabaseResult<DISCProfile[]>'.
  Property 'data' does not exist on type '{ success: false; error: DatabaseError; }'.
src/store/discProfiles.test.ts(269,21): error TS2339: Property 'data' does not exist on type 'DatabaseResult<DISCProfile[]>'.
  Property 'data' does not exist on type '{ success: false; error: DatabaseError; }'.
src/store/discProfiles.test.ts(278,54): error TS2339: Property 'data' does not exist on type 'DatabaseResult<DISCProfile>'.
  Property 'data' does not exist on type '{ success: false; error: DatabaseError; }'.
src/store/discProfiles.test.ts(283,57): error TS2339: Property 'data' does not exist on type 'DatabaseResult<DISCProfile>'.
  Property 'data' does not exist on type '{ success: false; error: DatabaseError; }'.
src/store/discProfiles.test.ts(292,39): error TS2339: Property 'data' does not exist on type 'DatabaseResult<DISCProfile>'.
  Property 'data' does not exist on type '{ success: false; error: DatabaseError; }'.
src/store/discProfiles.test.ts(293,54): error TS2339: Property 'data' does not exist on type 'DatabaseResult<DISCProfile>'.
  Property 'data' does not exist on type '{ success: false; error: DatabaseError; }'.
src/store/discProfiles.test.ts(302,21): error TS2339: Property 'error' does not exist on type 'DatabaseResult<void>'.
  Property 'error' does not exist on type '{ success: true; data: void; }'.
src/store/discProfiles.test.ts(309,39): error TS2339: Property 'data' does not exist on type 'DatabaseResult<DISCProfile>'.
  Property 'data' does not exist on type '{ success: false; error: DatabaseError; }'.
src/store/discProfiles.test.ts(311,39): error TS2339: Property 'data' does not exist on type 'DatabaseResult<DISCProfile>'.
  Property 'data' does not exist on type '{ success: false; error: DatabaseError; }'.
src/store/discProfiles.test.ts(313,57): error TS2339: Property 'data' does not exist on type 'DatabaseResult<DISCProfile>'.
  Property 'data' does not exist on type '{ success: false; error: DatabaseError; }'.
src/store/discProfiles.test.ts(331,21): error TS2339: Property 'data' does not exist on type 'DatabaseResult<DISCProfile[]>'.
  Property 'data' does not exist on type '{ success: false; error: DatabaseError; }'.
src/store/discProfiles.test.ts(332,21): error TS2339: Property 'data' does not exist on type 'DatabaseResult<DISCProfile[]>'.
  Property 'data' does not exist on type '{ success: false; error: DatabaseError; }'.
src/store/discProfiles.test.ts(332,34): error TS7006: Parameter 'p' implicitly has an 'any' type.
src/store/discProfiles.test.ts(341,37): error TS2339: Property 'data' does not exist on type 'DatabaseResult<DISCProfile>'.
  Property 'data' does not exist on type '{ success: false; error: DatabaseError; }'.
src/store/discProfiles.test.ts(346,21): error TS2339: Property 'data' does not exist on type 'DatabaseResult<DISCProfile[]>'.
  Property 'data' does not exist on type '{ success: false; error: DatabaseError; }'.
src/store/discProfiles.test.ts(353,21): error TS2339: Property 'data' does not exist on type 'DatabaseResult<DISCProfile[]>'.
  Property 'data' does not exist on type '{ success: false; error: DatabaseError; }'.
src/store/discProfiles.test.ts(368,27): error TS2339: Property 'data' does not exist on type 'DatabaseResult<DISCProfile>'.
  Property 'data' does not exist on type '{ success: false; error: DatabaseError; }'.
src/store/discProfiles.test.ts(369,27): error TS2339: Property 'data' does not exist on type 'DatabaseResult<DISCProfile>'.
  Property 'data' does not exist on type '{ success: false; error: DatabaseError; }'.
src/store/discProfiles.test.ts(383,21): error TS2339: Property 'data' does not exist on type 'DatabaseResult<DISCProfile>'.
  Property 'data' does not exist on type '{ success: false; error: DatabaseError; }'.
src/store/discProfiles.test.ts(397,21): error TS2339: Property 'data' does not exist on type 'DatabaseResult<DISCProfile>'.
  Property 'data' does not exist on type '{ success: false; error: DatabaseError; }'.
src/store/discProfiles.ts(39,10): error TS6133: 'initVersionVector' is declared but its value is never read.
src/store/tags.test.ts(25,1): error TS6133: 'Tag' is declared but its value is never read.
src/store/tags.test.ts(54,21): error TS2339: Property 'data' does not exist on type 'DatabaseResult<Tag>'.
  Property 'data' does not exist on type '{ success: false; error: DatabaseError; }'.
src/store/tags.test.ts(55,21): error TS2339: Property 'data' does not exist on type 'DatabaseResult<Tag>'.
  Property 'data' does not exist on type '{ success: false; error: DatabaseError; }'.
src/store/tags.test.ts(56,21): error TS2339: Property 'data' does not exist on type 'DatabaseResult<Tag>'.
  Property 'data' does not exist on type '{ success: false; error: DatabaseError; }'.
src/store/tags.test.ts(57,21): error TS2339: Property 'data' does not exist on type 'DatabaseResult<Tag>'.
  Property 'data' does not exist on type '{ success: false; error: DatabaseError; }'.
src/store/tags.test.ts(69,21): error TS2339: Property 'data' does not exist on type 'DatabaseResult<Tag>'.
  Property 'data' does not exist on type '{ success: false; error: DatabaseError; }'.
src/store/tags.test.ts(88,21): error TS2339: Property 'data' does not exist on type 'DatabaseResult<Tag>'.
  Property 'data' does not exist on type '{ success: false; error: DatabaseError; }'.
src/store/tags.test.ts(88,42): error TS2339: Property 'data' does not exist on type 'DatabaseResult<Tag>'.
  Property 'data' does not exist on type '{ success: false; error: DatabaseError; }'.
src/store/tags.test.ts(100,21): error TS2339: Property 'error' does not exist on type 'DatabaseResult<Tag>'.
  Property 'error' does not exist on type '{ success: true; data: Tag; }'.
src/store/tags.test.ts(112,21): error TS2339: Property 'error' does not exist on type 'DatabaseResult<Tag>'.
  Property 'error' does not exist on type '{ success: true; data: Tag; }'.
src/store/tags.test.ts(125,51): error TS2339: Property 'data' does not exist on type 'DatabaseResult<Tag>'.
  Property 'data' does not exist on type '{ success: false; error: DatabaseError; }'.
src/store/tags.test.ts(128,24): error TS2339: Property 'data' does not exist on type 'DatabaseResult<Tag>'.
  Property 'data' does not exist on type '{ success: false; error: DatabaseError; }'.
src/store/tags.test.ts(128,52): error TS2339: Property 'data' does not exist on type 'DatabaseResult<Tag>'.
  Property 'data' does not exist on type '{ success: false; error: DatabaseError; }'.
src/store/tags.test.ts(129,24): error TS2339: Property 'data' does not exist on type 'DatabaseResult<Tag>'.
  Property 'data' does not exist on type '{ success: false; error: DatabaseError; }'.
src/store/tags.test.ts(136,21): error TS2339: Property 'error' does not exist on type 'DatabaseResult<Tag>'.
  Property 'error' does not exist on type '{ success: true; data: Tag; }'.
src/store/tags.test.ts(147,36): error TS2339: Property 'data' does not exist on type 'DatabaseResult<Tag>'.
  Property 'data' does not exist on type '{ success: false; error: DatabaseError; }'.
src/store/tags.test.ts(149,51): error TS2339: Property 'data' does not exist on type 'DatabaseResult<Tag>'.
  Property 'data' does not exist on type '{ success: false; error: DatabaseError; }'.
src/store/tags.test.ts(152,24): error TS2339: Property 'error' does not exist on type 'DatabaseResult<Tag>'.
  Property 'error' does not exist on type '{ success: true; data: Tag; }'.
src/store/tags.test.ts(165,57): error TS2339: Property 'data' does not exist on type 'DatabaseResult<Tag>'.
  Property 'data' does not exist on type '{ success: false; error: DatabaseError; }'.
src/store/tags.test.ts(172,27): error TS2339: Property 'data' does not exist on type 'DatabaseResult<Tag>'.
  Property 'data' does not exist on type '{ success: false; error: DatabaseError; }'.
src/store/tags.test.ts(173,27): error TS2339: Property 'data' does not exist on type 'DatabaseResult<Tag>'.
  Property 'data' does not exist on type '{ success: false; error: DatabaseError; }'.
src/store/tags.test.ts(174,27): error TS2339: Property 'data' does not exist on type 'DatabaseResult<Tag>'.
  Property 'data' does not exist on type '{ success: false; error: DatabaseError; }'.
src/store/tags.test.ts(185,57): error TS2339: Property 'data' does not exist on type 'DatabaseResult<Tag>'.
  Property 'data' does not exist on type '{ success: false; error: DatabaseError; }'.
src/store/tags.test.ts(190,27): error TS2339: Property 'data' does not exist on type 'DatabaseResult<Tag>'.
  Property 'data' does not exist on type '{ success: false; error: DatabaseError; }'.
src/store/tags.test.ts(202,41): error TS2339: Property 'data' does not exist on type 'DatabaseResult<Tag>'.
  Property 'data' does not exist on type '{ success: false; error: DatabaseError; }'.
src/store/tags.test.ts(204,57): error TS2339: Property 'data' does not exist on type 'DatabaseResult<Tag>'.
  Property 'data' does not exist on type '{ success: false; error: DatabaseError; }'.
src/store/tags.test.ts(209,27): error TS2339: Property 'data' does not exist on type 'DatabaseResult<Tag>'.
  Property 'data' does not exist on type '{ success: false; error: DatabaseError; }'.
src/store/tags.test.ts(218,21): error TS2339: Property 'error' does not exist on type 'DatabaseResult<Tag>'.
  Property 'error' does not exist on type '{ success: true; data: Tag; }'.
src/store/tags.test.ts(231,57): error TS2339: Property 'data' does not exist on type 'DatabaseResult<Tag>'.
  Property 'data' does not exist on type '{ success: false; error: DatabaseError; }'.
src/store/tags.test.ts(235,51): error TS2339: Property 'data' does not exist on type 'DatabaseResult<Tag>'.
  Property 'data' does not exist on type '{ success: false; error: DatabaseError; }'.
src/store/tags.test.ts(251,19): error TS2339: Property 'data' does not exist on type 'DatabaseResult<Tag>'.
  Property 'data' does not exist on type '{ success: false; error: DatabaseError; }'.
src/store/tags.test.ts(256,33): error TS2339: Property 'data' does not exist on type 'DatabaseResult<Tag>'.
  Property 'data' does not exist on type '{ success: false; error: DatabaseError; }'.
src/store/tags.test.ts(259,25): error TS2339: Property 'data' does not exist on type 'DatabaseResult<Tag[]>'.
  Property 'data' does not exist on type '{ success: false; error: DatabaseError; }'.
src/store/tags.test.ts(270,36): error TS2339: Property 'data' does not exist on type 'DatabaseResult<Tag>'.
  Property 'data' does not exist on type '{ success: false; error: DatabaseError; }'.
src/store/tags.test.ts(271,57): error TS2339: Property 'data' does not exist on type 'DatabaseResult<Tag>'.
  Property 'data' does not exist on type '{ success: false; error: DatabaseError; }'.
src/store/tags.test.ts(306,21): error TS2339: Property 'data' does not exist on type 'DatabaseResult<Tag[]>'.
  Property 'data' does not exist on type '{ success: false; error: DatabaseError; }'.
src/store/tags.test.ts(316,21): error TS2339: Property 'data' does not exist on type 'DatabaseResult<Tag[]>'.
  Property 'data' does not exist on type '{ success: false; error: DatabaseError; }'.
src/store/tags.test.ts(317,21): error TS2339: Property 'data' does not exist on type 'DatabaseResult<Tag[]>'.
  Property 'data' does not exist on type '{ success: false; error: DatabaseError; }'.
src/store/tags.test.ts(327,21): error TS2339: Property 'data' does not exist on type 'DatabaseResult<Tag[]>'.
  Property 'data' does not exist on type '{ success: false; error: DatabaseError; }'.
src/store/tags.test.ts(333,28): error TS2532: Object is possibly 'undefined'.
src/store/tags.test.ts(334,28): error TS2532: Object is possibly 'undefined'.
src/store/tags.test.ts(335,28): error TS2532: Object is possibly 'undefined'.
src/store/tags.test.ts(340,21): error TS2339: Property 'data' does not exist on type 'DatabaseResult<Tag[]>'.
  Property 'data' does not exist on type '{ success: false; error: DatabaseError; }'.
src/store/tags.test.ts(341,21): error TS2339: Property 'data' does not exist on type 'DatabaseResult<Tag[]>'.
  Property 'data' does not exist on type '{ success: false; error: DatabaseError; }'.
src/store/tags.test.ts(342,21): error TS2339: Property 'data' does not exist on type 'DatabaseResult<Tag[]>'.
  Property 'data' does not exist on type '{ success: false; error: DatabaseError; }'.
src/store/tags.test.ts(359,19): error TS2339: Property 'data' does not exist on type 'DatabaseResult<Tag>'.
  Property 'data' does not exist on type '{ success: false; error: DatabaseError; }'.
src/store/tags.test.ts(365,21): error TS2339: Property 'data' does not exist on type 'DatabaseResult<EntityTag>'.
  Property 'data' does not exist on type '{ success: false; error: DatabaseError; }'.
src/store/tags.test.ts(365,50): error TS2339: Property 'data' does not exist on type 'DatabaseResult<Tag>'.
  Property 'data' does not exist on type '{ success: false; error: DatabaseError; }'.
src/store/tags.test.ts(366,21): error TS2339: Property 'data' does not exist on type 'DatabaseResult<EntityTag>'.
  Property 'data' does not exist on type '{ success: false; error: DatabaseError; }'.
src/store/tags.test.ts(381,19): error TS2339: Property 'data' does not exist on type 'DatabaseResult<Tag>'.
  Property 'data' does not exist on type '{ success: false; error: DatabaseError; }'.
src/store/tags.test.ts(386,49): error TS2339: Property 'data' does not exist on type 'DatabaseResult<Tag>'.
  Property 'data' does not exist on type '{ success: false; error: DatabaseError; }'.
src/store/tags.test.ts(387,25): error TS2339: Property 'data' does not exist on type 'DatabaseResult<Tag>'.
  Property 'data' does not exist on type '{ success: false; error: DatabaseError; }'.
src/store/tags.test.ts(402,19): error TS2339: Property 'data' does not exist on type 'DatabaseResult<Tag>'.
  Property 'data' does not exist on type '{ success: false; error: DatabaseError; }'.
src/store/tags.test.ts(409,19): error TS2339: Property 'data' does not exist on type 'DatabaseResult<Tag>'.
  Property 'data' does not exist on type '{ success: false; error: DatabaseError; }'.
src/store/tags.test.ts(415,21): error TS2339: Property 'data' does not exist on type 'DatabaseResult<EntityTag>'.
  Property 'data' does not exist on type '{ success: false; error: DatabaseError; }'.
src/store/tags.test.ts(415,42): error TS2339: Property 'data' does not exist on type 'DatabaseResult<EntityTag>'.
  Property 'data' does not exist on type '{ success: false; error: DatabaseError; }'.
src/store/tags.test.ts(427,21): error TS2339: Property 'error' does not exist on type 'DatabaseResult<EntityTag>'.
  Property 'error' does not exist on type '{ success: true; data: EntityTag; }'.
src/store/tags.test.ts(444,19): error TS2339: Property 'data' does not exist on type 'DatabaseResult<Tag>'.
  Property 'data' does not exist on type '{ success: false; error: DatabaseError; }'.
src/store/tags.test.ts(450,19): error TS2339: Property 'data' does not exist on type 'DatabaseResult<Tag>'.
  Property 'data' does not exist on type '{ success: false; error: DatabaseError; }'.
src/store/tags.test.ts(458,25): error TS2339: Property 'data' does not exist on type 'DatabaseResult<Tag[]>'.
  Property 'data' does not exist on type '{ success: false; error: DatabaseError; }'.
src/store/tags.test.ts(473,19): error TS2339: Property 'data' does not exist on type 'DatabaseResult<Tag>'.
  Property 'data' does not exist on type '{ success: false; error: DatabaseError; }'.
src/store/tags.test.ts(479,19): error TS2339: Property 'data' does not exist on type 'DatabaseResult<Tag>'.
  Property 'data' does not exist on type '{ success: false; error: DatabaseError; }'.
src/store/tags.test.ts(484,49): error TS2339: Property 'data' does not exist on type 'DatabaseResult<Tag>'.
  Property 'data' does not exist on type '{ success: false; error: DatabaseError; }'.
src/store/tags.test.ts(485,25): error TS2339: Property 'data' does not exist on type 'DatabaseResult<Tag>'.
  Property 'data' does not exist on type '{ success: false; error: DatabaseError; }'.
src/store/tags.test.ts(497,19): error TS2339: Property 'data' does not exist on type 'DatabaseResult<Tag>'.
  Property 'data' does not exist on type '{ success: false; error: DatabaseError; }'.
src/store/tags.test.ts(526,14): error TS2339: Property 'data' does not exist on type 'DatabaseResult<Tag>'.
  Property 'data' does not exist on type '{ success: false; error: DatabaseError; }'.
src/store/tags.test.ts(533,14): error TS2339: Property 'data' does not exist on type 'DatabaseResult<Tag>'.
  Property 'data' does not exist on type '{ success: false; error: DatabaseError; }'.
src/store/tags.test.ts(541,21): error TS2339: Property 'data' does not exist on type 'DatabaseResult<Tag[]>'.
  Property 'data' does not exist on type '{ success: false; error: DatabaseError; }'.
src/store/tags.test.ts(548,21): error TS2339: Property 'data' does not exist on type 'DatabaseResult<Tag[]>'.
  Property 'data' does not exist on type '{ success: false; error: DatabaseError; }'.
src/store/tags.test.ts(566,19): error TS2339: Property 'data' does not exist on type 'DatabaseResult<Tag>'.
  Property 'data' does not exist on type '{ success: false; error: DatabaseError; }'.
src/store/tags.test.ts(573,19): error TS2339: Property 'data' does not exist on type 'DatabaseResult<Tag>'.
  Property 'data' does not exist on type '{ success: false; error: DatabaseError; }'.
src/store/tags.test.ts(578,57): error TS2339: Property 'data' does not exist on type 'DatabaseResult<Tag>'.
  Property 'data' does not exist on type '{ success: false; error: DatabaseError; }'.
src/store/tags.test.ts(581,21): error TS2339: Property 'data' does not exist on type 'DatabaseResult<string[]>'.
  Property 'data' does not exist on type '{ success: false; error: DatabaseError; }'.
src/store/tags.test.ts(582,21): error TS2339: Property 'data' does not exist on type 'DatabaseResult<string[]>'.
  Property 'data' does not exist on type '{ success: false; error: DatabaseError; }'.
src/store/tags.test.ts(583,21): error TS2339: Property 'data' does not exist on type 'DatabaseResult<string[]>'.
  Property 'data' does not exist on type '{ success: false; error: DatabaseError; }'.
src/store/tags.test.ts(599,19): error TS2339: Property 'data' does not exist on type 'DatabaseResult<Tag>'.
  Property 'data' does not exist on type '{ success: false; error: DatabaseError; }'.
src/store/tags.test.ts(606,19): error TS2339: Property 'data' does not exist on type 'DatabaseResult<Tag>'.
  Property 'data' does not exist on type '{ success: false; error: DatabaseError; }'.
src/store/tags.test.ts(612,19): error TS2339: Property 'data' does not exist on type 'DatabaseResult<Tag>'.
  Property 'data' does not exist on type '{ success: false; error: DatabaseError; }'.
src/store/tags.test.ts(617,21): error TS2339: Property 'data' does not exist on type 'DatabaseResult<string[]>'.
  Property 'data' does not exist on type '{ success: false; error: DatabaseError; }'.
src/store/tags.test.ts(618,21): error TS2339: Property 'data' does not exist on type 'DatabaseResult<string[]>'.
  Property 'data' does not exist on type '{ success: false; error: DatabaseError; }'.
src/store/tags.test.ts(641,14): error TS2339: Property 'data' does not exist on type 'DatabaseResult<Tag>'.
  Property 'data' does not exist on type '{ success: false; error: DatabaseError; }'.
src/store/tags.test.ts(647,14): error TS2339: Property 'data' does not exist on type 'DatabaseResult<Tag>'.
  Property 'data' does not exist on type '{ success: false; error: DatabaseError; }'.
src/store/tags.test.ts(653,14): error TS2339: Property 'data' does not exist on type 'DatabaseResult<Tag>'.
  Property 'data' does not exist on type '{ success: false; error: DatabaseError; }'.
src/store/tags.test.ts(661,14): error TS2339: Property 'data' does not exist on type 'DatabaseResult<Tag>'.
  Property 'data' does not exist on type '{ success: false; error: DatabaseError; }'.
src/store/tags.test.ts(669,21): error TS2339: Property 'data' does not exist on type 'DatabaseResult<TagStatistics[]>'.
  Property 'data' does not exist on type '{ success: false; error: DatabaseError; }'.
src/store/tags.test.ts(671,35): error TS2339: Property 'data' does not exist on type 'DatabaseResult<TagStatistics[]>'.
  Property 'data' does not exist on type '{ success: false; error: DatabaseError; }'.
src/store/tags.test.ts(671,47): error TS7006: Parameter 's' implicitly has an 'any' type.
src/store/tags.test.ts(676,32): error TS2339: Property 'data' does not exist on type 'DatabaseResult<TagStatistics[]>'.
  Property 'data' does not exist on type '{ success: false; error: DatabaseError; }'.
src/store/tags.test.ts(676,44): error TS7006: Parameter 's' implicitly has an 'any' type.
src/store/tags.test.ts(709,21): error TS2339: Property 'data' does not exist on type 'DatabaseResult<Tag[]>'.
  Property 'data' does not exist on type '{ success: false; error: DatabaseError; }'.
src/store/tags.test.ts(710,21): error TS2339: Property 'data' does not exist on type 'DatabaseResult<Tag[]>'.
  Property 'data' does not exist on type '{ success: false; error: DatabaseError; }'.
src/store/tags.test.ts(710,34): error TS7006: Parameter 't' implicitly has an 'any' type.
src/store/tags.test.ts(717,21): error TS2339: Property 'data' does not exist on type 'DatabaseResult<Tag[]>'.
  Property 'data' does not exist on type '{ success: false; error: DatabaseError; }'.
src/store/tags.test.ts(733,21): error TS2339: Property 'data' does not exist on type 'DatabaseResult<Tag>'.
  Property 'data' does not exist on type '{ success: false; error: DatabaseError; }'.
src/store/tags.test.ts(736,25): error TS2339: Property 'data' does not exist on type 'DatabaseResult<Tag[]>'.
  Property 'data' does not exist on type '{ success: false; error: DatabaseError; }'.
src/store/tags.test.ts(757,21): error TS2339: Property 'data' does not exist on type 'DatabaseResult<Tag>'.
  Property 'data' does not exist on type '{ success: false; error: DatabaseError; }'.
src/store/tags.test.ts(757,45): error TS2339: Property 'data' does not exist on type 'DatabaseResult<Tag>'.
  Property 'data' does not exist on type '{ success: false; error: DatabaseError; }'.
src/store/tags.ts(15,3): error TS6196: 'DatabaseError' is declared but never used.
src/store/tags.ts(18,3): error TS6196: 'BatchResult' is declared but never used.
src/store/tags.ts(31,3): error TS6133: 'validateEntityTag' is declared but its value is never read.
src/store/tags.ts(50,10): error TS6133: 'initVersionVector' is declared but its value is never read.
src/store/tags.ts(583,7): error TS2322: Type '{ name: string; description: string | null; company_id?: string | undefined; color?: string | null | undefined; usage_count?: number | undefined; version_vector?: VersionVector | undefined; id?: string | undefined; created_at?: number | undefined; updated_at?: number | undefined; deleted_at?: number | ... 1 more ......' is not assignable to type '(Tag | undefined)[]'.
  Type '{ name: string; description: string | null; company_id?: string | undefined; color?: string | null | undefined; usage_count?: number | undefined; version_vector?: VersionVector | undefined; id?: string | undefined; created_at?: number | undefined; updated_at?: number | undefined; deleted_at?: number | ... 1 more ......' is not assignable to type 'Tag'.
    Types of property 'company_id' are incompatible.
      Type 'string | undefined' is not assignable to type 'string'.
        Type 'undefined' is not assignable to type 'string'.
src/store/tags.ts(586,49): error TS18048: 'tag' is possibly 'undefined'.
src/store/tags.ts(587,24): error TS18048: 'tag' is possibly 'undefined'.
src/store/tags.ts(588,47): error TS18048: 'tag' is possibly 'undefined'.
src/store/tags.ts(594,29): error TS2322: Type '(Tag | undefined)[]' is not assignable to type 'Tag[]'.
  Type 'Tag | undefined' is not assignable to type 'Tag'.
    Type 'undefined' is not assignable to type 'Tag'.
src/sync/conflictResolution.ts(20,15): error TS6196: 'SyncChange' is declared but never used.
src/sync/conflictResolution.ts(156,3): error TS6133: 'strategy' is declared but its value is never read.
src/sync/syncClient.test.ts(5,55): error TS6133: 'vi' is declared but its value is never read.
src/sync/syncClient.ts(165,11): error TS6133: 'saveSyncVector' is declared but its value is never read.
src/utils/categoryHelpers.ts(157,9): error TS2339: Property 'account_number' does not exist on type 'Category'.
src/utils/metricsCalculation.test.ts(92,5): error TS2322: Type '"JOURNAL_ENTRY"' is not assignable to type 'TransactionType'.
src/utils/metricsCalculation.test.ts(93,5): error TS2322: Type '"POSTED"' is not assignable to type 'TransactionStatus'.
src/utils/metricsCalculation.test.ts(120,46): error TS2345: Argument of type '"INCOME"' is not assignable to parameter of type 'AccountType'.
src/utils/metricsCalculation.test.ts(121,48): error TS2345: Argument of type '"EXPENSE"' is not assignable to parameter of type 'AccountType'.
src/utils/metricsCalculation.test.ts(122,38): error TS2345: Argument of type '"ASSET"' is not assignable to parameter of type 'AccountType'.
src/utils/metricsCalculation.test.ts(160,46): error TS2345: Argument of type '"INCOME"' is not assignable to parameter of type 'AccountType'.
src/utils/metricsCalculation.test.ts(161,48): error TS2345: Argument of type '"EXPENSE"' is not assignable to parameter of type 'AccountType'.
src/utils/metricsCalculation.test.ts(162,38): error TS2345: Argument of type '"ASSET"' is not assignable to parameter of type 'AccountType'.
src/utils/metricsCalculation.test.ts(191,46): error TS2345: Argument of type '"INCOME"' is not assignable to parameter of type 'AccountType'.
src/utils/metricsCalculation.test.ts(192,38): error TS2345: Argument of type '"ASSET"' is not assignable to parameter of type 'AccountType'.
src/utils/metricsCalculation.test.ts(202,7): error TS2322: Type '"DRAFT"' is not assignable to type 'TransactionStatus'.
src/utils/metricsCalculation.test.ts(217,46): error TS2345: Argument of type '"INCOME"' is not assignable to parameter of type 'AccountType'.
src/utils/metricsCalculation.test.ts(218,38): error TS2345: Argument of type '"ASSET"' is not assignable to parameter of type 'AccountType'.
src/utils/metricsCalculation.test.ts(242,46): error TS2345: Argument of type '"INCOME"' is not assignable to parameter of type 'AccountType'.
src/utils/metricsCalculation.test.ts(243,54): error TS2345: Argument of type '"OTHER_INCOME"' is not assignable to parameter of type 'AccountType'.
src/utils/metricsCalculation.test.ts(244,48): error TS2345: Argument of type '"EXPENSE"' is not assignable to parameter of type 'AccountType'.
src/utils/metricsCalculation.test.ts(245,38): error TS2345: Argument of type '"COGS"' is not assignable to parameter of type 'AccountType'.
src/utils/metricsCalculation.test.ts(246,38): error TS2345: Argument of type '"ASSET"' is not assignable to parameter of type 'AccountType'.
src/utils/seedCategories.ts(52,11): error TS2322: Type '({ company_id: string; name: string; type: CategoryType; parent_id: string | null | undefined; description: string; color: string; icon: string; active: boolean; is_system: boolean; sort_order: number; } | null)[]' is not assignable to type 'Omit<Category, "id" | "created_at" | "updated_at" | "deleted_at" | "version_vector">[]'.
  Type '{ company_id: string; name: string; type: CategoryType; parent_id: string | null | undefined; description: string; color: string; icon: string; active: boolean; is_system: boolean; sort_order: number; } | null' is not assignable to type 'Omit<Category, "id" | "created_at" | "updated_at" | "deleted_at" | "version_vector">'.
    Type 'null' is not assignable to type 'Omit<Category, "id" | "created_at" | "updated_at" | "deleted_at" | "version_vector">'.
src/utils/seedCategories.ts(75,29): error TS2677: A type predicate's type must be assignable to its parameter's type.
  Type 'Omit<Category, "id" | "created_at" | "updated_at" | "deleted_at" | "version_vector">' is not assignable to type '{ company_id: string; name: string; type: CategoryType; parent_id: string | null | undefined; description: string; color: string; icon: string; active: boolean; is_system: boolean; sort_order: number; }'.
    Types of property 'description' are incompatible.
      Type 'string | null' is not assignable to type 'string'.
        Type 'null' is not assignable to type 'string'.
