
> graceful-books@0.1.0 type-check
> tsc --noEmit

monitoring/config/metrics-collector.ts(393,7): error TS18046: 'metrics.details' is of type 'unknown'.
src/__tests__/integration/reconciliation.e2e.test.ts(479,31): error TS2304: Cannot find name 'ParsedStatement'.
src/components/accounts/AccountList.tsx(163,9): error TS6133: 'getParentName' is declared but its value is never read.
src/components/accounts/AccountRegister.tsx(18,24): error TS6196: 'JournalEntry' is declared but never used.
src/components/cpg/BalanceSheetEntryForm.test.tsx(89,23): error TS2345: Argument of type 'HTMLElement | undefined' is not assignable to parameter of type 'Element | Node | Window | Document'.
  Type 'undefined' is not assignable to type 'Element | Node | Window | Document'.
src/components/cpg/BalanceSheetEntryForm.test.tsx(104,23): error TS2345: Argument of type 'HTMLElement | undefined' is not assignable to parameter of type 'Element | Node | Window | Document'.
  Type 'undefined' is not assignable to type 'Element | Node | Window | Document'.
src/components/cpg/BalanceSheetEntryForm.test.tsx(114,23): error TS2345: Argument of type 'HTMLElement | undefined' is not assignable to parameter of type 'Element | Node | Window | Document'.
  Type 'undefined' is not assignable to type 'Element | Node | Window | Document'.
src/components/cpg/BalanceSheetEntryForm.test.tsx(132,24): error TS2345: Argument of type 'HTMLElement | undefined' is not assignable to parameter of type 'Element | Node | Window | Document'.
  Type 'undefined' is not assignable to type 'Element | Node | Window | Document'.
src/components/cpg/BalanceSheetEntryForm.test.tsx(148,24): error TS2345: Argument of type 'HTMLElement | undefined' is not assignable to parameter of type 'Element | Node | Window | Document'.
  Type 'undefined' is not assignable to type 'Element | Node | Window | Document'.
src/components/cpg/BalanceSheetEntryForm.test.tsx(151,24): error TS2345: Argument of type 'HTMLElement | undefined' is not assignable to parameter of type 'Element | Node | Window | Document'.
  Type 'undefined' is not assignable to type 'Element | Node | Window | Document'.
src/components/cpg/BalanceSheetEntryForm.test.tsx(167,24): error TS2345: Argument of type 'HTMLElement | undefined' is not assignable to parameter of type 'Element | Node | Window | Document'.
  Type 'undefined' is not assignable to type 'Element | Node | Window | Document'.
src/components/cpg/BalanceSheetEntryForm.test.tsx(168,24): error TS2345: Argument of type 'HTMLElement | undefined' is not assignable to parameter of type 'Element | Node | Window | Document'.
  Type 'undefined' is not assignable to type 'Element | Node | Window | Document'.
src/components/cpg/BalanceSheetEntryForm.test.tsx(171,24): error TS2345: Argument of type 'HTMLElement | undefined' is not assignable to parameter of type 'Element | Node | Window | Document'.
  Type 'undefined' is not assignable to type 'Element | Node | Window | Document'.
src/components/cpg/BalanceSheetEntryForm.test.tsx(172,24): error TS2345: Argument of type 'HTMLElement | undefined' is not assignable to parameter of type 'Element | Node | Window | Document'.
  Type 'undefined' is not assignable to type 'Element | Node | Window | Document'.
src/components/cpg/BalanceSheetEntryForm.test.tsx(175,24): error TS2345: Argument of type 'HTMLElement | undefined' is not assignable to parameter of type 'Element | Node | Window | Document'.
  Type 'undefined' is not assignable to type 'Element | Node | Window | Document'.
src/components/cpg/BalanceSheetEntryForm.test.tsx(191,24): error TS2345: Argument of type 'HTMLElement | undefined' is not assignable to parameter of type 'Element | Node | Window | Document'.
  Type 'undefined' is not assignable to type 'Element | Node | Window | Document'.
src/components/cpg/BalanceSheetEntryForm.test.tsx(192,24): error TS2345: Argument of type 'HTMLElement | undefined' is not assignable to parameter of type 'Element | Node | Window | Document'.
  Type 'undefined' is not assignable to type 'Element | Node | Window | Document'.
src/components/cpg/BalanceSheetEntryForm.test.tsx(193,24): error TS2345: Argument of type 'HTMLElement | undefined' is not assignable to parameter of type 'Element | Node | Window | Document'.
  Type 'undefined' is not assignable to type 'Element | Node | Window | Document'.
src/components/cpg/BalanceSheetEntryForm.test.tsx(209,24): error TS2345: Argument of type 'HTMLElement | undefined' is not assignable to parameter of type 'Element | Node | Window | Document'.
  Type 'undefined' is not assignable to type 'Element | Node | Window | Document'.
src/components/cpg/BalanceSheetEntryForm.test.tsx(210,24): error TS2345: Argument of type 'HTMLElement | undefined' is not assignable to parameter of type 'Element | Node | Window | Document'.
  Type 'undefined' is not assignable to type 'Element | Node | Window | Document'.
src/components/cpg/BalanceSheetEntryForm.test.tsx(211,24): error TS2345: Argument of type 'HTMLElement | undefined' is not assignable to parameter of type 'Element | Node | Window | Document'.
  Type 'undefined' is not assignable to type 'Element | Node | Window | Document'.
src/components/cpg/BalanceSheetEntryForm.test.tsx(233,24): error TS2345: Argument of type 'HTMLElement | undefined' is not assignable to parameter of type 'Element | Node | Window | Document'.
  Type 'undefined' is not assignable to type 'Element | Node | Window | Document'.
src/components/cpg/BalanceSheetEntryForm.test.tsx(234,24): error TS2345: Argument of type 'HTMLElement | undefined' is not assignable to parameter of type 'Element | Node | Window | Document'.
  Type 'undefined' is not assignable to type 'Element | Node | Window | Document'.
src/components/cpg/BalanceSheetEntryForm.test.tsx(252,24): error TS2345: Argument of type 'HTMLElement | undefined' is not assignable to parameter of type 'Element | Node | Window | Document'.
  Type 'undefined' is not assignable to type 'Element | Node | Window | Document'.
src/components/cpg/BalanceSheetEntryForm.test.tsx(255,24): error TS2345: Argument of type 'HTMLElement | undefined' is not assignable to parameter of type 'Element | Node | Window | Document'.
  Type 'undefined' is not assignable to type 'Element | Node | Window | Document'.
src/components/cpg/BalanceSheetEntryForm.test.tsx(273,24): error TS2345: Argument of type 'HTMLElement | undefined' is not assignable to parameter of type 'Element | Node | Window | Document'.
  Type 'undefined' is not assignable to type 'Element | Node | Window | Document'.
src/components/cpg/BalanceSheetEntryForm.test.tsx(274,24): error TS2345: Argument of type 'HTMLElement | undefined' is not assignable to parameter of type 'Element | Node | Window | Document'.
  Type 'undefined' is not assignable to type 'Element | Node | Window | Document'.
src/components/cpg/BalanceSheetEntryForm.test.tsx(291,24): error TS2345: Argument of type 'HTMLElement | undefined' is not assignable to parameter of type 'Element | Node | Window | Document'.
  Type 'undefined' is not assignable to type 'Element | Node | Window | Document'.
src/components/cpg/BalanceSheetEntryForm.test.tsx(292,24): error TS2345: Argument of type 'HTMLElement | undefined' is not assignable to parameter of type 'Element | Node | Window | Document'.
  Type 'undefined' is not assignable to type 'Element | Node | Window | Document'.
src/components/cpg/BalanceSheetEntryForm.test.tsx(293,24): error TS2345: Argument of type 'HTMLElement | undefined' is not assignable to parameter of type 'Element | Node | Window | Document'.
  Type 'undefined' is not assignable to type 'Element | Node | Window | Document'.
src/components/cpg/BalanceSheetEntryForm.test.tsx(358,23): error TS2345: Argument of type 'HTMLElement | undefined' is not assignable to parameter of type 'Element | Node | Window | Document'.
  Type 'undefined' is not assignable to type 'Element | Node | Window | Document'.
src/components/cpg/BalanceSheetEntryForm.test.tsx(374,24): error TS2345: Argument of type 'HTMLElement | undefined' is not assignable to parameter of type 'Element | Node | Window | Document'.
  Type 'undefined' is not assignable to type 'Element | Node | Window | Document'.
src/components/cpg/BalanceSheetEntryForm.test.tsx(375,24): error TS2345: Argument of type 'HTMLElement | undefined' is not assignable to parameter of type 'Element | Node | Window | Document'.
  Type 'undefined' is not assignable to type 'Element | Node | Window | Document'.
src/components/cpg/BalanceSheetEntryForm.test.tsx(392,24): error TS2345: Argument of type 'HTMLElement | undefined' is not assignable to parameter of type 'Element | Node | Window | Document'.
  Type 'undefined' is not assignable to type 'Element | Node | Window | Document'.
src/components/cpg/BalanceSheetEntryForm.test.tsx(393,24): error TS2345: Argument of type 'HTMLElement | undefined' is not assignable to parameter of type 'Element | Node | Window | Document'.
  Type 'undefined' is not assignable to type 'Element | Node | Window | Document'.
src/components/cpg/BalanceSheetEntryForm.test.tsx(394,24): error TS2345: Argument of type 'HTMLElement | undefined' is not assignable to parameter of type 'Element | Node | Window | Document'.
  Type 'undefined' is not assignable to type 'Element | Node | Window | Document'.
src/components/cpg/BalanceSheetEntryForm.test.tsx(411,24): error TS2345: Argument of type 'HTMLElement | undefined' is not assignable to parameter of type 'Element | Node | Window | Document'.
  Type 'undefined' is not assignable to type 'Element | Node | Window | Document'.
src/components/cpg/BalanceSheetEntryForm.test.tsx(412,24): error TS2345: Argument of type 'HTMLElement | undefined' is not assignable to parameter of type 'Element | Node | Window | Document'.
  Type 'undefined' is not assignable to type 'Element | Node | Window | Document'.
src/components/cpg/BalanceSheetEntryForm.test.tsx(413,24): error TS2345: Argument of type 'HTMLElement | undefined' is not assignable to parameter of type 'Element | Node | Window | Document'.
  Type 'undefined' is not assignable to type 'Element | Node | Window | Document'.
src/components/cpg/BalanceSheetEntryForm.test.tsx(428,24): error TS2345: Argument of type 'HTMLElement | undefined' is not assignable to parameter of type 'Element | Node | Window | Document'.
  Type 'undefined' is not assignable to type 'Element | Node | Window | Document'.
src/components/cpg/BalanceSheetEntryForm.test.tsx(429,24): error TS2345: Argument of type 'HTMLElement | undefined' is not assignable to parameter of type 'Element | Node | Window | Document'.
  Type 'undefined' is not assignable to type 'Element | Node | Window | Document'.
src/components/cpg/BalanceSheetEntryForm.test.tsx(430,24): error TS2345: Argument of type 'HTMLElement | undefined' is not assignable to parameter of type 'Element | Node | Window | Document'.
  Type 'undefined' is not assignable to type 'Element | Node | Window | Document'.
src/components/cpg/DistributorSelector.test.tsx(208,9): error TS2322: Type 'CPGDistributor | { id: string; name: string; active: false; company_id?: string | undefined; description?: string | null | undefined; contact_info?: string | null | undefined; ... 4 more ...; version_vector?: Record<...> | undefined; }' is not assignable to type 'CPGDistributor'.
  Type '{ id: string; name: string; active: false; company_id?: string | undefined; description?: string | null | undefined; contact_info?: string | null | undefined; fee_structure?: { pallet_cost: string | null; ... 6 more ...; custom_fees: Record<string, string> | null; } | undefined; created_at?: number | undefined; upda...' is not assignable to type 'CPGDistributor'.
    Types of property 'company_id' are incompatible.
      Type 'string | undefined' is not assignable to type 'string'.
        Type 'undefined' is not assignable to type 'string'.
src/components/cpg/DistributorSelector.test.tsx(209,9): error TS2322: Type '{ id: string; name: string; active: false; company_id?: string | undefined; description?: string | null | undefined; contact_info?: string | null | undefined; fee_structure?: { pallet_cost: string | null; ... 6 more ...; custom_fees: Record<string, string> | null; } | undefined; created_at?: number | undefined; upda...' is not assignable to type 'CPGDistributor'.
  Types of property 'company_id' are incompatible.
    Type 'string | undefined' is not assignable to type 'string'.
      Type 'undefined' is not assignable to type 'string'.
src/components/cpg/PLEntryForm.test.tsx(171,23): error TS2345: Argument of type 'HTMLElement | undefined' is not assignable to parameter of type 'Element | Node | Window | Document'.
  Type 'undefined' is not assignable to type 'Element | Node | Window | Document'.
src/components/cpg/PLEntryForm.test.tsx(189,24): error TS2345: Argument of type 'HTMLElement | undefined' is not assignable to parameter of type 'Element | Node | Window | Document'.
  Type 'undefined' is not assignable to type 'Element | Node | Window | Document'.
src/components/cpg/PLEntryForm.test.tsx(205,24): error TS2345: Argument of type 'HTMLElement | undefined' is not assignable to parameter of type 'Element | Node | Window | Document'.
  Type 'undefined' is not assignable to type 'Element | Node | Window | Document'.
src/components/cpg/PLEntryForm.test.tsx(208,24): error TS2345: Argument of type 'HTMLElement | undefined' is not assignable to parameter of type 'Element | Node | Window | Document'.
  Type 'undefined' is not assignable to type 'Element | Node | Window | Document'.
src/components/cpg/PLEntryForm.test.tsx(224,24): error TS2345: Argument of type 'HTMLElement | undefined' is not assignable to parameter of type 'Element | Node | Window | Document'.
  Type 'undefined' is not assignable to type 'Element | Node | Window | Document'.
src/components/cpg/PLEntryForm.test.tsx(227,24): error TS2345: Argument of type 'HTMLElement | undefined' is not assignable to parameter of type 'Element | Node | Window | Document'.
  Type 'undefined' is not assignable to type 'Element | Node | Window | Document'.
src/components/cpg/PLEntryForm.test.tsx(230,24): error TS2345: Argument of type 'HTMLElement | undefined' is not assignable to parameter of type 'Element | Node | Window | Document'.
  Type 'undefined' is not assignable to type 'Element | Node | Window | Document'.
src/components/cpg/PLEntryForm.test.tsx(246,24): error TS2345: Argument of type 'HTMLElement | undefined' is not assignable to parameter of type 'Element | Node | Window | Document'.
  Type 'undefined' is not assignable to type 'Element | Node | Window | Document'.
src/components/cpg/PLEntryForm.test.tsx(247,24): error TS2345: Argument of type 'HTMLElement | undefined' is not assignable to parameter of type 'Element | Node | Window | Document'.
  Type 'undefined' is not assignable to type 'Element | Node | Window | Document'.
src/components/cpg/PLEntryForm.test.tsx(248,24): error TS2345: Argument of type 'HTMLElement | undefined' is not assignable to parameter of type 'Element | Node | Window | Document'.
  Type 'undefined' is not assignable to type 'Element | Node | Window | Document'.
src/components/cpg/PLEntryForm.test.tsx(265,24): error TS2345: Argument of type 'HTMLElement | undefined' is not assignable to parameter of type 'Element | Node | Window | Document'.
  Type 'undefined' is not assignable to type 'Element | Node | Window | Document'.
src/components/cpg/PLEntryForm.test.tsx(266,24): error TS2345: Argument of type 'HTMLElement | undefined' is not assignable to parameter of type 'Element | Node | Window | Document'.
  Type 'undefined' is not assignable to type 'Element | Node | Window | Document'.
src/components/cpg/PLEntryForm.test.tsx(267,24): error TS2345: Argument of type 'HTMLElement | undefined' is not assignable to parameter of type 'Element | Node | Window | Document'.
  Type 'undefined' is not assignable to type 'Element | Node | Window | Document'.
src/components/cpg/PLEntryForm.test.tsx(323,24): error TS2345: Argument of type 'HTMLElement | undefined' is not assignable to parameter of type 'Element | Node | Window | Document'.
  Type 'undefined' is not assignable to type 'Element | Node | Window | Document'.
src/components/cpg/PLEntryForm.test.tsx(342,24): error TS2345: Argument of type 'HTMLElement | undefined' is not assignable to parameter of type 'Element | Node | Window | Document'.
  Type 'undefined' is not assignable to type 'Element | Node | Window | Document'.
src/components/cpg/ProductLinkingManager.test.tsx(60,9): error TS2322: Type '"PRODUCT"' is not assignable to type 'ProductType'.
src/components/cpg/ProductLinkingManager.test.tsx(78,9): error TS2322: Type '"PRODUCT"' is not assignable to type 'ProductType'.
src/components/cpg/ProductLinkingManager.test.tsx(99,9): error TS2322: Type '"COGS"' is not assignable to type 'AccountType'.
src/components/cpg/ProductLinkingManager.test.tsx(114,9): error TS2322: Type '"ASSET"' is not assignable to type 'AccountType'.
src/components/cpg/ProductLinkingManager.test.tsx(129,9): error TS2322: Type '"INCOME"' is not assignable to type 'AccountType'.
src/components/cpg/ProductLinkingManager.test.tsx(220,11): error TS6133: 'container' is declared but its value is never read.
src/components/cpg/ProductLinkingManager.test.tsx(261,12): error TS2532: Object is possibly 'undefined'.
src/components/cpg/ProductLinkingManager.test.tsx(262,12): error TS2532: Object is possibly 'undefined'.
src/components/cpg/PromoComparison.test.tsx(64,42): error TS2322: Type 'VariantComparisonData | undefined' is not assignable to type 'VariantComparisonData'.
  Type 'undefined' is not assignable to type 'VariantComparisonData'.
src/components/cpg/PromoComparison.test.tsx(69,42): error TS2322: Type 'VariantComparisonData | undefined' is not assignable to type 'VariantComparisonData'.
  Type 'undefined' is not assignable to type 'VariantComparisonData'.
src/components/cpg/PromoComparison.test.tsx(74,42): error TS2322: Type 'VariantComparisonData | undefined' is not assignable to type 'VariantComparisonData'.
  Type 'undefined' is not assignable to type 'VariantComparisonData'.
src/components/cpg/PromoComparison.test.tsx(81,42): error TS2322: Type 'VariantComparisonData | undefined' is not assignable to type 'VariantComparisonData'.
  Type 'undefined' is not assignable to type 'VariantComparisonData'.
src/components/cpg/PromoComparison.test.tsx(86,42): error TS2322: Type 'VariantComparisonData | undefined' is not assignable to type 'VariantComparisonData'.
  Type 'undefined' is not assignable to type 'VariantComparisonData'.
src/components/cpg/PromoComparison.test.tsx(91,42): error TS2322: Type 'VariantComparisonData | undefined' is not assignable to type 'VariantComparisonData'.
  Type 'undefined' is not assignable to type 'VariantComparisonData'.
src/components/cpg/PromoComparison.test.tsx(96,42): error TS2322: Type 'VariantComparisonData | undefined' is not assignable to type 'VariantComparisonData'.
  Type 'undefined' is not assignable to type 'VariantComparisonData'.
src/components/cpg/PromoComparison.test.tsx(103,42): error TS2322: Type 'VariantComparisonData | undefined' is not assignable to type 'VariantComparisonData'.
  Type 'undefined' is not assignable to type 'VariantComparisonData'.
src/components/cpg/PromoComparison.test.tsx(108,42): error TS2322: Type 'VariantComparisonData | undefined' is not assignable to type 'VariantComparisonData'.
  Type 'undefined' is not assignable to type 'VariantComparisonData'.
src/components/cpg/PromoComparison.test.tsx(138,64): error TS2322: Type 'VariantComparisonData | undefined' is not assignable to type 'VariantComparisonData'.
  Type 'undefined' is not assignable to type 'VariantComparisonData'.
src/components/cpg/PromoComparison.test.tsx(144,64): error TS2322: Type 'VariantComparisonData | undefined' is not assignable to type 'VariantComparisonData'.
  Type 'undefined' is not assignable to type 'VariantComparisonData'.
src/components/cpg/PromoComparison.test.tsx(150,42): error TS2322: Type 'VariantComparisonData | undefined' is not assignable to type 'VariantComparisonData'.
  Type 'undefined' is not assignable to type 'VariantComparisonData'.
src/components/cpg/PromoComparison.test.tsx(152,64): error TS2322: Type 'VariantComparisonData | undefined' is not assignable to type 'VariantComparisonData'.
  Type 'undefined' is not assignable to type 'VariantComparisonData'.
src/components/cpg/PromoComparison.test.tsx(174,42): error TS2322: Type 'VariantComparisonData | undefined' is not assignable to type 'VariantComparisonData'.
  Type 'undefined' is not assignable to type 'VariantComparisonData'.
src/components/cpg/PromoComparison.test.tsx(179,42): error TS2322: Type 'VariantComparisonData | undefined' is not assignable to type 'VariantComparisonData'.
  Type 'undefined' is not assignable to type 'VariantComparisonData'.
src/components/cpg/PromoDetailsForm.test.tsx(167,23): error TS2345: Argument of type 'HTMLElement | undefined' is not assignable to parameter of type 'Element'.
  Type 'undefined' is not assignable to type 'Element'.
src/components/cpg/PromoDetailsForm.test.tsx(189,23): error TS2345: Argument of type 'HTMLElement | undefined' is not assignable to parameter of type 'Element'.
  Type 'undefined' is not assignable to type 'Element'.
src/components/cpg/PromoDetailsForm.test.tsx(216,23): error TS2345: Argument of type 'HTMLElement | undefined' is not assignable to parameter of type 'Element'.
  Type 'undefined' is not assignable to type 'Element'.
src/components/cpg/PromoDetailsForm.test.tsx(217,23): error TS2345: Argument of type 'HTMLElement | undefined' is not assignable to parameter of type 'Element'.
  Type 'undefined' is not assignable to type 'Element'.
src/components/wizards/steps/AccountCustomizationStep.tsx(13,1): error TS6133: 'getEntityConfig' is declared but its value is never read.
src/components/wizards/steps/AccountCustomizationStep.tsx(107,19): error TS6133: 'initialCustomizations' is declared but its value is never read.
src/components/wizards/steps/AccountCustomizationStep.tsx(740,21): error TS2322: Type 'boolean | ""' is not assignable to type 'boolean | undefined'.
  Type '""' is not assignable to type 'boolean | undefined'.
src/components/wizards/steps/AccountCustomizationStep.tsx(752,21): error TS2322: Type 'boolean | ""' is not assignable to type 'boolean | undefined'.
  Type '""' is not assignable to type 'boolean | undefined'.
src/components/wizards/steps/AccountCustomizationStep.tsx(765,21): error TS2322: Type 'boolean | ""' is not assignable to type 'boolean | undefined'.
  Type '""' is not assignable to type 'boolean | undefined'.
src/components/wizards/steps/ReviewStep.tsx(59,9): error TS2532: Object is possibly 'undefined'.
src/components/wizards/steps/TemplateSelectionStep.tsx(36,9): error TS6133: 'selectedTemplate' is declared but its value is never read.
src/crypto/encryption.ts(133,7): error TS2322: Type 'SecurityErrorCode.CRYPTO_FAILED' is not assignable to type '"UNKNOWN_ERROR" | "DECRYPTION_FAILED" | "INVALID_KEY" | "WEAK_PASSPHRASE" | "KEY_EXPIRED" | undefined'.
src/crypto/encryption.ts(213,7): error TS2322: Type 'SecurityErrorCode.CRYPTO_FAILED' is not assignable to type '"UNKNOWN_ERROR" | "DECRYPTION_FAILED" | "INVALID_KEY" | "WEAK_PASSPHRASE" | "KEY_EXPIRED" | undefined'.
src/crypto/encryption.ts(263,7): error TS2322: Type 'SecurityErrorCode.CRYPTO_FAILED' is not assignable to type '"UNKNOWN_ERROR" | "DECRYPTION_FAILED" | "INVALID_KEY" | "WEAK_PASSPHRASE" | "KEY_EXPIRED" | undefined'.
src/data/demoEntityConfig.ts(39,33): error TS6133: 'companyId' is declared but its value is never read.
src/db/database.ts(201,3): error TS2305: Module '"../types/database.types"' has no exported member 'Currency'.
src/db/database.ts(202,3): error TS2305: Module '"../types/database.types"' has no exported member 'ExchangeRate'.
src/hooks/useCashPosition.ts(10,10): error TS6133: 'getStartOfMonth' is declared but its value is never read.
src/hooks/useCashPosition.ts(38,46): error TS2339: Property 'balanceCents' does not exist on type 'Account'.
src/hooks/useCashPosition.ts(80,48): error TS2339: Property 'debit_amount_cents' does not exist on type 'TransactionLineItem'.
src/hooks/useCashPosition.ts(118,48): error TS2339: Property 'credit_amount_cents' does not exist on type 'TransactionLineItem'.
src/hooks/useCashPosition.ts(119,47): error TS2339: Property 'debit_amount_cents' does not exist on type 'TransactionLineItem'.
src/hooks/useOverdueInvoices.ts(40,35): error TS2551: Property 'dueDate' does not exist on type 'Invoice'. Did you mean 'due_date'?
src/hooks/useOverdueInvoices.ts(40,53): error TS2551: Property 'dueDate' does not exist on type 'Invoice'. Did you mean 'due_date'?
src/hooks/useOverdueInvoices.ts(44,37): error TS2551: Property 'dueDate' does not exist on type 'Invoice'. Did you mean 'due_date'?
src/hooks/useOverdueInvoices.ts(48,42): error TS2339: Property 'customerName' does not exist on type 'Invoice'.
src/hooks/useOverdueInvoices.ts(52,39): error TS2551: Property 'invoiceNumber' does not exist on type 'Invoice'. Did you mean 'invoice_number'?
src/hooks/useOverdueInvoices.ts(54,41): error TS2339: Property 'totalCents' does not exist on type 'Invoice'.
src/hooks/useRecentActivity.ts(42,28): error TS2345: Argument of type 'RecentActivity[]' is not assignable to parameter of type 'SetStateAction<RecentEditEntry[]>'.
  Type 'RecentActivity[]' is not assignable to type 'RecentEditEntry[]'.
    Property 'label' is missing in type 'RecentActivity' but required in type 'RecentEditEntry'.
src/hooks/useRevenueExpensesData.ts(86,52): error TS2339: Property 'credit_amount_cents' does not exist on type 'TransactionLineItem'.
src/hooks/useRevenueExpensesData.ts(87,51): error TS2339: Property 'debit_amount_cents' does not exist on type 'TransactionLineItem'.
src/services/automation/autoCategorizationService.test.ts(42,7): error TS2739: Type '{ accounting_method: "accrual"; multi_currency: false; track_inventory: false; }' is missing the following properties from type 'CompanySettings': auto_backup, retention_period_days
src/services/automation/recurringDetectionService.test.ts(42,7): error TS2739: Type '{ accounting_method: "accrual"; multi_currency: false; track_inventory: false; }' is missing the following properties from type 'CompanySettings': auto_backup, retention_period_days
src/services/cpg/cpgIntegration.service.test.ts(57,7): error TS2353: Object literal may only specify known properties, and 'fiscal_year_start_month' does not exist in type 'Company'.
src/services/cpg/cpgIntegration.service.test.ts(101,7): error TS2322: Type '"COGS"' is not assignable to type 'AccountType'.
src/services/cpg/cpgIntegration.service.test.ts(118,7): error TS2322: Type '"ASSET"' is not assignable to type 'AccountType'.
src/services/cpg/cpgIntegration.service.test.ts(135,7): error TS2322: Type '"LIABILITY"' is not assignable to type 'AccountType'.
src/services/cpg/cpgIntegration.service.test.ts(152,7): error TS2322: Type '"INCOME"' is not assignable to type 'AccountType'.
src/services/cpg/cpgIntegration.service.test.ts(170,7): error TS2322: Type '"PRODUCT"' is not assignable to type 'ProductType'.
src/services/cpg/cpgIntegration.service.test.ts(190,7): error TS2322: Type '"PRODUCT"' is not assignable to type 'ProductType'.
src/services/cpg/cpgIntegration.service.test.ts(210,7): error TS2322: Type '"PRODUCT"' is not assignable to type 'ProductType'.
src/services/cpg/cpgIntegration.service.test.ts(300,7): error TS2322: Type '"VENDOR"' is not assignable to type 'ContactType'.
src/services/cpg/cpgIntegration.service.test.ts(309,7): error TS2820: Type '"STANDALONE"' is not assignable to type 'ContactAccountType'. Did you mean 'ContactAccountType.STANDALONE'?
src/services/cpg/cpgIntegration.service.test.ts(444,25): error TS2345: Argument of type 'string | undefined' is not assignable to parameter of type 'string'.
  Type 'undefined' is not assignable to type 'string'.
src/services/cpg/cpgIntegration.service.test.ts(445,25): error TS2345: Argument of type 'string | undefined' is not assignable to parameter of type 'string'.
  Type 'undefined' is not assignable to type 'string'.
src/services/cpg/cpgIntegration.service.test.ts(470,25): error TS2345: Argument of type 'string | undefined' is not assignable to parameter of type 'string'.
  Type 'undefined' is not assignable to type 'string'.
src/services/cpg/cpgIntegration.service.ts(281,15): error TS6133: '_inventoryAccount' is declared but its value is never read.
src/services/cpg/cpgIntegration.service.ts(310,17): error TS6133: '_inventoryAccount' is declared but its value is never read.
src/services/cpg/cpgIntegration.service.ts(467,13): error TS6133: '_transactionNumber' is declared but its value is never read.
src/services/cpg/cpgReporting.service.test.ts(16,1): error TS6192: All imports in import declaration are unused.
src/services/cpg/cpgReporting.service.test.ts(95,14): error TS2532: Object is possibly 'undefined'.
src/services/cpg/cpgReporting.service.test.ts(160,14): error TS2532: Object is possibly 'undefined'.
src/services/cpg/cpgReporting.service.test.ts(161,14): error TS2532: Object is possibly 'undefined'.
src/services/cpg/cpgReporting.service.test.ts(162,14): error TS2532: Object is possibly 'undefined'.
src/services/cpg/cpgReporting.service.test.ts(163,14): error TS2532: Object is possibly 'undefined'.
src/services/cpg/cpgReporting.service.test.ts(429,13): error TS2322: Type '"neutral"' is not assignable to type '"poor" | "good" | "better" | "best"'.
src/services/cpg/cpuCalculator.service.test.ts(17,1): error TS6133: 'Decimal' is declared but its value is never read.
src/services/cpg/cpuCalculator.service.test.ts(49,71): error TS2345: Argument of type 'null' is not assignable to parameter of type 'string[] | undefined'.
src/services/cpg/cpuCalculator.service.test.ts(662,14): error TS2532: Object is possibly 'undefined'.
src/services/cpg/cpuCalculator.service.test.ts(663,14): error TS2532: Object is possibly 'undefined'.
src/services/cpg/cpuCalculator.service.test.ts(664,14): error TS2532: Object is possibly 'undefined'.
src/services/cpg/cpuCalculator.service.test.ts(665,14): error TS2532: Object is possibly 'undefined'.
src/services/cpg/cpuCalculator.service.test.ts(666,14): error TS2532: Object is possibly 'undefined'.
src/services/cpg/cpuCalculator.service.test.ts(667,14): error TS2532: Object is possibly 'undefined'.
src/services/cpg/cpuCalculator.service.test.ts(1073,31): error TS2345: Argument of type 'string | undefined' is not assignable to parameter of type 'string'.
  Type 'undefined' is not assignable to type 'string'.
src/services/cpg/cpuCalculator.service.test.ts(1074,34): error TS2345: Argument of type 'string | undefined' is not assignable to parameter of type 'string'.
  Type 'undefined' is not assignable to type 'string'.
src/services/cpg/distributionCostCalculator.service.test.ts(23,3): error TS6133: 'DEFAULT_MARGIN_THRESHOLDS' is declared but its value is never read.
src/services/cpg/distributionCostCalculator.service.test.ts(27,1): error TS6133: 'CPGDistributor' is declared but its value is never read.
src/services/cpg/distributionCostCalculator.service.test.ts(38,30): error TS2554: Expected 0 arguments, but got 1.
src/services/cpg/distributionCostCalculator.service.test.ts(154,14): error TS2532: Object is possibly 'undefined'.
src/services/cpg/distributionCostCalculator.service.test.ts(179,14): error TS2532: Object is possibly 'undefined'.
src/services/cpg/distributionCostCalculator.service.test.ts(180,14): error TS2532: Object is possibly 'undefined'.
src/services/cpg/distributionCostCalculator.service.test.ts(184,14): error TS2532: Object is possibly 'undefined'.
src/services/cpg/distributionCostCalculator.service.test.ts(235,14): error TS2532: Object is possibly 'undefined'.
src/services/cpg/distributionCostCalculator.service.test.ts(236,14): error TS2532: Object is possibly 'undefined'.
src/services/cpg/distributionCostCalculator.service.test.ts(259,14): error TS2532: Object is possibly 'undefined'.
src/services/cpg/distributionCostCalculator.service.test.ts(284,14): error TS2532: Object is possibly 'undefined'.
src/services/cpg/distributionCostCalculator.service.test.ts(309,14): error TS2532: Object is possibly 'undefined'.
src/services/cpg/distributionCostCalculator.service.test.ts(334,14): error TS2532: Object is possibly 'undefined'.
src/services/cpg/distributionCostCalculator.service.test.ts(357,14): error TS2532: Object is possibly 'undefined'.
src/services/cpg/distributionCostCalculator.service.test.ts(383,14): error TS2532: Object is possibly 'undefined'.
src/services/cpg/distributionCostCalculator.service.test.ts(384,14): error TS2532: Object is possibly 'undefined'.
src/services/cpg/distributionCostCalculator.service.test.ts(510,14): error TS2532: Object is possibly 'undefined'.
src/services/cpg/distributionCostCalculator.service.test.ts(530,13): error TS6133: 'result' is declared but its value is never read.
src/services/cpg/distributionCostCalculator.service.test.ts(556,14): error TS2532: Object is possibly 'undefined'.
src/services/cpg/distributionCostCalculator.service.test.ts(580,14): error TS2532: Object is possibly 'undefined'.
src/services/cpg/distributionCostCalculator.service.test.ts(604,14): error TS2532: Object is possibly 'undefined'.
src/services/cpg/distributionCostCalculator.service.test.ts(636,14): error TS2532: Object is possibly 'undefined'.
src/services/cpg/distributionCostCalculator.service.test.ts(662,14): error TS2532: Object is possibly 'undefined'.
src/services/cpg/distributionCostCalculator.service.test.ts(686,14): error TS2532: Object is possibly 'undefined'.
src/services/cpg/distributionCostCalculator.service.test.ts(708,14): error TS2532: Object is possibly 'undefined'.
src/services/cpg/distributionCostCalculator.service.test.ts(737,14): error TS2532: Object is possibly 'undefined'.
src/services/cpg/distributionCostCalculator.service.test.ts(739,14): error TS2532: Object is possibly 'undefined'.
src/services/cpg/distributionCostCalculator.service.test.ts(740,14): error TS2532: Object is possibly 'undefined'.
src/services/cpg/distributionCostCalculator.service.test.ts(743,14): error TS2532: Object is possibly 'undefined'.
src/services/cpg/distributionCostCalculator.service.test.ts(745,14): error TS2532: Object is possibly 'undefined'.
src/services/cpg/distributionCostCalculator.service.test.ts(746,14): error TS2532: Object is possibly 'undefined'.
src/services/cpg/distributionCostCalculator.service.test.ts(773,14): error TS2532: Object is possibly 'undefined'.
src/services/cpg/distributionCostCalculator.service.test.ts(774,14): error TS2532: Object is possibly 'undefined'.
src/services/cpg/distributionCostCalculator.service.test.ts(775,14): error TS2532: Object is possibly 'undefined'.
src/services/cpg/distributionCostCalculator.service.test.ts(841,14): error TS2532: Object is possibly 'undefined'.
src/services/cpg/distributionCostCalculator.service.test.ts(842,14): error TS2532: Object is possibly 'undefined'.
src/services/cpg/distributionCostCalculator.service.test.ts(900,14): error TS2532: Object is possibly 'undefined'.
src/services/cpg/distributionCostCalculator.service.test.ts(901,14): error TS2532: Object is possibly 'undefined'.
src/services/cpg/distributionCostCalculator.service.test.ts(1109,14): error TS2532: Object is possibly 'undefined'.
src/services/cpg/distributionCostCalculator.service.test.ts(1111,14): error TS2532: Object is possibly 'undefined'.
src/services/cpg/historicalAnalytics.service.test.ts(15,1): error TS6133: 'Decimal' is declared but its value is never read.
src/services/cpg/historicalAnalytics.service.test.ts(206,36): error TS2339: Property 'sortBy' does not exist on type 'Table<CPGInvoice, string, CPGInvoice>'.
src/services/cpg/historicalAnalytics.service.test.ts(228,36): error TS2339: Property 'sortBy' does not exist on type 'Table<CPGInvoice, string, CPGInvoice>'.
src/services/cpg/historicalAnalytics.service.test.ts(248,36): error TS2339: Property 'sortBy' does not exist on type 'Table<CPGInvoice, string, CPGInvoice>'.
src/services/cpg/historicalAnalytics.service.test.ts(266,36): error TS2339: Property 'sortBy' does not exist on type 'Table<CPGInvoice, string, CPGInvoice>'.
src/services/cpg/historicalAnalytics.service.test.ts(284,36): error TS2339: Property 'sortBy' does not exist on type 'Table<CPGInvoice, string, CPGInvoice>'.
src/services/cpg/historicalAnalytics.service.test.ts(294,36): error TS2339: Property 'sortBy' does not exist on type 'Table<CPGInvoice, string, CPGInvoice>'.
src/services/cpg/historicalAnalytics.service.test.ts(311,36): error TS2339: Property 'sortBy' does not exist on type 'Table<CPGInvoice, string, CPGInvoice>'.
src/services/cpg/historicalAnalytics.service.test.ts(354,36): error TS2339: Property 'sortBy' does not exist on type 'Table<CPGInvoice, string, CPGInvoice>'.
src/services/cpg/historicalAnalytics.service.test.ts(360,14): error TS2532: Object is possibly 'undefined'.
src/services/cpg/historicalAnalytics.service.test.ts(382,36): error TS2339: Property 'sortBy' does not exist on type 'Table<CPGInvoice, string, CPGInvoice>'.
src/services/cpg/historicalAnalytics.service.test.ts(399,36): error TS2339: Property 'sortBy' does not exist on type 'Table<CPGInvoice, string, CPGInvoice>'.
src/services/cpg/historicalAnalytics.service.test.ts(409,36): error TS2339: Property 'sortBy' does not exist on type 'Table<CPGInvoice, string, CPGInvoice>'.
src/services/cpg/historicalAnalytics.service.test.ts(431,36): error TS2339: Property 'sortBy' does not exist on type 'Table<CPGInvoice, string, CPGInvoice>'.
src/services/cpg/historicalAnalytics.service.test.ts(453,36): error TS2339: Property 'sortBy' does not exist on type 'Table<CPGInvoice, string, CPGInvoice>'.
src/services/cpg/historicalAnalytics.service.test.ts(472,36): error TS2339: Property 'sortBy' does not exist on type 'Table<CPGInvoice, string, CPGInvoice>'.
src/services/cpg/historicalAnalytics.service.test.ts(494,52): error TS2339: Property 'sortBy' does not exist on type 'Table<CPGDistributionCalculation, string, CPGDistributionCalculation>'.
src/services/cpg/historicalAnalytics.service.test.ts(525,52): error TS2339: Property 'sortBy' does not exist on type 'Table<CPGDistributionCalculation, string, CPGDistributionCalculation>'.
src/services/cpg/historicalAnalytics.service.test.ts(547,52): error TS2339: Property 'sortBy' does not exist on type 'Table<CPGDistributionCalculation, string, CPGDistributionCalculation>'.
src/services/cpg/historicalAnalytics.service.test.ts(559,13): error TS6133: 'now' is declared but its value is never read.
src/services/cpg/historicalAnalytics.service.test.ts(587,14): error TS2532: Object is possibly 'undefined'.
src/services/cpg/historicalAnalytics.service.test.ts(635,36): error TS2339: Property 'sortBy' does not exist on type 'Table<CPGInvoice, string, CPGInvoice>'.
src/services/cpg/historicalAnalytics.service.test.ts(651,36): error TS2339: Property 'sortBy' does not exist on type 'Table<CPGInvoice, string, CPGInvoice>'.
src/services/cpg/historicalAnalytics.service.test.ts(664,36): error TS2339: Property 'sortBy' does not exist on type 'Table<CPGInvoice, string, CPGInvoice>'.
src/services/cpg/historicalAnalytics.service.test.ts(683,36): error TS2339: Property 'sortBy' does not exist on type 'Table<CPGInvoice, string, CPGInvoice>'.
src/services/cpg/historicalAnalytics.service.test.ts(688,14): error TS2532: Object is possibly 'undefined'.
src/services/cpg/historicalAnalytics.service.test.ts(689,14): error TS2532: Object is possibly 'undefined'.
src/services/cpg/salesPromoAnalyzer.service.test.ts(15,1): error TS6133: 'Decimal' is declared but its value is never read.
src/services/cpg/salesPromoAnalyzer.service.test.ts(196,53): error TS18048: 'initialVersion' is possibly 'undefined'.
src/services/cpg/salesPromoAnalyzer.service.test.ts(260,14): error TS2532: Object is possibly 'undefined'.
src/services/cpg/salesPromoAnalyzer.service.test.ts(289,14): error TS2532: Object is possibly 'undefined'.
src/services/cpg/salesPromoAnalyzer.service.test.ts(318,14): error TS2532: Object is possibly 'undefined'.
src/services/cpg/salesPromoAnalyzer.service.test.ts(321,14): error TS2532: Object is possibly 'undefined'.
src/services/cpg/salesPromoAnalyzer.service.test.ts(324,14): error TS2532: Object is possibly 'undefined'.
src/services/cpg/salesPromoAnalyzer.service.test.ts(389,14): error TS2532: Object is possibly 'undefined'.
src/services/cpg/salesPromoAnalyzer.service.test.ts(392,14): error TS2532: Object is possibly 'undefined'.
src/services/cpg/salesPromoAnalyzer.service.test.ts(395,14): error TS2532: Object is possibly 'undefined'.
src/services/cpg/salesPromoAnalyzer.service.test.ts(396,14): error TS2532: Object is possibly 'undefined'.
src/services/cpg/salesPromoAnalyzer.service.test.ts(397,14): error TS2532: Object is possibly 'undefined'.
src/services/cpg/salesPromoAnalyzer.service.test.ts(426,14): error TS2532: Object is possibly 'undefined'.
src/services/cpg/salesPromoAnalyzer.service.test.ts(429,14): error TS2532: Object is possibly 'undefined'.
src/services/cpg/salesPromoAnalyzer.service.test.ts(432,14): error TS2532: Object is possibly 'undefined'.
src/services/cpg/salesPromoAnalyzer.service.test.ts(468,16): error TS2532: Object is possibly 'undefined'.
src/services/cpg/salesPromoAnalyzer.service.test.ts(507,16): error TS2532: Object is possibly 'undefined'.
src/services/cpg/salesPromoAnalyzer.service.test.ts(537,14): error TS2532: Object is possibly 'undefined'.
src/services/cpg/salesPromoAnalyzer.service.test.ts(566,14): error TS2532: Object is possibly 'undefined'.
src/services/cpg/salesPromoAnalyzer.service.test.ts(569,14): error TS2532: Object is possibly 'undefined'.
src/services/cpg/salesPromoAnalyzer.service.test.ts(570,14): error TS2532: Object is possibly 'undefined'.
src/services/cpg/salesPromoAnalyzer.service.test.ts(760,14): error TS2532: Object is possibly 'undefined'.
src/services/cpg/salesPromoAnalyzer.service.test.ts(788,14): error TS2532: Object is possibly 'undefined'.
src/services/cpg/salesPromoAnalyzer.service.test.ts(816,14): error TS2532: Object is possibly 'undefined'.
src/services/cpg/salesPromoAnalyzer.service.test.ts(844,14): error TS2532: Object is possibly 'undefined'.
src/services/cpg/salesPromoAnalyzer.service.test.ts(1027,14): error TS2532: Object is possibly 'undefined'.
src/services/cpg/salesPromoAnalyzer.service.test.ts(1028,14): error TS2532: Object is possibly 'undefined'.
src/services/cpg/salesPromoAnalyzer.service.test.ts(1032,13): error TS6133: 'promo1' is declared but its value is never read.
src/services/cpg/salesPromoAnalyzer.service.test.ts(1056,14): error TS2532: Object is possibly 'undefined'.
src/services/cpg/salesPromoAnalyzer.service.test.ts(1060,13): error TS6133: 'promo1' is declared but its value is never read.
src/services/cpg/salesPromoAnalyzer.service.test.ts(1144,14): error TS2532: Object is possibly 'undefined'.
src/services/cpg/salesPromoAnalyzer.service.test.ts(1145,14): error TS2532: Object is possibly 'undefined'.
src/services/cpg/salesPromoAnalyzer.service.ts(390,15): error TS6133: '_retailPrice' is declared but its value is never read.
src/services/cpg/scenarioPlanning.service.test.ts(14,1): error TS6133: 'Decimal' is declared but its value is never read.
src/services/cpg/scenarioPlanning.service.test.ts(29,21): error TS6133: 'field' is declared but its value is never read.
src/services/cpg/scenarioPlanning.service.test.ts(104,14): error TS2339: Property '_mockData' does not exist on type 'TreasureChestDB'.
src/services/cpg/scenarioPlanning.service.test.ts(132,56): error TS2345: Argument of type '{ companyId: string; distributorIds: string[]; numPallets: string; unitsPerPallet: string; variantData: { '8oz': { price_per_unit: string; base_cpu: string; }; '16oz': { price_per_unit: string; base_cpu: string; }; }; appliedFees: { ...; }; }' is not assignable to parameter of type 'DistributorComparisonParams'.
  The types of 'appliedFees.custom_fees' are incompatible between these types.
    Type 'null' is not assignable to type 'string[] | undefined'.
src/services/cpg/scenarioPlanning.service.test.ts(136,14): error TS2532: Object is possibly 'undefined'.
src/services/cpg/scenarioPlanning.service.test.ts(137,14): error TS2532: Object is possibly 'undefined'.
src/services/cpg/scenarioPlanning.service.test.ts(138,14): error TS2532: Object is possibly 'undefined'.
src/services/cpg/scenarioPlanning.service.test.ts(139,14): error TS2532: Object is possibly 'undefined'.
src/services/cpg/scenarioPlanning.service.test.ts(164,48): error TS2345: Argument of type '{ companyId: string; distributorIds: string[]; numPallets: string; unitsPerPallet: string; variantData: { '8oz': { price_per_unit: string; base_cpu: string; }; }; appliedFees: { pallet_cost: boolean; ... 4 more ...; custom_fees: null; }; }' is not assignable to parameter of type 'DistributorComparisonParams'.
  The types of 'appliedFees.custom_fees' are incompatible between these types.
    Type 'null' is not assignable to type 'string[] | undefined'.
src/services/cpg/scenarioPlanning.service.test.ts(188,48): error TS2345: Argument of type '{ companyId: string; distributorIds: string[]; numPallets: string; unitsPerPallet: string; variantData: { '8oz': { price_per_unit: string; base_cpu: string; }; }; appliedFees: { pallet_cost: boolean; ... 4 more ...; custom_fees: null; }; }' is not assignable to parameter of type 'DistributorComparisonParams'.
  The types of 'appliedFees.custom_fees' are incompatible between these types.
    Type 'null' is not assignable to type 'string[] | undefined'.
src/services/cpg/scenarioPlanning.service.test.ts(250,14): error TS2339: Property '_mockData' does not exist on type 'TreasureChestDB'.
src/services/cpg/scenarioPlanning.service.test.ts(275,56): error TS2345: Argument of type '{ companyId: string; distributorIds: string[]; numPallets: string; unitsPerPallet: string; variantData: { '8oz': { price_per_unit: string; base_cpu: string; }; }; appliedFees: { pallet_cost: boolean; ... 5 more ...; custom_fees: null; }; }' is not assignable to parameter of type 'DistributorComparisonParams'.
  The types of 'appliedFees.custom_fees' are incompatible between these types.
    Type 'null' is not assignable to type 'string[] | undefined'.
src/services/cpg/scenarioPlanning.service.test.ts(278,14): error TS2532: Object is possibly 'undefined'.
src/services/cpg/scenarioPlanning.service.test.ts(279,14): error TS2532: Object is possibly 'undefined'.
src/services/cpg/scenarioPlanning.service.test.ts(280,9): error TS2532: Object is possibly 'undefined'.
src/services/cpg/scenarioPlanning.service.test.ts(282,14): error TS2532: Object is possibly 'undefined'.
src/services/cpg/scenarioPlanning.service.test.ts(283,9): error TS2532: Object is possibly 'undefined'.
src/services/cpg/scenarioPlanning.service.test.ts(314,14): error TS2339: Property '_mockData' does not exist on type 'TreasureChestDB'.
src/services/cpg/scenarioPlanning.service.test.ts(340,59): error TS2345: Argument of type '{ companyId: string; distributorId: string; numPallets: string; unitsPerPallet: string; appliedFees: { pallet_cost: boolean; warehouse_services: boolean; pallet_build: boolean; floor_space: "full_day"; floor_space_days: string; truck_transfer_zone: "zone1"; custom_fees: null; }; currentPricing: { ...; }; newPricing:...' is not assignable to parameter of type 'WhatIfPricingParams'.
  The types of 'appliedFees.custom_fees' are incompatible between these types.
    Type 'null' is not assignable to type 'string[] | undefined'.
src/services/cpg/scenarioPlanning.service.test.ts(344,14): error TS2532: Object is possibly 'undefined'.
src/services/cpg/scenarioPlanning.service.test.ts(345,14): error TS2532: Object is possibly 'undefined'.
src/services/cpg/scenarioPlanning.service.test.ts(346,25): error TS2532: Object is possibly 'undefined'.
src/services/cpg/scenarioPlanning.service.test.ts(350,14): error TS2532: Object is possibly 'undefined'.
src/services/cpg/scenarioPlanning.service.test.ts(351,14): error TS2532: Object is possibly 'undefined'.
src/services/cpg/scenarioPlanning.service.test.ts(381,14): error TS2339: Property '_mockData' does not exist on type 'TreasureChestDB'.
src/services/cpg/scenarioPlanning.service.test.ts(404,59): error TS2345: Argument of type '{ companyId: string; distributorId: string; numPallets: string; unitsPerPallet: string; appliedFees: { pallet_cost: boolean; warehouse_services: boolean; pallet_build: boolean; floor_space: "none"; truck_transfer_zone: "none"; custom_fees: null; }; currentPricing: { ...; }; newPricing: { ...; }; }' is not assignable to parameter of type 'WhatIfPricingParams'.
  The types of 'appliedFees.custom_fees' are incompatible between these types.
    Type 'null' is not assignable to type 'string[] | undefined'.
src/services/cpg/scenarioPlanning.service.test.ts(406,25): error TS2532: Object is possibly 'undefined'.
src/services/cpg/scenarioPlanning.service.test.ts(410,20): error TS2532: Object is possibly 'undefined'.
src/services/cpg/scenarioPlanning.service.test.ts(412,20): error TS2532: Object is possibly 'undefined'.
src/services/cpg/scenarioPlanning.service.test.ts(438,51): error TS2345: Argument of type '{ companyId: string; distributorId: string; numPallets: string; unitsPerPallet: string; appliedFees: { pallet_cost: boolean; warehouse_services: boolean; pallet_build: boolean; floor_space: "none"; truck_transfer_zone: "none"; custom_fees: null; }; currentPricing: { ...; }; newPricing: { ...; }; }' is not assignable to parameter of type 'WhatIfPricingParams'.
  The types of 'appliedFees.custom_fees' are incompatible between these types.
    Type 'null' is not assignable to type 'string[] | undefined'.
src/services/cpg/scenarioPlanning.service.test.ts(469,14): error TS2339: Property '_mockData' does not exist on type 'TreasureChestDB'.
src/services/cpg/scenarioPlanning.service.test.ts(491,55): error TS2345: Argument of type '{ companyId: string; distributorId: string; variantName: string; fixedCosts: string; pricePerUnit: string; baseCPU: string; numPallets: string; unitsPerPallet: string; appliedFees: { pallet_cost: boolean; ... 5 more ...; custom_fees: null; }; }' is not assignable to parameter of type 'BreakEvenAnalysisParams'.
  The types of 'appliedFees.custom_fees' are incompatible between these types.
    Type 'null' is not assignable to type 'string[] | undefined'.
src/services/cpg/scenarioPlanning.service.test.ts(529,14): error TS2339: Property '_mockData' does not exist on type 'TreasureChestDB'.
src/services/cpg/scenarioPlanning.service.test.ts(550,55): error TS2345: Argument of type '{ companyId: string; distributorId: string; variantName: string; fixedCosts: string; pricePerUnit: string; baseCPU: string; numPallets: string; unitsPerPallet: string; appliedFees: { pallet_cost: boolean; ... 4 more ...; custom_fees: null; }; }' is not assignable to parameter of type 'BreakEvenAnalysisParams'.
  The types of 'appliedFees.custom_fees' are incompatible between these types.
    Type 'null' is not assignable to type 'string[] | undefined'.
src/services/cpg/scenarioPlanning.service.test.ts(584,14): error TS2339: Property '_mockData' does not exist on type 'TreasureChestDB'.
src/services/cpg/scenarioPlanning.service.test.ts(605,47): error TS2345: Argument of type '{ companyId: string; distributorId: string; variantName: string; fixedCosts: string; pricePerUnit: string; baseCPU: string; numPallets: string; unitsPerPallet: string; appliedFees: { pallet_cost: boolean; ... 4 more ...; custom_fees: null; }; }' is not assignable to parameter of type 'BreakEvenAnalysisParams'.
  The types of 'appliedFees.custom_fees' are incompatible between these types.
    Type 'null' is not assignable to type 'string[] | undefined'.
src/services/cpg/scenarioPlanning.service.test.ts(634,14): error TS2339: Property '_mockData' does not exist on type 'TreasureChestDB'.
src/services/cpg/scenarioPlanning.service.test.ts(655,47): error TS2345: Argument of type '{ companyId: string; distributorId: string; variantName: string; fixedCosts: string; pricePerUnit: string; baseCPU: string; numPallets: string; unitsPerPallet: string; appliedFees: { pallet_cost: boolean; ... 4 more ...; custom_fees: null; }; }' is not assignable to parameter of type 'BreakEvenAnalysisParams'.
  The types of 'appliedFees.custom_fees' are incompatible between these types.
    Type 'null' is not assignable to type 'string[] | undefined'.
src/services/cpg/scenarioPlanning.service.test.ts(732,14): error TS2339: Property '_mockData' does not exist on type 'TreasureChestDB'.
src/services/cpg/scenarioPlanning.service.test.ts(733,14): error TS2339: Property '_mockData' does not exist on type 'TreasureChestDB'.
src/services/cpg/scenarioPlanning.service.test.ts(787,9): error TS2741: Property 'floor_space_days' is missing in type '{ pallet_cost: true; warehouse_services: false; pallet_build: false; floor_space: "none"; truck_transfer_zone: "none"; custom_fees: null; }' but required in type '{ pallet_cost: boolean; warehouse_services: boolean; pallet_build: boolean; floor_space: "none" | "full_day" | "half_day"; floor_space_days: string | null; truck_transfer_zone: "none" | "zone1" | "zone2"; custom_fees: string[] | null; }'.
src/services/cpg/scenarioPlanning.service.test.ts(820,14): error TS2339: Property '_mockData' does not exist on type 'TreasureChestDB'.
src/services/cpg/scenarioPlanning.service.test.ts(821,14): error TS2339: Property '_mockData' does not exist on type 'TreasureChestDB'.
src/services/cpg/scenarioPlanning.service.test.ts(882,9): error TS2741: Property 'floor_space_days' is missing in type '{ pallet_cost: false; warehouse_services: false; pallet_build: false; floor_space: "none"; truck_transfer_zone: "none"; custom_fees: null; }' but required in type '{ pallet_cost: boolean; warehouse_services: boolean; pallet_build: boolean; floor_space: "none" | "full_day" | "half_day"; floor_space_days: string | null; truck_transfer_zone: "none" | "zone1" | "zone2"; custom_fees: string[] | null; }'.
src/services/cpg/scenarioPlanning.service.test.ts(909,14): error TS2339: Property '_mockData' does not exist on type 'TreasureChestDB'.
src/services/cpg/scenarioPlanning.service.test.ts(910,14): error TS2339: Property '_mockData' does not exist on type 'TreasureChestDB'.
src/services/cpg/scenarioPlanning.service.test.ts(966,14): error TS2339: Property '_mockData' does not exist on type 'TreasureChestDB'.
src/services/cpg/scenarioPlanning.service.ts(397,40): error TS2532: Object is possibly 'undefined'.
src/services/multiUser/audit.service.ts(536,47): error TS2551: Property 'company_id' does not exist on type 'AuditLogEntity'. Did you mean 'companyId'?
src/services/multiUser/audit.service.ts(540,47): error TS2551: Property 'user_id' does not exist on type 'AuditLogEntity'. Did you mean 'userId'?
src/services/multiUser/audit.service.ts(567,47): error TS2551: Property 'entity_type' does not exist on type 'AuditLogEntity'. Did you mean 'entityType'?
src/services/multiUser/audit.service.ts(571,47): error TS2551: Property 'entity_id' does not exist on type 'AuditLogEntity'. Did you mean 'entityId'?
src/services/multiUser/audit.service.ts(623,17): error TS2551: Property 'user_id' does not exist on type 'AuditLogEntity'. Did you mean 'userId'?
src/services/multiUser/audit.service.ts(624,31): error TS2551: Property 'user_id' does not exist on type 'AuditLogEntity'. Did you mean 'userId'?
src/services/multiUser/audit.service.ts(628,17): error TS2551: Property 'device_id' does not exist on type 'AuditLogEntity'. Did you mean 'deviceId'?
src/services/multiUser/audit.service.ts(629,34): error TS2551: Property 'device_id' does not exist on type 'AuditLogEntity'. Did you mean 'deviceId'?
src/services/multiUser/audit.service.ts(775,13): error TS2551: Property 'user_id' does not exist on type 'AuditLogEntity'. Did you mean 'userId'?
src/services/multiUser/audit.service.ts(776,13): error TS2551: Property 'entity_type' does not exist on type 'AuditLogEntity'. Did you mean 'entityType'?
src/services/multiUser/audit.service.ts(777,13): error TS2551: Property 'entity_id' does not exist on type 'AuditLogEntity'. Did you mean 'entityId'?
src/services/multiUser/audit.service.ts(779,13): error TS2551: Property 'ip_address' does not exist on type 'AuditLogEntity'. Did you mean 'ipAddress'?
src/services/multiUser/audit.service.ts(780,13): error TS2551: Property 'device_id' does not exist on type 'AuditLogEntity'. Did you mean 'deviceId'?
src/services/portalService.ts(113,23): error TS6133: 'ip' is declared but its value is never read.
src/services/portalService.ts(143,11): error TS2322: Type 'ErrorCode.PERMISSION_DENIED' is not assignable to type 'DatabaseErrorCode'.
src/services/portalService.ts(223,11): error TS2322: Type 'ErrorCode.RATE_LIMITED' is not assignable to type 'DatabaseErrorCode'.
src/services/portalService.ts(254,11): error TS2322: Type 'ErrorCode.SESSION_INVALID' is not assignable to type 'DatabaseErrorCode'.
src/services/reports/arAgingReport.service.ts(208,37): error TS2367: This comparison appears to be unintentional because the types 'InvoiceStatus' and '"void"' have no overlap.
src/services/reports/arAgingReport.service.ts(209,35): error TS2367: This comparison appears to be unintentional because the types 'InvoiceStatus' and '"paid"' have no overlap.
src/services/runway/runwayCalculator.service.ts(106,58): error TS2551: Property 'isActive' does not exist on type 'Account'. Did you mean 'active'?
src/test/setup.ts(75,11): error TS2322: Type 'Uint8Array<ArrayBufferLike>' is not assignable to type 'BufferSource'.
  Type 'Uint8Array<ArrayBufferLike>' is not assignable to type 'ArrayBufferView<ArrayBuffer>'.
    Types of property 'buffer' are incompatible.
      Type 'ArrayBufferLike' is not assignable to type 'ArrayBuffer'.
        Type 'SharedArrayBuffer' is not assignable to type 'ArrayBuffer'.
          Types of property '[Symbol.toStringTag]' are incompatible.
            Type '"SharedArrayBuffer"' is not assignable to type '"ArrayBuffer"'.
src/types/journalEntry.types.ts(336,5): error TS2561: Object literal may only specify known properties, but 'created_by' does not exist in type 'JournalEntryTemplate'. Did you mean to write 'created_at'?
src/types/journalEntry.types.ts(373,5): error TS2561: Object literal may only specify known properties, but 'created_by' does not exist in type 'JournalEntryTemplate'. Did you mean to write 'created_at'?
src/utils/devReset.ts(112,4): error TS2554: Expected 0 arguments, but got 1.
src/utils/devReset.ts(112,19): error TS2339: Property 'devResetAll' does not exist on type 'Promise<void>'.
src/utils/equityAccounts.ts(17,11): error TS6196: 'EquityAccountTemplate' is declared but never used.
src/utils/equityAccounts.ts(92,30): error TS6133: 'index' is declared but its value is never read.
src/utils/equityAccounts.ts(106,30): error TS6133: 'index' is declared but its value is never read.
src/utils/openingBalances.ts(44,18): error TS2345: Argument of type '{ accountId: string; debit: number; credit: number; memo: string; }' is not assignable to parameter of type 'JournalEntryLine'.
  Property 'id' is missing in type '{ accountId: string; debit: number; credit: number; memo: string; }' but required in type 'JournalEntryLine'.
src/utils/openingBalances.ts(59,22): error TS2345: Argument of type '{ accountId: string; debit: number; credit: number; memo: string; }' is not assignable to parameter of type 'JournalEntryLine'.
  Property 'id' is missing in type '{ accountId: string; debit: number; credit: number; memo: string; }' but required in type 'JournalEntryLine'.
src/utils/openingBalances.ts(78,22): error TS2345: Argument of type '{ accountId: string; debit: number; credit: number; memo: string; }' is not assignable to parameter of type 'JournalEntryLine'.
  Property 'id' is missing in type '{ accountId: string; debit: number; credit: number; memo: string; }' but required in type 'JournalEntryLine'.
src/utils/openingBalances.ts(88,18): error TS2345: Argument of type '{ accountId: string; debit: number; credit: number; memo: string; }' is not assignable to parameter of type 'JournalEntryLine'.
  Property 'id' is missing in type '{ accountId: string; debit: number; credit: number; memo: string; }' but required in type 'JournalEntryLine'.
